 HEIGHT =    9.00000000000000     
 Time        Sound Pressure(decibal)
    0.00202050   91.63571167
    0.00404100   89.62195587
    0.00606150   87.90169525
    0.00808200   86.31021881
    0.01010250   88.12765503
    0.01212300   89.73082733
    0.01414350   84.94857025
    0.01616400   83.74204254
    0.01818450   81.92168427
    0.02020500   82.34851074
    0.02222550   84.03363037
    0.02424600   77.74434662
    0.02626651   68.53476715
    0.02828701   88.49663544
    0.03030751   92.17933655
    0.03232801   88.62277985
    0.03434851   95.01303864
    0.03636901   90.06285095
    0.03838951   86.98211670
    0.04041001   83.16619110
    0.04243051   86.53626251
    0.04445101   95.69245911
    0.04647151   94.68236542
    0.04849201   93.13938141
    0.05051251   91.93537903
    0.05253301   94.16203308
    0.05455351   91.94380951
    0.05657401   90.39810181
    0.05859451   87.25622559
    0.06061501   96.85099030
    0.06263551   92.62322998
    0.06465601   89.86114502
    0.06667651   83.18082428
    0.06869701   86.51728821
    0.07071751   77.65087128
    0.07273801   89.48424530
    0.07475851   88.10476685
    0.07677902   88.86510468
    0.07879952   85.19311523
    0.08082002   86.28490448
    0.08284052   89.13893890
    0.08486102   92.16896057
    0.08688152   84.56656647
    0.08890202   84.23857880
    0.09092252   78.41978455
    0.09294302   72.89554596
    0.09496352   91.09909821
    0.09698402   85.44879913
    0.09900452   87.99929810
    0.10102502   78.94764709
    0.10304552   82.49822235
    0.10506602   90.66457367
    0.10708652   88.87728882
    0.10910702   81.84740448
    0.11112752   87.73844147
    0.11314802   84.89810944
    0.11516852   69.40415192
    0.11718902   82.71033478
    0.11920952   69.96407318
    0.12123002   84.51115417
    0.12325052   84.18566132
    0.12527102   86.38802338
    0.12729153   89.76731110
    0.12931203   89.75432587
    0.13133253   84.02480316
    0.13335303   86.98925781
    0.13537353   88.45081329
    0.13739403   66.24914551
    0.13941453   86.28022766
    0.14143503   81.00396729
    0.14345553   86.79583740
    0.14547603   86.23005676
    0.14749653   79.78246307
    0.14951703   78.86310577
    0.15153753   86.52642059
    0.15355803   88.66797638
    0.15557853   91.15990448
    0.15759903   87.77870941
    0.15961953   77.63887024
    0.16164003   89.19441986
    0.16366053   85.07861328
    0.16568103   89.65787506
    0.16770153   88.97135925
    0.16972203   71.27764893
    0.17174253   91.90250397
    0.17376303   91.90952301
    0.17578353   80.56477356
    0.17780404   90.27191925
    0.17982454   91.74053192
    0.18184504   91.73867035
    0.18386554   90.92862701
    0.18588604   89.01306152
    0.18790654   82.75267029
    0.18992704   88.21580505
    0.19194754   92.40362549
    0.19396804   93.77651978
    0.19598854   89.58584595
    0.19800904   86.05211639
    0.20002954   88.46070862
    0.20205004   91.97743988
    0.20407054   83.80236816
    0.20609104   83.84933472
    0.20811154   73.82699585
    0.21013204   85.92882538
    0.21215254   87.69513702
    0.21417304   91.32814789
    0.21619354   87.55309296
    0.21821404   91.09388733
    0.22023454   82.94400024
    0.22225504   80.84305573
    0.22427554   74.13475800
    0.22629604   80.37488556
    0.22831655   73.82781982
    0.23033705   80.92318726
    0.23235755   84.13906097
    0.23437805   88.54808044
    0.23639855   86.77890778
    0.23841905   93.85777283
    0.24043955   88.52580261
    0.24246005   81.45960999
    0.24448055   87.76157379
    0.24650105   88.11340332
    0.24852155   90.24625397
    0.25054205   86.80040741
    0.25256255   78.66799927
    0.25458305   87.10469055
    0.25660355   84.90017700
    0.25862405   85.50735474
    0.26064455   90.22574615
    0.26266505   88.51986694
    0.26468555   80.38490295
    0.26670605   89.88723755
    0.26872655   89.79928589
    0.27074705   86.83557892
    0.27276755   87.28712463
    0.27478805   89.59439850
    0.27680855   92.21868134
    0.27882906   86.92303467
    0.28084956   90.12084198
    0.28287006   95.01740265
    0.28489056   89.29140472
    0.28691106   92.01168823
    0.28893156   91.49174500
    0.29095206   84.35186005
    0.29297256   84.10979462
    0.29499306   86.97676086
    0.29701356   88.52432251
    0.29903406   92.16142273
    0.30105456   89.42746735
    0.30307506   92.24544525
    0.30509556   91.69257355
    0.30711606   89.20261383
    0.30913656   87.34378052
    0.31115706   86.38040161
    0.31317756   74.33308411
    0.31519806   89.30303192
    0.31721856   84.09986877
    0.31923906   80.94905090
    0.32125956   92.58829498
    0.32328006   72.68077087
    0.32530056   87.14964294
    0.32732106   89.00325012
    0.32934157   92.93518066
    0.33136207   87.54790497
    0.33338257   89.52882385
    0.33540307   86.74377441
    0.33742357   88.72634888
    0.33944407   84.11432648
    0.34146457   82.39037323
    0.34348507   84.04253387
    0.34550557   84.96172333
    0.34752607   88.08540344
    0.34954657   91.16931152
    0.35156707   85.37399292
    0.35358757   83.61069489
    0.35560807   88.86808777
    0.35762857   91.22541046
    0.35964907   73.79394531
    0.36166957   86.65236664
    0.36369007   85.71385193
    0.36571057   92.31433105
    0.36773107   87.68256378
    0.36975157   91.25340271
    0.37177207   83.86440277
    0.37379257   86.57726288
    0.37581307   86.04281616
    0.37783358   93.62074280
    0.37985408   77.35781860
    0.38187458   84.37984467
    0.38389508   88.36860657
    0.38591558   87.80684662
    0.38793608   87.95507050
    0.38995658   88.21848297
    0.39197708   90.49633026
    0.39399758   94.25657654
    0.39601808   91.01733398
    0.39803858   90.39581299
    0.40005908   87.53638458
    0.40207958   74.00312042
    0.40410008   89.44915771
    0.40612058   91.66464233
    0.40814108   82.12622833
    0.41016158   75.41635132
    0.41218208   89.15731049
    0.41420258   93.13737488
    0.41622308   92.14768982
    0.41824358   91.30762482
    0.42026408   88.58246613
    0.42228458   85.71337128
    0.42430508   91.13611603
    0.42632558   91.25844574
    0.42834609   87.60259247
    0.43036659   86.76390839
    0.43238709   85.89617920
    0.43440759   90.72792816
    0.43642809   90.18485260
    0.43844859   89.43238831
    0.44046909   89.65540314
    0.44248959   75.12924957
    0.44451009   76.44660187
    0.44653059   81.56649017
    0.44855109   81.43367767
    0.45057159   86.34988403
    0.45259209   87.22996521
    0.45461259   88.97793579
    0.45663309   88.80313873
    0.45865359   88.22907257
    0.46067409   95.64041901
    0.46269459   89.45745087
    0.46471509   85.19075775
    0.46673559   87.56411743
    0.46875609   75.44642639
    0.47077659   80.37687683
    0.47279709   81.66358185
    0.47481759   83.87111664
    0.47683809   76.46350861
    0.47885860   83.25746918
    0.48087910   89.03366852
    0.48289960   92.66542816
    0.48492010   87.03717041
    0.48694060   87.67742920
    0.48896110   86.68017578
    0.49098160   86.91272736
    0.49300210   83.00100708
    0.49502260   81.51044464
    0.49704310   87.33724213
    0.49906360   85.99546814
    0.50108410   87.15071106
    0.50310460   91.18737030
    0.50512510   92.50543976
    0.50714560   85.58967590
    0.50916610   91.78649902
    0.51118660   93.06992340
    0.51320710   90.53231812
    0.51522760   86.98574829
    0.51724810   82.00956726
    0.51926860   94.11228180
    0.52128910   93.89871979
    0.52330960   83.11680603
    0.52533010   89.48185730
    0.52735060   87.50123596
    0.52937111   88.85807037
    0.53139161   92.08577728
    0.53341211   85.20977020
    0.53543261   71.12435913
    0.53745311   79.62663269
    0.53947361   84.81153870
    0.54149411   94.37152100
    0.54351461   94.52387238
    0.54553511   84.87043762
    0.54755561   86.80789185
    0.54957611   89.64983368
    0.55159661   93.30471802
    0.55361711   92.36061859
    0.55563761   89.32947540
    0.55765811   87.01226044
    0.55967861   88.98042297
    0.56169911   81.58085632
    0.56371961   83.09683990
    0.56574011   84.48560333
    0.56776061   90.67374420
    0.56978111   91.15166473
    0.57180161   74.70868683
    0.57382211   84.96635437
    0.57584261   74.09271240
    0.57786311   84.88197327
    0.57988362   79.27329254
    0.58190412   82.07917023
    0.58392462   74.20249176
    0.58594512   86.37457275
    0.58796562   90.02880859
    0.58998612   91.67150116
    0.59200662   90.91521454
    0.59402712   88.81326294
    0.59604762   84.16771698
    0.59806812   77.44674683
    0.60008862   84.74050140
    0.60210912   88.87654114
    0.60412962   92.73136139
    0.60615012   90.61042786
    0.60817062   78.38936615
    0.61019112   79.73175812
    0.61221162   94.16451263
    0.61423212   95.33692932
    0.61625262   88.97796631
    0.61827312   87.31475830
    0.62029362   80.32600403
    0.62231412   87.17948914
    0.62433462   90.04185486
    0.62635512   88.65553284
    0.62837562   81.02552795
    0.63039613   81.79393005
    0.63241663   89.30191803
    0.63443713   97.46720886
    0.63645763   93.36317444
    0.63847813   94.95428467
    0.64049863   83.94110870
    0.64251913   90.16906738
    0.64453963   84.49848938
    0.64656013   83.50255585
    0.64858063   83.35129547
    0.65060113   81.96714783
    0.65262163   85.54267883
    0.65464213   73.94259644
    0.65666263   93.45238495
    0.65868313   95.94393921
    0.66070363   91.63743591
    0.66272413   89.81424713
    0.66474463   92.16386414
    0.66676513   82.35456848
    0.66878563   92.14189911
    0.67080613   85.83068085
    0.67282663   85.70987701
    0.67484713   90.64468384
    0.67686763   92.62069702
    0.67888813   95.83657074
    0.68090864   92.73660278
    0.68292914   93.13323975
    0.68494964   91.25693512
    0.68697014   90.36041260
    0.68899064   79.03819275
    0.69101114   90.46073914
    0.69303164   88.19579315
    0.69505214   87.05836487
    0.69707264   86.28371429
    0.69909314   90.57468414
    0.70111364   90.02178192
    0.70313414   96.57894135
    0.70515464   95.27041626
    0.70717514   94.47925568
    0.70919564   78.08454895
    0.71121614   90.04783630
    0.71323664   79.95694733
    0.71525714   68.95545197
    0.71727764   90.42662811
    0.71929814   88.24106598
    0.72131864   85.45216370
    0.72333914   80.66129303
    0.72535964   93.91728973
    0.72738014   89.21294403
    0.72940064   94.85857391
    0.73142115   88.05305481
    0.73344165   91.72123718
    0.73546215   88.94675446
    0.73748265   82.06835938
    0.73950315   68.88719940
    0.74152365   75.46802521
    0.74354415   91.64585876
    0.74556465   83.73275757
    0.74758515   93.61806488
    0.74960565   92.73985291
    0.75162615   92.69884491
    0.75364665   94.37085724
    0.75566715   90.53317261
    0.75768765   85.93952179
    0.75970815   89.30399323
    0.76172865   85.76773071
    0.76374915   85.94705200
    0.76576965   89.52162933
    0.76779015   77.66103363
    0.76981065   88.78187561
    0.77183115   89.50138092
    0.77385165   96.13266754
    0.77587215   91.87622070
    0.77789265   87.61643982
    0.77991315   87.77292633
    0.78193366   82.56769562
    0.78395416   76.03844452
    0.78597466   90.66931152
    0.78799516   83.69698334
    0.79001566   81.34528351
    0.79203616   90.14051056
    0.79405666   95.45859528
    0.79607716   97.32352448
    0.79809766   83.08475494
    0.80011816   89.49660492
    0.80213866   93.29345703
    0.80415916   90.79560089
    0.80617966   92.41567993
    0.80820016   94.60501862
    0.81022066   89.01840210
    0.81224116   90.38036346
    0.81426166   80.08020020
    0.81628216   93.37724304
    0.81830266   92.50968170
    0.82032316   85.66897583
    0.82234366   95.92469788
    0.82436416   92.18328857
    0.82638466   91.29468536
    0.82840516   88.78668213
    0.83042566   90.79843140
    0.83244617   90.25016785
    0.83446667   84.31182098
    0.83648717   74.62153625
    0.83850767   93.68843842
    0.84052817   79.72425842
    0.84254867   94.59555054
    0.84456917   95.19236755
    0.84658967   77.24539185
    0.84861017   91.81439972
    0.85063067   92.06316376
    0.85265117   85.87052155
    0.85467167   93.11598969
    0.85669217   82.58041382
    0.85871267   92.43561554
    0.86073317   87.03929138
    0.86275367   82.90744781
    0.86477417   94.02229309
    0.86679467   91.02212524
    0.86881517   91.20772552
    0.87083567   91.86502075
    0.87285617   94.25626373
    0.87487667   81.81102753
    0.87689717   90.11264038
    0.87891767   91.80966187
    0.88093817   90.34487915
    0.88295868   85.33044434
    0.88497918   82.76167297
    0.88699968   87.43249512
    0.88902018   88.18819427
    0.89104068   91.67498779
    0.89306118   86.72473907
    0.89508168   94.15024567
    0.89710218   94.50593567
    0.89912268   88.47602844
    0.90114318   86.81127930
    0.90316368   84.28211212
    0.90518418   91.21044159
    0.90720468   95.10942078
    0.90922518   86.80896759
    0.91124568   93.71751404
    0.91326618   94.64299774
    0.91528668   91.34963226
    0.91730718   97.21105957
    0.91932768   90.35351562
    0.92134818   83.51708221
    0.92336868   73.10946655
    0.92538918   87.91320038
    0.92740968   89.77008057
    0.92943018   82.20639038
    0.93145068   78.05334473
    0.93347119   87.36736298
    0.93549169   90.42984772
    0.93751219   94.12548828
    0.93953269   87.75694275
    0.94155319   87.30511475
    0.94357369   90.73222351
    0.94559419   86.35597229
    0.94761469   87.07961273
    0.94963519   87.07252502
    0.95165569   92.63008118
    0.95367619   82.23173523
    0.95569669   82.99119568
    0.95771719   91.29093933
    0.95973769   96.20088959
    0.96175819   89.00231171
    0.96377869   96.27667236
    0.96579919   95.63645935
    0.96781969   87.68203735
    0.96984019   84.78134155
    0.97186069   84.09091187
    0.97388119   79.81765747
    0.97590169   88.07569122
    0.97792219   82.47999573
    0.97994269   92.78344727
    0.98196319   92.04566956
    0.98398370   96.65041351
    0.98600420   97.35536957
    0.98802470   88.59280396
    0.99004520   80.63017273
    0.99206570   86.12043762
    0.99408620   91.13050842
    0.99610670   90.59473419
    0.99812720   87.33766174
    1.00014770   92.66172791
    1.00216820   87.54257965
    1.00418870   83.02994537
    1.00620920   96.97702789
    1.00822970   99.19049072
    1.01025020   79.19715118
    1.01227070   93.82296753
    1.01429120   91.70568848
    1.01631170   85.70431519
    1.01833220   84.02051544
    1.02035270   92.20356750
    1.02237320   84.74623108
    1.02439370   87.85956573
    1.02641420   90.11636353
    1.02843470   97.11804199
    1.03045520   94.43126678
    1.03247570   87.15045929
    1.03449621   94.29922485
    1.03651671   91.72466278
    1.03853721   88.75717926
    1.04055771   87.99068451
    1.04257821   88.19527435
    1.04459871   87.89656830
    1.04661921   91.62685394
    1.04863971   93.93864441
    1.05066021   90.48072815
    1.05268071   87.21015167
    1.05470121   94.11317444
    1.05672171   94.85446167
    1.05874221   86.94447327
    1.06076271   81.34275055
    1.06278321   87.38514709
    1.06480371   94.18299866
    1.06682421   87.06452179
    1.06884471   84.25606537
    1.07086521   95.73074341
    1.07288571   83.33631897
    1.07490621   84.95291901
    1.07692671   88.97522736
    1.07894721   86.17734528
    1.08096771   88.69601440
    1.08298822   84.99099731
    1.08500872   87.97282410
    1.08702922   88.10127258
    1.08904972   77.20553589
    1.09107022   84.69451141
    1.09309072   87.43231201
    1.09511122   79.62946320
    1.09713172   87.05718231
    1.09915222   87.39708710
    1.10117272   71.96157074
    1.10319322   88.65998077
    1.10521372   84.13725281
    1.10723422   91.61920166
    1.10925472   88.80077362
    1.11127522   91.37416840
    1.11329572   93.57685852
    1.11531622   88.29933167
    1.11733672   87.39265442
    1.11935722   84.88428497
    1.12137772   89.09809113
    1.12339822   95.16894531
    1.12541872   84.28743744
    1.12743922   86.87540436
    1.12945972   88.62103271
    1.13148022   88.51981354
    1.13350073   89.31384277
    1.13552123   90.14931488
    1.13754173   83.44847870
    1.13956223   88.28137207
    1.14158273   91.14334106
    1.14360323   94.30532837
    1.14562373   90.60152435
    1.14764423   89.09162140
    1.14966473   98.22253418
    1.15168523   92.32913208
    1.15370573   87.33188629
    1.15572623   91.93300629
    1.15774673   90.56932068
    1.15976723   84.99259186
    1.16178773   92.60789490
    1.16380823   82.18625641
    1.16582873   89.15338898
    1.16784923   80.39736176
    1.16986973   92.51454926
    1.17189023   97.90767670
    1.17391073   88.19527435
    1.17593123   91.12232208
    1.17795173   86.68209076
    1.17997223   92.41045380
    1.18199273   87.34518433
    1.18401324   86.86033630
    1.18603374   93.61681366
    1.18805424   82.87888336
    1.19007474   86.48213959
    1.19209524   90.88211060
    1.19411574   83.45655060
    1.19613624   85.31059265
    1.19815674   94.53902435
    1.20017724   88.97310638
    1.20219774   88.72864532
    1.20421824   84.07762146
    1.20623874   87.73295593
    1.20825924   89.35128021
    1.21027974   89.51335907
    1.21230024   88.43934631
    1.21432074   86.42564392
    1.21634124   87.63682556
    1.21836174   92.47699738
    1.22038224   93.26561737
    1.22240274   75.35743713
    1.22442324   81.72820282
    1.22644374   83.20425415
    1.22846424   85.60900116
    1.23048474   88.53441620
    1.23250524   95.11491394
    1.23452575   90.42481995
    1.23654625   95.04460144
    1.23856675   95.79026031
    1.24058725   92.86647034
    1.24260775   91.03031921
    1.24462825   74.47522736
    1.24664875   81.64749908
    1.24866925   92.16148376
    1.25068975   78.07411957
    1.25271025   89.55290985
    1.25473075   90.31504059
    1.25675125   90.54645538
    1.25877175   95.65658569
    1.26079225   95.32489777
    1.26281275   96.36539459
    1.26483325   96.57359314
    1.26685375   98.73159027
    1.26887425   87.76814270
    1.27089475   88.40795898
    1.27291525   95.49047852
    1.27493575   91.77941132
    1.27695625   87.14976501
    1.27897675   76.87637329
    1.28099725   78.76497650
    1.28301775   87.63582611
    1.28503826   84.82821655
    1.28705876   93.20263672
    1.28907926   94.64681244
    1.29109976   91.26809692
    1.29312026   89.45180511
    1.29514076   91.93362427
    1.29716126   92.37477112
    1.29918176   90.38593292
    1.30120226   87.52718353
    1.30322276   90.41526031
    1.30524326   95.04557800
    1.30726376   95.67031860
    1.30928426   97.60141754
    1.31130476   88.60095215
    1.31332526   93.21721649
    1.31534576   91.49281311
    1.31736626   90.53656769
    1.31938676   80.21437073
    1.32140726   95.23207092
    1.32342776   93.83589172
    1.32544826   92.81635284
    1.32746876   75.87348938
    1.32948926   93.12556458
    1.33150976   91.48432922
    1.33353026   88.58721924
    1.33555077   89.27837372
    1.33757127   88.73637390
    1.33959177   76.98310852
    1.34161227   88.93735504
    1.34363277   92.28302002
    1.34565327   92.89008331
    1.34767377   94.81337738
    1.34969427   91.41542053
    1.35171477   87.91032410
    1.35373527   86.90518188
    1.35575577   83.91146088
    1.35777627   91.51676178
    1.35979677   84.77492523
    1.36181727   93.98594666
    1.36383777   91.51065063
    1.36585827   95.55204010
    1.36787877   94.66856384
    1.36989927   88.09503937
    1.37191977   90.05474091
    1.37394027   96.32435608
    1.37596077   83.09055328
    1.37798127   95.09468842
    1.38000177   95.63478088
    1.38202227   94.61547852
    1.38404277   97.41118622
    1.38606328   96.54780579
    1.38808378   98.11024475
    1.39010428   94.08521271
    1.39212478   97.43486786
    1.39414528   99.33248901
    1.39616578   94.62953949
    1.39818628   89.28327179
    1.40020678   92.91681671
    1.40222728   86.91358948
    1.40424778   87.40746307
    1.40626828   89.19168854
    1.40828878   86.84967804
    1.41030928   89.80072784
    1.41232978   92.69244385
    1.41435028   91.57593536
    1.41637078   91.85690308
    1.41839128   87.42549133
    1.42041178   85.75337219
    1.42243228   88.50729370
    1.42445278   93.17417908
    1.42647328   90.11709595
    1.42849378   71.27911377
    1.43051428   89.68745422
    1.43253478   90.07358551
    1.43455528   80.57266235
    1.43657579   96.92112732
    1.43859629   94.23802185
    1.44061679   88.56722260
    1.44263729   84.73225403
    1.44465779   91.15785217
    1.44667829   91.98033905
    1.44869879   82.06888580
    1.45071929   89.89369965
    1.45273979   90.39481354
    1.45476029   80.30683136
    1.45678079   92.40534973
    1.45880129   90.19249725
    1.46082179   75.73405457
    1.46284229   89.05757904
    1.46486279   84.63435364
    1.46688329   88.80938721
    1.46890379   88.79028320
    1.47092429   82.91760254
    1.47294479   90.44847870
    1.47496529   87.21696472
    1.47698579   90.98901367
    1.47900629   94.82431793
    1.48102679   93.67494965
    1.48304729   90.97811127
    1.48506779   92.36678314
    1.48708830   85.31221771
    1.48910880   90.76976776
    1.49112930   83.72036743
    1.49314980   79.32242584
    1.49517030   85.78366089
    1.49719080   86.28807831
    1.49921130   92.47099304
    1.50123180   92.97234344
    1.50325230   94.43594360
    1.50527280   88.64577484
    1.50729330   91.03548431
    1.50931380   80.78610992
    1.51133430   85.89891052
    1.51335480   82.66720581
    1.51537530   57.41842270
    1.51739580   70.36238098
    1.51941630   88.62826538
    1.52143680   90.29462433
    1.52345730   91.49619293
    1.52547780   93.42487335
    1.52749830   90.24143982
    1.52951880   81.00894928
    1.53153930   77.46802521
    1.53355980   81.12168884
    1.53558030   78.33296204
    1.53760081   84.08051300
    1.53962131   76.77233887
    1.54164181   84.69574738
    1.54366231   90.32627106
    1.54568281   90.59703827
    1.54770331   91.88477325
    1.54972381   76.01181030
    1.55174431   86.74251556
    1.55376481   83.58394623
    1.55578531   73.78658295
    1.55780581   83.51875305
    1.55982631   86.25403595
    1.56184681   83.32654572
    1.56386731   84.01581573
    1.56588781   82.98096466
    1.56790831   83.44438934
    1.56992881   81.41426849
    1.57194931   89.80393982
    1.57396981   88.37258911
    1.57599031   79.33321381
    1.57801081   78.79637146
    1.58003131   74.22117615
    1.58205181   77.71344757
    1.58407231   83.91795349
    1.58609281   81.95001984
    1.58811332   83.20957947
    1.59013382   87.97958374
    1.59215432   93.32928467
    1.59417482   91.89519501
    1.59619532   90.44573975
    1.59821582   75.35874176
    1.60023632   79.12795258
    1.60225682   76.63848114
    1.60427732   86.67766571
    1.60629782   91.35292816
    1.60831832   82.37504578
    1.61033882   88.56354523
    1.61235932   92.44064331
    1.61437982   93.78269196
    1.61640032   92.32929230
    1.61842082   72.28936768
    1.62044132   71.19757080
    1.62246182   80.03395081
    1.62448232   80.93351746
    1.62650282   83.19911194
    1.62852332   84.68930054
    1.63054382   75.94136810
    1.63256432   90.96969604
    1.63458482   91.44382477
    1.63660532   94.11650085
    1.63862583   91.81521606
    1.64064633   76.50636292
    1.64266683   91.26333618
    1.64468733   86.36281586
    1.64670783   81.72253418
    1.64872833   86.04289246
    1.65074883   85.31700134
    1.65276933   90.13993835
    1.65478983   93.27748871
    1.65681033   79.84793854
    1.65883083   91.79460144
    1.66085133   91.36367798
    1.66287183   86.52513885
    1.66489233   88.29221344
    1.66691283   83.25758362
    1.66893333   80.55480194
    1.67095383   78.37075806
    1.67297433   70.38357544
    1.67499483   86.54550934
    1.67701533   78.76830292
    1.67903583   90.03909302
    1.68105633   91.08450317
    1.68307683   77.30570984
    1.68509733   86.90361023
    1.68711783   86.75978088
    1.68913834   80.90023804
    1.69115884   73.65193939
    1.69317934   73.77631378
    1.69519984   79.07720184
    1.69722034   72.60848236
    1.69924084   88.81423950
    1.70126134   94.83773804
    1.70328184   84.46265411
    1.70530234   73.20069122
    1.70732284   82.78558350
    1.70934334   86.72341156
    1.71136384   88.19637299
    1.71338434   75.14115143
    1.71540484   86.03719330
    1.71742534   87.43905640
    1.71944584   89.95153046
    1.72146634   91.60228729
    1.72348684   93.28533173
    1.72550734   88.20086670
    1.72752784   90.27311707
    1.72954834   87.16437531
    1.73156884   71.88124084
    1.73358934   72.48176575
    1.73560984   79.48822784
    1.73763035   90.26257324
    1.73965085   89.58485413
    1.74167135   79.30598450
    1.74369185   91.67271423
    1.74571235   87.58337402
    1.74773285   78.65799713
    1.74975335   89.95860291
    1.75177385   86.79040527
    1.75379435   88.87751770
    1.75581485   84.55588531
    1.75783535   89.04410553
    1.75985585   88.39130402
    1.76187635   82.32142639
    1.76389685   82.21151733
    1.76591735   74.67706299
    1.76793785   89.38028717
    1.76995835   89.08543396
    1.77197885   87.03013611
    1.77399935   88.34149933
    1.77601985   75.77230835
    1.77804035   81.22541046
    1.78006085   86.33456421
    1.78208135   81.14042664
    1.78410185   81.66364288
    1.78612235   81.79367065
    1.78814286   84.51788330
    1.79016336   88.44358826
    1.79218386   89.45782471
    1.79420436   80.92498016
    1.79622486   85.92098999
    1.79824536   82.50358582
    1.80026586   86.69128418
    1.80228636   80.54182434
    1.80430686   89.34361267
    1.80632736   89.03049469
    1.80834786   91.41833496
    1.81036836   89.84467316
    1.81238886   88.32777405
    1.81440936   79.23044586
    1.81642986   92.40311432
    1.81845036   88.36778259
    1.82047086   78.05290985
    1.82249136   87.81098938
    1.82451186   80.55933380
    1.82653236   85.17587280
    1.82855286   89.03539276
    1.83057336   87.34176636
    1.83259386   92.01645660
    1.83461436   81.62557983
    1.83663486   88.93096924
    1.83865537   90.38827515
    1.84067587   88.08143616
    1.84269637   84.47819519
    1.84471687   78.53427887
    1.84673737   87.71688843
    1.84875787   93.05365753
    1.85077837   88.81723785
    1.85279887   90.91308594
    1.85481937   86.96987915
    1.85683987   72.46095276
    1.85886037   73.90885162
    1.86088087   90.04496765
    1.86290137   89.77127838
    1.86492187   70.00856781
    1.86694237   91.39319611
    1.86896287   90.62442780
    1.87098337   87.75591278
    1.87300387   88.61080170
    1.87502437   93.12030792
    1.87704487   88.22771454
    1.87906537   90.30501556
    1.88108587   81.20409393
    1.88310637   86.02275848
    1.88512687   89.66281891
    1.88714737   87.54016113
    1.88916788   92.77925873
    1.89118838   90.86808777
    1.89320888   73.96669006
    1.89522938   92.61898041
    1.89724988   91.25287628
    1.89927038   89.16716766
    1.90129088   90.91003418
    1.90331138   88.80354309
    1.90533188   84.62981415
    1.90735238   84.11069489
    1.90937288   78.00623322
    1.91139338   83.10391235
    1.91341388   85.72258759
    1.91543438   78.22537994
    1.91745488   79.57055664
    1.91947538   88.14788818
    1.92149588   85.73770905
    1.92351638   90.52052307
    1.92553688   91.82170105
    1.92755738   89.01690674
    1.92957788   82.65814209
    1.93159838   91.28748322
    1.93361888   81.08860779
    1.93563938   91.24948883
    1.93765988   92.96205902
    1.93968039   91.61554718
    1.94170089   90.02420807
    1.94372139   92.82302856
    1.94574189   83.11350250
    1.94776239   83.53973389
    1.94978289   76.87458801
    1.95180339   84.99048615
    1.95382389   73.47191620
    1.95584439   87.38076782
    1.95786489   82.38561249
    1.95988539   86.12342834
    1.96190589   83.36244202
    1.96392639   89.83772278
    1.96594689   84.26585388
    1.96796739   90.15929413
    1.96998789   81.73447418
    1.97200839   78.42765045
    1.97402889   85.23494720
    1.97604939   83.80024719
    1.97806989   88.88864136
    1.98009039   84.20054626
    1.98211089   75.77075958
    1.98413139   87.28300476
    1.98615189   86.28025818
    1.98817239   79.32546234
    1.99019290   91.16746521
    1.99221340   89.21617889
    1.99423390   82.48381805
    1.99625440   84.14428711
    1.99827490   86.46089935
    2.00029540   79.14334106
    2.00231590   74.59273529
    2.00433640   82.58805084
    2.00635690   82.40670013
    2.00837740   89.39240265
    2.01039790   85.39070129
    2.01241840   83.40610504
    2.01443890   91.50441742
    2.01645940   88.64569855
    2.01847990   89.05896759
    2.02050040   89.82012939
