 HEIGHT =    5.00000000000000     
 Frequency   Sound Pressure(decibal)
    0.49492700   55.32286866
    0.98985390   48.67936288
    1.48478100   57.01616390
    1.97970800   73.05645531
    2.47463500   66.18168236
    2.96956200   79.68887995
    3.46448900   72.28836949
    3.95941600   63.11972414
    4.45434300   59.48381141
    4.94927000   61.94751016
    5.44419700   61.90167636
    5.93912400   60.50450662
    6.43405100   63.06927551
    6.92897700   60.70311325
    7.42390400   63.24867943
    7.91883100   65.10452407
    8.41375800   58.83896134
    8.90868600   64.11653531
    9.40361200   63.12496921
    9.89854000   55.80241258
   10.39347000   57.70930557
   10.88839000   62.03608679
   11.38332000   45.52249418
   11.87825000   57.95471042
   12.37317000   60.92563596
   12.86810000   55.44668722
   13.36303000   61.05340337
   13.85795000   63.81948497
   14.35288000   60.31170232
   14.84781000   56.86848899
   15.34274000   56.12128730
   15.83766000   53.19845225
   16.33259000   55.95709751
   16.82752000   54.09582608
   17.32244000   53.85945221
   17.81737000   54.77356604
   18.31230000   53.17059405
   18.80722000   59.18758313
   19.30215000   53.45083748
   19.79708000   55.63978525
   20.29201000   62.16234501
   20.78693000   52.02775463
   21.28186000   54.99603832
   21.77679000   59.85069544
   22.27171000   54.88445844
   22.76664000   56.85466818
   23.26157000   46.55625734
   23.75649000   60.60941267
   24.25142000   48.21074200
   24.74635000   48.34401166
   25.24128000   48.90034974
   25.73620000   56.53535145
   26.23113000   49.72562032
   26.72606000   45.81542936
   27.22098000   49.68538649
   27.71591000   49.73515923
   28.21084000   42.84831971
   28.70576000   54.91723350
   29.20069000   45.00617059
   29.69562000   45.84465409
   30.19054000   55.02459051
   30.68547000   45.94891688
   31.18040000   54.23246361
   31.67533000   51.43564995
   32.17025000   47.01059070
   32.66518000   41.43885273
   33.16011000   56.50429852
   33.65503000   43.79035218
   34.14996000   41.13472551
   34.64489000   49.79852334
   35.13981000   42.30532706
   35.63474000   49.18282996
   36.12967000   51.66140467
   36.62460000   61.47343392
   37.11952000   54.74834347
   37.61445000   41.95375358
   38.10938000   53.17391593
   38.60430000   53.92371455
   39.09923000   54.07937195
   39.59416000   44.99779945
   40.08908000   47.51998551
   40.58401000   55.64523301
   41.07894000   60.75028776
   41.57386000   56.76274484
   42.06879000   51.52255881
   42.56372000   75.87083488
   43.05865000   65.42703230
   43.55357000   62.90045074
   44.04850000   72.76026685
   44.54343000   74.31396425
   45.03835000   68.66550079
   45.53328000   74.77735172
   46.02821000   76.39638230
   46.52313000   69.78132782
   47.01806000   69.59628976
   47.51299000   75.15684654
   48.00792000   62.36472058
   48.50284000   53.51892333
   48.99777000   74.51898135
   49.49269000   70.59364645
   49.98762000   44.54903240
   50.48255000   59.48815250
   50.97748000   57.25244000
   51.47240000   36.52347808
   51.96733000   57.95767643
   52.46226000   62.38176867
   52.95718000   44.88323423
   53.45211000   59.26662407
   53.94704000   60.02016812
   54.44197000   62.07375531
   54.93689000   51.67479028
   55.43182000   64.99750441
   55.92675000   60.03104352
   56.42167000   44.00957916
   56.91660000   58.31325057
   57.41153000   68.47849798
   57.90646000   46.46877213
   58.40138000   58.26297861
   58.89631000   54.39924465
   59.39124000   44.65514847
   59.88616000   53.30860353
   60.38109000   58.86289834
   60.87601000   53.63624153
   61.37094000   56.57386129
   61.86587000   63.80087524
   62.36080000   63.59119885
   62.85572000   61.25420748
   63.35065000   73.08266016
   63.84558000   68.61136221
   64.34051000   51.31272884
   64.83543000   74.70471077
   65.33036000   71.42800472
   65.82529000   50.64233960
   66.32021000   68.56913603
   66.81514000   62.50610783
   67.31007000   51.04558731
   67.80499000   63.12300791
   68.29992000   66.09650438
   68.79485000   60.08931612
   69.28977000   60.94712739
   69.78470000   53.96401068
   70.27962000   41.73851736
   70.77455000   45.79533732
   71.26949000   37.87691472
   71.76441000   39.96014338
   72.25934000   51.49411141
   72.75426000   54.12792245
   73.24919000   51.94923658
   73.74412000   50.99204882
   74.23904000   48.18250047
   74.73397000   54.00063726
   75.22890000   42.60661000
   75.72382000   60.06178473
   76.21875000   62.77929163
   76.71368000   49.17528569
   77.20860000   60.98899436
   77.70353000   63.17574867
   78.19846000   52.69177974
   78.69339000   46.58247234
   79.18832000   64.09545883
   79.68324000   62.63173876
   80.17817000   48.14996932
   80.67310000   59.55109506
   81.16802000   59.75104070
   81.66295000   40.58800325
   82.15788000   43.09735114
   82.65280000   46.33007953
   83.14773000   46.73657791
   83.64265000   51.92254089
   84.13758000   53.26434863
   84.63251000   48.71237713
   85.12743000   55.49124455
   85.62236000   45.49905224
   86.11729000   64.14865459
   86.61222000   55.12072347
   87.10715000   68.70148331
   87.60207000   78.20451269
   88.09700000   53.98512878
   88.59193000   84.99728550
   89.08685000   73.12104452
   89.58178000   60.68094289
   90.07671000   60.84558825
   90.57163000   51.63201519
   91.06656000   61.94503072
   91.56149000   65.52569999
   92.05641000   69.35307289
   92.55134000   64.44070986
   93.04626000   53.56230187
   93.54120000   48.17644217
   94.03613000   39.57155862
   94.53105000   47.06236048
   95.02598000   54.57807932
   95.52090000   58.05130062
   96.01583000   46.07405047
   96.51076000   72.36221600
   97.00568000   76.89851287
   97.50061000   57.23087283
   97.99554000   65.32854603
   98.49046000   63.31498888
   98.98539000   56.35454223
   99.48032000   41.27446465
   99.97524000   65.31419721
  100.47020000   52.80174221
  100.96510000   45.13847527
  101.46000000   44.60333322
  101.95500000   48.99338856
  102.44990000   35.45987708
  102.94480000   45.19267218
  103.43970000   53.45968960
  103.93470000   35.04377492
  104.42960000   47.58084529
  104.92450000   50.31273972
  105.41940000   33.85541811
  105.91440000   48.65478803
  106.40930000   46.70614940
  106.90420000   47.12492890
  107.39910000   56.27494207
  107.89410000   56.22739832
  108.38900000   47.52855777
  108.88390000   50.87057933
  109.37890000   55.33528046
  109.87380000   53.98106422
  110.36870000   50.32498685
  110.86360000   55.29445861
  111.35860000   53.10585608
  111.85350000   41.10716859
  112.34840000   55.95076734
  112.84330000   60.89767344
  113.33830000   41.03570446
  113.83320000   50.69708411
  114.32810000   52.41687013
  114.82310000   43.43749346
  115.31800000   47.87394532
  115.81290000   51.68317028
  116.30780000   29.36213239
  116.80280000   53.54872980
  117.29770000   51.24704989
  117.79260000   46.62426259
  118.28750000   54.21033299
  118.78250000   61.29697081
  119.27740000   54.09209320
  119.77230000   45.18419828
  120.26730000   64.52881169
  120.76220000   67.43217244
  121.25710000   60.48515489
  121.75200000   68.13158398
  122.24700000   64.16276660
  122.74190000   62.51157978
  123.23680000   58.34782398
  123.73170000   50.10569938
  124.22670000   61.59781230
  124.72160000   44.70092339
  125.21650000   60.77709557
  125.71140000   51.57773089
  126.20640000   40.75562692
  126.70130000   43.57784390
  127.19620000   51.19845263
  127.69120000   42.09259088
  128.18610000   45.27597017
  128.68100000   31.60466450
  129.17590000   41.55593480
  129.67090000   44.17968117
  130.16580000   29.62641251
  130.66070000   41.74326297
  131.15560000   44.95691043
  131.65060000   43.77560063
  132.14550000   56.14120446
  132.64040000   53.93728514
  133.13530000   68.16257672
  133.63030000   75.27291260
  134.12520000   49.32378329
  134.62010000   64.85727798
  135.11510000   63.51489328
  135.61000000   49.20326595
  136.10490000   43.86096508
  136.59980000   55.14592734
  137.09480000   49.96869458
  137.58970000   53.16352897
  138.08460000   52.12533841
  138.57950000   49.86140157
  139.07450000   48.47673051
  139.56940000   59.07956613
  140.06430000   53.55050285
  140.55920000   43.74313935
  141.05420000   57.47141498
  141.54910000   51.67177547
  142.04400000   48.65164214
  142.53900000   62.74904097
  143.03390000   63.45975730
  143.52880000   57.48341875
  144.02370000   71.69282339
  144.51870000   76.28600953
  145.01360000   62.57721310
  145.50850000   59.82552708
  146.00340000   58.88663547
  146.49840000   50.36480534
  146.99330000   54.20217445
  147.48820000   55.43579942
  147.98320000   50.48356282
  148.47810000   40.98762470
  148.97300000   53.77217459
  149.46790000   50.76311405
  149.96290000   42.74950218
  150.45780000   50.83454308
  150.95270000   42.76102727
  151.44760000   49.19090200
  151.94260000   46.96860974
  152.43750000   57.31897554
  152.93240000   51.20810679
  153.42740000   52.39629585
  153.92230000   66.68342623
  154.41720000   62.29415770
  154.91210000   55.52317079
  155.40710000   63.89916835
  155.90200000   59.62725462
  156.39690000   43.50609885
  156.89180000   63.71793875
  157.38680000   62.28536750
  157.88170000   42.19632900
  158.37660000   56.80936276
  158.87160000   55.50027972
  159.36650000   48.41844355
  159.86140000   53.58992382
  160.35630000   44.58608074
  160.85130000   48.09599439
  161.34620000   48.15096104
  161.84110000   47.19267301
  162.33600000   49.28844271
  162.83100000   46.48905257
  163.32590000   42.30805584
  163.82080000   43.03867959
  164.31580000   51.52404142
  164.81070000   51.44096605
  165.30560000   48.81777087
  165.80050000   49.37614744
  166.29550000   50.33405907
  166.79040000   60.22662504
  167.28530000   50.69440668
  167.78020000   45.82667772
  168.27520000   59.24751469
  168.77010000   49.49907706
  169.26500000   38.12294592
  169.75990000   42.59105028
  170.25490000   55.43089728
  170.74980000   50.43650660
  171.24470000   55.83182627
  171.73970000   51.75712613
  172.23460000   54.71720148
  172.72950000   60.58860099
  173.22440000   51.13331395
  173.71940000   48.25839441
  174.21430000   53.90006524
  174.70920000   48.66548454
  175.20410000   36.29418303
  175.69910000   43.08079962
  176.19400000   57.23907760
  176.68890000   48.70358115
  177.18390000   51.33689673
  177.67880000   62.11830527
  178.17370000   62.55474612
  178.66860000   58.79991717
  179.16360000   68.65470703
  179.65850000   65.99188035
  180.15340000   46.68142082
  180.64830000   51.56493332
  181.14330000   57.43640005
  181.63820000   48.16512337
  182.13310000   49.19045649
  182.62810000   44.26679363
  183.12300000   42.59134048
  183.61790000   44.39261583
  184.11280000   61.66360822
  184.60780000   63.52794886
  185.10270000   64.97580601
  185.59760000   71.00797297
  186.09250000   65.68711603
  186.58750000   58.75582339
  187.08240000   71.17761553
  187.57730000   66.02131694
  188.07230000   55.44916657
  188.56720000   64.01829763
  189.06210000   59.77463665
  189.55700000   39.13115705
  190.05200000   55.42655590
  190.54690000   76.53001505
  191.04180000   63.27056979
  191.53670000   73.61147840
  192.03170000   77.54175829
  192.52660000   40.74905212
  193.02150000   57.95448465
  193.51640000   46.51092418
  194.01140000   45.83618496
  194.50630000   42.82996246
  195.00120000   54.32534338
  195.49620000   52.44336713
  195.99110000   42.99801825
  196.48600000   54.24080509
  196.98090000   51.20114352
  197.47590000   49.16259766
  197.97080000   54.52632124
  198.46570000   48.98097051
  198.96060000   54.86122534
  199.45560000   51.48178882
  199.95050000   53.39556488
  200.44540000   55.81773431
  200.94030000   52.71281360
  201.43530000   45.57640909
  201.93020000   47.41935311
  202.42510000   55.97916257
  202.92010000   59.84186106
  203.41500000   52.16140568
  203.90990000   42.49567634
  204.40480000   47.27308916
  204.89980000   46.27407028
  205.39470000   43.70716983
  205.88960000   41.16525093
  206.38450000   25.76106867
  206.87950000   35.44401506
  207.37440000   40.86102802
  207.86930000   54.33903565
  208.36420000   47.24430327
  208.85920000   57.46158785
  209.35410000   56.59024461
  209.84900000   56.28410709
  210.34400000   37.92579862
  210.83890000   57.21325381
  211.33380000   24.06329763
  211.82870000   46.63927828
  212.32370000   47.17356308
  212.81860000   49.11058744
  213.31350000   47.43953535
  213.80840000   47.25131546
  214.30340000   46.59513282
  214.79830000   47.53478179
  215.29320000   43.25422427
  215.78810000   44.53662513
  216.28310000   43.57613905
  216.77800000   42.39579997
  217.27290000   40.37831842
  217.76790000   38.81604131
  218.26280000   26.90183318
  218.75770000   42.00048791
  219.25260000   43.57606456
  219.74760000   48.69261577
  220.24250000   46.52531978
  220.73740000   59.25111632
  221.23230000   45.43125904
  221.72730000   56.35981844
  222.22220000   56.03333003
  222.71710000   52.19166989
  223.21210000   29.00838671
  223.70700000   63.03442982
  224.20190000   57.48754123
  224.69680000   50.83035548
  225.19180000   56.73979115
  225.68670000   44.60032318
  226.18160000   44.13715742
  226.67650000   42.77655980
  227.17150000   47.33121224
  227.66640000   45.85778477
  228.16130000   49.12859964
  228.65630000   46.99970856
  229.15120000   53.93519591
  229.64610000   53.72268950
  230.14100000   54.39991137
  230.63600000   56.03080163
  231.13090000   51.82802255
  231.62580000   55.12197828
  232.12070000   55.95876291
  232.61570000   45.83136426
  233.11060000   57.06338756
  233.60550000   65.36559976
  234.10040000   46.25470395
  234.59540000   70.08920356
  235.09030000   65.06626321
  235.58520000   36.79606794
  236.08020000   49.56330570
  236.57510000   54.40602766
  237.07000000   41.41709819
  237.56490000   48.34470571
  238.05990000   43.74802986
  238.55480000   35.79898188
  239.04970000   28.60655460
  239.54460000   47.08883296
  240.03960000   30.04857241
  240.53450000   38.94019676
  241.02940000   44.07789746
  241.52440000   42.76700897
  242.01930000   42.35137949
  242.51420000   47.19626441
  243.00910000   36.96156842
  243.50410000   40.91915789
  243.99900000   53.84982744
  244.49390000   53.47459977
  244.98880000   46.11596725
  245.48380000   42.98634447
  245.97870000   45.44527226
  246.47360000   48.21192459
  246.96860000   45.00450243
  247.46350000   45.92657429
  247.95840000   33.09580076
  248.45330000   36.97420101
  248.94830000   30.40566427
  249.44320000   43.42803061
  249.93810000   23.04464188
  250.43300000   43.09902646
  250.92800000   42.44377519
  251.42290000   36.22293052
  251.91780000   47.79136538
  252.41280000   33.50558662
  252.90770000   30.82501226
  253.40260000   48.55375507
  253.89750000   48.68780281
  254.39250000   49.72350524
  254.88740000   45.83120028
  255.38230000   53.01507381
  255.87720000   48.39428812
  256.37220000   34.84761954
  256.86710000   45.59963078
  257.36200000   32.29749491
  257.85690000   36.90893650
  258.35190000   44.06276387
  258.84680000   37.76248692
  259.34170000   44.01370085
  259.83660000   39.06385035
  260.33160000   41.46150485
  260.82650000   35.34424925
  261.32140000   41.46967711
  261.81640000   37.60053286
  262.31130000   39.24226145
  262.80620000   40.76796508
  263.30110000   51.19542857
  263.79610000   46.41686537
  264.29100000   48.50612569
  264.78590000   57.24094020
  265.28090000   54.28782127
  265.77580000   21.32643534
  266.27070000   43.45456495
  266.76560000   54.99334904
  267.26060000   38.45437784
  267.75550000   41.79267544
  268.25040000   65.72899349
  268.74530000   54.65987601
  269.24030000   64.98313160
  269.73520000   64.47827511
  270.23010000   54.38022322
  270.72500000   33.53649583
  271.22000000   47.62685977
  271.71490000   42.23830897
  272.20980000   38.43074481
  272.70470000   51.40009509
  273.19970000   63.08651529
  273.69460000   51.48097880
  274.18950000   57.13707928
  274.68440000   54.90147841
  275.17940000   50.89145788
  275.67430000   43.54321793
  276.16930000   53.40289138
  276.66420000   52.32244717
  277.15910000   53.70835647
  277.65400000   59.16565942
  278.14900000   57.93957769
  278.64390000   55.20357185
  279.13880000   58.36975859
  279.63370000   48.12931620
  280.12870000   44.82591030
  280.62360000   54.38743503
  281.11850000   57.77408582
  281.61340000   50.37605636
  282.10840000   65.79044794
  282.60330000   62.79059346
  283.09820000   47.89367349
  283.59310000   35.55683039
  284.08810000   42.19078024
  284.58300000   48.96103791
  285.07790000   46.49788443
  285.57280000   55.12583686
  286.06780000   61.76073231
  286.56270000   56.75537335
  287.05760000   68.35316138
  287.55260000   51.00247532
  288.04750000   51.68208298
  288.54240000   56.46817345
  289.03740000   56.51478037
  289.53230000   44.78347548
  290.02720000   45.15889340
  290.52210000   51.87759763
  291.01710000   47.79122025
  291.51200000   53.61494777
  292.00690000   54.96897788
  292.50180000   53.30487167
  292.99680000   44.30533469
  293.49170000   47.98550994
  293.98660000   49.91630783
  294.48150000   40.51325181
  294.97650000   50.26527899
  295.47140000   45.86151637
  295.96630000   47.48621887
  296.46120000   55.68846947
  296.95620000   51.64497434
  297.45110000   48.84750773
  297.94600000   59.95620436
  298.44090000   62.01455862
  298.93590000   59.30079719
  299.43080000   64.69239342
  299.92580000   63.62315173
  300.42070000   62.45843344
  300.91560000   50.06816542
  301.41050000   57.68621310
  301.90550000   56.89878862
  302.40040000   59.02817282
  302.89530000   58.64910691
  303.39020000   57.31086925
  303.88520000   50.75454305
  304.38010000   51.98547372
  304.87500000   47.96655116
  305.36990000   53.92844064
  305.86490000   42.21884606
  306.35980000   57.37275947
  306.85470000   50.06582619
  307.34960000   42.59953228
  307.84460000   59.09576250
  308.33950000   50.31504838
  308.83440000   59.15260920
  309.32930000   60.01861398
  309.82430000   58.82797269
  310.31920000   46.18222821
  310.81410000   48.02367942
  311.30910000   59.60158234
  311.80400000   52.89792896
  312.29890000   58.26198258
  312.79380000   64.06733577
  313.28880000   52.58617086
  313.78370000   62.35197190
  314.27860000   69.33136339
  314.77360000   64.73962346
  315.26850000   52.64522373
  315.76340000   56.44267630
  316.25830000   46.30149763
  316.75330000   47.56117596
  317.24820000   46.98048686
  317.74310000   60.64803590
  318.23800000   50.93649317
  318.73300000   59.37844382
  319.22790000   68.83149973
  319.72280000   54.46125017
  320.21770000   54.83070727
  320.71270000   60.99876841
  321.20760000   49.04909997
  321.70250000   54.26105913
  322.19740000   57.03017647
  322.69240000   54.79703648
  323.18730000   56.32203022
  323.68220000   59.67338549
  324.17720000   59.94835037
  324.67210000   41.75667410
  325.16700000   43.83752713
  325.66190000   51.71010395
  326.15690000   45.29961859
  326.65180000   49.60328313
  327.14670000   35.98408333
  327.64160000   49.26545283
  328.13660000   48.25420255
  328.63150000   60.20045846
  329.12640000   54.99855973
  329.62140000   59.22418879
  330.11630000   70.69173051
  330.61120000   71.30840828
  331.10610000   57.09578746
  331.60110000   63.93633626
  332.09600000   62.08760063
  332.59090000   58.85914957
  333.08580000   70.17168194
  333.58080000   80.01328539
  334.07570000   50.97845779
  334.57060000   53.82901746
  335.06560000   60.67478656
  335.56050000   48.56341958
  336.05540000   49.41130721
  336.55030000   54.34433225
  337.04530000   46.48860631
  337.54020000   46.27912964
  338.03510000   42.24997113
  338.53000000   41.84587878
  339.02500000   32.72560592
  339.51990000   42.60162164
  340.01480000   45.04550959
  340.50970000   38.94159158
  341.00470000   51.38777765
  341.49960000   38.67710330
  341.99450000   40.36813272
  342.48940000   56.43172071
  342.98440000   50.71383060
  343.47930000   46.44883127
  343.97420000   46.77917684
  344.46920000   40.21668241
  344.96410000   50.38629937
  345.45900000   41.91189594
  345.95390000   54.14254475
  346.44890000   54.16892870
  346.94380000   47.75571266
  347.43870000   46.29122944
  347.93370000   53.42623460
  348.42860000   37.58106222
  348.92350000   39.39462615
  349.41840000   39.00762384
  349.91340000   43.14590518
  350.40830000   26.00618905
  350.90320000   38.36915388
  351.39810000   39.83876681
  351.89310000   49.80545242
  352.38800000   49.27208302
  352.88290000   45.19691029
  353.37780000   31.17291741
  353.87280000   49.58834145
  354.36770000   52.08707193
  354.86260000   44.05830069
  355.35750000   38.52900381
  355.85250000   43.45006796
  356.34740000   43.63804707
  356.84230000   46.60005722
  357.33720000   45.71310351
  357.83220000   48.99523469
  358.32710000   50.54601161
  358.82210000   51.00580620
  359.31700000   35.97598432
  359.81190000   41.17053388
  360.30680000   43.79358188
  360.80180000   45.88584457
  361.29670000   37.92045289
  361.79160000   53.20018611
  362.28650000   54.40459625
  362.78150000   52.25173378
  363.27640000   58.36901916
  363.77130000   61.42011470
  364.26620000   37.79423969
  364.76120000   52.54522243
  365.25610000   51.57343878
  365.75100000   50.46501815
  366.24590000   44.35752196
  366.74090000   53.85088788
  367.23580000   45.45770225
  367.73070000   43.41538544
  368.22560000   56.17211456
  368.72060000   49.30711710
  369.21550000   42.92598140
  369.71040000   39.48512824
  370.20540000   46.53268392
  370.70030000   43.12919652
  371.19520000   42.12516351
  371.69020000   40.20468245
  372.18510000   31.94790591
  372.68000000   35.24876530
  373.17490000   45.57521337
  373.66990000   37.31999772
  374.16480000   46.34551502
  374.65970000   53.00957619
  375.15460000   47.97297286
  375.64960000   59.67792149
  376.14450000   58.65895622
  376.63940000   48.16376097
  377.13430000   53.91358854
  377.62930000   64.72088262
  378.12420000   67.35984843
  378.61910000   50.44497636
  379.11400000   59.45980299
  379.60900000   54.30605876
  380.10390000   44.46822778
  380.59880000   58.41718391
  381.09380000   61.85898268
  381.58870000   42.37179510
  382.08360000   45.29064880
  382.57860000   34.40732892
  383.07350000   38.92390838
  383.56840000   39.21252181
  384.06330000   37.09022711
  384.55830000   36.63309386
  385.05320000   31.47215255
  385.54810000   41.07227540
  386.04300000   35.07969511
  386.53800000   43.15309883
  387.03290000   50.13328644
  387.52780000   58.05675296
  388.02270000   57.20024295
  388.51770000   49.77319789
  389.01260000   59.98917488
  389.50750000   51.23447198
  390.00240000   41.12453742
  390.49740000   64.15525635
  390.99230000   55.31721769
  391.48720000   47.88121392
  391.98210000   47.19757790
  392.47710000   36.37291037
  392.97200000   42.84955928
  393.46690000   45.26730251
  393.96190000   35.95291069
  394.45680000   32.98817052
  394.95170000   43.49055398
  395.44670000   44.45823170
  395.94160000   47.13152753
  396.43650000   51.18174477
  396.93140000   41.09213999
  397.42640000   45.85437406
  397.92130000   48.05645306
  398.41620000   60.35366007
  398.91110000   52.25450808
  399.40610000   52.46365206
  399.90100000   51.53366041
  400.39590000   30.74749190
  400.89080000   43.32950671
  401.38580000   49.09051918
  401.88070000   48.85549527
  402.37560000   42.44336288
  402.87050000   41.64005880
  403.36550000   45.53194473
  403.86040000   47.06313808
  404.35530000   45.35341700
  404.85030000   47.71356068
  405.34520000   46.63514876
  405.84010000   35.36103626
  406.33500000   54.33667165
  406.83000000   58.86039968
  407.32490000   67.05505812
  407.81980000   72.03848427
  408.31470000   57.80284944
  408.80970000   48.65465991
  409.30460000   64.81033680
  409.79950000   55.31997981
  410.29450000   50.14779692
  410.78940000   62.86288052
  411.28430000   55.54921617
  411.77920000   52.58923624
  412.27420000   59.86521788
  412.76910000   61.50816055
  413.26400000   43.35444546
  413.75890000   51.77093430
  414.25390000   49.67531279
  414.74880000   50.78048189
  415.24370000   51.65738678
  415.73860000   44.65145003
  416.23360000   34.55768445
  416.72850000   46.32519409
  417.22340000   40.15134578
  417.71840000   46.38768680
  418.21330000   48.66873766
  418.70820000   47.85193339
  419.20310000   53.13123537
  419.69810000   42.04468438
  420.19300000   52.73486861
  420.68790000   51.22911942
  421.18280000   49.23774677
  421.67780000   53.00730713
  422.17270000   53.90447345
  422.66760000   55.45330790
  423.16250000   51.15552859
  423.65750000   49.73791631
  424.15240000   52.49856073
  424.64730000   49.40845257
  425.14230000   62.14697782
  425.63720000   35.53442499
  426.13210000   53.94334111
  426.62700000   68.05424074
  427.12200000   56.55539653
  427.61690000   52.03808758
  428.11180000   46.41872457
  428.60680000   54.95287150
  429.10170000   59.09705560
  429.59660000   45.49589019
  430.09150000   59.15699514
  430.58650000   56.53515853
  431.08140000   50.60865450
  431.57630000   59.59693949
  432.07120000   53.27980673
  432.56620000   56.37232154
  433.06110000   51.63685487
  433.55600000   46.04120177
  434.05090000   44.49548870
  434.54590000   54.08043113
  435.04080000   53.46417661
  435.53570000   48.30255416
  436.03060000   60.17886606
  436.52560000   49.47202312
  437.02050000   53.42022962
  437.51540000   40.11063024
  438.01030000   48.73834072
  438.50530000   45.59501141
  439.00020000   38.22592637
  439.49510000   48.24261311
  439.99010000   50.85244608
  440.48500000   59.40407273
  440.97990000   60.21755026
  441.47490000   56.00427049
  441.96980000   50.67805157
  442.46470000   52.12487578
  442.95960000   54.46739523
  443.45460000   56.65644255
  443.94950000   56.97936944
  444.44440000   53.85386654
  444.93930000   55.48405528
  445.43430000   56.99448376
  445.92920000   58.09389338
  446.42410000   42.93302962
  446.91900000   47.71110217
  447.41400000   52.37278328
  447.90890000   40.76106779
  448.40380000   47.88459163
  448.89870000   51.94976881
  449.39370000   43.07853631
  449.88860000   47.42282838
  450.38350000   47.42698450
  450.87840000   43.46131717
  451.37340000   51.77032177
  451.86830000   63.13439271
  452.36330000   61.12785377
  452.85820000   42.26475474
  453.35310000   45.33521772
  453.84800000   62.65901490
  454.34300000   49.20410911
  454.83790000   54.71397899
  455.33280000   44.87745572
  455.82770000   55.10101784
  456.32270000   49.74064839
  456.81760000   55.91873323
  457.31250000   50.69034814
  457.80740000   47.48298937
  458.30240000   60.08906788
  458.79730000   52.73878613
  459.29220000   35.78652159
  459.78710000   47.11901023
  460.28210000   49.17626308
  460.77700000   41.20333068
  461.27190000   46.80999320
  461.76680000   46.67885289
  462.26180000   43.60773474
  462.75670000   54.28496334
  463.25160000   54.39231181
  463.74660000   45.84036637
  464.24150000   38.54264612
  464.73640000   56.57422119
  465.23140000   44.07189585
  465.72630000   48.64069406
  466.22120000   54.41059408
  466.71610000   37.38669798
  467.21110000   45.95527057
  467.70600000   53.20239511
  468.20090000   42.38209241
  468.69580000   51.56544089
  469.19080000   48.47725889
  469.68570000   46.86000341
  470.18060000   45.07743111
  470.67550000   41.67966414
  471.17050000   45.69592713
  471.66540000   47.46851292
  472.16030000   39.71570816
  472.65520000   49.37829416
  473.15020000   45.54918933
  473.64510000   43.52779899
  474.14000000   42.54807923
  474.63490000   56.32818497
  475.12990000   58.65970965
  475.62480000   64.33012232
  476.11970000   63.88689751
  476.61470000   56.95415207
  477.10960000   57.15276065
  477.60450000   67.06092356
  478.09950000   47.03663908
  478.59440000   41.80393128
  479.08930000   57.78781965
  479.58420000   52.57277717
  480.07920000   56.06928513
  480.57410000   46.79017575
  481.06900000   54.41236610
  481.56390000   48.86694937
  482.05890000   45.71746803
  482.55380000   52.02768968
  483.04870000   45.41548300
  483.54360000   45.93277461
  484.03860000   49.69005129
  484.53350000   48.31568036
  485.02840000   31.75933392
  485.52330000   53.05635461
  486.01830000   51.44788391
  486.51320000   52.69724622
  487.00810000   60.74542161
  487.50310000   56.46581649
  487.99800000   36.59586120
  488.49290000   60.56310814
  488.98780000   54.17993267
  489.48280000   35.11960572
  489.97770000   51.14711717
  490.47260000   56.69188495
  490.96750000   50.59011142
  491.46250000   44.28973079
  491.95740000   52.68676369
  492.45230000   50.38374766
  492.94730000   43.57893012
  493.44220000   49.42415400
  493.93710000   48.49153820
  494.43200000   46.35387510
