 HEIGHT =    12.0000000000000     
 Time        Sound Pressure(decibal)
    0.00202050   85.27558899
    0.00404100   87.39900208
    0.00606150   92.48213196
    0.00808200   86.87492371
    0.01010250   87.64853668
    0.01212300   90.24356842
    0.01414350   90.11152649
    0.01616400   90.36843109
    0.01818450   86.82066345
    0.02020500   87.86949921
    0.02222550   87.31405640
    0.02424600   81.40599060
    0.02626651   79.26375580
    0.02828701   84.01521301
    0.03030751   79.37745667
    0.03232801   72.23176575
    0.03434851   80.60581970
    0.03636901   85.07768250
    0.03838951   93.83529663
    0.04041001   88.12408447
    0.04243051   91.13133240
    0.04445101   85.23007202
    0.04647151   92.70462799
    0.04849201   84.20668793
    0.05051251   95.69111633
    0.05253301   92.32349396
    0.05455351   86.08579254
    0.05657401   88.38921356
    0.05859451   97.72312164
    0.06061501   94.41973114
    0.06263551   83.15353394
    0.06465601   94.57938385
    0.06667651   89.81701660
    0.06869701   90.01765442
    0.07071751   82.95747375
    0.07273801   82.89679718
    0.07475851   83.49882507
    0.07677902   82.90382385
    0.07879952   86.01886749
    0.08082002   82.37680817
    0.08284052   89.33016205
    0.08486102   91.94886780
    0.08688152   86.95964050
    0.08890202   85.77450562
    0.09092252   77.65969086
    0.09294302   86.52319336
    0.09496352   87.31286621
    0.09698402   79.98661041
    0.09900452   82.69293976
    0.10102502   85.98531342
    0.10304552   90.04347992
    0.10506602   88.51126099
    0.10708652   86.45959473
    0.10910702   75.98289490
    0.11112752   85.04404449
    0.11314802   74.89646912
    0.11516852   88.48170471
    0.11718902   85.38362122
    0.11920952   75.98835754
    0.12123002   79.98445129
    0.12325052   87.76907349
    0.12527102   85.45253754
    0.12729153   88.61563110
    0.12931203   62.48239899
    0.13133253   83.93878937
    0.13335303   81.01184845
    0.13537353   87.43025208
    0.13739403   91.40210724
    0.13941453   83.56974792
    0.14143503   74.27347565
    0.14345553   84.17917633
    0.14547603   87.72628784
    0.14749653   76.64592743
    0.14951703   82.80563354
    0.15153753   86.66545105
    0.15355803   85.52297211
    0.15557853   84.88301086
    0.15759903   81.05069733
    0.15961953   81.32337189
    0.16164003   82.70703888
    0.16366053   87.64436340
    0.16568103   90.97370911
    0.16770153   83.21466827
    0.16972203   85.18843842
    0.17174253   82.03881836
    0.17376303   87.65182495
    0.17578353   91.66719055
    0.17780404   84.02967072
    0.17982454   81.81039429
    0.18184504   83.63075256
    0.18386554   84.72915649
    0.18588604   91.21349335
    0.18790654   84.26851654
    0.18992704   85.52409363
    0.19194754   94.22068787
    0.19396804   90.94944763
    0.19598854   85.94477844
    0.19800904   82.60370636
    0.20002954   84.05707550
    0.20205004   90.30374146
    0.20407054   90.01414490
    0.20609104   86.66530609
    0.20811154   79.72727966
    0.21013204   86.44943237
    0.21215254   87.83826447
    0.21417304   89.13275909
    0.21619354   82.24940491
    0.21821404   81.91271973
    0.22023454   82.98288727
    0.22225504   90.56975555
    0.22427554   89.72836304
    0.22629604   84.08422089
    0.22831655   84.88406372
    0.23033705   89.28799438
    0.23235755   79.07541656
    0.23437805   67.96945953
    0.23639855   82.35202789
    0.23841905   83.93248749
    0.24043955   76.06113434
    0.24246005   89.56349182
    0.24448055   84.83800507
    0.24650105   80.17610931
    0.24852155   91.11369324
    0.25054205   89.61992645
    0.25256255   91.11462402
    0.25458305   71.01670074
    0.25660355   83.31351471
    0.25862405   92.70382690
    0.26064455   85.09988403
    0.26266505   82.73839569
    0.26468555   80.39140320
    0.26670605   73.53813934
    0.26872655   90.66471863
    0.27074705   90.31470490
    0.27276755   83.24443817
    0.27478805   82.15929413
    0.27680855   88.74131775
    0.27882906   89.34524536
    0.28084956   89.91499329
    0.28287006   87.72328949
    0.28489056   83.42509460
    0.28691106   85.61879730
    0.28893156   91.95807648
    0.29095206   92.16169739
    0.29297256   93.12318420
    0.29499306   73.70374298
    0.29701356   90.72337341
    0.29903406   91.26377106
    0.30105456   87.50849152
    0.30307506   87.51371765
    0.30509556   86.56449890
    0.30711606   93.90361786
    0.30913656   91.61814880
    0.31115706   88.30032349
    0.31317756   89.18296051
    0.31519806   81.65029144
    0.31721856   90.72742462
    0.31923906   90.53080750
    0.32125956   82.68155670
    0.32328006   79.24372864
    0.32530056   58.47247696
    0.32732106   90.92008209
    0.32934157   89.55986786
    0.33136207   90.22621155
    0.33338257   80.16828918
    0.33540307   81.10758972
    0.33742357   89.90740204
    0.33944407   91.22664642
    0.34146457   87.98552704
    0.34348507   77.21219635
    0.34550557   87.97080231
    0.34752607   85.71601868
    0.34954657   86.89411926
    0.35156707   86.88860321
    0.35358757   69.69480896
    0.35560807   87.80314636
    0.35762857   88.52914429
    0.35964907   91.41970825
    0.36166957   82.42823029
    0.36369007   77.44361115
    0.36571057   88.25311279
    0.36773107   89.14031219
    0.36975157   79.90016937
    0.37177207   82.21562195
    0.37379257   73.03665924
    0.37581307   86.23622894
    0.37783358   90.64770508
    0.37985408   91.79830170
    0.38187458   83.77539825
    0.38389508   76.90320587
    0.38591558   88.24031830
    0.38793608   85.95317078
    0.38995658   87.63001251
    0.39197708   86.01692963
    0.39399758   81.38262177
    0.39601808   88.34292603
    0.39803858   87.03894043
    0.40005908   91.48781586
    0.40207958   87.71126556
    0.40410008   89.84081268
    0.40612058   89.41074371
    0.40814108   87.46883392
    0.41016158   86.37104034
    0.41218208   88.98472595
    0.41420258   89.80339813
    0.41622308   82.80889130
    0.41824358   83.39965057
    0.42026408   84.80738831
    0.42228458   82.28193665
    0.42430508   90.56239319
    0.42632558   90.82590485
    0.42834609   88.85533142
    0.43036659   85.92986298
    0.43238709   89.33152771
    0.43440759   91.78543854
    0.43642809   89.29029083
    0.43844859   86.72071838
    0.44046909   85.50303650
    0.44248959   82.80738068
    0.44451009   91.34664917
    0.44653059   89.80324554
    0.44855109   89.48337555
    0.45057159   56.40264893
    0.45259209   82.33403015
    0.45461259   85.85143280
    0.45663309   83.57379913
    0.45865359   86.86877441
    0.46067409   85.08123779
    0.46269459   87.67337036
    0.46471509   89.29910278
    0.46673559   88.73707581
    0.46875609   92.07846832
    0.47077659   87.33382416
    0.47279709   90.28542328
    0.47481759   90.05804443
    0.47683809   79.83119965
    0.47885860   78.35509491
    0.48087910   83.42155457
    0.48289960   87.82639313
    0.48492010   87.79183960
    0.48694060   66.88124847
    0.48896110   77.10632324
    0.49098160   83.97143555
    0.49300210   88.77323914
    0.49502260   89.44231415
    0.49704310   84.91493988
    0.49906360   86.65905762
    0.50108410   84.18238068
    0.50310460   88.04362488
    0.50512510   86.56116486
    0.50714560   81.90858459
    0.50916610   83.11128998
    0.51118660   81.58866882
    0.51320710   87.85256958
    0.51522760   90.58355713
    0.51724810   88.90170288
    0.51926860   88.32115173
    0.52128910   91.18013763
    0.52330960   90.85224152
    0.52533010   86.60326385
    0.52735060   91.03505707
    0.52937111   91.62589264
    0.53139161   84.88937378
    0.53341211   90.26306152
    0.53543261   89.60218048
    0.53745311   84.96783447
    0.53947361   83.32196045
    0.54149411   89.44729614
    0.54351461   85.99271393
    0.54553511   73.91468811
    0.54755561   50.24782181
    0.54957611   90.35541534
    0.55159661   92.61886597
    0.55361711   88.43066406
    0.55563761   88.69062805
    0.55765811   81.73220062
    0.55967861   88.50433350
    0.56169911   91.36675262
    0.56371961   90.36076355
    0.56574011   90.42930603
    0.56776061   84.73175812
    0.56978111   85.77509308
    0.57180161   89.75220490
    0.57382211   82.46810150
    0.57584261   85.00897217
    0.57786311   90.33760834
    0.57988362   80.89599609
    0.58190412   81.00347137
    0.58392462   84.98125458
    0.58594512   86.41916656
    0.58796562   81.19180298
    0.58998612   83.92740631
    0.59200662   83.39972687
    0.59402712   87.42005920
    0.59604762   87.40103912
    0.59806812   81.98096466
    0.60008862   90.96436310
    0.60210912   84.49856567
    0.60412962   82.03073883
    0.60615012   77.57470703
    0.60817062   85.77248383
    0.61019112   88.42679596
    0.61221162   91.59988403
    0.61423212   88.80503082
    0.61625262   87.72027588
    0.61827312   82.58135986
    0.62029362   91.12429810
    0.62231412   90.04275513
    0.62433462   90.18203735
    0.62635512   79.14366150
    0.62837562   84.74182129
    0.63039613   75.41897583
    0.63241663   87.31594086
    0.63443713   85.72370148
    0.63645763   85.38916016
    0.63847813   85.84957886
    0.64049863   88.58837891
    0.64251913   89.90264130
    0.64453963   94.06794739
    0.64656013   94.43740082
    0.64858063   89.57541656
    0.65060113   81.13336945
    0.65262163   82.50760651
    0.65464213   81.83688354
    0.65666263   85.79963684
    0.65868313   83.77809906
    0.66070363   86.71623230
    0.66272413   76.16408539
    0.66474463   80.97135162
    0.66676513   94.27569580
    0.66878563   93.51500702
    0.67080613   86.63507843
    0.67282663   86.62040710
    0.67484713   88.05319977
    0.67686763   84.61041260
    0.67888813   84.22880554
    0.68090864   82.80509949
    0.68292914   87.65547943
    0.68494964   89.74504089
    0.68697014   90.75231934
    0.68899064   91.89878082
    0.69101114   93.08772278
    0.69303164   91.06385803
    0.69505214   90.02873993
    0.69707264   83.67470551
    0.69909314   84.66283417
    0.70111364   88.16732788
    0.70313414   88.45702362
    0.70515464   74.47970581
    0.70717514   88.46875000
    0.70919564   85.91663361
    0.71121614   91.99601746
    0.71323664   94.63643646
    0.71525714   95.63552856
    0.71727764   88.39550781
    0.71929814   73.82032776
    0.72131864   84.01497650
    0.72333914   82.43902588
    0.72535964   87.74391174
    0.72738014   86.94951630
    0.72940064   87.76777649
    0.73142115   89.90799713
    0.73344165   89.54798889
    0.73546215   93.13323212
    0.73748265   93.88892365
    0.73950315   84.37992096
    0.74152365   92.08222198
    0.74354415   89.90970612
    0.74556465   83.63699341
    0.74758515   86.81971741
    0.74960565   90.63016510
    0.75162615   89.50830078
    0.75364665   85.99537659
    0.75566715   90.70693970
    0.75768765   93.91333008
    0.75970815   92.92123413
    0.76172865   93.09360504
    0.76374915   92.96804047
    0.76576965   84.83234406
    0.76779015   86.68531799
    0.76981065   87.16515350
    0.77183115   89.94409943
    0.77385165   90.45597076
    0.77587215   78.13217163
    0.77789265   88.47939301
    0.77991315   84.02967834
    0.78193366   92.52574158
    0.78395416   92.68634033
    0.78597466   90.67768097
    0.78799516   84.37826538
    0.79001566   84.91298676
    0.79203616   84.06226349
    0.79405666   87.19511414
    0.79607716   81.14946747
    0.79809766   79.47462463
    0.80011816   76.99200439
    0.80213866   88.65975952
    0.80415916   95.77581024
    0.80617966   93.66060638
    0.80820016   77.10089874
    0.81022066   91.80725861
    0.81224116   83.00409698
    0.81426166   87.08263397
    0.81628216   91.94006348
    0.81830266   81.29869080
    0.82032316   90.12414551
    0.82234366   82.49586487
    0.82436416   90.26203156
    0.82638466   93.08755493
    0.82840516   85.43139648
    0.83042566   91.55400085
    0.83244617   88.14669800
    0.83446667   83.16966248
    0.83648717   87.53020477
    0.83850767   67.39286804
    0.84052817   81.38235474
    0.84254867   83.62603760
    0.84456917   86.36850739
    0.84658967   90.22916412
    0.84861017   81.95774078
    0.85063067   90.53664398
    0.85265117   92.47594452
    0.85467167   88.20693207
    0.85669217   89.66412354
    0.85871267   93.18663788
    0.86073317   86.45054626
    0.86275367   92.62023163
    0.86477417   84.38961029
    0.86679467   91.38710785
    0.86881517   91.16774750
    0.87083567   72.06575012
    0.87285617   92.42868042
    0.87487667   88.70255280
    0.87689717   88.11096191
    0.87891767   85.53362274
    0.88093817   90.04386139
    0.88295868   78.38640594
    0.88497918   91.69030762
    0.88699968   85.32831573
    0.88902018   91.99079895
    0.89104068   81.35592651
    0.89306118   81.38945007
    0.89508168   85.80763245
    0.89710218   87.40922546
    0.89912268   92.43058014
    0.90114318   87.08183289
    0.90316368   89.32868958
    0.90518418   95.49160004
    0.90720468   84.91652679
    0.90922518   88.76383972
    0.91124568   91.23071289
    0.91326618   84.37226105
    0.91528668   87.15773773
    0.91730718   79.12319946
    0.91932768   96.39272308
    0.92134818   94.98514557
    0.92336868   86.98187256
    0.92538918   95.19879913
    0.92740968   92.72584534
    0.92943018   85.11997223
    0.93145068   84.28952789
    0.93347119   82.92735291
    0.93549169   88.77536774
    0.93751219   90.42739105
    0.93953269   89.29745483
    0.94155319   87.68446350
    0.94357369   88.83264923
    0.94559419   82.81299591
    0.94761469   93.95506287
    0.94963519   84.74820709
    0.95165569   88.26945496
    0.95367619   89.65491486
    0.95569669   81.44270325
    0.95771719   90.24084473
    0.95973769   92.74627686
    0.96175819   91.00006866
    0.96377869   83.93307495
    0.96579919   79.59648895
    0.96781969   93.95523834
    0.96984019   80.61849213
    0.97186069   80.98955536
    0.97388119   90.76412964
    0.97590169   93.40045166
    0.97792219   85.39115143
    0.97994269   85.78305817
    0.98196319   76.84284973
    0.98398370   90.38820648
    0.98600420   85.05586243
    0.98802470   86.37966919
    0.99004520   93.23838043
    0.99206570   83.99327850
    0.99408620   89.49129486
    0.99610670   93.59472656
    0.99812720   88.77876282
    1.00014770   77.86183167
    1.00216820   77.99419403
    1.00418870   82.33335114
    1.00620920   91.20774841
    1.00822970   92.46270752
    1.01025020   92.14827728
    1.01227070   78.64946747
    1.01429120   89.70237732
    1.01631170   94.71178436
    1.01833220   90.39380646
    1.02035270   77.94118500
    1.02237320   86.39017487
    1.02439370   87.20909119
    1.02641420   91.31810760
    1.02843470   90.93437195
    1.03045520   85.31177521
    1.03247570   90.68595886
    1.03449621   82.52748871
    1.03651671   90.95401001
    1.03853721   95.51470947
    1.04055771   83.59251404
    1.04257821   88.35906982
    1.04459871   88.23187256
    1.04661921   91.67949677
    1.04863971   90.24900818
    1.05066021   89.44758606
    1.05268071   83.84092712
    1.05470121   87.60421753
    1.05672171   92.76337433
    1.05874221   89.42662811
    1.06076271   88.44776154
    1.06278321   88.68624878
    1.06480371   93.77431488
    1.06682421   90.64671326
    1.06884471   87.65280914
    1.07086521   84.59300995
    1.07288571   87.67984772
    1.07490621   88.62239075
    1.07692671   90.17950439
    1.07894721   92.94371796
    1.08096771   92.80452728
    1.08298822   78.60921478
    1.08500872   89.29631805
    1.08702922   78.27915192
    1.08904972   83.70092010
    1.09107022   87.87745667
    1.09309072   84.46551514
    1.09511122   87.77691650
    1.09713172   85.04837036
    1.09915222   76.53221130
    1.10117272   92.46618652
    1.10319322   85.60588074
    1.10521372   91.52695465
    1.10723422   93.72315979
    1.10925472   72.91921997
    1.11127522   84.96638489
    1.11329572   81.09307861
    1.11531622   71.99803925
    1.11733672   82.89595795
    1.11935722   81.70442200
    1.12137772   88.21479034
    1.12339822   88.38815308
    1.12541872   84.50395966
    1.12743922   82.98992157
    1.12945972   88.55208588
    1.13148022   90.99281311
    1.13350073   91.64788818
    1.13552123   84.27337646
    1.13754173   83.80064392
    1.13956223   83.96232605
    1.14158273   84.87787628
    1.14360323   89.92108154
    1.14562373   89.60920715
    1.14764423   78.39517212
    1.14966473   86.73576355
    1.15168523   89.46716309
    1.15370573   95.90784454
    1.15572623   89.03897858
    1.15774673   95.02948761
    1.15976723   92.50735474
    1.16178773   89.61027527
    1.16380823   91.73574066
    1.16582873   91.56317139
    1.16784923   80.53371429
    1.16986973   85.25736237
    1.17189023   87.35276794
    1.17391073   83.73731232
    1.17593123   89.16059113
    1.17795173   73.98519135
    1.17997223   97.40192413
    1.18199273   90.17830658
    1.18401324   81.44969177
    1.18603374   83.96678925
    1.18805424   90.56278992
    1.19007474   87.74780273
    1.19209524   88.67794037
    1.19411574   91.80834961
    1.19613624   92.76724243
    1.19815674   88.47393036
    1.20017724   90.92239380
    1.20219774   93.68651581
    1.20421824   85.97550201
    1.20623874   91.73026276
    1.20825924   93.28912354
    1.21027974   80.20195770
    1.21230024   81.52041626
    1.21432074   86.97177887
    1.21634124   89.88331604
    1.21836174   89.28985596
    1.22038224   85.58636475
    1.22240274   87.18090057
    1.22442324   94.08655548
    1.22644374   79.13069153
    1.22846424   94.61447144
    1.23048474   90.66317749
    1.23250524   82.38082886
    1.23452575   87.34772491
    1.23654625   82.81153870
    1.23856675   78.55261230
    1.24058725   94.38964844
    1.24260775   91.72320557
    1.24462825   90.23091888
    1.24664875   92.71224213
    1.24866925   95.83583069
    1.25068975   96.88635254
    1.25271025   86.70771790
    1.25473075   88.07491302
    1.25675125   89.63523865
    1.25877175   88.54552460
    1.26079225   84.90859222
    1.26281275   85.79998016
    1.26483325   83.18212891
    1.26685375   91.12628937
    1.26887425   93.71502686
    1.27089475   97.65022278
    1.27291525   93.70726013
    1.27493575   95.63416290
    1.27695625   92.29270935
    1.27897675   79.72830200
    1.28099725   90.91282654
    1.28301775   85.48738098
    1.28503826   90.67381287
    1.28705876   82.90666199
    1.28907926   88.08961487
    1.29109976   78.38854980
    1.29312026   81.14402008
    1.29514076   88.58010864
    1.29716126   85.53907776
    1.29918176   92.25545502
    1.30120226   93.56460571
    1.30322276   86.95058441
    1.30524326   91.59575653
    1.30726376   95.99327087
    1.30928426   88.62434387
    1.31130476   87.26081085
    1.31332526   92.88109589
    1.31534576   97.38947296
    1.31736626   96.08010864
    1.31938676   92.06282806
    1.32140726   87.98500824
    1.32342776   89.90930939
    1.32544826   91.03837585
    1.32746876   88.56666565
    1.32948926   86.34815216
    1.33150976   93.16883087
    1.33353026   93.78343964
    1.33555077   90.96502686
    1.33757127   75.74356079
    1.33959177   88.16665649
    1.34161227   88.50225830
    1.34363277   84.51360321
    1.34565327   61.63124847
    1.34767377   84.32413483
    1.34969427   72.26620483
    1.35171477   82.05107117
    1.35373527   91.23882294
    1.35575577   95.73219299
    1.35777627   90.40013885
    1.35979677   81.34033203
    1.36181727   84.87203979
    1.36383777   87.19979858
    1.36585827   82.57405090
    1.36787877   89.21305084
    1.36989927   87.01877594
    1.37191977   88.15296936
    1.37394027   93.99771118
    1.37596077   94.99038696
    1.37798127   89.76951599
    1.38000177   92.83264160
    1.38202227   92.21250916
    1.38404277   90.73018646
    1.38606328   91.40527344
    1.38808378   95.10737610
    1.39010428   94.85666656
    1.39212478   92.77504730
    1.39414528   94.83154297
    1.39616578   97.20314789
    1.39818628   96.30911255
    1.40020678   94.56895447
    1.40222728   99.44522858
    1.40424778   96.24492645
    1.40626828   94.79707336
    1.40828878   87.78182983
    1.41030928   89.09073639
    1.41232978   86.70552826
    1.41435028   83.80525970
    1.41637078   84.71020508
    1.41839128   88.74542999
    1.42041178   88.68668365
    1.42243228   91.83378601
    1.42445278   94.09136200
    1.42647328   88.79635620
    1.42849378   85.06821442
    1.43051428   89.27297211
    1.43253478   88.16131592
    1.43455528   91.35755920
    1.43657579   84.41114807
    1.43859629   79.89277649
    1.44061679   89.71941376
    1.44263729   86.31544495
    1.44465779   92.46948242
    1.44667829   94.79083252
    1.44869879   92.31098938
    1.45071929   87.92050934
    1.45273979   89.36157990
    1.45476029   90.74732971
    1.45678079   87.14556885
    1.45880129   74.60567474
    1.46082179   89.57425690
    1.46284229   83.94718170
    1.46486279   88.47563934
    1.46688329   91.45798492
    1.46890379   81.78761292
    1.47092429   86.75872040
    1.47294479   89.05380249
    1.47496529   87.45450592
    1.47698579   90.92105103
    1.47900629   79.66202545
    1.48102679   83.35418701
    1.48304729   89.80692291
    1.48506779   85.18662262
    1.48708830   93.20435333
    1.48910880   94.71655273
    1.49112930   91.14542389
    1.49314980   94.92739105
    1.49517030   84.38442993
    1.49719080   92.05844116
    1.49921130   87.71379852
    1.50123180   78.04399872
    1.50325230   82.28226471
    1.50527280   80.30377960
    1.50729330   90.28586578
    1.50931380   92.29280853
    1.51133430   94.59210205
    1.51335480   88.10096741
    1.51537530   92.53340149
    1.51739580   84.11956024
    1.51941630   84.98225403
    1.52143680   83.46385956
    1.52345730   80.36717987
    1.52547780   81.18019104
    1.52749830   86.81376648
    1.52951880   90.37709045
    1.53153930   91.44185638
    1.53355980   92.07797241
    1.53558030   92.03227234
    1.53760081   89.99562836
    1.53962131   74.95722198
    1.54164181   78.35946655
    1.54366231   72.45960236
    1.54568281   82.87738037
    1.54770331   76.01438904
    1.54972381   87.67440033
    1.55174431   88.04254913
    1.55376481   85.94270325
    1.55578531   93.66169739
    1.55780581   86.08697510
    1.55982631   83.03794861
    1.56184681   85.73765564
    1.56386731   81.96740723
    1.56588781   77.72084045
    1.56790831   84.83613586
    1.56992881   81.05093384
    1.57194931   74.73163605
    1.57396981   77.14172363
    1.57599031   88.45376587
    1.57801081   82.91934967
    1.58003131   84.47011566
    1.58205181   88.23057556
    1.58407231   90.67147064
    1.58609281   82.97515106
    1.58811332   74.73997498
    1.59013382   78.99302673
    1.59215432   79.63871765
    1.59417482   83.17315674
    1.59619532   85.71488190
    1.59821582   81.99544525
    1.60023632   89.68487549
    1.60225682   80.47441101
    1.60427732   92.60263824
    1.60629782   87.23339081
    1.60831832   81.92747498
    1.61033882   74.46228027
    1.61235932   85.61740875
    1.61437982   89.58056641
    1.61640032   84.99172211
    1.61842082   80.55942535
    1.62044132   90.83329773
    1.62246182   88.30915833
    1.62448232   89.93568420
    1.62650282   86.68721008
    1.62852332   78.93776703
    1.63054382   87.19246674
    1.63256432   69.40628052
    1.63458482   82.19011688
    1.63660532   85.94607544
    1.63862583   83.64126587
    1.64064633   88.82934570
    1.64266683   88.66074371
    1.64468733   90.25151062
    1.64670783   88.61120605
    1.64872833   81.91584778
    1.65074883   81.14912415
    1.65276933   89.52585602
    1.65478983   82.52355194
    1.65681033   89.56824493
    1.65883083   85.94514465
    1.66085133   89.24017334
    1.66287183   91.44203949
    1.66489233   87.13641357
    1.66691283   81.46363831
    1.66893333   91.50985718
    1.67095383   86.31800079
    1.67297433   77.09142303
    1.67499483   77.25435638
    1.67701533   85.78500366
    1.67903583   84.07766724
    1.68105633   80.88594818
    1.68307683   84.66615295
    1.68509733   82.87829590
    1.68711783   84.29070282
    1.68913834   88.42372894
    1.69115884   87.10603333
    1.69317934   83.78244781
    1.69519984   85.60732269
    1.69722034   76.69228363
    1.69924084   88.11298370
    1.70126134   80.75233459
    1.70328184   74.62765503
    1.70530234   83.88500977
    1.70732284   83.03965759
    1.70934334   92.69013214
    1.71136384   90.98956299
    1.71338434   88.35968781
    1.71540484   72.01415253
    1.71742534   73.84620667
    1.71944584   83.15135956
    1.72146634   86.90164185
    1.72348684   86.15010834
    1.72550734   83.50832367
    1.72752784   84.82644653
    1.72954834   91.17432404
    1.73156884   94.63441467
    1.73358934   93.30819702
    1.73560984   88.61450958
    1.73763035   92.91622925
    1.73965085   82.29571533
    1.74167135   81.26812744
    1.74369185   84.73425293
    1.74571235   83.55285645
    1.74773285   84.57201385
    1.74975335   83.41738129
    1.75177385   88.90176392
    1.75379435   88.90268707
    1.75581485   85.84437561
    1.75783535   83.50266266
    1.75985585   88.79035950
    1.76187635   79.23289490
    1.76389685   86.00092316
    1.76591735   85.30543518
    1.76793785   87.51826477
    1.76995835   85.69772339
    1.77197885   86.94014740
    1.77399935   78.61588287
    1.77601985   89.20636749
    1.77804035   86.75326538
    1.78006085   88.96487427
    1.78208135   83.00141907
    1.78410185   86.12861633
    1.78612235   77.87644958
    1.78814286   87.16575623
    1.79016336   78.58059692
    1.79218386   83.97583008
    1.79420436   83.54459381
    1.79622486   84.18227386
    1.79824536   87.48831177
    1.80026586   86.99694824
    1.80228636   79.16365051
    1.80430686   74.47349548
    1.80632736   90.22649384
    1.80834786   80.23902130
    1.81036836   82.05540466
    1.81238886   85.09917450
    1.81440936   83.45201111
    1.81642986   91.59622955
    1.81845036   91.32075500
    1.82047086   90.83002472
    1.82249136   83.65400696
    1.82451186   86.53785706
    1.82653236   91.95153046
    1.82855286   89.29890442
    1.83057336   86.18906403
    1.83259386   82.83266449
    1.83461436   80.53632355
    1.83663486   90.72526550
    1.83865537   89.79715729
    1.84067587   86.19488525
    1.84269637   85.01699066
    1.84471687   83.93299866
    1.84673737   91.50725555
    1.84875787   87.15334320
    1.85077837   80.96709442
    1.85279887   81.01437378
    1.85481937   86.09256744
    1.85683987   86.56581879
    1.85886037   91.58294678
    1.86088087   89.56688690
    1.86290137   76.71714020
    1.86492187   89.64559937
    1.86694237   78.44083405
    1.86896287   88.70610046
    1.87098337   88.33925629
    1.87300387   78.34124756
    1.87502437   80.80954742
    1.87704487   88.17261505
    1.87906537   90.29936981
    1.88108587   91.83142853
    1.88310637   87.80494690
    1.88512687   91.57982635
    1.88714737   92.02000427
    1.88916788   89.30785370
    1.89118838   83.48366547
    1.89320888   83.06333923
    1.89522938   86.35071564
    1.89724988   90.49523926
    1.89927038   90.42610168
    1.90129088   88.85440063
    1.90331138   84.13067627
    1.90533188   89.00959015
    1.90735238   88.91841888
    1.90937288   92.49362946
    1.91139338   85.32527161
    1.91341388   75.92022705
    1.91543438   86.77479553
    1.91745488   83.95285034
    1.91947538   75.41542816
    1.92149588   78.73441315
    1.92351638   84.16158295
    1.92553688   78.54817200
    1.92755738   83.25448608
    1.92957788   87.05794525
    1.93159838   92.53259277
    1.93361888   88.58128357
    1.93563938   91.21494293
    1.93765988   90.93479156
    1.93968039   85.87938690
    1.94170089   75.09981537
    1.94372139   90.71183014
    1.94574189   93.21276093
    1.94776239   92.62488556
    1.94978289   91.12124634
    1.95180339   90.04869843
    1.95382389   85.47354126
    1.95584439   81.08044434
    1.95786489   82.00526428
    1.95988539   84.80197144
    1.96190589   78.51266479
    1.96392639   88.02609253
    1.96594689   79.82336426
    1.96796739   78.53804779
    1.96998789   83.08193970
    1.97200839   86.73590088
    1.97402889   85.82116699
    1.97604939   87.89121246
    1.97806989   87.32662201
    1.98009039   77.94499969
    1.98211089   75.79375458
    1.98413139   82.17836761
    1.98615189   88.62097168
    1.98817239   79.07469940
    1.99019290   75.43255615
    1.99221340   73.55890656
    1.99423390   86.87214661
    1.99625440   80.45630646
    1.99827490   83.56630707
    2.00029540   85.84509277
    2.00231590   71.09934235
    2.00433640   86.85947418
    2.00635690   88.22928619
    2.00837740   78.15512085
    2.01039790   83.91858673
    2.01241840   72.64969635
    2.01443890   78.92151642
    2.01645940   81.42781830
    2.01847990   87.99065399
    2.02050040   86.99427032
