 HEIGHT =    10.0000000000000     
 Frequency   Sound Pressure(decibal)
    0.49492700   51.22459760
    0.98985390   50.20217846
    1.48478100   54.65564859
    1.97970800   70.83275686
    2.47463500   64.86225068
    2.96956200   75.94541753
    3.46448900   63.47846986
    3.95941600   60.66644261
    4.45434300   55.52447857
    4.94927000   57.99821609
    5.44419700   58.49967383
    5.93912400   58.15254512
    6.43405100   60.31387280
    6.92897700   57.05953777
    7.42390400   60.09563045
    7.91883100   59.12769342
    8.41375800   55.75357646
    8.90868600   59.01652502
    9.40361200   59.03350279
    9.89854000   50.75399752
   10.39347000   56.37098274
   10.88839000   59.42299387
   11.38332000   48.59508998
   11.87825000   55.88177928
   12.37317000   55.55620011
   12.86810000   54.73121169
   13.36303000   58.58955574
   13.85795000   63.42155564
   14.35288000   54.45699335
   14.84781000   51.06913479
   15.34274000   52.63953008
   15.83766000   51.48147907
   16.33259000   53.14893887
   16.82752000   51.82915202
   17.32244000   53.29517544
   17.81737000   53.25540205
   18.31230000   51.40263017
   18.80722000   56.03079120
   19.30215000   56.35358781
   19.79708000   52.80799535
   20.29201000   58.59765778
   20.78693000   57.51533351
   21.28186000   53.95246734
   21.77679000   56.25453479
   22.27171000   45.45088128
   22.76664000   56.38851840
   23.26157000   50.71344281
   23.75649000   58.93515258
   24.25142000   50.50057848
   24.74635000   51.03947822
   25.24128000   49.27485799
   25.73620000   56.04180761
   26.23113000   50.96931047
   26.72606000   47.47981354
   27.22098000   51.91562293
   27.71591000   50.17550765
   28.21084000   47.63899810
   28.70576000   54.72309607
   29.20069000   47.23032395
   29.69562000   51.01152360
   30.19054000   56.68481495
   30.68547000   43.16697700
   31.18040000   53.43908830
   31.67533000   53.72673680
   32.17025000   36.33803301
   32.66518000   47.32740721
   33.16011000   51.40444592
   33.65503000   40.91561415
   34.14996000   48.10033070
   34.64489000   47.50684898
   35.13981000   43.86617194
   35.63474000   47.72072058
   36.12967000   51.34038954
   36.62460000   58.31518537
   37.11952000   51.31186195
   37.61445000   41.97208771
   38.10938000   49.71540432
   38.60430000   51.80873508
   39.09923000   48.62058877
   39.59416000   49.98870507
   40.08908000   48.36692349
   40.58401000   52.87233177
   41.07894000   57.24639218
   41.57386000   61.11274458
   42.06879000   45.14333936
   42.56372000   73.37860590
   43.05865000   74.09504345
   43.55357000   64.65843907
   44.04850000   67.25566116
   44.54343000   73.44892370
   45.03835000   66.82999665
   45.53328000   70.37250109
   46.02821000   73.51992504
   46.52313000   68.72250963
   47.01806000   65.14280564
   47.51299000   71.21144005
   48.00792000   62.50476711
   48.50284000   54.22317697
   48.99777000   70.42944194
   49.49269000   68.16353525
   49.98762000   42.71400404
   50.48255000   54.91530442
   50.97748000   58.27265999
   51.47240000   47.34184598
   51.96733000   55.53317859
   52.46226000   62.15260228
   52.95718000   50.47908815
   53.45211000   55.99585605
   53.94704000   59.31474450
   54.44197000   60.21748542
   54.93689000   52.24857626
   55.43182000   64.94996323
   55.92675000   58.76793813
   56.42167000   49.57681269
   56.91660000   58.37165458
   57.41153000   66.94955793
   57.90646000   49.47416569
   58.40138000   55.97319772
   58.89631000   54.28332322
   59.39124000   46.53350668
   59.88616000   53.86960650
   60.38109000   58.30207926
   60.87601000   51.21946929
   61.37094000   56.55207585
   61.86587000   63.60032424
   62.36080000   62.39135570
   62.85572000   60.80469448
   63.35065000   72.03001164
   63.84558000   67.35012161
   64.34051000   51.75919601
   64.83543000   72.91420670
   65.33036000   68.48045549
   65.82529000   46.79876697
   66.32021000   65.56998041
   66.81514000   63.02994059
   67.31007000   53.01706096
   67.80499000   62.26032573
   68.29992000   65.23973346
   68.79485000   59.11359945
   69.28977000   58.31423068
   69.78470000   49.40058697
   70.27962000   50.06141369
   70.77455000   43.83440182
   71.26949000   37.24826356
   71.76441000   41.63618084
   72.25934000   48.37647552
   72.75426000   51.94474424
   73.24919000   52.56890949
   73.74412000   47.84947813
   74.23904000   51.89269650
   74.73397000   46.85559244
   75.22890000   46.66747979
   75.72382000   60.46820337
   76.21875000   61.08993463
   76.71368000   54.76711460
   77.20860000   60.13586078
   77.70353000   52.80792041
   78.19846000   59.08849645
   78.69339000   51.24217839
   79.18832000   59.23602028
   79.68324000   58.97282775
   80.17817000   45.65507959
   80.67310000   58.57754445
   81.16802000   48.78401146
   81.66295000   44.17000435
   82.15788000   47.77917568
   82.65280000   45.42039210
   83.14773000   48.14019362
   83.64265000   52.51332543
   84.13758000   53.05134580
   84.63251000   48.86567279
   85.12743000   54.90057752
   85.62236000   53.34068819
   86.11729000   61.46830027
   86.61222000   53.32079281
   87.10715000   61.89097521
   87.60207000   75.23500742
   88.09700000   49.32223034
   88.59193000   80.71811370
   89.08685000   71.08751518
   89.58178000   58.33336238
   90.07671000   58.18004728
   90.57163000   50.61455770
   91.06656000   59.53563297
   91.56149000   62.86545959
   92.05641000   66.63472027
   92.55134000   61.50634869
   93.04626000   53.40166934
   93.54120000   48.45660648
   94.03613000   35.08743802
   94.53105000   42.36759471
   95.02598000   50.49534663
   95.52090000   56.02492352
   96.01583000   43.97327498
   96.51076000   70.15136936
   97.00568000   73.81135082
   97.50061000   52.88528852
   97.99554000   63.78457664
   98.49046000   61.58023182
   98.98539000   52.73130598
   99.48032000   39.37404131
   99.97524000   61.77298479
  100.47020000   50.94044958
  100.96510000   40.44102886
  101.46000000   45.47554634
  101.95500000   48.78805645
  102.44990000   37.29887831
  102.94480000   47.86167478
  103.43970000   50.94842006
  103.93470000   38.25853609
  104.42960000   48.11635627
  104.92450000   48.97699812
  105.41940000   38.28848483
  105.91440000   48.96004863
  106.40930000   42.34171953
  106.90420000   45.03574057
  107.39910000   55.44745122
  107.89410000   53.93148701
  108.38900000   44.31074282
  108.88390000   48.55764308
  109.37890000   53.84405542
  109.87380000   48.36967944
  110.36870000   46.86772180
  110.86360000   54.24113377
  111.35860000   48.35718687
  111.85350000   39.80926240
  112.34840000   52.43864564
  112.84330000   59.58329343
  113.33830000   40.15330141
  113.83320000   49.76462177
  114.32810000   50.00809007
  114.82310000   37.94172893
  115.31800000   44.28226325
  115.81290000   49.40624499
  116.30780000   35.40970240
  116.80280000   50.53824064
  117.29770000   49.79163617
  117.79260000   44.86429548
  118.28750000   51.67177560
  118.78250000   58.77200203
  119.27740000   51.24741920
  119.77230000   44.26157161
  120.26730000   61.85463451
  120.76220000   64.11465724
  121.25710000   56.80935311
  121.75200000   65.23353680
  122.24700000   61.89236987
  122.74190000   59.41008707
  123.23680000   54.88726394
  123.73170000   43.78311290
  124.22670000   59.27570273
  124.72160000   39.99257621
  125.21650000   58.71953006
  125.71140000   49.08427076
  126.20640000   40.14792992
  126.70130000   29.64377438
  127.19620000   47.83574938
  127.69120000   36.98234898
  128.18610000   41.44676319
  128.68100000   37.26859746
  129.17590000   38.16448581
  129.67090000   42.67477675
  130.16580000   45.97340645
  130.66070000   39.29019912
  131.15560000   32.31198852
  131.65060000   50.40607966
  132.14550000   55.89583331
  132.64040000   50.58938943
  133.13530000   67.77156009
  133.63030000   71.74937209
  134.12520000   41.45484671
  134.62010000   59.23190538
  135.11510000   59.87629248
  135.61000000   45.47805881
  136.10490000   42.03146214
  136.59980000   47.39812323
  137.09480000   47.57461573
  137.58970000   46.12566113
  138.08460000   46.47206363
  138.57950000   43.81486354
  139.07450000   45.44483939
  139.56940000   52.72397169
  140.06430000   49.64339994
  140.55920000   43.43762071
  141.05420000   50.13076219
  141.54910000   46.22403104
  142.04400000   36.57577306
  142.53900000   55.61155042
  143.03390000   54.62442884
  143.52880000   52.78905077
  144.02370000   66.53181403
  144.51870000   67.22883237
  145.01360000   53.34901251
  145.50850000   52.40544263
  146.00340000   45.85227316
  146.49840000   37.18352437
  146.99330000   47.35984668
  147.48820000   47.46351341
  147.98320000   47.99856163
  148.47810000   30.12449434
  148.97300000   48.04104340
  149.46790000   47.74260871
  149.96290000   37.47604182
  150.45780000   47.74627050
  150.95270000   42.24317540
  151.44760000   43.66651608
  151.94260000   36.87619361
  152.43750000   45.63006789
  152.93240000   49.15398385
  153.42740000   40.27570343
  153.92230000   58.79224083
  154.41720000   56.98950369
  154.91210000   50.75178973
  155.40710000   53.78240236
  155.90200000   55.94030798
  156.39690000   43.91429947
  156.89180000   56.85055681
  157.38680000   45.80143061
  157.88170000   41.20488267
  158.37660000   40.89231762
  158.87160000   41.11343593
  159.36650000   44.28357852
  159.86140000   41.46421987
  160.35630000   42.96817707
  160.85130000   42.93092193
  161.34620000   43.35523316
  161.84110000   40.62461927
  162.33600000   43.53097970
  162.83100000   42.81409538
  163.32590000   42.54269467
  163.82080000   42.49038951
  164.31580000   39.13936389
  164.81070000   51.16604451
  165.30560000   48.76076421
  165.80050000   40.31539513
  166.29550000   53.58772175
  166.79040000   45.13626684
  167.28530000   37.40966712
  167.78020000   47.38622336
  168.27520000   52.15783107
  168.77010000   45.09545711
  169.26500000   45.86285878
  169.75990000   48.13949202
  170.25490000   43.73315314
  170.74980000   45.17539187
  171.24470000   37.43337872
  171.73970000   43.74032627
  172.23460000   39.06668789
  172.72950000   52.56060072
  173.22440000   49.48555564
  173.71940000   42.63996911
  174.21430000   48.05670135
  174.70920000   54.28236771
  175.20410000   48.03968505
  175.69910000   50.25658357
  176.19400000   57.62857988
  176.68890000   50.63282453
  177.18390000   46.15319541
  177.67880000   62.12706917
  178.17370000   53.15417249
  178.66860000   44.58068416
  179.16360000   61.06038592
  179.65850000   55.80038315
  180.15340000   37.65436922
  180.64830000   56.42518208
  181.14330000   53.42011575
  181.63820000   43.64161158
  182.13310000   43.38597872
  182.62810000   43.48102773
  183.12300000   44.38146413
  183.61790000   47.37084047
  184.11280000   54.42983997
  184.60780000   59.92582493
  185.10270000   65.42001292
  185.59760000   72.85888062
  186.09250000   59.12986012
  186.58750000   38.43359102
  187.08240000   61.84243085
  187.57730000   53.43579695
  188.07230000   48.24015953
  188.56720000   58.79776971
  189.06210000   60.59924834
  189.55700000   49.06616206
  190.05200000   53.58338137
  190.54690000   64.38060536
  191.04180000   43.98666239
  191.53670000   62.10950882
  192.03170000   65.05619380
  192.52660000   42.62188924
  193.02150000   48.57679984
  193.51640000   46.12203641
  194.01140000   40.69580228
  194.50630000   44.26269334
  195.00120000   54.08834320
  195.49620000   56.22719790
  195.99110000   45.42524256
  196.48600000   45.76943644
  196.98090000   53.43413083
  197.47590000   55.02962748
  197.97080000   44.12254447
  198.46570000   51.20800180
  198.96060000   52.70892335
  199.45560000   57.88583712
  199.95050000   62.70400406
  200.44540000   51.27598129
  200.94030000   51.94665953
  201.43530000   57.36304617
  201.93020000   49.23362055
  202.42510000   52.76771091
  202.92010000   61.32581225
  203.41500000   52.43772381
  203.90990000   47.44442906
  204.40480000   49.40671501
  204.89980000   44.94870830
  205.39470000   45.08618722
  205.88960000   46.42026332
  206.38450000   42.24344852
  206.87950000   33.84070825
  207.37440000   46.95795293
  207.86930000   53.78266198
  208.36420000   51.09859030
  208.85920000   55.20044299
  209.35410000   52.71839530
  209.84900000   44.33368312
  210.34400000   46.52822613
  210.83890000   45.95474627
  211.33380000   32.36721014
  211.82870000   45.14520143
  212.32370000   45.03165345
  212.81860000   48.68827157
  213.31350000   51.42753713
  213.80840000   44.63123788
  214.30340000   46.38165662
  214.79830000   42.87450677
  215.29320000   46.65986879
  215.78810000   41.99676637
  216.28310000   45.39932638
  216.77800000   41.70365132
  217.27290000   43.67353039
  217.76790000   43.19462276
  218.26280000   41.86512608
  218.75770000   45.02619137
  219.25260000   35.83508658
  219.74760000   45.31650465
  220.24250000   48.69713610
  220.73740000   46.00271055
  221.23230000   38.05906241
  221.72730000   46.43580929
  222.22220000   53.77205644
  222.71710000   55.86407618
  223.21210000   46.10611221
  223.70700000   63.03153450
  224.20190000   63.19742770
  224.69680000   48.32000206
  225.19180000   59.18803991
  225.68670000   52.53214166
  226.18160000   44.20047204
  226.67650000   51.85368335
  227.17150000   56.06150041
  227.66640000   46.43010135
  228.16130000   51.50326925
  228.65630000   62.29624838
  229.15120000   46.68537885
  229.64610000   58.37602383
  230.14100000   59.47944469
  230.63600000   58.76863722
  231.13090000   56.90594691
  231.62580000   64.00199252
  232.12070000   59.13943853
  232.61570000   52.43425834
  233.11060000   65.85503807
  233.60550000   65.85168237
  234.10040000   47.99041667
  234.59540000   70.95246944
  235.09030000   71.46966667
  235.58520000   52.42041737
  236.08020000   62.44372729
  236.57510000   46.26114333
  237.07000000   53.32083319
  237.56490000   54.90055124
  238.05990000   47.32272039
  238.55480000   43.26039274
  239.04970000   44.06511191
  239.54460000   39.64610234
  240.03960000   48.54853437
  240.53450000   43.84814896
  241.02940000   53.06291369
  241.52440000   51.15232294
  242.01930000   34.53160632
  242.51420000   54.38398928
  243.00910000   50.95134784
  243.50410000   47.93042711
  243.99900000   61.50485925
  244.49390000   62.22197783
  244.98880000   48.47179410
  245.48380000   45.66853840
  245.97870000   49.54268277
  246.47360000   50.53378223
  246.96860000   54.29670661
  247.46350000   39.13252046
  247.95840000   46.19484089
  248.45330000   32.31184449
  248.94830000   37.32334664
  249.44320000   48.05937729
  249.93810000   31.69775140
  250.43300000   43.30574139
  250.92800000   48.65512558
  251.42290000   38.79679124
  251.91780000   50.01254622
  252.41280000   51.13522655
  252.90770000   45.11024822
  253.40260000   55.18500788
  253.89750000   56.44734333
  254.39250000   53.05953358
  254.88740000   56.73701619
  255.38230000   56.36600228
  255.87720000   58.39827600
  256.37220000   45.89168760
  256.86710000   53.38389035
  257.36200000   48.72547716
  257.85690000   46.47550109
  258.35190000   44.72600943
  258.84680000   46.43132510
  259.34170000   42.38358190
  259.83660000   44.40316797
  260.33160000   49.39963846
  260.82650000   47.68727726
  261.32140000   46.07916061
  261.81640000   40.91702822
  262.31130000   30.58656308
  262.80620000   44.63797358
  263.30110000   50.56225163
  263.79610000   52.84228651
  264.29100000   49.02697518
  264.78590000   56.30747913
  265.28090000   58.64575161
  265.77580000   43.52671039
  266.27070000   52.83279184
  266.76560000   58.15616403
  267.26060000   28.82909568
  267.75550000   44.88782593
  268.25040000   65.60003030
  268.74530000   51.30537948
  269.24030000   63.91385383
  269.73520000   66.06397898
  270.23010000   49.83109689
  270.72500000   32.39646635
  271.22000000   51.19726740
  271.71490000   39.90589833
  272.20980000   37.94090244
  272.70470000   54.26564132
  273.19970000   62.49095722
  273.69460000   47.49755525
  274.18950000   60.49784504
  274.68440000   52.49960418
  275.17940000   44.16933296
  275.67430000   49.72080184
  276.16930000   56.55416811
  276.66420000   39.60231016
  277.15910000   48.43376867
  277.65400000   58.14876135
  278.14900000   56.34053177
  278.64390000   46.65987551
  279.13880000   48.53641187
  279.63370000   30.27980967
  280.12870000   41.62950563
  280.62360000   52.42203636
  281.11850000   58.47429647
  281.61340000   48.87512760
  282.10840000   61.80161458
  282.60330000   62.39616634
  283.09820000   39.31529501
  283.59310000   44.63828612
  284.08810000   45.10153561
  284.58300000   50.40411447
  285.07790000   46.31633419
  285.57280000   44.46009883
  286.06780000   59.48437894
  286.56270000   48.36884105
  287.05760000   65.19135131
  287.55260000   45.27289878
  288.04750000   40.12769725
  288.54240000   51.65074756
  289.03740000   56.03609327
  289.53230000   46.70818045
  290.02720000   48.65377742
  290.52210000   55.97137355
  291.01710000   45.56549664
  291.51200000   43.74910845
  292.00690000   57.08492755
  292.50180000   46.27775423
  292.99680000   33.25777446
  293.49170000   22.23782454
  293.98660000   42.80681894
  294.48150000   31.77059478
  294.97650000   40.70870230
  295.47140000   44.29647677
  295.96630000   48.62015169
  296.46120000   50.79009789
  296.95620000   53.91175179
  297.45110000   39.87517322
  297.94600000   59.89095148
  298.44090000   58.42250513
  298.93590000   54.92394068
  299.43080000   57.00076194
  299.92580000   61.09500385
  300.42070000   56.28273034
  300.91560000   49.60869410
  301.41050000   56.21478811
  301.90550000   56.29649294
  302.40040000   42.34486991
  302.89530000   50.80463242
  303.39020000   40.77322910
  303.88520000   35.36858637
  304.38010000   41.99493244
  304.87500000   33.33812919
  305.36990000   36.99704954
  305.86490000   29.97068186
  306.35980000   40.89132921
  306.85470000   38.29764230
  307.34960000   40.74959839
  307.84460000   45.51973949
  308.33950000   48.59957473
  308.83440000   45.76546944
  309.32930000   52.43798640
  309.82430000   50.03631401
  310.31920000   50.66394438
  310.81410000   54.01463459
  311.30910000   38.82663088
  311.80400000   43.19534386
  312.29890000   37.41783026
  312.79380000   54.04936822
  313.28880000   43.46377568
  313.78370000   50.60045949
  314.27860000   64.39167791
  314.77360000   56.18240067
  315.26850000   44.49359401
  315.76340000   52.81861106
  316.25830000   38.13416265
  316.75330000   39.73425561
  317.24820000   52.87692492
  317.74310000   53.47053150
  318.23800000   41.86377247
  318.73300000   61.82944442
  319.22790000   58.52103425
  319.72280000   42.41267237
  320.21770000   53.43995934
  320.71270000   52.75819481
  321.20760000   49.18467055
  321.70250000   47.87251992
  322.19740000   52.67148413
  322.69240000   48.17815158
  323.18730000   48.72235715
  323.68220000   50.00310519
  324.17720000   43.07887423
  324.67210000   48.53653575
  325.16700000   54.04227724
  325.66190000   34.33603545
  326.15690000   39.59408643
  326.65180000   43.63261903
  327.14670000   46.40861844
  327.64160000   41.55087294
  328.13660000   44.62399859
  328.63150000   48.48996386
  329.12640000   40.26593463
  329.62140000   46.03816127
  330.11630000   64.69293674
  330.61120000   63.38424096
  331.10610000   43.24124149
  331.60110000   58.93471500
  332.09600000   58.32027863
  332.59090000   57.74584658
  333.08580000   54.66913014
  333.58080000   72.66042335
  334.07570000   39.01118712
  334.57060000   43.30662179
  335.06560000   58.32529606
  335.56050000   48.04116681
  336.05540000   19.94224042
  336.55030000   50.79455546
  337.04530000   35.83201955
  337.54020000   48.47062773
  338.03510000   43.22650367
  338.53000000   44.43102663
  339.02500000   42.85547369
  339.51990000   47.82065031
  340.01480000   45.16051324
  340.50970000   44.13047582
  341.00470000   37.70372161
  341.49960000   50.13451482
  341.99450000   39.48611201
  342.48940000   42.51460299
  342.98440000   52.27053881
  343.47930000   40.58905684
  343.97420000   54.62652924
  344.46920000   45.11873860
  344.96410000   49.56636877
  345.45900000   43.80821790
  345.95390000   53.61684672
  346.44890000   45.87851107
  346.94380000   42.97134371
  347.43870000   48.78104313
  347.93370000   43.56318328
  348.42860000   41.15947605
  348.92350000   45.01107400
  349.41840000   43.79981860
  349.91340000   41.99986765
  350.40830000   44.34207171
  350.90320000   44.44803845
  351.39810000   43.48579884
  351.89310000   49.14797643
  352.38800000   40.27169456
  352.88290000   46.06211126
  353.37780000   46.80894330
  353.87280000   45.42230454
  354.36770000   40.86585801
  354.86260000   44.70936767
  355.35750000   44.37188567
  355.85250000   46.41836904
  356.34740000   49.87351846
  356.84230000   49.98883415
  357.33720000   40.62465416
  357.83220000   39.82935968
  358.32710000   50.35223220
  358.82210000   44.12854164
  359.31700000   41.54396694
  359.81190000   39.33869599
  360.30680000   46.38828258
  360.80180000   47.05863526
  361.29670000   42.06451438
  361.79160000   51.95294006
  362.28650000   56.70027109
  362.78150000   49.53966229
  363.27640000   58.06823170
  363.77130000   59.45605938
  364.26620000   45.11744834
  364.76120000   52.92584083
  365.25610000   48.13938376
  365.75100000   51.60600760
  366.24590000   43.29236283
  366.74090000   56.95339442
  367.23580000   40.41857832
  367.73070000   48.68721140
  368.22560000   53.85467759
  368.72060000   49.51217433
  369.21550000   50.42785953
  369.71040000   44.36047959
  370.20540000   47.83489971
  370.70030000   45.90505519
  371.19520000   50.75803355
  371.69020000   45.90468269
  372.18510000   44.40856759
  372.68000000   45.79647899
  373.17490000   49.89483362
  373.66990000   43.15322826
  374.16480000   49.75666631
  374.65970000   52.72684013
  375.15460000   50.49333786
  375.64960000   57.22393568
  376.14450000   61.16542551
  376.63940000   31.13516996
  377.13430000   59.37679880
  377.62930000   61.40413268
  378.12420000   68.34636623
  378.61910000   51.21566366
  379.11400000   60.38574999
  379.60900000   52.22922303
  380.10390000   50.98473246
  380.59880000   59.07287304
  381.09380000   64.40528595
  381.58870000   43.04235023
  382.08360000   45.69506549
  382.57860000   46.05611930
  383.07350000   45.68772149
  383.56840000   45.53502872
  384.06330000   47.46313980
  384.55830000   43.87232639
  385.05320000   45.72738432
  385.54810000   48.06547572
  386.04300000   45.87284078
  386.53800000   52.53752967
  387.03290000   49.74951068
  387.52780000   53.67974360
  388.02270000   56.79987402
  388.51770000   55.43735005
  389.01260000   54.95882194
  389.50750000   54.62472400
  390.00240000   51.56483040
  390.49740000   56.10472519
  390.99230000   38.01689735
  391.48720000   45.39603010
  391.98210000   45.79827202
  392.47710000   41.71488713
  392.97200000   38.83909136
  393.46690000   32.86720542
  393.96190000   40.65474252
  394.45680000   32.23570164
  394.95170000   36.43133996
  395.44670000   44.40602822
  395.94160000   32.97301997
  396.43650000   41.90100025
  396.93140000   43.03144130
  397.42640000   32.99423703
  397.92130000   53.73155387
  398.41620000   58.31280835
  398.91110000   53.73902368
  399.40610000   44.49993230
  399.90100000   43.12385510
  400.39590000   32.58337932
  400.89080000   42.99355026
  401.38580000   44.41434265
  401.88070000   46.14596700
  402.37560000   43.01367967
  402.87050000   48.27846814
  403.36550000   41.72162795
  403.86040000   42.17030326
  404.35530000   48.10811751
  404.85030000   49.10751144
  405.34520000   35.96872348
  405.84010000   35.79282060
  406.33500000   52.21416968
  406.83000000   53.39267272
  407.32490000   62.68189245
  407.81980000   64.75127357
  408.31470000   47.94662751
  408.80970000   39.77176887
  409.30460000   56.55257128
  409.79950000   40.46308412
  410.29450000   36.64823451
  410.78940000   47.66781407
  411.28430000   43.02196820
  411.77920000   42.10300683
  412.27420000   49.79737817
  412.76910000   48.30983854
  413.26400000   24.08851506
  413.75890000   46.93934782
  414.25390000   33.55965218
  414.74880000   30.69734927
  415.24370000   29.44164244
  415.73860000   37.61028748
  416.23360000   26.74647234
  416.72850000   34.05335396
  417.22340000   38.62990511
  417.71840000   37.60225588
  418.21330000   35.68979742
  418.70820000   38.23319551
  419.20310000   36.41476581
  419.69810000   35.75535136
  420.19300000   44.45800143
  420.68790000   46.60061249
  421.18280000   30.97235032
  421.67780000   38.08049581
  422.17270000   44.69601522
  422.66760000   27.06835694
  423.16250000   32.46161795
  423.65750000   35.93737834
  424.15240000   35.05412788
  424.64730000   26.99411508
  425.14230000   40.21878350
  425.63720000   46.51116774
  426.13210000   38.41436024
  426.62700000   47.93045211
  427.12200000   39.75581381
  427.61690000   12.97438654
  428.11180000   41.00405216
  428.60680000   50.69859721
  429.10170000   51.77349613
  429.59660000   43.64158805
  430.09150000   46.15170176
  430.58650000   36.57016419
  431.08140000   35.05492181
  431.57630000   37.08833996
  432.07120000   38.26067197
  432.56620000   40.64435750
  433.06110000   33.53449847
  433.55600000   33.23562332
  434.05090000   43.49180238
  434.54590000   37.48811994
  435.04080000   30.63674878
  435.53570000   38.57549689
  436.03060000   46.07422001
  436.52560000   44.78635931
  437.02050000   36.86973774
  437.51540000   33.37984297
  438.01030000   39.44602485
  438.50530000   31.36043378
  439.00020000   36.97850930
  439.49510000   30.86741291
  439.99010000   37.87389760
  440.48500000   50.01343779
  440.97990000   49.01417408
  441.47490000   41.42708352
  441.96980000   49.22479967
  442.46470000   33.73280277
  442.95960000   49.69361088
  443.45460000   42.12676548
  443.94950000   45.49723046
  444.44440000   47.68536342
  444.93930000   30.12559815
  445.43430000   47.35828310
  445.92920000   47.86964844
  446.42410000   43.28030990
  446.91900000   47.16676344
  447.41400000   39.99505270
  447.90890000   44.39521535
  448.40380000   44.79626160
  448.89870000   40.59775630
  449.39370000   27.97730837
  449.88860000   45.61498500
  450.38350000   43.18392760
  450.87840000   47.47584906
  451.37340000   38.93398133
  451.86830000   37.33253963
  452.36330000   52.63179634
  452.85820000   54.14138029
  453.35310000   34.50773157
  453.84800000   54.64665752
  454.34300000   51.26942556
  454.83790000   46.89756854
  455.33280000   51.69939272
  455.82770000   50.50280182
  456.32270000   45.31189796
  456.81760000   40.08531427
  457.31250000   49.49245978
  457.80740000   45.84383831
  458.30240000   45.59087651
  458.79730000   52.94802827
  459.29220000   45.06493197
  459.78710000   49.13351635
  460.28210000   47.49778127
  460.77700000   41.02189997
  461.27190000   51.03646800
  461.76680000   44.78665174
  462.26180000   43.83577909
  462.75670000   53.82435583
  463.25160000   54.44717585
  463.74660000   38.58798624
  464.24150000   49.53181313
  464.73640000   48.00130470
  465.23140000   50.46904565
  465.72630000   48.43117086
  466.22120000   46.45734569
  466.71610000   48.61029563
  467.21110000   43.89723077
  467.70600000   52.47272171
  468.20090000   42.41933950
  468.69580000   35.38804251
  469.19080000   53.38532226
  469.68570000   44.99660934
  470.18060000   48.14280353
  470.67550000   46.00450974
  471.17050000   45.11791242
  471.66540000   45.45481083
  472.16030000   42.11566643
  472.65520000   50.10919465
  473.15020000   48.73429911
  473.64510000   44.58424921
  474.14000000   54.97758993
  474.63490000   62.82500998
  475.12990000   58.21426630
  475.62480000   48.82102519
  476.11970000   57.41625899
  476.61470000   44.92090869
  477.10960000   53.85183739
  477.60450000   63.70139671
  478.09950000   37.47242974
  478.59440000   49.40477493
  479.08930000   60.15825458
  479.58420000   53.59544574
  480.07920000   55.15473155
  480.57410000   45.36656987
  481.06900000   38.99947085
  481.56390000   30.86418667
  482.05890000   36.51055423
  482.55380000   36.55176846
  483.04870000   39.98949485
  483.54360000   41.17309492
  484.03860000   42.99036017
  484.53350000   31.57288835
  485.02840000   42.15458272
  485.52330000   49.18562394
  486.01830000   43.75717820
  486.51320000   38.07507786
  487.00810000   56.21625213
  487.50310000   53.60162975
  487.99800000   31.53458987
  488.49290000   53.65685587
  488.98780000   52.40602898
  489.48280000   41.57043973
  489.97770000   48.20412682
  490.47260000   53.57944806
  490.96750000   52.13034226
  491.46250000   33.49654061
  491.95740000   53.33094887
  492.45230000   49.61034265
  492.94730000   41.75854375
  493.44220000   48.80501330
  493.93710000   47.99906442
  494.43200000   44.63594048
