 HEIGHT =    4.00000000000000     
 Frequency   Sound Pressure(decibal)
    0.49492700   56.42089488
    0.98985390   47.30722790
    1.48478100   57.54144410
    1.97970800   73.56978572
    2.47463500   66.32880184
    2.96956200   80.69078614
    3.46448900   74.33141471
    3.95941600   63.89886340
    4.45434300   60.52165147
    4.94927000   63.07113129
    5.44419700   62.86692545
    5.93912400   61.11123882
    6.43405100   63.91116657
    6.92897700   61.73205401
    7.42390400   64.15676979
    7.91883100   66.90282378
    8.41375800   59.99237305
    8.90868600   65.69304140
    9.40361200   64.71042942
    9.89854000   57.99308871
   10.39347000   57.87155985
   10.88839000   62.72096597
   11.38332000   49.62778589
   11.87825000   58.45165105
   12.37317000   62.30818142
   12.86810000   55.56796766
   13.36303000   61.79709084
   13.85795000   64.41825987
   14.35288000   61.69467795
   14.84781000   58.50805566
   15.34274000   57.15382380
   15.83766000   53.72912266
   16.33259000   56.75798523
   16.82752000   54.83119193
   17.32244000   53.70107770
   17.81737000   55.34912686
   18.31230000   53.61459793
   18.80722000   60.07528758
   19.30215000   52.21686871
   19.79708000   56.41591849
   20.29201000   63.17546160
   20.78693000   50.18405730
   21.28186000   55.72061785
   21.77679000   61.10266863
   22.27171000   56.71181923
   22.76664000   56.54571796
   23.26157000   44.32264811
   23.75649000   60.47430716
   24.25142000   47.51224519
   24.74635000   47.05330061
   25.24128000   49.01810965
   25.73620000   56.20954318
   26.23113000   49.26735971
   26.72606000   45.74121504
   27.22098000   48.47644754
   27.71591000   49.71054765
   28.21084000   44.55001521
   28.70576000   54.89624799
   29.20069000   45.16950546
   29.69562000   43.44559700
   30.19054000   55.26834160
   30.68547000   46.32389779
   31.18040000   54.12192865
   31.67533000   51.94972483
   32.17025000   48.28909859
   32.66518000   42.19872381
   33.16011000   57.99332892
   33.65503000   43.22115027
   34.14996000   38.80857232
   34.64489000   52.64115696
   35.13981000   41.50042484
   35.63474000   50.76378306
   36.12967000   51.44824906
   36.62460000   61.68795855
   37.11952000   55.77120252
   37.61445000   44.00087632
   38.10938000   53.66856476
   38.60430000   54.69124125
   39.09923000   54.80388011
   39.59416000   44.16881826
   40.08908000   48.37229967
   40.58401000   55.97662217
   41.07894000   61.52773830
   41.57386000   55.48001565
   42.06879000   52.03380409
   42.56372000   77.07145847
   43.05865000   70.21536738
   43.55357000   62.94387845
   44.04850000   74.00135964
   44.54343000   74.57167856
   45.03835000   68.96119212
   45.53328000   75.58108065
   46.02821000   77.59096723
   46.52313000   70.88347929
   47.01806000   70.59096986
   47.51299000   76.25444403
   48.00792000   62.45156910
   48.50284000   53.26311959
   48.99777000   75.68830716
   49.49269000   72.12370766
   49.98762000   44.29268810
   50.48255000   60.68693679
   50.97748000   59.09459191
   51.47240000   38.05666343
   51.96733000   58.56694999
   52.46226000   64.05302855
   52.95718000   49.18551763
   53.45211000   59.05164360
   53.94704000   62.00567601
   54.44197000   62.53700041
   54.93689000   53.64651701
   55.43182000   65.88253360
   55.92675000   61.00605222
   56.42167000   42.13321077
   56.91660000   59.13667064
   57.41153000   68.85919962
   57.90646000   47.58757517
   58.40138000   58.78764288
   58.89631000   55.96324004
   59.39124000   46.20274011
   59.88616000   54.22147419
   60.38109000   59.31934793
   60.87601000   54.44752625
   61.37094000   56.88852636
   61.86587000   64.55361948
   62.36080000   64.30543958
   62.85572000   62.07333888
   63.35065000   73.89401192
   63.84558000   69.37082678
   64.34051000   52.46188487
   64.83543000   75.40993638
   65.33036000   72.37552114
   65.82529000   51.35132053
   66.32021000   69.34435632
   66.81514000   64.39283028
   67.31007000   52.36983857
   67.80499000   63.31214579
   68.29992000   66.83886145
   68.79485000   60.43804261
   69.28977000   61.81645138
   69.78470000   56.68653517
   70.27962000   46.66801273
   70.77455000   45.92745900
   71.26949000   41.97474325
   71.76441000   43.42164726
   72.25934000   51.62946273
   72.75426000   55.47625994
   73.24919000   54.26624794
   73.74412000   50.78530525
   74.23904000   52.21241282
   74.73397000   55.10743609
   75.22890000   40.09933803
   75.72382000   62.36079807
   76.21875000   65.61200340
   76.71368000   52.72933924
   77.20860000   61.84916912
   77.70353000   64.62800358
   78.19846000   55.98007343
   78.69339000   44.65922644
   79.18832000   65.64991397
   79.68324000   63.67325287
   80.17817000   49.11149856
   80.67310000   61.16800551
   81.16802000   59.48358822
   81.66295000   43.92759830
   82.15788000   46.69113472
   82.65280000   46.59925847
   83.14773000   48.79772187
   83.64265000   53.72789853
   84.13758000   54.90953771
   84.63251000   51.46477779
   85.12743000   56.66643011
   85.62236000   48.42317326
   86.11729000   65.16951499
   86.61222000   55.94785112
   87.10715000   68.49742260
   87.60207000   78.93129837
   88.09700000   54.14895514
   88.59193000   85.30452412
   89.08685000   73.39346775
   89.58178000   61.30172349
   90.07671000   62.33129586
   90.57163000   53.39044641
   91.06656000   62.38070767
   91.56149000   66.48002769
   92.05641000   70.42053976
   92.55134000   65.18077175
   93.04626000   54.87995473
   93.54120000   49.91033779
   94.03613000   39.25909462
   94.53105000   47.69491406
   95.02598000   55.38680118
   95.52090000   59.51594178
   96.01583000   47.35164635
   96.51076000   73.53142513
   97.00568000   77.99406970
   97.50061000   58.19235660
   97.99554000   66.23845529
   98.49046000   64.12519502
   98.98539000   56.97666739
   99.48032000   43.52445000
   99.97524000   66.34835958
  100.47020000   53.63396817
  100.96510000   46.32678425
  101.46000000   42.92852052
  101.95500000   49.14225214
  102.44990000   36.70103727
  102.94480000   47.28883703
  103.43970000   54.63038111
  103.93470000   32.88378614
  104.42960000   48.75996952
  104.92450000   52.05670666
  105.41940000   29.40672750
  105.91440000   50.43764344
  106.40930000   47.63782168
  106.90420000   49.16599994
  107.39910000   57.61678876
  107.89410000   57.53675446
  108.38900000   50.08873615
  108.88390000   52.41357294
  109.37890000   55.89425028
  109.87380000   54.93858251
  110.36870000   50.97669705
  110.86360000   56.25170379
  111.35860000   54.47671650
  111.85350000   39.76942622
  112.34840000   57.17915112
  112.84330000   63.06280695
  113.33830000   48.06311696
  113.83320000   54.66774946
  114.32810000   56.16459206
  114.82310000   35.65481783
  115.31800000   49.27159474
  115.81290000   51.97795915
  116.30780000   43.97936227
  116.80280000   53.91488357
  117.29770000   53.28963413
  117.79260000   47.14344866
  118.28750000   54.57545826
  118.78250000   63.24659190
  119.27740000   56.20369175
  119.77230000   49.55130683
  120.26730000   65.98071485
  120.76220000   67.91238544
  121.25710000   61.30906290
  121.75200000   69.20483406
  122.24700000   67.79008317
  122.74190000   62.77665396
  123.23680000   58.31435905
  123.73170000   52.36678395
  124.22670000   61.63114664
  124.72160000   40.30876928
  125.21650000   61.35957450
  125.71140000   46.10487066
  126.20640000   40.49547805
  126.70130000   45.33172608
  127.19620000   46.14385941
  127.69120000   48.98327342
  128.18610000   41.12615620
  128.68100000   52.24599396
  129.17590000   35.88851395
  129.67090000   49.64141952
  130.16580000   55.27110260
  130.66070000   54.44741646
  131.15560000   53.16919846
  131.65060000   62.90904803
  132.14550000   64.37925637
  132.64040000   60.13590551
  133.13530000   77.78279388
  133.63030000   79.88656874
  134.12520000   47.31328640
  134.62010000   62.62153089
  135.11510000   67.97683507
  135.61000000   57.85403046
  136.10490000   46.21954278
  136.59980000   52.82655725
  137.09480000   55.40577090
  137.58970000   58.27028288
  138.08460000   56.36061614
  138.57950000   54.44283776
  139.07450000   47.83503842
  139.56940000   62.80582030
  140.06430000   58.25581472
  140.55920000   43.31297460
  141.05420000   56.22117092
  141.54910000   62.45512285
  142.04400000   51.97489031
  142.53900000   65.62727096
  143.03390000   61.75554300
  143.52880000   57.55212787
  144.02370000   71.48832803
  144.51870000   80.04484387
  145.01360000   68.86578484
  145.50850000   61.02076415
  146.00340000   63.96659170
  146.49840000   58.86763141
  146.99330000   55.91533408
  147.48820000   56.11404754
  147.98320000   48.35838964
  148.47810000   42.73423956
  148.97300000   51.66091255
  149.46790000   47.63337809
  149.96290000   41.37717052
  150.45780000   48.77774188
  150.95270000   47.26736488
  151.44760000   47.60925875
  151.94260000   51.68823844
  152.43750000   59.70807405
  152.93240000   47.31454342
  153.42740000   52.87068465
  153.92230000   66.52125755
  154.41720000   63.14969530
  154.91210000   54.61578917
  155.40710000   65.28142072
  155.90200000   60.61226874
  156.39690000   33.70284505
  156.89180000   61.99590972
  157.38680000   61.75722449
  157.88170000   35.32170318
  158.37660000   57.20478073
  158.87160000   54.72315237
  159.36650000   49.12849520
  159.86140000   54.75257945
  160.35630000   48.73856258
  160.85130000   49.79762395
  161.34620000   51.24973586
  161.84110000   48.43393019
  162.33600000   50.56735276
  162.83100000   49.07924116
  163.32590000   48.90270133
  163.82080000   46.33793137
  164.31580000   51.36815612
  164.81070000   50.20771902
  165.30560000   50.10316664
  165.80050000   49.75607176
  166.29550000   47.62861898
  166.79040000   57.14816747
  167.28530000   47.10582719
  167.78020000   51.97061429
  168.27520000   52.88816096
  168.77010000   49.63569785
  169.26500000   48.76123990
  169.75990000   38.50913063
  170.25490000   49.24377769
  170.74980000   51.42569799
  171.24470000   51.43587591
  171.73970000   44.30969163
  172.23460000   50.64739602
  172.72950000   56.97085068
  173.22440000   39.76654659
  173.71940000   31.24681177
  174.21430000   47.97549381
  174.70920000   54.88111538
  175.20410000   42.57223217
  175.69910000   45.80489405
  176.19400000   59.38795069
  176.68890000   48.85043219
  177.18390000   47.88214982
  177.67880000   63.74155190
  178.17370000   57.73777583
  178.66860000   54.26536265
  179.16360000   63.90910275
  179.65850000   53.39107163
  180.15340000   35.60116336
  180.64830000   58.35613840
  181.14330000   58.97522661
  181.63820000   41.14790656
  182.13310000   44.38607005
  182.62810000   36.93098891
  183.12300000   44.84705487
  183.61790000   46.06587834
  184.11280000   55.29002796
  184.60780000   36.30765092
  185.10270000   65.30982956
  185.59760000   76.85834271
  186.09250000   65.44231434
  186.58750000   53.69404480
  187.08240000   68.54062835
  187.57730000   64.63066727
  188.07230000   54.19214622
  188.56720000   65.24257933
  189.06210000   63.82058265
  189.55700000   49.19927967
  190.05200000   53.50028030
  190.54690000   67.90156166
  191.04180000   52.95191042
  191.53670000   65.77067010
  192.03170000   68.67447321
  192.52660000   47.70030635
  193.02150000   48.50393003
  193.51640000   46.71623201
  194.01140000   35.56945876
  194.50630000   48.84330319
  195.00120000   49.52776042
  195.49620000   54.20387411
  195.99110000   45.27603881
  196.48600000   53.65634862
  196.98090000   58.09756656
  197.47590000   49.91194951
  197.97080000   49.28435572
  198.46570000   44.62280042
  198.96060000   52.38600971
  199.45560000   57.05970369
  199.95050000   57.40954932
  200.44540000   44.11140686
  200.94030000   46.03660741
  201.43530000   57.13337303
  201.93020000   48.99855366
  202.42510000   58.18029791
  202.92010000   57.88645363
  203.41500000   52.24066881
  203.90990000   40.24991753
  204.40480000   48.30857803
  204.89980000   40.22444889
  205.39470000   40.35369724
  205.88960000   23.34773662
  206.38450000   39.09603157
  206.87950000   34.78035075
  207.37440000   45.98450310
  207.86930000   50.86020477
  208.36420000   42.67056357
  208.85920000   55.11959506
  209.35410000   51.14153764
  209.84900000   48.77338439
  210.34400000   43.23263368
  210.83890000   47.99900442
  211.33380000   43.63155319
  211.82870000   44.22032398
  212.32370000   51.51269268
  212.81860000   52.49017579
  213.31350000   43.68701210
  213.80840000   48.27599716
  214.30340000   49.95074116
  214.79830000   32.93448496
  215.29320000   41.63751269
  215.78810000   39.02878542
  216.28310000   34.29796801
  216.77800000   40.49793892
  217.27290000   40.19924860
  217.76790000   37.83637735
  218.26280000   32.67093265
  218.75770000   48.96528682
  219.25260000   48.70904285
  219.74760000   46.46479554
  220.24250000   38.23272089
  220.73740000   53.26908762
  221.23230000   49.24536043
  221.72730000   54.12251243
  222.22220000   56.07015366
  222.71710000   52.10379836
  223.21210000   40.51072890
  223.70700000   69.57899472
  224.20190000   66.81284660
  224.69680000   48.06370785
  225.19180000   59.03976601
  225.68670000   45.73100085
  226.18160000   25.39440531
  226.67650000   54.09602430
  227.17150000   48.52282103
  227.66640000   35.85987332
  228.16130000   51.07412330
  228.65630000   62.07541920
  229.15120000   48.44893480
  229.64610000   44.99162664
  230.14100000   57.49131232
  230.63600000   55.87788509
  231.13090000   55.49917001
  231.62580000   61.86787972
  232.12070000   60.29724050
  232.61570000   48.01253882
  233.11060000   62.04493989
  233.60550000   54.72713878
  234.10040000   44.91766085
  234.59540000   61.88218744
  235.09030000   70.26106021
  235.58520000   55.41436316
  236.08020000   54.14497677
  236.57510000   50.55452620
  237.07000000   51.78423504
  237.56490000   49.15611532
  238.05990000   50.14134715
  238.55480000   40.60527826
  239.04970000   32.38233090
  239.54460000   30.07960139
  240.03960000   50.21270367
  240.53450000   32.01425118
  241.02940000   48.91470549
  241.52440000   46.73910539
  242.01930000   44.75140240
  242.51420000   53.61165914
  243.00910000   32.60124583
  243.50410000   45.47464499
  243.99900000   59.76977357
  244.49390000   60.22173909
  244.98880000   50.55649753
  245.48380000   50.84701916
  245.97870000   38.89181736
  246.47360000   49.27088622
  246.96860000   50.19877765
  247.46350000   43.39513676
  247.95840000   44.19723403
  248.45330000   22.73473437
  248.94830000   45.02758306
  249.44320000   41.85423957
  249.93810000   40.60923159
  250.43300000   43.35608807
  250.92800000   38.53433277
  251.42290000   39.79613490
  251.91780000   41.37744256
  252.41280000   47.40653826
  252.90770000   50.07705679
  253.40260000   51.99620289
  253.89750000   59.72948984
  254.39250000   55.03478179
  254.88740000   59.77888475
  255.38230000   52.91583454
  255.87720000   60.71070654
  256.37220000   50.79452228
  256.86710000   56.34574625
  257.36200000   55.54247848
  257.85690000   46.28293477
  258.35190000   51.22254066
  258.84680000   52.48676451
  259.34170000   46.72227303
  259.83660000   42.79933396
  260.33160000   51.98788852
  260.82650000   48.50460853
  261.32140000   40.46835819
  261.81640000   39.54830159
  262.31130000   35.84104321
  262.80620000   38.64469843
  263.30110000   52.00000698
  263.79610000   58.80943206
  264.29100000   55.21161499
  264.78590000   57.39699150
  265.28090000   60.69128424
  265.77580000   27.44559302
  266.27070000   49.05202591
  266.76560000   61.25026028
  267.26060000   31.74856047
  267.75550000   51.14814820
  268.25040000   68.20337332
  268.74530000   60.57470415
  269.24030000   63.63382599
  269.73520000   67.58596639
  270.23010000   56.89557318
  270.72500000   29.06874048
  271.22000000   55.13131132
  271.71490000   45.94443883
  272.20980000   45.15450324
  272.70470000   62.01099356
  273.19970000   70.18484889
  273.69460000   51.42222417
  274.18950000   67.48971490
  274.68440000   50.34440306
  275.17940000   53.36701765
  275.67430000   50.61949951
  276.16930000   55.77148267
  276.66420000   57.08493662
  277.15910000   42.29506683
  277.65400000   60.61141104
  278.14900000   56.39051695
  278.64390000   44.92956083
  279.13880000   43.84472350
  279.63370000   60.06607277
  280.12870000   42.74044787
  280.62360000   50.90623476
  281.11850000   61.87704690
  281.61340000   53.91603874
  282.10840000   61.35248702
  282.60330000   62.26978960
  283.09820000   42.27821264
  283.59310000   52.06931877
  284.08810000   54.47889051
  284.58300000   37.84503816
  285.07790000   54.62328208
  285.57280000   57.72887616
  286.06780000   63.68723165
  286.56270000   40.86732184
  287.05760000   67.56985653
  287.55260000   57.08786249
  288.04750000   48.46715235
  288.54240000   49.39962963
  289.03740000   61.61371261
  289.53230000   57.42925978
  290.02720000   54.93075645
  290.52210000   63.56506566
  291.01710000   49.95537204
  291.51200000   57.76709268
  292.00690000   63.17198641
  292.50180000   49.17519450
  292.99680000   52.86254873
  293.49170000   44.95981105
  293.98660000   43.20976820
  294.48150000   49.86138513
  294.97650000   45.00446742
  295.47140000   57.19292466
  295.96630000   60.60860361
  296.46120000   53.49156717
  296.95620000   61.27172278
  297.45110000   41.82998461
  297.94600000   66.28661350
  298.44090000   64.26645121
  298.93590000   61.67393907
  299.43080000   58.00488751
  299.92580000   65.52968803
  300.42070000   58.07261834
  300.91560000   56.23781106
  301.41050000   59.48473845
  301.90550000   63.72076258
  302.40040000   56.03958972
  302.89530000   56.45019411
  303.39020000   55.01328228
  303.88520000   49.86317778
  304.38010000   47.75615371
  304.87500000   50.00066041
  305.36990000   47.55976596
  305.86490000   47.48800193
  306.35980000   51.32984418
  306.85470000   40.95888001
  307.34960000   52.40112666
  307.84460000   52.34658249
  308.33950000   47.93237055
  308.83440000   55.94552746
  309.32930000   59.47823593
  309.82430000   55.17239307
  310.31920000   58.68994682
  310.81410000   59.16491582
  311.30910000   46.84111471
  311.80400000   49.64649268
  312.29890000   54.64739011
  312.79380000   50.23215505
  313.28880000   51.76628851
  313.78370000   53.32006553
  314.27860000   68.54370003
  314.77360000   61.01453000
  315.26850000   52.99727985
  315.76340000   53.77516271
  316.25830000   47.10500923
  316.75330000   46.68727223
  317.24820000   50.56366134
  317.74310000   61.68777381
  318.23800000   53.84887808
  318.73300000   65.27743262
  319.22790000   58.72568573
  319.72280000   47.88991084
  320.21770000   58.68977613
  320.71270000   60.27688574
  321.20760000   56.11589729
  321.70250000   54.79111859
  322.19740000   56.21380470
  322.69240000   52.27873400
  323.18730000   46.96135442
  323.68220000   52.93366165
  324.17720000   55.28612352
  324.67210000   51.01646494
  325.16700000   48.39164697
  325.66190000   54.28044846
  326.15690000   40.81515323
  326.65180000   53.73825635
  327.14670000   49.67235993
  327.64160000   40.36623522
  328.13660000   46.57874735
  328.63150000   51.25836714
  329.12640000   46.35294262
  329.62140000   59.33425979
  330.11630000   71.83973729
  330.61120000   66.26316272
  331.10610000   59.75341313
  331.60110000   63.74016068
  332.09600000   62.68024787
  332.59090000   50.09308169
  333.08580000   55.28488174
  333.58080000   67.58910386
  334.07570000   34.67164133
  334.57060000   57.25837527
  335.06560000   58.48429612
  335.56050000   45.83402504
  336.05540000   55.78257174
  336.55030000   51.78426682
  337.04530000   43.70912451
  337.54020000   38.86297683
  338.03510000   46.71616871
  338.53000000   44.27836948
  339.02500000   41.08070844
  339.51990000   48.09955925
  340.01480000   55.10544690
  340.50970000   51.90693756
  341.00470000   49.62292033
  341.49960000   49.58727136
  341.99450000   44.27118010
  342.48940000   54.10024858
  342.98440000   58.27354554
  343.47930000   51.88380763
  343.97420000   59.49721538
  344.46920000   51.71841380
  344.96410000   57.09468397
  345.45900000   43.86622830
  345.95390000   55.08919527
  346.44890000   50.77528749
  346.94380000   53.11657728
  347.43870000   38.28947154
  347.93370000   50.26456947
  348.42860000   46.57345467
  348.92350000   35.92111531
  349.41840000   40.49290262
  349.91340000   45.30600625
  350.40830000   38.19150384
  350.90320000   47.38848096
  351.39810000   39.29493188
  351.89310000   42.13989762
  352.38800000   49.39813567
  352.88290000   43.55949014
  353.37780000   46.60416545
  353.87280000   51.34898137
  354.36770000   53.34940752
  354.86260000   44.47524755
  355.35750000   38.21953462
  355.85250000   34.10588812
  356.34740000   45.30693255
  356.84230000   48.65591177
  357.33720000   42.23050635
  357.83220000   43.15470770
  358.32710000   49.94977412
  358.82210000   51.81128479
  359.31700000   49.57871010
  359.81190000   58.20809884
  360.30680000   44.95656204
  360.80180000   43.47591282
  361.29670000   42.15941904
  361.79160000   50.42483545
  362.28650000   59.25663756
  362.78150000   57.41972885
  363.27640000   63.57952900
  363.77130000   59.03379772
  364.26620000   39.12267168
  364.76120000   52.32651446
  365.25610000   57.29658965
  365.75100000   38.01655162
  366.24590000   56.64126104
  366.74090000   55.41678622
  367.23580000   36.41400141
  367.73070000   44.74113504
  368.22560000   41.12069788
  368.72060000   43.75740128
  369.21550000   48.49131252
  369.71040000   55.56380521
  370.20540000   47.00630523
  370.70030000   44.05842763
  371.19520000   50.57989300
  371.69020000   40.91476798
  372.18510000   39.69282098
  372.68000000   39.04195302
  373.17490000   46.74542929
  373.66990000   30.61851104
  374.16480000   47.87586080
  374.65970000   56.76827981
  375.15460000   41.48123599
  375.64960000   49.96634820
  376.14450000   58.68963677
  376.63940000   48.28002612
  377.13430000   56.51508725
  377.62930000   59.95953153
  378.12420000   57.20366052
  378.61910000   55.44116602
  379.11400000   72.59987533
  379.60900000   64.71187351
  380.10390000   54.41576159
  380.59880000   61.64313034
  381.09380000   65.68131203
  381.58870000   47.18053168
  382.08360000   44.17394818
  382.57860000   47.42583005
  383.07350000   47.71992553
  383.56840000   44.42589053
  384.06330000   51.95669966
  384.55830000   48.76937392
  385.05320000   48.19458091
  385.54810000   50.22911385
  386.04300000   51.70331593
  386.53800000   54.62986363
  387.03290000   55.27220954
  387.52780000   62.78891161
  388.02270000   65.12149678
  388.51770000   62.87450186
  389.01260000   65.78085076
  389.50750000   59.89654387
  390.00240000   50.31109015
  390.49740000   61.19682730
  390.99230000   53.44974446
  391.48720000   44.46663417
  391.98210000   50.44603733
  392.47710000   42.77620360
  392.97200000   43.88940132
  393.46690000   42.86378540
  393.96190000   41.47456810
  394.45680000   40.43283366
  394.95170000   38.72104021
  395.44670000   49.47107155
  395.94160000   37.54230078
  396.43650000   50.20073939
  396.93140000   50.15011062
  397.42640000   48.53699044
  397.92130000   57.49166052
  398.41620000   59.00679868
  398.91110000   42.55498401
  399.40610000   44.99140103
  399.90100000   47.92347092
  400.39590000   45.16199689
  400.89080000   35.27678315
  401.38580000   50.56957364
  401.88070000   45.28627874
  402.37560000   36.37268598
  402.87050000   51.69553179
  403.36550000   45.62637270
  403.86040000   34.04876131
  404.35530000   43.75269441
  404.85030000   47.05471134
  405.34520000   45.13384411
  405.84010000   45.75665988
  406.33500000   44.82781758
  406.83000000   54.92107986
  407.32490000   58.70897682
  407.81980000   62.18912670
  408.31470000   62.73133500
  408.80970000   43.20033586
  409.30460000   54.16137834
  409.79950000   34.10498983
  410.29450000   37.45177221
  410.78940000   58.61799714
  411.28430000   58.11592593
  411.77920000   50.83034731
  412.27420000   56.56761036
  412.76910000   61.82030606
  413.26400000   43.29489372
  413.75890000   54.24809971
  414.25390000   51.15428305
  414.74880000   49.83045594
  415.24370000   52.91664162
  415.73860000   48.68682947
  416.23360000   34.94752593
  416.72850000   51.22399035
  417.22340000   40.53049642
  417.71840000   32.97663721
  418.21330000   37.48579467
  418.70820000   46.59390535
  419.20310000   50.13051945
  419.69810000   51.03640805
  420.19300000   45.19597705
  420.68790000   53.63437950
  421.18280000   55.02374059
  421.67780000   54.33540315
  422.17270000   53.72287448
  422.66760000   53.97764981
  423.16250000   54.94257118
  423.65750000   49.04750468
  424.15240000   51.12180761
  424.64730000   43.75470112
  425.14230000   56.57137524
  425.63720000   65.62926667
  426.13210000   56.60366603
  426.62700000   61.80187893
  427.12200000   53.82236998
  427.61690000   50.16339651
  428.11180000   45.35240862
  428.60680000   48.35623137
  429.10170000   59.35023014
  429.59660000   51.39621746
  430.09150000   50.97739106
  430.58650000   54.04204239
  431.08140000   56.12557982
  431.57630000   53.74459572
  432.07120000   48.66359319
  432.56620000   55.40388628
  433.06110000   50.57538427
  433.55600000   48.52393259
  434.05090000   50.34003705
  434.54590000   51.64374337
  435.04080000   55.93943510
  435.53570000   51.19951792
  436.03060000   63.24663082
  436.52560000   50.76734061
  437.02050000   55.15113636
  437.51540000   43.08513171
  438.01030000   49.27105985
  438.50530000   47.66245565
  439.00020000   37.69115083
  439.49510000   53.86720077
  439.99010000   53.99769829
  440.48500000   57.83245249
  440.97990000   61.52078937
  441.47490000   53.95202117
  441.96980000   54.79891295
  442.46470000   52.98086737
  442.95960000   56.98287106
  443.45460000   56.27139846
  443.94950000   56.65534001
  444.44440000   53.79819070
  444.93930000   54.52684180
  445.43430000   59.77393204
  445.92920000   62.37913509
  446.42410000   54.28205580
  446.91900000   51.92552827
  447.41400000   52.77884445
  447.90890000   47.45931848
  448.40380000   48.85380007
  448.89870000   42.12093362
  449.39370000   46.20000091
  449.88860000   47.08583207
  450.38350000   45.68389989
  450.87840000   56.88185072
  451.37340000   54.48410630
  451.86830000   68.20543005
  452.36330000   68.73013565
  452.85820000   49.59396163
  453.35310000   50.40983759
  453.84800000   53.89968641
  454.34300000   52.20525979
  454.83790000   54.46291529
  455.33280000   51.65007908
  455.82770000   54.42676334
  456.32270000   49.28371850
  456.81760000   51.05392728
  457.31250000   57.11335225
  457.80740000   49.74615643
  458.30240000   47.11340778
  458.79730000   50.14872836
  459.29220000   39.73612294
  459.78710000   39.50342217
  460.28210000   33.06154459
  460.77700000   46.12217832
  461.27190000   46.05247214
  461.76680000   47.76411531
  462.26180000   35.33655550
  462.75670000   34.39407353
  463.25160000   46.35325976
  463.74660000   48.63412720
  464.24150000   48.51606876
  464.73640000   48.46253955
  465.23140000   55.06072325
  465.72630000   39.40465766
  466.22120000   34.07565448
  466.71610000   46.53767985
  467.21110000   50.25829675
  467.70600000   50.12440977
  468.20090000   46.69764473
  468.69580000   41.21254148
  469.19080000   50.00859863
  469.68570000   42.26224473
  470.18060000   46.73407364
  470.67550000   42.79623860
  471.17050000   45.27838667
  471.66540000   42.22522712
  472.16030000   41.30034600
  472.65520000   47.99560057
  473.15020000   47.43438610
  473.64510000   46.15070384
  474.14000000   54.93043131
  474.63490000   60.91595408
  475.12990000   56.11690989
  475.62480000   57.21115594
  476.11970000   55.82111446
  476.61470000   46.95921132
  477.10960000   49.32938007
  477.60450000   63.78527771
  478.09950000   50.17247786
  478.59440000   48.84679342
  479.08930000   55.47699568
  479.58420000   54.58891794
  480.07920000   53.58012508
  480.57410000   48.62096317
  481.06900000   45.96776576
  481.56390000   44.50326290
  482.05890000   38.64663257
  482.55380000   47.51066826
  483.04870000   42.12216579
  483.54360000   43.61026093
  484.03860000   46.00632740
  484.53350000   42.89343405
  485.02840000   32.95925340
  485.52330000   51.89879831
  486.01830000   48.29237328
  486.51320000   49.03306223
  487.00810000   59.85826073
  487.50310000   56.51256263
  487.99800000   40.60785908
  488.49290000   58.55761004
  488.98780000   53.98203643
  489.48280000   30.91134743
  489.97770000   52.04028307
  490.47260000   55.72388597
  490.96750000   52.89944836
  491.46250000   38.76618559
  491.95740000   54.14136768
  492.45230000   49.65297324
  492.94730000   43.72598428
  493.44220000   49.46965507
  493.93710000   48.74572970
  494.43200000   46.52866152
