 HEIGHT =    12.0000000000000     
 Frequency   Sound Pressure(decibal)
    0.49492700   49.97936109
    0.98985390   49.98913109
    1.48478100   53.79060589
    1.97970800   70.03268405
    2.47463500   64.23266715
    2.96956200   74.79249273
    3.46448900   60.39086264
    3.95941600   59.91093486
    4.45434300   54.29125958
    4.94927000   56.83698391
    5.44419700   57.47224481
    5.93912400   57.34705832
    6.43405100   59.48014179
    6.92897700   55.97315245
    7.42390400   59.14337538
    7.91883100   57.60878636
    8.41375800   54.94800892
    8.90868600   57.73508445
    9.40361200   58.26504289
    9.89854000   50.02295948
   10.39347000   55.74387642
   10.88839000   58.56029795
   11.38332000   48.96431681
   11.87825000   55.09668554
   12.37317000   53.87595866
   12.86810000   54.20706117
   13.36303000   57.75160445
   13.85795000   63.04123014
   14.35288000   52.44229695
   14.84781000   49.53965762
   15.34274000   51.65731339
   15.83766000   50.91215729
   16.33259000   52.29152797
   16.82752000   51.18065109
   17.32244000   52.81078074
   17.81737000   52.76557513
   18.31230000   50.77511712
   18.80722000   55.07120339
   19.30215000   56.62070712
   19.79708000   51.93137959
   20.29201000   57.52657012
   20.78693000   58.01351781
   21.28186000   53.57832592
   21.77679000   55.53549339
   22.27171000   45.23661273
   22.76664000   55.83590861
   23.26157000   51.17603070
   23.75649000   57.87264636
   24.25142000   50.90654688
   24.74635000   51.22702001
   25.24128000   49.41687624
   25.73620000   55.40235461
   26.23113000   50.98778434
   26.72606000   48.08403294
   27.22098000   51.91728294
   27.71591000   50.14132952
   28.21084000   48.66089116
   28.70576000   54.50237419
   29.20069000   47.75596997
   29.69562000   51.77048035
   30.19054000   56.97700360
   30.68547000   42.46482928
   31.18040000   53.03763777
   31.67533000   54.00942070
   32.17025000   32.34361521
   32.66518000   48.58077565
   33.16011000   50.48973907
   33.65503000   38.50567094
   34.14996000   49.00377652
   34.64489000   49.77852363
   35.13981000   43.94709159
   35.63474000   48.42569565
   36.12967000   50.66458579
   36.62460000   56.97209427
   37.11952000   50.52777437
   37.61445000   42.38562151
   38.10938000   49.38948317
   38.60430000   51.38501295
   39.09923000   45.72935973
   39.59416000   50.85859989
   40.08908000   48.48461799
   40.58401000   51.37704690
   41.07894000   55.82946716
   41.57386000   61.93361931
   42.06879000   41.09348033
   42.56372000   73.26128610
   43.05865000   76.27252976
   43.55357000   64.62001405
   44.04850000   65.67766517
   44.54343000   72.67409333
   45.03835000   65.89930483
   45.53328000   70.02618871
   46.02821000   73.21943398
   46.52313000   67.85846450
   47.01806000   64.00477608
   47.51299000   70.59074722
   48.00792000   61.70028643
   48.50284000   53.07704731
   48.99777000   69.86327827
   49.49269000   68.31569493
   49.98762000   41.41257943
   50.48255000   55.44282880
   50.97748000   58.54609985
   51.47240000   47.84440066
   51.96733000   54.97463396
   52.46226000   62.67424416
   52.95718000   52.18763256
   53.45211000   53.61588934
   53.94704000   59.88446462
   54.44197000   59.44574041
   54.93689000   51.19779383
   55.43182000   64.55323024
   55.92675000   58.35567967
   56.42167000   48.80335950
   56.91660000   58.30059924
   57.41153000   65.16786120
   57.90646000   48.97783993
   58.40138000   55.15241919
   58.89631000   54.05888385
   59.39124000   47.22618924
   59.88616000   53.47638500
   60.38109000   56.53183213
   60.87601000   50.94855162
   61.37094000   54.83635081
   61.86587000   62.78619777
   62.36080000   61.23539513
   62.85572000   59.94594054
   63.35065000   71.17236334
   63.84558000   66.22596042
   64.34051000   51.65506522
   64.83543000   71.99737218
   65.33036000   67.49870556
   65.82529000   48.01291059
   66.32021000   64.92115433
   66.81514000   63.01038642
   67.31007000   52.64218897
   67.80499000   61.96248253
   68.29992000   65.52213127
   68.79485000   59.67187165
   69.28977000   58.25385333
   69.78470000   52.88609271
   70.27962000   49.50673645
   70.77455000   46.17383398
   71.26949000   38.92346434
   71.76441000   42.11139888
   72.25934000   50.23601568
   72.75426000   53.19838750
   73.24919000   52.35292458
   73.74412000   49.12295924
   74.23904000   50.44276937
   74.73397000   45.51033902
   75.22890000   43.86929030
   75.72382000   61.25710268
   76.21875000   63.63960739
   76.71368000   56.47670219
   77.20860000   59.19158622
   77.70353000   59.93663651
   78.19846000   58.37975463
   78.69339000   50.73044018
   79.18832000   60.67637428
   79.68324000   56.39336947
   80.17817000   45.94433356
   80.67310000   58.40476775
   81.16802000   50.20261975
   81.66295000   42.89537651
   82.15788000   45.97579394
   82.65280000   45.72069743
   83.14773000   46.59734602
   83.64265000   51.39230412
   84.13758000   53.47493647
   84.63251000   48.90366401
   85.12743000   54.78533252
   85.62236000   51.04036663
   86.11729000   60.80614259
   86.61222000   53.39525220
   87.10715000   63.77452095
   87.60207000   75.20246911
   88.09700000   49.39525683
   88.59193000   80.35594533
   89.08685000   69.48797042
   89.58178000   58.15776708
   90.07671000   56.30617356
   90.57163000   51.23313266
   91.06656000   59.83266238
   91.56149000   63.35346078
   92.05641000   66.86562140
   92.55134000   61.60252855
   93.04626000   51.81187817
   93.54120000   44.74335036
   94.03613000   40.50785961
   94.53105000   40.22356397
   95.02598000   48.72899068
   95.52090000   55.90133483
   96.01583000   39.21835616
   96.51076000   69.68922897
   97.00568000   73.60293824
   97.50061000   53.72500642
   97.99554000   62.30248207
   98.49046000   60.46095017
   98.98539000   51.48079506
   99.48032000   40.38808869
   99.97524000   59.75428052
  100.47020000   48.77349535
  100.96510000   40.61940031
  101.46000000   47.10362744
  101.95500000   49.00652639
  102.44990000   37.41197421
  102.94480000   44.43655948
  103.43970000   50.99348635
  103.93470000   33.37903212
  104.42960000   49.02063220
  104.92450000   48.18577092
  105.41940000   36.56124394
  105.91440000   47.45114343
  106.40930000   40.95075658
  106.90420000   45.62969843
  107.39910000   54.34236095
  107.89410000   50.63845662
  108.38900000   44.61841672
  108.88390000   46.75585191
  109.37890000   50.86786704
  109.87380000   48.20693403
  110.36870000   45.34989651
  110.86360000   52.12129218
  111.35860000   49.19116185
  111.85350000   35.54169499
  112.34840000   49.80235834
  112.84330000   59.24918777
  113.33830000   40.48616351
  113.83320000   50.30111178
  114.32810000   49.56093968
  114.82310000   36.36236116
  115.31800000   43.05543383
  115.81290000   48.33961509
  116.30780000   35.27596958
  116.80280000   49.62093354
  117.29770000   49.47813142
  117.79260000   43.33072483
  118.28750000   50.82910042
  118.78250000   57.90024687
  119.27740000   50.29357579
  119.77230000   44.80495766
  120.26730000   60.84088553
  120.76220000   62.87303677
  121.25710000   55.52003855
  121.75200000   64.24793212
  122.24700000   61.52913201
  122.74190000   58.27524461
  123.23680000   53.66369610
  123.73170000   41.40713076
  124.22670000   58.78824001
  124.72160000   39.68053765
  125.21650000   57.93994483
  125.71140000   49.14387577
  126.20640000   41.82849001
  126.70130000   32.47886913
  127.19620000   46.42742462
  127.69120000   38.94801208
  128.18610000   38.05622774
  128.68100000   43.80560293
  129.17590000   38.99218578
  129.67090000   44.88737791
  130.16580000   49.13232715
  130.66070000   47.07898538
  131.15560000   40.36266127
  131.65060000   55.97817543
  132.14550000   58.49872050
  132.64040000   53.86184939
  133.13530000   69.60764840
  133.63030000   71.82544139
  134.12520000   40.09823455
  134.62010000   57.60531670
  135.11510000   60.26348387
  135.61000000   49.98282906
  136.10490000   44.01432884
  136.59980000   45.19742282
  137.09480000   47.97756174
  137.58970000   45.08306989
  138.08460000   48.99627331
  138.57950000   44.14310837
  139.07450000   44.11238162
  139.56940000   53.52458383
  140.06430000   50.11092376
  140.55920000   43.12203963
  141.05420000   48.57713832
  141.54910000   51.93396933
  142.04400000   41.27582198
  142.53900000   54.25001049
  143.03390000   56.30502099
  143.52880000   52.50468976
  144.02370000   64.78094515
  144.51870000   65.93874595
  145.01360000   57.74236389
  145.50850000   51.23144384
  146.00340000   53.14617416
  146.49840000   51.59519492
  146.99330000   46.85758482
  147.48820000   42.89494450
  147.98320000   43.09729843
  148.47810000   39.54536420
  148.97300000   33.67659727
  149.46790000   35.60258428
  149.96290000   34.97772582
  150.45780000   25.65419933
  150.95270000   42.39829969
  151.44760000   34.71749745
  151.94260000   40.55148330
  152.43750000   48.15999191
  152.93240000   33.45762706
  153.42740000   40.58122496
  153.92230000   53.17774157
  154.41720000   53.28773203
  154.91210000   41.67410753
  155.40710000   55.49648088
  155.90200000   47.53241374
  156.39690000   31.58568169
  156.89180000   47.05159898
  157.38680000   51.23127144
  157.88170000   27.75638213
  158.37660000   49.20454912
  158.87160000   48.75186883
  159.36650000   40.57663753
  159.86140000   48.94537320
  160.35630000   44.15404316
  160.85130000   41.66001190
  161.34620000   45.74077385
  161.84110000   45.94352410
  162.33600000   43.84375143
  162.83100000   44.94050624
  163.32590000   42.77761631
  163.82080000   44.63248631
  164.31580000   46.19063439
  164.81070000   37.02580976
  165.30560000   49.47304213
  165.80050000   45.88630489
  166.29550000   43.05105999
  166.79040000   50.48944554
  167.28530000   46.62649064
  167.78020000   45.83898639
  168.27520000   48.82815105
  168.77010000   40.52962937
  169.26500000   44.78351142
  169.75990000   50.69374255
  170.25490000   42.37332220
  170.74980000   44.28332609
  171.24470000   47.32105980
  171.73970000   40.51477975
  172.23460000   44.45605598
  172.72950000   45.53049906
  173.22440000   40.34551664
  173.71940000   42.17295350
  174.21430000   44.08456810
  174.70920000   47.80376174
  175.20410000   44.03742548
  175.69910000   44.36633603
  176.19400000   55.14901205
  176.68890000   51.99384548
  177.18390000   50.78117007
  177.67880000   58.11227240
  178.17370000   56.20491869
  178.66860000   53.38131684
  179.16360000   60.58389499
  179.65850000   59.04279978
  180.15340000   28.37871257
  180.64830000   47.90135918
  181.14330000   52.26503039
  181.63820000   36.61100748
  182.13310000   49.72643107
  182.62810000   33.68388412
  183.12300000   26.55824891
  183.61790000   47.08038794
  184.11280000   58.65718817
  184.60780000   56.36807058
  185.10270000   61.34612757
  185.59760000   67.36060614
  186.09250000   69.18631359
  186.58750000   53.77493869
  187.08240000   69.37855100
  187.57730000   59.23021987
  188.07230000   53.40807484
  188.56720000   63.54856536
  189.06210000   61.71931508
  189.55700000   42.27392042
  190.05200000   53.71104121
  190.54690000   73.99662070
  191.04180000   62.18945733
  191.53670000   71.39507321
  192.03170000   76.53401535
  192.52660000   30.90497547
  193.02150000   56.68810838
  193.51640000   45.23395942
  194.01140000   41.78338378
  194.50630000   30.84507417
  195.00120000   50.22488535
  195.49620000   47.49351213
  195.99110000   34.26002193
  196.48600000   47.13967067
  196.98090000   57.77110921
  197.47590000   46.17538155
  197.97080000   44.49133168
  198.46570000   53.84771915
  198.96060000   49.28079461
  199.45560000   49.77855429
  199.95050000   54.47229975
  200.44540000   53.66202695
  200.94030000   44.17160829
  201.43530000   51.57228493
  201.93020000   49.70046152
  202.42510000   53.26664832
  202.92010000   49.06501616
  203.41500000   32.04119502
  203.90990000   40.98200720
  204.40480000   48.10806123
  204.89980000   36.92962533
  205.39470000   40.10221299
  205.88960000   42.12481297
  206.38450000   30.50510512
  206.87950000   41.83123717
  207.37440000   33.74892618
  207.86930000   46.23664930
  208.36420000   48.31335212
  208.85920000   54.79910442
  209.35410000   52.62886929
  209.84900000   52.03232215
  210.34400000   49.11677956
  210.83890000   52.38335327
  211.33380000   48.18581875
  211.82870000   47.98595465
  212.32370000   52.89032565
  212.81860000   53.08719760
  213.31350000   39.21260019
  213.80840000   51.28322706
  214.30340000   46.32042871
  214.79830000   44.47263989
  215.29320000   36.99328102
  215.78810000   44.36828414
  216.28310000   32.50823389
  216.77800000   40.28781928
  217.27290000   38.42781793
  217.76790000   40.52952278
  218.26280000   37.64376569
  218.75770000   47.73880145
  219.25260000   47.68229158
  219.74760000   46.71345513
  220.24250000   40.99258238
  220.73740000   54.11851682
  221.23230000   49.09101561
  221.72730000   52.17818801
  222.22220000   55.40790144
  222.71710000   56.18461143
  223.21210000   39.89963844
  223.70700000   65.77034252
  224.20190000   62.62290621
  224.69680000   43.16222830
  225.19180000   47.18566945
  225.68670000   43.94542687
  226.18160000   33.61868637
  226.67650000   51.19674450
  227.17150000   50.30665175
  227.66640000   37.52876296
  228.16130000   45.17325362
  228.65630000   47.42399829
  229.15120000   47.16362402
  229.64610000   46.86165837
  230.14100000   52.91571629
  230.63600000   42.73929891
  231.13090000   53.85980420
  231.62580000   66.86332459
  232.12070000   58.31411679
  232.61570000   30.57883778
  233.11060000   56.62426543
  233.60550000   52.46203312
  234.10040000   34.75060350
  234.59540000   64.17971977
  235.09030000   62.47330183
  235.58520000   37.94881281
  236.08020000   59.42717103
  236.57510000   60.34999080
  237.07000000   45.63154490
  237.56490000   41.54834944
  238.05990000   44.31610611
  238.55480000   39.67768783
  239.04970000   42.72840537
  239.54460000   48.51105428
  240.03960000   39.78299996
  240.53450000   46.50511491
  241.02940000   45.26844700
  241.52440000   42.41378314
  242.01930000   43.02721205
  242.51420000   46.77681803
  243.00910000   48.86554658
  243.50410000   37.69174058
  243.99900000   51.42935728
  244.49390000   56.56972985
  244.98880000   47.52306259
  245.48380000   50.50285572
  245.97870000   49.56674096
  246.47360000   51.44378157
  246.96860000   49.27396874
  247.46350000   19.62373148
  247.95840000   34.07742245
  248.45330000    8.01136627
  248.94830000   34.15870372
  249.44320000   44.38417056
  249.93810000   35.07010475
  250.43300000   43.88896344
  250.92800000   44.76000997
  251.42290000   38.31607997
  251.91780000   48.25684472
  252.41280000   45.80162584
  252.90770000   42.48342047
  253.40260000   42.72087428
  253.89750000   52.18265681
  254.39250000   38.82323245
  254.88740000   54.98828312
  255.38230000   54.57399701
  255.87720000   52.37862479
  256.37220000   43.09010836
  256.86710000   47.34290355
  257.36200000   50.69575254
  257.85690000   41.51497215
  258.35190000   42.12394206
  258.84680000   49.67038465
  259.34170000   41.24320328
  259.83660000   32.18804068
  260.33160000   40.38868184
  260.82650000   34.12750507
  261.32140000   36.70831755
  261.81640000   42.09748277
  262.31130000   39.12483587
  262.80620000   42.78858272
  263.30110000   51.11520489
  263.79610000   53.58237542
  264.29100000   50.63191837
  264.78590000   46.21402205
  265.28090000   58.38231150
  265.77580000   35.95291019
  266.27070000   52.87074113
  266.76560000   57.10303498
  267.26060000   36.09843038
  267.75550000   53.35760839
  268.25040000   63.64828890
  268.74530000   53.50083650
  269.24030000   61.53368809
  269.73520000   67.18862796
  270.23010000   47.50751519
  270.72500000   34.86618385
  271.22000000   50.98296463
  271.71490000   41.55249260
  272.20980000   45.52907239
  272.70470000   57.90417240
  273.19970000   64.25087368
  273.69460000   41.18891092
  274.18950000   61.02798342
  274.68440000   53.69520079
  275.17940000   43.57529707
  275.67430000   43.67468628
  276.16930000   52.35778044
  276.66420000   56.83370493
  277.15910000   48.15252247
  277.65400000   53.22772881
  278.14900000   50.36691335
  278.64390000   35.14583442
  279.13880000   52.55342187
  279.63370000   54.95811742
  280.12870000   37.78351220
  280.62360000   44.20239921
  281.11850000   61.53971427
  281.61340000   49.91437283
  282.10840000   58.52891047
  282.60330000   34.12255069
  283.09820000   38.36009136
  283.59310000   46.36678261
  284.08810000   49.54227350
  284.58300000   42.94572159
  285.07790000   49.70725251
  285.57280000   58.23729659
  286.06780000   62.96394053
  286.56270000   46.17091092
  287.05760000   58.35761348
  287.55260000   46.82644633
  288.04750000   41.26136318
  288.54240000   45.65018722
  289.03740000   50.92608464
  289.53230000   45.99045743
  290.02720000   43.61716217
  290.52210000   52.91264244
  291.01710000   40.83436571
  291.51200000   54.49197938
  292.00690000   58.86860846
  292.50180000   45.47700630
  292.99680000   45.28428976
  293.49170000   33.90336052
  293.98660000   40.72603390
  294.48150000   40.64035292
  294.97650000   38.89451230
  295.47140000   48.97639338
  295.96630000   51.22218061
  296.46120000   50.23340445
  296.95620000   51.47978565
  297.45110000   35.49357991
  297.94600000   57.29138219
  298.44090000   58.13354932
  298.93590000   54.05372962
  299.43080000   55.82806738
  299.92580000   57.28138094
  300.42070000   57.87063535
  300.91560000   43.11626657
  301.41050000   49.29694391
  301.90550000   53.96794979
  302.40040000   46.88687431
  302.89530000   46.40365387
  303.39020000   42.60600168
  303.88520000   25.39165425
  304.38010000   44.01832323
  304.87500000   32.64673535
  305.36990000   35.04031452
  305.86490000   35.74699680
  306.35980000   42.53504779
  306.85470000   37.49233725
  307.34960000   41.90331166
  307.84460000   47.58768280
  308.33950000   48.58340731
  308.83440000   51.61732907
  309.32930000   53.51255807
  309.82430000   50.61010838
  310.31920000   51.43369919
  310.81410000   39.10719638
  311.30910000   46.81843257
  311.80400000   44.35883579
  312.29890000   45.74029026
  312.79380000   50.24873937
  313.28880000   33.21127579
  313.78370000   50.28285543
  314.27860000   64.41804876
  314.77360000   55.04335737
  315.26850000   46.68391454
  315.76340000   48.61165843
  316.25830000   38.94941002
  316.75330000   36.09526003
  317.24820000   49.85848397
  317.74310000   54.86835112
  318.23800000   43.12626622
  318.73300000   58.68841668
  319.22790000   57.30724071
  319.72280000   40.29280770
  320.21770000   52.14254176
  320.71270000   51.60271883
  321.20760000   44.55383640
  321.70250000   45.96207883
  322.19740000   51.97603149
  322.69240000   38.53007918
  323.18730000   46.98257339
  323.68220000   48.22970391
  324.17720000   39.43410698
  324.67210000   47.41620323
  325.16700000   46.38524816
  325.66190000   44.10084059
  326.15690000   37.09614230
  326.65180000   45.25885295
  327.14670000   44.43119459
  327.64160000   34.60347175
  328.13660000   40.42377821
  328.63150000   43.33023989
  329.12640000   41.43034263
  329.62140000   48.29998588
  330.11630000   64.54442346
  330.61120000   57.91595453
  331.10610000   53.12195737
  331.60110000   56.60201952
  332.09600000   50.80294488
  332.59090000   53.47608377
  333.08580000   62.91828290
  333.58080000   66.92507410
  334.07570000   44.94764618
  334.57060000   50.52490017
  335.06560000   54.46627533
  335.56050000   50.14278444
  336.05540000   48.39441803
  336.55030000   48.74008216
  337.04530000   38.56418964
  337.54020000   44.15945897
  338.03510000   33.04627704
  338.53000000   38.73635009
  339.02500000   33.66226810
  339.51990000   46.43509079
  340.01480000   36.74779542
  340.50970000   35.08278414
  341.00470000   44.65558689
  341.49960000   44.85108027
  341.99450000   42.62848401
  342.48940000   43.76354572
  342.98440000   44.92248382
  343.47930000   40.45218005
  343.97420000   51.50301700
  344.46920000   36.86717979
  344.96410000   40.18762047
  345.45900000   43.94792015
  345.95390000   52.27911007
  346.44890000   42.06114342
  346.94380000   41.07663103
  347.43870000   42.12404767
  347.93370000   45.39836032
  348.42860000   30.60928130
  348.92350000   41.84716668
  349.41840000   42.06909405
  349.91340000   42.07672200
  350.40830000   37.59932935
  350.90320000   43.96233703
  351.39810000   40.39448700
  351.89310000   46.68920657
  352.38800000   44.81906295
  352.88290000   42.21331672
  353.37780000   46.26576264
  353.87280000   40.52465562
  354.36770000   49.71051880
  354.86260000   45.18345647
  355.35750000   44.74019852
  355.85250000   46.87008642
  356.34740000   45.45085726
  356.84230000   46.23465591
  357.33720000   43.40956142
  357.83220000   41.15783029
  358.32710000   50.47530556
  358.82210000   24.62597793
  359.31700000   38.04239895
  359.81190000   49.40943502
  360.30680000   35.51690634
  360.80180000   47.61960523
  361.29670000   40.72712582
  361.79160000   52.23745965
  362.28650000   52.90109047
  362.78150000   49.28719307
  363.27640000   57.02651853
  363.77130000   50.93775840
  364.26620000   45.62385349
  364.76120000   54.49299015
  365.25610000   50.54459727
  365.75100000   47.64474789
  366.24590000   50.60509277
  366.74090000   57.24565825
  367.23580000   44.05642851
  367.73070000   49.09936168
  368.22560000   52.35394081
  368.72060000   42.12414570
  369.21550000   50.53990829
  369.71040000   44.28954578
  370.20540000   47.92889814
  370.70030000   47.73022268
  371.19520000   46.26800496
  371.69020000   43.35355228
  372.18510000   44.36593879
  372.68000000   42.18734544
  373.17490000   45.35266320
  373.66990000   42.07031552
  374.16480000   45.50038679
  374.65970000   50.12029363
  375.15460000   42.05564580
  375.64960000   47.83110958
  376.14450000   52.93869771
  376.63940000   46.85872484
  377.13430000   41.99743843
  377.62930000   57.62211119
  378.12420000   57.28749059
  378.61910000   52.05500528
  379.11400000   64.19764904
  379.60900000   55.83952629
  380.10390000   43.96856341
  380.59880000   55.91060099
  381.09380000   59.34458877
  381.58870000   45.94425421
  382.08360000   36.84227707
  382.57860000   44.00645770
  383.07350000   45.53260038
  383.56840000   43.84097748
  384.06330000   45.20403348
  384.55830000   45.54965966
  385.05320000   41.32464077
  385.54810000   42.38696762
  386.04300000   46.32502177
  386.53800000   48.47545104
  387.03290000   37.92741917
  387.52780000   53.18556163
  388.02270000   52.88214593
  388.51770000   52.68090345
  389.01260000   51.51302074
  389.50750000   49.94884882
  390.00240000   34.22375836
  390.49740000   53.07340601
  390.99230000   33.74109779
  391.48720000   42.05698526
  391.98210000   46.54465527
  392.47710000   38.48583818
  392.97200000   37.10322254
  393.46690000   44.94372671
  393.96190000   37.48154582
  394.45680000   41.03037522
  394.95170000   38.68020475
  395.44670000   45.75713548
  395.94160000   46.84270030
  396.43650000   50.14700031
  396.93140000   42.44965388
  397.42640000   43.13514390
  397.92130000   43.31814166
  398.41620000   57.32310171
  398.91110000   49.79537210
  399.40610000   43.73206934
  399.90100000   50.70037710
  400.39590000   45.44007470
  400.89080000   38.27831172
  401.38580000   52.85270683
  401.88070000   50.42085730
  402.37560000   45.83263616
  402.87050000   51.00974826
  403.36550000   44.83837099
  403.86040000   39.40267910
  404.35530000   48.66959776
  404.85030000   49.16393610
  405.34520000   39.83610462
  405.84010000   42.38955338
  406.33500000   49.76463845
  406.83000000   48.63848603
  407.32490000   61.56155350
  407.81980000   60.26743680
  408.31470000   60.05039479
  408.80970000   45.81579112
  409.30460000   58.67244448
  409.79950000   48.96592135
  410.29450000   46.81932706
  410.78940000   49.99331700
  411.28430000   36.65212013
  411.77920000   26.90412421
  412.27420000   52.59195887
  412.76910000   41.55955800
  413.26400000   39.76278372
  413.75890000   31.30804498
  414.25390000   44.56333683
  414.74880000   39.90730986
  415.24370000   42.86532230
  415.73860000   43.85000376
  416.23360000   42.45698261
  416.72850000   38.53750575
  417.22340000   43.84235356
  417.71840000   43.95018770
  418.21330000   44.54793438
  418.70820000   43.32722396
  419.20310000   43.80384975
  419.69810000   42.31398616
  420.19300000   33.96556996
  420.68790000   45.90169624
  421.18280000   39.02504041
  421.67780000   38.76953594
  422.17270000   53.78062504
  422.66760000   36.49765609
  423.16250000   47.21686637
  423.65750000   41.57868720
  424.15240000   37.68682134
  424.64730000   41.14427852
  425.14230000   49.44785358
  425.63720000   46.82695450
  426.13210000   41.05179075
  426.62700000   57.41021134
  427.12200000   51.93634341
  427.61690000   39.13824661
  428.11180000   43.09993568
  428.60680000   56.39617792
  429.10170000   57.77229958
  429.59660000   43.32626907
  430.09150000   53.60395524
  430.58650000   48.60243030
  431.08140000   43.06296156
  431.57630000   51.87164113
  432.07120000   46.95677652
  432.56620000   47.56274660
  433.06110000   49.50015736
  433.55600000   44.02861040
  434.05090000   42.02376302
  434.54590000   51.90117452
  435.04080000   47.63174025
  435.53570000   36.27010032
  436.03060000   57.70213578
  436.52560000   50.31658233
  437.02050000   46.83546127
  437.51540000   38.15398727
  438.01030000   39.43052362
  438.50530000   32.93373911
  439.00020000   32.78510709
  439.49510000   44.48319873
  439.99010000   39.84193812
  440.48500000   50.18355931
  440.97990000   53.05467587
  441.47490000   45.12433119
  441.96980000   45.74141742
  442.46470000   38.78077558
  442.95960000   47.33912327
  443.45460000   37.60976438
  443.94950000   42.12606951
  444.44440000   41.78487353
  444.93930000   42.32262507
  445.43430000   46.67897924
  445.92920000   51.36643908
  446.42410000   42.63464065
  446.91900000   39.29502382
  447.41400000   42.51244539
  447.90890000   39.03253733
  448.40380000   25.57975879
  448.89870000   35.53637458
  449.39370000   50.16715651
  449.88860000   35.66552095
  450.38350000   30.44709338
  450.87840000   50.85083348
  451.37340000   50.90113164
  451.86830000   61.75542972
  452.36330000   58.56621298
  452.85820000   48.29530974
  453.35310000   41.73677213
  453.84800000   53.19593548
  454.34300000   43.87274240
  454.83790000   45.26961130
  455.33280000   43.43408829
  455.82770000   50.54033336
  456.32270000   44.50577296
  456.81760000   49.41736660
  457.31250000   37.97344932
  457.80740000   41.18720421
  458.30240000   47.80951419
  458.79730000   43.48168982
  459.29220000   33.26675854
  459.78710000   33.11626557
  460.28210000   34.14232111
  460.77700000   35.31479762
  461.27190000   35.93255816
  461.76680000   36.83346687
  462.26180000   36.21128777
  462.75670000   29.98553191
  463.25160000   36.11801304
  463.74660000   35.88638574
  464.24150000   40.75714337
  464.73640000   40.50532763
  465.23140000   42.97111019
  465.72630000   27.47316200
  466.22120000   38.32790065
  466.71610000   38.57648105
  467.21110000   40.55060529
  467.70600000   33.97012753
  468.20090000   42.07578133
  468.69580000   40.82697470
  469.19080000   34.64617058
  469.68570000   45.99825745
  470.18060000   32.65005522
  470.67550000   38.91659064
  471.17050000   36.84162892
  471.66540000   36.86797759
  472.16030000   36.44959091
  472.65520000   37.08779788
  473.15020000   40.99971396
  473.64510000   40.24985736
  474.14000000   46.04392175
  474.63490000   56.33361549
  475.12990000   49.75920999
  475.62480000   48.45849948
  476.11970000   52.63045791
  476.61470000   50.74845272
  477.10960000   43.58361094
  477.60450000   54.80285450
  478.09950000   39.04657808
  478.59440000   38.24130395
  479.08930000   43.35779287
  479.58420000   43.97488702
  480.07920000   23.00106770
  480.57410000   36.40105451
  481.06900000   34.34367556
  481.56390000   44.72989864
  482.05890000   38.37863841
  482.55380000   40.21832580
  483.04870000   41.99294533
  483.54360000   40.74877872
  484.03860000   39.59530584
  484.53350000   41.42059975
  485.02840000   39.05813453
  485.52330000   38.94020818
  486.01830000   45.58801303
  486.51320000   46.02457844
  487.00810000   49.25153754
  487.50310000   47.18870930
  487.99800000   38.72418294
  488.49290000   38.11121036
  488.98780000   49.16134705
  489.48280000   32.24066108
  489.97770000   43.84944000
  490.47260000   50.66658476
  490.96750000   47.63715206
  491.46250000   43.40210093
  491.95740000   45.78589728
  492.45230000   46.83926256
  492.94730000   41.56852522
  493.44220000   42.07200498
  493.93710000   46.98491600
  494.43200000   44.32606498
