 HEIGHT =    4.00000000000000     
 Time        Sound Pressure(decibal)
    0.00202050   75.42560577
    0.00404100   81.42591095
    0.00606150   79.68637848
    0.00808200   80.57379150
    0.01010250   76.92823029
    0.01212300   67.14188385
    0.01414350   95.76846313
    0.01616400   93.67520142
    0.01818450   92.75656891
    0.02020500   86.07408142
    0.02222550   91.87893677
    0.02424600   93.55358887
    0.02626651   87.27076721
    0.02828701   90.47566986
    0.03030751   94.67213440
    0.03232801   77.23587799
    0.03434851   95.43624878
    0.03636901   85.52750397
    0.03838951   95.98491669
    0.04041001   96.96920013
    0.04243051   96.04783630
    0.04445101   96.47280884
    0.04647151   87.74108124
    0.04849201   96.66003418
    0.05051251   97.49235535
    0.05253301   82.27786255
    0.05455351   98.71252441
    0.05657401   93.10209656
    0.05859451   92.77114105
    0.06061501   93.63546753
    0.06263551   92.80038452
    0.06465601   81.15309143
    0.06667651   86.98841858
    0.06869701   91.81563568
    0.07071751   81.75985718
    0.07273801   92.86734772
    0.07475851   83.51102448
    0.07677902   90.13408661
    0.07879952   92.96276093
    0.08082002   90.17607880
    0.08284052   91.84543610
    0.08486102   94.58151245
    0.08688152   85.64785767
    0.08890202   87.42784882
    0.09092252   83.71324921
    0.09294302   88.77400208
    0.09496352   88.87289429
    0.09698402   84.78949738
    0.09900452   89.74215698
    0.10102502   82.84564209
    0.10304552   85.66338348
    0.10506602   90.78495789
    0.10708652   94.60960388
    0.10910702   89.25310516
    0.11112752   87.65634155
    0.11314802   89.33854675
    0.11516852   90.23224640
    0.11718902   86.02606201
    0.11920952   84.67887878
    0.12123002   94.04130554
    0.12325052   87.73170471
    0.12527102   87.69635773
    0.12729153   85.78210449
    0.12931203   91.35887909
    0.13133253   89.95681763
    0.13335303   90.29650116
    0.13537353   92.36272430
    0.13739403   90.25437927
    0.13941453   82.54435730
    0.14143503   90.32964325
    0.14345553   91.58187866
    0.14547603   87.31256866
    0.14749653   86.39332581
    0.14951703   87.51944733
    0.15153753   95.09286499
    0.15355803   93.34557343
    0.15557853   95.19886017
    0.15759903   91.63571930
    0.15961953   87.34410095
    0.16164003   90.09844971
    0.16366053   95.36154938
    0.16568103   95.01836395
    0.16770153   94.87644958
    0.16972203   84.23343658
    0.17174253   91.97099304
    0.17376303   95.98576355
    0.17578353   97.69180298
    0.17780404   93.21813202
    0.17982454   92.46066284
    0.18184504   88.64911652
    0.18386554   79.92359924
    0.18588604   91.77192688
    0.18790654   93.49028778
    0.18992704   93.96929932
    0.19194754   89.97656250
    0.19396804   84.51515198
    0.19598854   90.67589569
    0.19800904   94.24784088
    0.20002954   94.42761993
    0.20205004   93.32026672
    0.20407054   87.69470215
    0.20609104   86.55680084
    0.20811154   78.35794067
    0.21013204   79.57439423
    0.21215254   84.72618103
    0.21417304   77.77439880
    0.21619354   86.21787262
    0.21821404   90.96719360
    0.22023454   92.33829498
    0.22225504   93.58377075
    0.22427554   92.43217468
    0.22629604   85.84072876
    0.22831655   94.41746521
    0.23033705   86.69752502
    0.23235755   82.07543182
    0.23437805   94.69979095
    0.23639855   73.32502747
    0.23841905   92.50290680
    0.24043955   92.91496277
    0.24246005   91.12429047
    0.24448055   88.03403473
    0.24650105   86.12004089
    0.24852155   91.60466766
    0.25054205   83.18904114
    0.25256255   89.75885010
    0.25458305   86.41490936
    0.25660355   93.69557953
    0.25862405   93.69274139
    0.26064455   96.13452148
    0.26266505   96.58278656
    0.26468555   94.82604218
    0.26670605   91.76638031
    0.26872655   97.44597626
    0.27074705   86.39776611
    0.27276755   92.05436707
    0.27478805   81.00778198
    0.27680855   91.09892273
    0.27882906   95.96264648
    0.28084956   89.17297363
    0.28287006   95.07015991
    0.28489056   95.19609070
    0.28691106   89.92343140
    0.28893156   96.10471344
    0.29095206   94.40798187
    0.29297256   90.65547943
    0.29499306   90.86309814
    0.29701356   85.57689667
    0.29903406   87.78282166
    0.30105456   92.91592407
    0.30307506   81.53701782
    0.30509556   92.01606750
    0.30711606   90.22983551
    0.30913656   94.10066986
    0.31115706   94.92961884
    0.31317756   88.78746796
    0.31519806   93.41557312
    0.31721856   92.26924133
    0.31923906   86.81539917
    0.32125956   85.44573975
    0.32328006   82.18588257
    0.32530056   83.41773987
    0.32732106   89.69921875
    0.32934157   92.76380920
    0.33136207   92.96807098
    0.33338257   88.56886292
    0.33540307   94.39229584
    0.33742357   81.24550629
    0.33944407   82.68096161
    0.34146457   90.11709595
    0.34348507   93.08335114
    0.34550557   69.32590485
    0.34752607   88.92180634
    0.34954657   92.34523010
    0.35156707   94.96839142
    0.35358757   94.10883331
    0.35560807   91.61976624
    0.35762857   91.08505249
    0.35964907   81.03282928
    0.36166957   90.76755524
    0.36369007   90.16857147
    0.36571057   93.14657593
    0.36773107   78.97438049
    0.36975157   82.22489929
    0.37177207   91.34980774
    0.37379257   91.02194214
    0.37581307   95.68750000
    0.37783358   95.77045441
    0.37985408   95.07619476
    0.38187458   87.88321686
    0.38389508   90.46688080
    0.38591558   92.53643036
    0.38793608   88.00080872
    0.38995658   91.24671173
    0.39197708   89.22823334
    0.39399758   89.76122284
    0.39601808   90.37812042
    0.39803858   95.30446625
    0.40005908   94.49304962
    0.40207958   95.61427307
    0.40410008   92.17472839
    0.40612058   88.87445831
    0.40814108   92.30415344
    0.41016158   90.62014771
    0.41218208   90.08501434
    0.41420258   94.81174469
    0.41622308   93.30377960
    0.41824358   90.22719574
    0.42026408   94.07477570
    0.42228458   91.85477448
    0.42430508   96.25782013
    0.42632558   88.12700653
    0.42834609   84.72174835
    0.43036659   81.40338898
    0.43238709   74.62325287
    0.43440759   92.18975067
    0.43642809   87.37216949
    0.43844859   92.79761505
    0.44046909   94.95149994
    0.44248959   93.76012421
    0.44451009   96.27226257
    0.44653059   94.10224152
    0.44855109   85.90866089
    0.45057159   88.21562958
    0.45259209   79.71375275
    0.45461259   74.49076843
    0.45663309   87.35619354
    0.45865359   76.99301147
    0.46067409   92.65832520
    0.46269459   85.31307220
    0.46471509   89.90121460
    0.46673559   90.64187622
    0.46875609   95.99269867
    0.47077659   91.62857819
    0.47279709   91.63254547
    0.47481759   80.74566650
    0.47683809   74.82345581
    0.47885860   85.01496124
    0.48087910   85.32975769
    0.48289960   94.32584381
    0.48492010   94.07663727
    0.48694060   93.41075897
    0.48896110   91.23449707
    0.49098160   95.59880829
    0.49300210   93.30772400
    0.49502260   92.44895172
    0.49704310   90.82597351
    0.49906360   92.87513733
    0.50108410   90.30248260
    0.50310460   89.57827759
    0.50512510   97.79539490
    0.50714560   95.45932007
    0.50916610   90.87576294
    0.51118660   97.01862335
    0.51320710   94.03792572
    0.51522760   89.10019684
    0.51724810   88.40311432
    0.51926860   84.76372528
    0.52128910   81.37847137
    0.52330960   85.75408936
    0.52533010   92.62849426
    0.52735060   98.22031403
    0.52937111   97.00157928
    0.53139161   94.08047485
    0.53341211   92.51095581
    0.53543261   92.34815216
    0.53745311   89.13998413
    0.53947361   89.77467346
    0.54149411   92.82762909
    0.54351461   84.29909515
    0.54553511   80.32540894
    0.54755561   88.04154205
    0.54957611   91.69167328
    0.55159661   90.12786102
    0.55361711   93.74265289
    0.55563761   92.73907471
    0.55765811   88.09657288
    0.55967861   87.53450012
    0.56169911   94.51633453
    0.56371961   89.15213013
    0.56574011   79.69209290
    0.56776061   84.70947266
    0.56978111   86.22509003
    0.57180161   92.91143799
    0.57382211   97.02571106
    0.57584261   97.27499390
    0.57786311   95.56784058
    0.57988362   93.13460541
    0.58190412   88.61315155
    0.58392462   84.31330872
    0.58594512   84.79632568
    0.58796562   92.20735168
    0.58998612   94.80995941
    0.59200662   94.07233429
    0.59402712   86.98609161
    0.59604762   91.53427124
    0.59806812   99.20701599
    0.60008862   98.93399811
    0.60210912   96.54141235
    0.60412962   86.62714386
    0.60615012   75.25017548
    0.60817062   77.02433014
    0.61019112   88.97515869
    0.61221162   82.13296509
    0.61423212   94.83963013
    0.61625262   87.03063202
    0.61827312   99.04614258
    0.62029362  101.10393524
    0.62231412   99.20823669
    0.62433462   96.23884583
    0.62635512   90.70931244
    0.62837562   88.20450592
    0.63039613   92.33048248
    0.63241663   83.35471344
    0.63443713   83.44573212
    0.63645763   82.32291412
    0.63847813   73.60861969
    0.64049863   82.01284027
    0.64251913   97.17505646
    0.64453963   98.50672913
    0.64656013   95.59799957
    0.64858063   91.14389038
    0.65060113   95.10163879
    0.65262163   87.87174988
    0.65464213   92.84458160
    0.65666263   89.44944763
    0.65868313   88.01071167
    0.66070363   92.77887726
    0.66272413   92.85076141
    0.66474463   99.17889404
    0.66676513   97.39947510
    0.66878563   96.97103882
    0.67080613   93.01798248
    0.67282663   90.00461578
    0.67484713   89.73024750
    0.67686763   87.34357452
    0.67888813   93.47776031
    0.68090864   86.44711304
    0.68292914   89.95061493
    0.68494964   83.50872803
    0.68697014   98.82371521
    0.68899064   99.88388062
    0.69101114   98.43490601
    0.69303164   98.68648529
    0.69505214   83.54435730
    0.69707264   82.03523254
    0.69909314   93.54446411
    0.70111364   93.97559357
    0.70313414   98.29627228
    0.70515464   93.03942108
    0.70717514   85.52140045
    0.70919564   88.21018219
    0.71121614   95.91725159
    0.71323664   99.15511322
    0.71525714   94.64850616
    0.71727764   89.27149200
    0.71929814   92.57736969
    0.72131864   94.03376770
    0.72333914   92.09021759
    0.72535964   89.53527069
    0.72738014   84.01586914
    0.72940064   97.75309753
    0.73142115   93.93704224
    0.73344165   91.22558594
    0.73546215   99.56336975
    0.73748265   98.13789368
    0.73950315   93.93313599
    0.74152365   94.26732635
    0.74354415   89.66768646
    0.74556465   89.72396088
    0.74758515   88.91515350
    0.74960565   94.74433136
    0.75162615   97.66890717
    0.75364665   93.84864807
    0.75566715   90.73126984
    0.75768765   97.12928009
    0.75970815   99.34928894
    0.76172865   95.86787415
    0.76374915   94.04019928
    0.76576965   90.04788971
    0.76779015   83.76274872
    0.76981065   89.07558441
    0.77183115   94.50714874
    0.77385165   93.65260315
    0.77587215   89.62905121
    0.77789265   91.11255646
    0.77991315  100.35826111
    0.78193366   98.65081024
    0.78395416   96.87911224
    0.78597466   94.21734619
    0.78799516   90.33274841
    0.79001566   88.79601288
    0.79203616  101.01896667
    0.79405666   96.27735901
    0.79607716   97.86632538
    0.79809766   89.61177826
    0.80011816   86.60937500
    0.80213866   97.28159332
    0.80415916   99.90176392
    0.80617966   96.16363525
    0.80820016   93.94022369
    0.81022066   87.00263977
    0.81224116   93.07776642
    0.81426166   89.02152252
    0.81628216   92.00162506
    0.81830266   82.07277679
    0.82032316   93.78273773
    0.82234366   92.93455505
    0.82436416   96.08806610
    0.82638466   89.76261139
    0.82840516   97.44998169
    0.83042566   98.69355011
    0.83244617   86.47360229
    0.83446667   89.95356750
    0.83648717  100.27343750
    0.83850767   97.41674042
    0.84052817   93.25867462
    0.84254867   85.97731781
    0.84456917   96.45127106
    0.84658967   91.86659241
    0.84861017   90.27840424
    0.85063067   98.30536652
    0.85265117   91.63224030
    0.85467167   92.28703308
    0.85669217   98.04091644
    0.85871267   99.83468628
    0.86073317   96.16893768
    0.86275367   92.19008636
    0.86477417   93.95326996
    0.86679467   92.76784515
    0.86881517   94.34889221
    0.87083567   93.50048828
    0.87285617   94.29228973
    0.87487667   88.36232758
    0.87689717   84.26696777
    0.87891767   97.46222687
    0.88093817   98.93531799
    0.88295868   94.72408295
    0.88497918   86.60761261
    0.88699968   94.07155609
    0.88902018   94.33931732
    0.89104068   98.36749268
    0.89306118   99.73314667
    0.89508168   89.87405396
    0.89710218   95.50037384
    0.89912268   98.47061920
    0.90114318   93.32503510
    0.90316368   97.87641907
    0.90518418   93.51932526
    0.90720468   81.22277069
    0.90922518   95.86923981
    0.91124568   94.07651520
    0.91326618   88.06500244
    0.91528668   89.51399231
    0.91730718   90.43196106
    0.91932768   96.23632812
    0.92134818   98.19229889
    0.92336868   94.22808075
    0.92538918   88.53243256
    0.92740968   93.07534790
    0.92943018   90.85514069
    0.93145068   94.36013794
    0.93347119   85.16787720
    0.93549169   87.10884857
    0.93751219   92.76647949
    0.93953269   91.69449615
    0.94155319   97.48704529
    0.94357369   93.59165955
    0.94559419   90.49438477
    0.94761469   96.86631012
    0.94963519   99.04546356
    0.95165569   98.03452301
    0.95367619   87.71957397
    0.95569669   81.27400208
    0.95771719   93.38083649
    0.95973769   89.03273773
    0.96175819   84.67687988
    0.96377869   79.60111237
    0.96579919   90.73097992
    0.96781969   92.01824188
    0.96984019   96.54791260
    0.97186069   94.33493805
    0.97388119   98.97911072
    0.97590169   85.20612335
    0.97792219   85.19426727
    0.97994269   98.01522064
    0.98196319   92.76667023
    0.98398370   94.70286560
    0.98600420   90.59620667
    0.98802470   77.59761047
    0.99004520   86.42084503
    0.99206570   96.59095764
    0.99408620   97.62971497
    0.99610670   95.63335419
    0.99812720   91.38380432
    1.00014770   87.80132294
    1.00216820   78.60700226
    1.00418870   92.34146118
    1.00620920   95.63247681
    1.00822970   91.97543335
    1.01025020   90.30439758
    1.01227070   87.03857422
    1.01429120   97.01474762
    1.01631170   96.71819305
    1.01833220   84.88343048
    1.02035270   87.75324249
    1.02237320   89.57835388
    1.02439370   93.98820496
    1.02641420   95.51448059
    1.02843470   95.26971436
    1.03045520   92.94929504
    1.03247570   93.85861969
    1.03449621   91.29258728
    1.03651671   91.72678375
    1.03853721   92.79869843
    1.04055771   91.85525513
    1.04257821   94.58666229
    1.04459871   95.00227356
    1.04661921   93.78437042
    1.04863971   95.27032471
    1.05066021   93.76537323
    1.05268071   95.40139771
    1.05470121   90.80680084
    1.05672171   96.30287933
    1.05874221   97.18514252
    1.06076271   89.08613586
    1.06278321   90.97434998
    1.06480371   95.69063568
    1.06682421   84.98722076
    1.06884471   88.92881012
    1.07086521   91.62499237
    1.07288571   87.49437714
    1.07490621   92.25194550
    1.07692671   83.46440887
    1.07894721   96.90762329
    1.08096771   96.01434326
    1.08298822   88.81659698
    1.08500872   73.70863342
    1.08702922   90.21689606
    1.08904972   90.85602570
    1.09107022   85.04079437
    1.09309072   86.05740356
    1.09511122   90.59188080
    1.09713172   93.23316193
    1.09915222   97.25669098
    1.10117272   97.70763397
    1.10319322   91.59143066
    1.10521372   92.43132782
    1.10723422   76.73461151
    1.10925472   85.07920837
    1.11127522   91.27038574
    1.11329572   92.83731842
    1.11531622   90.34812164
    1.11733672   86.08964539
    1.11935722   95.72010803
    1.12137772   95.33332062
    1.12339822   93.50640106
    1.12541872   92.30535889
    1.12743922   94.02778625
    1.12945972   96.48220825
    1.13148022   90.20419312
    1.13350073   97.92552185
    1.13552123   98.16601562
    1.13754173   95.58538818
    1.13956223   93.59330750
    1.14158273   95.87004089
    1.14360323   97.35494995
    1.14562373   78.73612976
    1.14764423   93.38591766
    1.14966473   94.42694092
    1.15168523   68.01015472
    1.15370573   90.91793060
    1.15572623   96.10944366
    1.15774673   96.62473297
    1.15976723   83.94468689
    1.16178773   95.58880615
    1.16380823   94.82767487
    1.16582873   92.79078674
    1.16784923   77.65755463
    1.16986973   92.69799805
    1.17189023   80.50563049
    1.17391073   89.72522736
    1.17593123   86.28883362
    1.17795173   90.80543518
    1.17997223   74.33494568
    1.18199273   87.71134949
    1.18401324   92.76473236
    1.18603374   89.39262390
    1.18805424   94.88445282
    1.19007474   78.95655060
    1.19209524   92.97309113
    1.19411574   96.43653107
    1.19613624   87.12080383
    1.19815674   89.46987915
    1.20017724   91.23710632
    1.20219774   96.64338684
    1.20421824   88.14959717
    1.20623874   96.63182068
    1.20825924   91.96528625
    1.21027974   93.28385162
    1.21230024   86.75851440
    1.21432074   66.13240051
    1.21634124   95.45906067
    1.21836174   99.70427704
    1.22038224   95.46798706
    1.22240274   99.88240814
    1.22442324   96.62236786
    1.22644374   96.75135040
    1.22846424   97.87284851
    1.23048474   94.47425079
    1.23250524   88.38459015
    1.23452575   96.70210266
    1.23654625   88.69132996
    1.23856675   88.34198761
    1.24058725   94.42341614
    1.24260775   95.18056488
    1.24462825  102.20368195
    1.24664875   98.22694397
    1.24866925  101.92400360
    1.25068975  100.61009216
    1.25271025  102.45536041
    1.25473075   79.39028168
    1.25675125   98.99816895
    1.25877175   91.74125671
    1.26079225   95.63774109
    1.26281275   86.46977234
    1.26483325   85.87667847
    1.26685375   94.92559814
    1.26887425   88.01485443
    1.27089475   89.83290100
    1.27291525   98.91936493
    1.27493575   94.86669159
    1.27695625   97.42777252
    1.27897675   86.96901703
    1.28099725   81.23429108
    1.28301775   97.80008698
    1.28503826   85.63130951
    1.28705876   90.59740448
    1.28907926   92.36869812
    1.29109976   96.84442139
    1.29312026  101.80226898
    1.29514076   99.27881622
    1.29716126   99.74515533
    1.29918176   94.12845612
    1.30120226   95.52467346
    1.30322276   86.52365875
    1.30524326   95.88954163
    1.30726376   86.39785767
    1.30928426   98.17050934
    1.31130476   94.30185699
    1.31332526   90.92511749
    1.31534576   92.20101929
    1.31736626   93.20811462
    1.31938676   99.00260925
    1.32140726   92.37104034
    1.32342776   89.86009216
    1.32544826   94.85490417
    1.32746876   90.74026489
    1.32948926   95.77374268
    1.33150976   98.80420685
    1.33353026  100.04604340
    1.33555077   93.13178253
    1.33757127   78.75112152
    1.33959177   88.34813690
    1.34161227   78.02770996
    1.34363277   93.73370361
    1.34565327   97.77159882
    1.34767377   96.30680084
    1.34969427   97.60167694
    1.35171477   98.31974030
    1.35373527   96.58451843
    1.35575577   89.78980255
    1.35777627   91.05020905
    1.35979677   94.94759369
    1.36181727   86.85063934
    1.36383777   96.78957367
    1.36585827   98.10459137
    1.36787877  101.26789093
    1.36989927   92.86711884
    1.37191977  100.82968903
    1.37394027   99.16678619
    1.37596077   96.68498993
    1.37798127   98.73960876
    1.38000177   99.87290192
    1.38202227   98.55681610
    1.38404277   95.17064667
    1.38606328   89.61890411
    1.38808378   89.71164703
    1.39010428   92.26271057
    1.39212478   86.30615997
    1.39414528   91.63623810
    1.39616578   96.78269196
    1.39818628   94.57413483
    1.40020678   97.52667236
    1.40222728   95.01249695
    1.40424778   91.72487640
    1.40626828   87.56278229
    1.40828878   88.72039032
    1.41030928   97.13477325
    1.41232978   91.33283234
    1.41435028   81.70606995
    1.41637078   92.02332306
    1.41839128   89.63774109
    1.42041178   93.42577362
    1.42243228  100.30055237
    1.42445278   92.40360260
    1.42647328   93.67099762
    1.42849378   88.65744019
    1.43051428   90.56777954
    1.43253478   93.56486511
    1.43455528   85.41466522
    1.43657579   88.74279785
    1.43859629   83.55589294
    1.44061679   89.69148254
    1.44263729   96.41388702
    1.44465779   84.98012543
    1.44667829   81.65745544
    1.44869879   91.30326843
    1.45071929   86.38381195
    1.45273979   93.71808624
    1.45476029   93.59206390
    1.45678079   83.42987061
    1.45880129   92.36343384
    1.46082179   94.85915375
    1.46284229   93.62252808
    1.46486279   93.42033386
    1.46688329   98.17196655
    1.46890379   99.16123962
    1.47092429   92.18428802
    1.47294479   93.91892242
    1.47496529   93.20729065
    1.47698579   90.02120209
    1.47900629   80.00852203
    1.48102679   89.87065125
    1.48304729   86.36978912
    1.48506779   86.42617798
    1.48708830   98.85257721
    1.48910880   98.98369598
    1.49112930   98.92265320
    1.49314980   90.30887604
    1.49517030   88.33241272
    1.49719080   92.04621124
    1.49921130   87.94993591
    1.50123180   78.61132050
    1.50325230   89.47511292
    1.50527280   91.82164001
    1.50729330   89.39582825
    1.50931380   97.95771027
    1.51133430   96.64492798
    1.51335480   95.85689545
    1.51537530   73.09864044
    1.51739580   84.99101257
    1.51941630   84.13301086
    1.52143680   88.74221039
    1.52345730   90.68450165
    1.52547780   83.48497772
    1.52749830   86.67232513
    1.52951880   92.32905579
    1.53153930   93.69813538
    1.53355980   93.93376923
    1.53558030   85.94598389
    1.53760081   89.16857147
    1.53962131   75.20370483
    1.54164181   71.69637299
    1.54366231   88.28309631
    1.54568281   95.59751129
    1.54770331   83.95062256
    1.54972381   91.77455139
    1.55174431   86.76735687
    1.55376481   87.54306793
    1.55578531   90.22879028
    1.55780581   93.40383148
    1.55982631   90.72536469
    1.56184681   86.82751465
    1.56386731   76.66072083
    1.56588781   90.35967255
    1.56790831   87.13150787
    1.56992881   80.39278412
    1.57194931   87.99772644
    1.57396981   82.20124054
    1.57599031   91.79072571
    1.57801081   95.62864685
    1.58003131   94.32043457
    1.58205181   97.31450653
    1.58407231   83.49826813
    1.58609281   88.42249298
    1.58811332   88.52735138
    1.59013382   89.11890411
    1.59215432   88.09976959
    1.59417482   93.28231812
    1.59619532   94.41575623
    1.59821582   93.31861877
    1.60023632   95.50601196
    1.60225682   91.88666534
    1.60427732   92.18231964
    1.60629782   82.66252899
    1.60831832   80.92638397
    1.61033882   89.25702667
    1.61235932   74.77034760
    1.61437982   84.24335480
    1.61640032   82.13433838
    1.61842082   92.22225952
    1.62044132   91.59177399
    1.62246182   88.52843475
    1.62448232   93.45084381
    1.62650282   84.60838318
    1.62852332   89.48571777
    1.63054382   86.00630188
    1.63256432   93.75968170
    1.63458482   90.11640167
    1.63660532   91.64719391
    1.63862583   93.43518066
    1.64064633   88.50054169
    1.64266683   83.52944183
    1.64468733   86.76271057
    1.64670783   92.98757935
    1.64872833   85.32109070
    1.65074883   70.47920990
    1.65276933   91.75421906
    1.65478983   85.15093231
    1.65681033   89.03160095
    1.65883083   84.19412994
    1.66085133   81.90499878
    1.66287183   82.51321411
    1.66489233   93.35208893
    1.66691283   91.61090088
    1.66893333   90.79762268
    1.67095383   79.50199127
    1.67297433   87.56364441
    1.67499483   89.46524811
    1.67701533   76.43006897
    1.67903583   93.80226898
    1.68105633   83.34074402
    1.68307683   78.12791443
    1.68509733   92.68041992
    1.68711783   95.24115753
    1.68913834   95.80317688
    1.69115884   89.20043182
    1.69317934   89.23136902
    1.69519984   88.67214203
    1.69722034   74.05764008
    1.69924084   87.45929718
    1.70126134   86.89811707
    1.70328184   92.00013733
    1.70530234   89.62488556
    1.70732284   90.16403961
    1.70934334   97.73094177
    1.71136384   94.63936615
    1.71338434   88.87140656
    1.71540484   80.21292114
    1.71742534   88.88905334
    1.71944584   84.83112335
    1.72146634   94.65924835
    1.72348684   93.03738403
    1.72550734   89.54562378
    1.72752784   86.91255188
    1.72954834   91.08315277
    1.73156884   95.57613373
    1.73358934   90.43296814
    1.73560984   90.52569580
    1.73763035   83.03238678
    1.73965085   90.80155182
    1.74167135   87.30263519
    1.74369185   93.02108002
    1.74571235   73.88497925
    1.74773285   88.95018768
    1.74975335   76.12347412
    1.75177385   87.71303558
    1.75379435   93.20654297
    1.75581485   94.19921875
    1.75783535   93.53920746
    1.75985585   87.94522095
    1.76187635   80.43944550
    1.76389685   90.60501099
    1.76591735   86.00875092
    1.76793785   83.20269775
    1.76995835   78.32472229
    1.77197885   86.85220337
    1.77399935   88.40221405
    1.77601985   82.89443207
    1.77804035   89.99585724
    1.78006085   90.59553528
    1.78208135   84.24457550
    1.78410185   84.44282532
    1.78612235   80.34314728
    1.78814286   79.86407471
    1.79016336   93.58037567
    1.79218386   85.03525543
    1.79420436   94.18053436
    1.79622486   93.44496155
    1.79824536   88.31212616
    1.80026586   80.36672974
    1.80228636   74.89857483
    1.80430686   85.63782501
    1.80632736   85.80829620
    1.80834786   85.14984131
    1.81036836   87.35070038
    1.81238886   87.46025848
    1.81440936   93.59635925
    1.81642986   86.62428284
    1.81845036   95.83447266
    1.82047086   79.94625854
    1.82249136   86.99726868
    1.82451186   90.00329590
    1.82653236   87.22584534
    1.82855286   81.61690521
    1.83057336   87.09289551
    1.83259386   91.86944580
    1.83461436   89.91212463
    1.83663486   88.20330048
    1.83865537   87.54665375
    1.84067587   79.03231049
    1.84269637   87.61795807
    1.84471687   73.33549500
    1.84673737   91.24910736
    1.84875787   94.93843079
    1.85077837   83.89053345
    1.85279887   95.50692749
    1.85481937   82.47659302
    1.85683987   91.36004639
    1.85886037   86.76067352
    1.86088087   90.07872772
    1.86290137   94.64592743
    1.86492187   92.90506744
    1.86694237   88.30857849
    1.86896287   88.07638550
    1.87098337   89.90005493
    1.87300387   96.11744690
    1.87502437   97.31503296
    1.87704487   87.28524017
    1.87906537   77.34522247
    1.88108587   97.24588776
    1.88310637   90.29938507
    1.88512687   93.97854614
    1.88714737   94.36418915
    1.88916788   82.30012512
    1.89118838   92.05294037
    1.89320888   86.05870819
    1.89522938   90.72117615
    1.89724988   87.68225098
    1.89927038   91.71605682
    1.90129088   86.57373810
    1.90331138   89.99018097
    1.90533188   83.20527649
    1.90735238   95.10482025
    1.90937288   93.74182892
    1.91139338   91.73992157
    1.91341388   93.39324951
    1.91543438   89.69602203
    1.91745488   79.24230194
    1.91947538   82.85524750
    1.92149588   95.02156830
    1.92351638   93.11937714
    1.92553688   96.06242371
    1.92755738   91.86875153
    1.92957788   89.76595306
    1.93159838   84.07454681
    1.93361888   88.75326538
    1.93563938   75.48127747
    1.93765988   83.99282837
    1.93968039   88.69905090
    1.94170089   88.68074799
    1.94372139   80.84484863
    1.94574189   85.67984009
    1.94776239   77.16312408
    1.94978289   81.98027039
    1.95180339   78.31806183
    1.95382389   91.78279877
    1.95584439   89.09648132
    1.95786489   83.90447998
    1.95988539   86.04500580
    1.96190589   92.98424530
    1.96392639   90.95340729
    1.96594689   83.53752136
    1.96796739   82.01286316
    1.96998789   90.77136230
    1.97200839   87.16606140
    1.97402889   83.44286346
    1.97604939   95.49963379
    1.97806989   85.73699951
    1.98009039   90.71972656
    1.98211089   86.99281311
    1.98413139   65.89701080
    1.98615189   80.65270996
    1.98817239   84.05796051
    1.99019290   87.69657898
    1.99221340   90.24600983
    1.99423390   89.09191132
    1.99625440   84.99510956
    1.99827490   92.55938721
    2.00029540   87.55655670
    2.00231590   91.99534607
    2.00433640   87.54895020
    2.00635690   88.84077454
    2.00837740   87.63191223
    2.01039790   89.46067047
    2.01241840   89.44050598
    2.01443890   87.70697021
    2.01645940   89.19122314
    2.01847990   86.49940491
    2.02050040   82.02967072
