 HEIGHT =    6.00000000000000     
 Frequency   Sound Pressure(decibal)
    0.49492700   54.34581847
    0.98985390   49.46291182
    1.48478100   56.51806752
    1.97970800   72.57637171
    2.47463500   65.97646322
    2.96956200   78.79972715
    3.46448900   70.36546582
    3.95941600   62.49437751
    4.45434300   58.55197463
    4.94927000   60.97501858
    5.44419700   61.06988561
    5.93912400   59.96742948
    6.43405100   62.37527998
    6.92897700   59.81119439
    7.42390400   62.47243140
    7.91883100   63.55425563
    8.41375800   57.96159525
    8.90868600   62.77539448
    9.40361200   61.87085601
    9.89854000   54.08432870
   10.39347000   57.49395572
   10.88839000   61.42996850
   11.38332000   44.78805123
   11.87825000   57.51085028
   12.37317000   59.67379792
   12.86810000   55.37211820
   13.36303000   60.45942345
   13.85795000   63.67670762
   14.35288000   59.02674548
   14.84781000   55.41806882
   15.34274000   55.24047437
   15.83766000   52.77131665
   16.33259000   55.26918776
   16.82752000   53.49973212
   17.32244000   53.88059125
   17.81737000   54.35967827
   18.31230000   52.77193887
   18.80722000   58.41731249
   19.30215000   54.41870893
   19.79708000   54.95908431
   20.29201000   61.28774861
   20.78693000   53.95095181
   21.28186000   54.62369276
   21.77679000   58.81948595
   22.27171000   52.96132106
   22.76664000   56.95995327
   23.26157000   48.04975356
   23.75649000   60.49868025
   24.25142000   48.82795598
   24.74635000   49.30244299
   25.24128000   48.89259242
   25.73620000   56.65710067
   26.23113000   50.13855661
   26.72606000   46.02660978
   27.22098000   50.55853932
   27.71591000   49.83939962
   28.21084000   43.23838030
   28.70576000   54.92143950
   29.20069000   45.32400166
   29.69562000   47.54528787
   30.19054000   55.23874364
   30.68547000   45.43380169
   31.18040000   54.18993594
   31.67533000   51.80160120
   32.17025000   45.46793752
   32.66518000   42.40115031
   33.16011000   55.12963251
   33.65503000   43.76283817
   34.14996000   43.40693651
   34.64489000   46.77637108
   35.13981000   42.91226500
   35.63474000   47.96180129
   36.12967000   51.79788780
   36.62460000   61.04892201
   37.11952000   53.83685230
   37.61445000   40.82579770
   38.10938000   52.48906149
   38.60430000   53.28988189
   39.09923000   53.22115225
   39.59416000   46.25801052
   40.08908000   47.33656035
   40.58401000   55.24731095
   41.07894000   60.01592533
   41.57386000   57.99767654
   42.06879000   50.74529618
   42.56372000   74.88662505
   43.05865000   61.28323488
   43.55357000   63.35246788
   44.04850000   71.54735827
   44.54343000   74.18365723
   45.03835000   68.37862844
   45.53328000   73.80505511
   46.02821000   75.35478144
   46.52313000   69.31385238
   47.01806000   68.63999862
   47.51299000   74.09069677
   48.00792000   62.56222496
   48.50284000   54.07435859
   48.99777000   73.36942997
   49.49269000   69.28270837
   49.98762000   44.48666258
   50.48255000   58.13677302
   50.97748000   56.40843455
   51.47240000   40.43719567
   51.96733000   57.31200793
   52.46226000   61.21762671
   52.95718000   39.59740956
   53.45211000   59.12597078
   53.94704000   58.32639958
   54.44197000   61.69279494
   54.93689000   50.91166440
   55.43182000   64.62173307
   55.92675000   59.50516245
   56.42167000   46.54821432
   56.91660000   57.75999733
   57.41153000   68.32321663
   57.90646000   46.76029588
   58.40138000   57.78888465
   58.89631000   53.47462238
   59.39124000   43.37149915
   59.88616000   52.89106553
   60.38109000   58.84752198
   60.87601000   52.75338800
   61.37094000   56.70402592
   61.86587000   63.36632071
   62.36080000   63.07916379
   62.85572000   60.72766167
   63.35065000   72.44199474
   63.84558000   68.00505649
   64.34051000   50.33948317
   64.83543000   73.99143864
   65.33036000   70.37934968
   65.82529000   49.31301655
   66.32021000   67.64748526
   66.81514000   60.97506754
   67.31007000   50.67304878
   67.80499000   62.82904063
   68.29992000   65.33618468
   68.79485000   59.42824413
   69.28977000   59.91639483
   69.78470000   50.56553211
   70.27962000   41.04394959
   70.77455000   44.75585515
   71.26949000   37.30011354
   71.76441000   33.74729134
   72.25934000   50.85015542
   72.75426000   52.80092384
   73.24919000   49.78416717
   73.74412000   50.93018956
   74.23904000   46.66835285
   74.73397000   52.64595448
   75.22890000   44.76335238
   75.72382000   58.32336293
   76.21875000   59.09424825
   76.71368000   46.04791619
   77.20860000   60.68606893
   77.70353000   60.97182922
   78.19846000   53.45413514
   78.69339000   48.57151373
   79.18832000   62.32247704
   79.68324000   61.80912867
   80.17817000   48.12114312
   80.67310000   58.34005168
   81.16802000   59.35421868
   81.66295000   42.39936442
   82.15788000   42.23186297
   82.65280000   44.55855533
   83.14773000   46.96097934
   83.64265000   50.49005979
   84.13758000   51.50273984
   84.63251000   46.47750919
   85.12743000   54.11070557
   85.62236000   48.90850886
   86.11729000   62.86240212
   86.61222000   54.26295976
   87.10715000   67.91489058
   87.60207000   77.21352843
   88.09700000   53.25910698
   88.59193000   84.80790531
   89.08685000   72.96698565
   89.58178000   60.20171832
   90.07671000   60.19353841
   90.57163000   47.90592257
   91.06656000   61.87273614
   91.56149000   64.52209282
   92.05641000   68.63925823
   92.55134000   63.90277850
   93.04626000   52.24039679
   93.54120000   47.37558167
   94.03613000   39.66660868
   94.53105000   47.84224249
   95.02598000   54.06067628
   95.52090000   56.84603775
   96.01583000   46.00079442
   96.51076000   71.54547604
   97.00568000   76.30818247
   97.50061000   57.09703608
   97.99554000   64.42836911
   98.49046000   63.31162143
   98.98539000   56.11012721
   99.48032000   38.09895189
   99.97524000   65.04200575
  100.47020000   51.90614425
  100.96510000   45.59043463
  101.46000000   45.30881727
  101.95500000   49.20764969
  102.44990000   36.69398355
  102.94480000   43.16080020
  103.43970000   52.85263450
  103.93470000   34.35604218
  104.42960000   46.68837705
  104.92450000   49.55250430
  105.41940000   34.94014907
  105.91440000   48.31369878
  106.40930000   45.52329629
  106.90420000   45.84083258
  107.39910000   55.54664580
  107.89410000   55.78056458
  108.38900000   45.97254766
  108.88390000   49.72602459
  109.37890000   55.25248215
  109.87380000   52.53197514
  110.36870000   48.79935292
  110.86360000   54.85200080
  111.35860000   50.79809880
  111.85350000   43.40697751
  112.34840000   55.28626542
  112.84330000   60.90485070
  113.33830000   37.83630768
  113.83320000   48.68754508
  114.32810000   52.37240553
  114.82310000   42.71260829
  115.31800000   43.22922756
  115.81290000   51.61740083
  116.30780000   40.14293822
  116.80280000   52.05144232
  117.29770000   51.51833934
  117.79260000   48.73468338
  118.28750000   53.77250627
  118.78250000   60.71037272
  119.27740000   54.55961605
  119.77230000   46.85022879
  120.26730000   64.11000529
  120.76220000   65.92143313
  121.25710000   58.30836765
  121.75200000   67.17153432
  122.24700000   62.82993816
  122.74190000   61.30798435
  123.23680000   56.81212809
  123.73170000   41.01529277
  124.22670000   62.51540159
  124.72160000   47.11856353
  125.21650000   61.71600839
  125.71140000   54.79658357
  126.20640000   46.15554700
  126.70130000   44.58097579
  127.19620000   51.87458112
  127.69120000   32.66342305
  128.18610000   43.81065753
  128.68100000   47.77395449
  129.17590000   45.75225069
  129.67090000   46.66476950
  130.16580000   53.03593046
  130.66070000   51.62330061
  131.15560000   38.49988915
  131.65060000   58.63945116
  132.14550000   60.58117826
  132.64040000   53.98019949
  133.13530000   73.19177493
  133.63030000   72.43264028
  134.12520000   50.42198618
  134.62010000   63.13857046
  135.11510000   60.18035557
  135.61000000   48.31810174
  136.10490000   49.26452960
  136.59980000   53.40956006
  137.09480000   45.82351475
  137.58970000   41.76633815
  138.08460000   51.36418683
  138.57950000   40.17252422
  139.07450000   48.68660219
  139.56940000   47.28885065
  140.06430000   48.56044124
  140.55920000   49.64549744
  141.05420000   53.03701448
  141.54910000   51.98633365
  142.04400000   39.16028147
  142.53900000   49.91877491
  143.03390000   62.71895366
  143.52880000   56.09714537
  144.02370000   67.79567419
  144.51870000   59.79134187
  145.01360000   52.95394996
  145.50850000   50.96136690
  146.00340000   47.50876061
  146.49840000   50.67480982
  146.99330000   46.65284689
  147.48820000   46.77386359
  147.98320000   50.83704648
  148.47810000   37.11657815
  148.97300000   49.09093860
  149.46790000   49.41299383
  149.96290000   36.75269535
  150.45780000   47.94566623
  150.95270000   44.91709057
  151.44760000   44.00847138
  151.94260000   34.65074702
  152.43750000   44.64696180
  152.93240000   49.74329573
  153.42740000   46.86762585
  153.92230000   60.97775059
  154.41720000   58.49674968
  154.91210000   52.59903604
  155.40710000   54.89523591
  155.90200000   55.53815217
  156.39690000   43.51611087
  156.89180000   60.84134503
  157.38680000   56.66652638
  157.88170000   43.97772792
  158.37660000   47.81768662
  158.87160000   47.47864972
  159.36650000   45.78974273
  159.86140000   46.45478234
  160.35630000   25.25419368
  160.85130000   43.29080494
  161.34620000   39.96448231
  161.84110000   29.73137461
  162.33600000   44.08781501
  162.83100000   37.68466294
  163.32590000   39.53139252
  163.82080000   41.55120624
  164.31580000   45.82179792
  164.81070000   52.33422471
  165.30560000   37.50388939
  165.80050000   40.24014606
  166.29550000   52.08477542
  166.79040000   56.49439306
  167.28530000   48.21731200
  167.78020000   50.03200240
  168.27520000   57.63028820
  168.77010000   44.71212171
  169.26500000   45.25366860
  169.75990000   38.73538293
  170.25490000   55.13951278
  170.74980000   42.52945301
  171.24470000   52.95889313
  171.73970000   51.78817059
  172.23460000   52.56615386
  172.72950000   59.03661160
  173.22440000   53.65786220
  173.71940000   49.08372817
  174.21430000   53.32296103
  174.70920000   47.77907531
  175.20410000   41.61791730
  175.69910000   51.89590067
  176.19400000   56.91127872
  176.68890000   51.30101923
  177.18390000   45.10100711
  177.67880000   59.99049946
  178.17370000   63.19890551
  178.66860000   53.57406456
  179.16360000   70.90138277
  179.65850000   66.02631655
  180.15340000   51.47643491
  180.64830000   50.76691951
  181.14330000   51.34249360
  181.63820000   52.03244991
  182.13310000   52.54106373
  182.62810000   45.75011203
  183.12300000   51.07430653
  183.61790000   30.97310619
  184.11280000   65.49753084
  184.60780000   62.74468572
  185.10270000   61.16008382
  185.59760000   72.07604719
  186.09250000   70.03613953
  186.58750000   54.79759899
  187.08240000   69.23144477
  187.57730000   63.20093569
  188.07230000   57.98893291
  188.56720000   67.36823119
  189.06210000   65.86390658
  189.55700000   45.78094916
  190.05200000   62.24776108
  190.54690000   78.39496826
  191.04180000   64.23222577
  191.53670000   75.61079575
  192.03170000   78.74534385
  192.52660000   45.37956546
  193.02150000   58.80123421
  193.51640000   47.86117437
  194.01140000   44.45637372
  194.50630000   48.15849637
  195.00120000   55.48344528
  195.49620000   55.43565537
  195.99110000   47.97721134
  196.48600000   57.90797685
  196.98090000   59.12844540
  197.47590000   55.17550915
  197.97080000   45.78368460
  198.46570000   47.48697381
  198.96060000   50.17955435
  199.45560000   58.33919286
  199.95050000   60.74746622
  200.44540000   51.77863814
  200.94030000   49.90101814
  201.43530000   58.59595916
  201.93020000   47.80717989
  202.42510000   59.05406046
  202.92010000   61.27934444
  203.41500000   55.15253197
  203.90990000   47.48787524
  204.40480000   47.17286032
  204.89980000   46.09767117
  205.39470000   42.74848200
  205.88960000   43.53284942
  206.38450000   39.40726293
  206.87950000   13.35440518
  207.37440000   49.60013392
  207.86930000   55.59306004
  208.36420000   49.90454051
  208.85920000   58.05422753
  209.35410000   53.50522019
  209.84900000   56.67404288
  210.34400000   47.41514608
  210.83890000   55.65279261
  211.33380000   47.15060304
  211.82870000   49.15891025
  212.32370000   52.95852301
  212.81860000   49.67360877
  213.31350000   44.30464139
  213.80840000   49.93711170
  214.30340000   51.75184662
  214.79830000   45.94100570
  215.29320000   42.47780086
  215.78810000   45.75418938
  216.28310000   34.82817721
  216.77800000   43.11243630
  217.27290000   17.12796360
  217.76790000   34.37818172
  218.26280000   42.20754251
  218.75770000   52.81415168
  219.25260000   49.19568857
  219.74760000   53.60661660
  220.24250000   51.12485867
  220.73740000   60.89489740
  221.23230000   47.03001864
  221.72730000   59.46709953
  222.22220000   59.84097239
  222.71710000   61.69612305
  223.21210000   50.65723076
  223.70700000   73.45414032
  224.20190000   70.36780087
  224.69680000   52.88460916
  225.19180000   64.56083840
  225.68670000   43.48680603
  226.18160000   40.14753499
  226.67650000   54.40024811
  227.17150000   49.84407690
  227.66640000   44.58328038
  228.16130000   56.96392543
  228.65630000   64.75068509
  229.15120000   47.80897189
  229.64610000   60.05568166
  230.14100000   58.11109982
  230.63600000   49.59312369
  231.13090000   49.29693001
  231.62580000   62.89425276
  232.12070000   60.35458202
  232.61570000   47.20154879
  233.11060000   63.97840492
  233.60550000   69.48182841
  234.10040000   49.13977948
  234.59540000   71.56392536
  235.09030000   71.01060091
  235.58520000   42.13382939
  236.08020000   54.49120838
  236.57510000   56.57110485
  237.07000000   51.91696720
  237.56490000   50.44411649
  238.05990000   38.02436255
  238.55480000   45.74957961
  239.04970000   43.92137779
  239.54460000   37.83464885
  240.03960000   49.34845031
  240.53450000   42.43115994
  241.02940000   53.38072873
  241.52440000   45.56140922
  242.01930000   33.63141936
  242.51420000   52.89645417
  243.00910000   38.23413449
  243.50410000   41.48064508
  243.99900000   57.29138602
  244.49390000   58.04490965
  244.98880000   35.93346988
  245.48380000   34.43237300
  245.97870000   49.82850620
  246.47360000   44.03378996
  246.96860000   52.75744438
  247.46350000   50.37621820
  247.95840000   36.55701277
  248.45330000   41.69485683
  248.94830000   28.78455722
  249.44320000   41.01300222
  249.93810000   36.11812282
  250.43300000   29.19649430
  250.92800000   40.61635375
  251.42290000   36.70639848
  251.91780000   42.57493920
  252.41280000   40.56501473
  252.90770000   40.33460028
  253.40260000   45.98001231
  253.89750000   40.52359502
  254.39250000   42.72097344
  254.88740000   50.94166838
  255.38230000   45.33706077
  255.87720000   50.48793401
  256.37220000   46.86840872
  256.86710000   35.92195526
  257.36200000   46.32881332
  257.85690000   35.88214319
  258.35190000   41.79477302
  258.84680000   44.28118946
  259.34170000   35.75889554
  259.83660000   36.01658157
  260.33160000   45.67811148
  260.82650000   39.17429632
  261.32140000   37.80670854
  261.81640000   41.02877636
  262.31130000   23.83870912
  262.80620000   47.04403076
  263.30110000   37.75894908
  263.79610000   46.41690185
  264.29100000   47.48314032
  264.78590000   52.53976686
  265.28090000   54.21981300
  265.77580000   35.79025426
  266.27070000   52.17436666
  266.76560000   52.71989812
  267.26060000   42.40063312
  267.75550000   54.85522502
  268.25040000   53.60801806
  268.74530000   53.03029887
  269.24030000   49.19169703
  269.73520000   59.78071038
  270.23010000   40.31776770
  270.72500000   32.74910734
  271.22000000   48.37494877
  271.71490000   33.98321502
  272.20980000   32.57720814
  272.70470000   49.59874882
  273.19970000   63.91926288
  273.69460000   48.18834982
  274.18950000   44.40251299
  274.68440000   55.07571347
  275.17940000   46.69955389
  275.67430000   49.00142931
  276.16930000   53.52264944
  276.66420000   45.90277679
  277.15910000   41.22898863
  277.65400000   56.23635372
  278.14900000   51.76267393
  278.64390000   51.97874928
  279.13880000   53.74862206
  279.63370000   42.59165367
  280.12870000   36.15006712
  280.62360000   51.48227837
  281.11850000   60.73749546
  281.61340000   40.77621256
  282.10840000   52.71701843
  282.60330000   55.65886643
  283.09820000   41.13220415
  283.59310000   39.26528408
  284.08810000   40.57425509
  284.58300000   44.40949376
  285.07790000   40.73817213
  285.57280000   55.77714140
  286.06780000   61.08401647
  286.56270000   49.95986750
  287.05760000   52.89261480
  287.55260000   45.70352761
  288.04750000   44.22873022
  288.54240000   45.05148456
  289.03740000   44.26281424
  289.53230000   46.45780896
  290.02720000   45.14350038
  290.52210000   50.44381747
  291.01710000   43.73350735
  291.51200000   53.43681391
  292.00690000   56.80462245
  292.50180000   50.08405141
  292.99680000   49.54866586
  293.49170000   39.74822532
  293.98660000   46.63312575
  294.48150000   44.84989452
  294.97650000   40.28718048
  295.47140000   53.53380176
  295.96630000   52.96694094
  296.46120000   42.20314737
  296.95620000   55.75110892
  297.45110000   43.85482292
  297.94600000   59.57969917
  298.44090000   56.29425916
  298.93590000   52.44108336
  299.43080000   45.35699898
  299.92580000   55.26523883
  300.42070000   51.91181905
  300.91560000   46.82238371
  301.41050000   49.71933196
  301.90550000   55.43661048
  302.40040000   51.05831674
  302.89530000   52.70963395
  303.39020000   52.43751326
  303.88520000   49.28899358
  304.38010000   43.40699158
  304.87500000   46.21813430
  305.36990000   47.73816400
  305.86490000   41.64311168
  306.35980000   50.58622123
  306.85470000   44.69414876
  307.34960000   45.93611685
  307.84460000   49.98488901
  308.33950000   44.09499247
  308.83440000   52.55859313
  309.32930000   54.57782952
  309.82430000   50.02782490
  310.31920000   54.84695984
  310.81410000   55.74356017
  311.30910000   50.18677505
  311.80400000   43.13547769
  312.29890000   51.25493734
  312.79380000   52.35546538
  313.28880000   47.99419933
  313.78370000   40.64797766
  314.27860000   65.90936772
  314.77360000   57.52968596
  315.26850000   49.92205825
  315.76340000   54.74036211
  316.25830000   49.17981613
  316.75330000   46.58800769
  317.24820000   54.21557052
  317.74310000   40.73173074
  318.23800000   48.35299605
  318.73300000   63.51367987
  319.22790000   50.83691113
  319.72280000   44.39919720
  320.21770000   58.85420391
  320.71270000   57.45187553
  321.20760000   47.13108254
  321.70250000   48.06040121
  322.19740000   49.62026108
  322.69240000   51.45875975
  323.18730000   45.70930388
  323.68220000   55.04745372
  324.17720000   53.27711732
  324.67210000   52.07268436
  325.16700000   55.47515597
  325.66190000   48.41550977
  326.15690000   43.90033968
  326.65180000   54.81829954
  327.14670000   50.68797676
  327.64160000   32.93144655
  328.13660000   46.23816847
  328.63150000   50.42730878
  329.12640000   41.36257348
  329.62140000   58.22819276
  330.11630000   68.51402890
  330.61120000   67.05539839
  331.10610000   60.35158644
  331.60110000   61.53729174
  332.09600000   62.20288522
  332.59090000   60.27801334
  333.08580000   56.76315015
  333.58080000   71.50605891
  334.07570000   47.97551692
  334.57060000   50.81374509
  335.06560000   61.45741943
  335.56050000   51.97666209
  336.05540000   48.24711887
  336.55030000   53.75622465
  337.04530000   49.64514147
  337.54020000   40.89399529
  338.03510000   48.75478574
  338.53000000   46.21229314
  339.02500000   42.94984351
  339.51990000   48.30132323
  340.01480000   45.36397605
  340.50970000   46.09339060
  341.00470000   45.34694521
  341.49960000   46.48441058
  341.99450000   40.00154197
  342.48940000   54.83932659
  342.98440000   54.65713249
  343.47930000   47.17699066
  343.97420000   43.69528163
  344.46920000   49.64472956
  344.96410000   40.80932836
  345.45900000   43.48601952
  345.95390000   41.86375966
  346.44890000   37.81498185
  346.94380000   40.70882140
  347.43870000   42.18876290
  347.93370000   50.15469936
  348.42860000   33.60020454
  348.92350000   41.87376558
  349.41840000   38.63747501
  349.91340000   37.55592133
  350.40830000   39.43847560
  350.90320000   27.00566802
  351.39810000   37.92424352
  351.89310000   47.40238544
  352.38800000   48.23146571
  352.88290000   41.67421253
  353.37780000   36.79153262
  353.87280000   48.82629365
  354.36770000   43.65569043
  354.86260000   31.92782240
  355.35750000   24.88725073
  355.85250000   40.73011937
  356.34740000   39.36534620
  356.84230000   49.74763999
  357.33720000   37.54382370
  357.83220000   47.70031161
  358.32710000   47.49722317
  358.82210000   50.62980741
  359.31700000   39.69244228
  359.81190000   46.69836949
  360.30680000   47.56504167
  360.80180000   31.89825730
  361.29670000   46.18358271
  361.79160000   50.07559360
  362.28650000   52.88876281
  362.78150000   48.99983383
  363.27640000   56.51140642
  363.77130000   56.88769447
  364.26620000   35.54234865
  364.76120000   51.67437964
  365.25610000   55.17110420
  365.75100000   45.15871645
  366.24590000   56.55118637
  366.74090000   51.17421658
  367.23580000   47.38613991
  367.73070000   34.19623573
  368.22560000   50.32616313
  368.72060000   38.26510445
  369.21550000   41.81660779
  369.71040000   48.52974744
  370.20540000   47.65297611
  370.70030000   43.58369953
  371.19520000   46.48339906
  371.69020000   39.95133993
  372.18510000   38.22767394
  372.68000000   40.71547821
  373.17490000   37.28608113
  373.66990000   45.06733689
  374.16480000   27.59044741
  374.65970000   51.47029044
  375.15460000   50.58485903
  375.64960000   55.50916068
  376.14450000   52.96978210
  376.63940000   44.14977825
  377.13430000   42.26353675
  377.62930000   61.70790618
  378.12420000   60.26998343
  378.61910000   49.77981953
  379.11400000   66.16220807
  379.60900000   63.92374437
  380.10390000   45.29783834
  380.59880000   53.60297431
  381.09380000   60.18646720
  381.58870000   43.74705650
  382.08360000   46.29391936
  382.57860000   40.48094622
  383.07350000   35.84270387
  383.56840000   40.84468425
  384.06330000   42.45709266
  384.55830000   36.41449320
  385.05320000   45.26193163
  385.54810000   49.48114136
  386.04300000   39.04062354
  386.53800000   48.68230634
  387.03290000   52.44878281
  387.52780000   53.27681853
  388.02270000   61.13517136
  388.51770000   59.94483569
  389.01260000   64.22229759
  389.50750000   56.04641338
  390.00240000   49.54192053
  390.49740000   60.03551558
  390.99230000   49.03586471
  391.48720000   48.43577746
  391.98210000   49.41531253
  392.47710000   43.06230181
  392.97200000   34.87898189
  393.46690000   46.71262717
  393.96190000   38.21079742
  394.45680000   44.21330493
  394.95170000   47.49485573
  395.44670000   43.12418287
  395.94160000   48.13530924
  396.43650000   46.38919555
  396.93140000   52.29181027
  397.42640000   43.30344847
  397.92130000   50.94882970
  398.41620000   53.08173497
  398.91110000   45.21840774
  399.40610000   46.26767914
  399.90100000   48.02827444
  400.39590000   48.07816981
  400.89080000   40.01097939
  401.38580000   49.46162070
  401.88070000   48.73012826
  402.37560000   48.79780251
  402.87050000   47.95811696
  403.36550000   47.37454984
  403.86040000   39.47994726
  404.35530000   51.70800952
  404.85030000   48.43798935
  405.34520000   37.38874924
  405.84010000   42.82437516
  406.33500000   47.12119986
  406.83000000   46.36362728
  407.32490000   55.43342112
  407.81980000   59.53127820
  408.31470000   42.39328391
  408.80970000   44.01585351
  409.30460000   55.84485608
  409.79950000   53.30270664
  410.29450000   45.47617955
  410.78940000   52.26765029
  411.28430000   42.04255038
  411.77920000   42.67037065
  412.27420000   45.37968746
  412.76910000   30.39364862
  413.26400000   40.89703890
  413.75890000   51.48568467
  414.25390000   48.36035819
  414.74880000   37.94506139
  415.24370000   35.49901650
  415.73860000   41.43510122
  416.23360000   35.83372552
  416.72850000   39.00612455
  417.22340000   44.73609351
  417.71840000   43.19873916
  418.21330000   43.25983601
  418.70820000   38.29410378
  419.20310000   53.40806700
  419.69810000   34.14277272
  420.19300000   41.72139879
  420.68790000   48.83390701
  421.18280000   41.64247888
  421.67780000   46.77381344
  422.17270000   53.50014534
  422.66760000   49.66013498
  423.16250000   50.56331553
  423.65750000   51.68212788
  424.15240000   47.32253535
  424.64730000   50.75202724
  425.14230000   57.15340256
  425.63720000   57.97157769
  426.13210000   41.79881939
  426.62700000   64.66257632
  427.12200000   53.63795794
  427.61690000   47.01866315
  428.11180000   47.04139698
  428.60680000   52.42594954
  429.10170000   52.41048250
  429.59660000   44.15216794
  430.09150000   53.33443561
  430.58650000   50.78895032
  431.08140000   44.90424440
  431.57630000   56.06535453
  432.07120000   49.78302568
  432.56620000   51.36003898
  433.06110000   51.80197612
  433.55600000   33.21309185
  434.05090000   43.58737737
  434.54590000   48.35875736
  435.04080000   48.92278212
  435.53570000   47.84881854
  436.03060000   49.55036710
  436.52560000   51.37268903
  437.02050000   45.75212891
  437.51540000   42.58542327
  438.01030000   43.71658629
  438.50530000   43.83443453
  439.00020000   43.45739840
  439.49510000   29.47294139
  439.99010000   46.81096585
  440.48500000   48.92623322
  440.97990000   49.88242582
  441.47490000   46.13960320
  441.96980000   40.35879228
  442.46470000   46.89635331
  442.95960000   30.66313344
  443.45460000   46.37402676
  443.94950000   45.85106123
  444.44440000   52.17253543
  444.93930000   47.62975216
  445.43430000   52.82633088
  445.92920000   40.53245631
  446.42410000   48.29534400
  446.91900000   48.98875039
  447.41400000   42.35475268
  447.90890000   47.73856915
  448.40380000   48.00163229
  448.89870000   49.84584754
  449.39370000   48.70500133
  449.88860000   46.85903556
  450.38350000   47.42676389
  450.87840000   48.92636966
  451.37340000   43.81054022
  451.86830000   55.42344777
  452.36330000   45.80187945
  452.85820000   58.03510027
  453.35310000   48.55678899
  453.84800000   58.05322776
  454.34300000   54.51642700
  454.83790000   51.21528275
  455.33280000   49.37332609
  455.82770000   55.51099274
  456.32270000   40.63790621
  456.81760000   54.57654793
  457.31250000   56.64774931
  457.80740000   41.77864864
  458.30240000   54.78932642
  458.79730000   50.95670798
  459.29220000   47.80758730
  459.78710000   45.99091392
  460.28210000   49.94684250
  460.77700000   45.81464921
  461.27190000   49.88731736
  461.76680000   39.29926623
  462.26180000   50.90294340
  462.75670000   51.47245752
  463.25160000   47.42039682
  463.74660000   53.47994109
  464.24150000   49.31344866
  464.73640000   45.96580691
  465.23140000   34.47398917
  465.72630000   50.18489172
  466.22120000   38.26654075
  466.71610000   50.62613530
  467.21110000   50.15872495
  467.70600000   51.30258236
  468.20090000   48.40385437
  468.69580000   37.40605943
  469.19080000   52.68081223
  469.68570000   37.08482913
  470.18060000   42.51071689
  470.67550000   36.66927384
  471.17050000   47.68637803
  471.66540000   40.03408735
  472.16030000   43.63064541
  472.65520000   45.32349211
  473.15020000   47.01219680
  473.64510000   39.70943168
  474.14000000   52.18452803
  474.63490000   59.86408216
  475.12990000   60.97406099
  475.62480000   62.37818613
  476.11970000   51.65138094
  476.61470000   42.71362649
  477.10960000   54.11566661
  477.60450000   65.39226257
  478.09950000   39.19316103
  478.59440000   49.90391039
  479.08930000   60.11792488
  479.58420000   58.71678872
  480.07920000   52.79553459
  480.57410000   49.71156549
  481.06900000   51.06541159
  481.56390000   48.48266411
  482.05890000   43.94625409
  482.55380000   49.89785421
  483.04870000   46.40392004
  483.54360000   39.83466266
  484.03860000   46.01547145
  484.53350000   47.41836450
  485.02840000   45.01701518
  485.52330000   48.29987493
  486.01830000   47.59001315
  486.51320000   50.54875766
  487.00810000   53.82888565
  487.50310000   54.80372860
  487.99800000   43.08847066
  488.49290000   48.00705765
  488.98780000   49.52822691
  489.48280000   44.31811680
  489.97770000   43.87161352
  490.47260000   33.01848282
  490.96750000   54.88127210
  491.46250000   46.05210710
  491.95740000   52.34389717
  492.45230000   47.78635094
  492.94730000   47.69075311
  493.44220000   44.43592775
  493.93710000   46.58126728
  494.43200000   48.46499688
