 HEIGHT =    7.00000000000000     
 Frequency   Sound Pressure(decibal)
    0.49492700   53.46313347
    0.98985390   49.90402272
    1.48478100   56.03567739
    1.97970800   72.11844778
    2.47463500   65.73134263
    2.96956200   77.99600716
    3.46448900   68.53701920
    3.95941600   61.96554622
    4.45434300   57.70389590
    4.94927000   60.11626121
    5.44419700   60.33462244
    5.93912400   59.47545569
    6.43405100   61.77919497
    6.92897700   59.02143713
    7.42390400   61.79047008
    7.91883100   62.21293137
    8.41375800   57.26904742
    8.90868600   61.62713478
    9.40361200   60.89135183
    9.89854000   52.81045892
   10.39347000   57.24293942
   10.88839000   60.87799743
   11.38332000   46.07982172
   11.87825000   57.09117669
   12.37317000   58.52629285
   12.86810000   55.27453580
   13.36303000   59.94463421
   13.85795000   63.65727946
   14.35288000   57.81027624
   14.84781000   54.13117156
   15.34274000   54.47503514
   15.83766000   52.40687197
   16.33259000   54.66279550
   16.82752000   53.00059958
   17.32244000   53.81172690
   17.81737000   54.03502144
   18.31230000   52.40436626
   18.80722000   57.73467872
   19.30215000   55.15238145
   19.79708000   54.35000739
   20.29201000   60.51553443
   20.78693000   55.36569285
   21.28186000   54.41214720
   21.77679000   57.97231499
   22.27171000   50.91927390
   22.76664000   56.92970975
   23.26157000   49.07319467
   23.75649000   60.23260682
   24.25142000   49.36458201
   24.74635000   49.99279743
   25.24128000   48.95719690
   25.73620000   56.63476921
   26.23113000   50.46902738
   26.72606000   46.34423258
   27.22098000   51.15767528
   27.71591000   49.96033852
   28.21084000   44.54158951
   28.70576000   54.90471576
   29.20069000   45.83736104
   29.69562000   48.78972747
   30.19054000   55.64043933
   30.68547000   44.84607443
   31.18040000   54.05390580
   31.67533000   52.41718516
   32.17025000   43.64723503
   32.66518000   43.90187421
   33.16011000   53.91254493
   33.65503000   43.37926051
   34.14996000   45.14419707
   34.64489000   44.49419556
   35.13981000   43.32742188
   35.63474000   47.28361880
   36.12967000   51.82934854
   36.62460000   60.46988166
   37.11952000   53.04275155
   37.61445000   40.70988719
   38.10938000   51.69923397
   38.60430000   52.78122995
   39.09923000   52.23563247
   39.59416000   47.47596615
   40.08908000   47.55082038
   40.58401000   54.76318167
   41.07894000   59.31002237
   41.57386000   59.02350906
   42.06879000   49.70834686
   42.56372000   74.17311033
   43.05865000   65.55189234
   43.55357000   63.86228193
   44.04850000   70.36880064
   44.54343000   74.07762956
   45.03835000   68.05553567
   45.53328000   72.75663100
   46.02821000   74.55601172
   46.52313000   69.18876050
   47.01806000   67.70043240
   47.51299000   73.12429319
   48.00792000   62.75169719
   48.50284000   54.48457477
   48.99777000   72.33209126
   49.49269000   68.41624119
   49.98762000   44.21884444
   50.48255000   56.78377380
   50.97748000   56.60605201
   51.47240000   43.48624707
   51.96733000   56.71469866
   52.46226000   60.87154097
   52.95718000   41.80927501
   53.45211000   58.67526937
   53.94704000   57.63863119
   54.44197000   61.34196294
   54.93689000   51.27794539
   55.43182000   64.63701550
   55.92675000   59.26118741
   56.42167000   48.24148113
   56.91660000   57.67708909
   57.41153000   68.21218663
   57.90646000   47.77011520
   58.40138000   57.33367552
   58.89631000   53.39734982
   59.39124000   43.36242482
   59.88616000   53.00902362
   60.38109000   58.98457997
   60.87601000   52.01654078
   61.37094000   56.97629535
   61.86587000   63.34018184
   62.36080000   62.84958911
   62.85572000   60.62339484
   63.35065000   72.14864292
   63.84558000   67.69929125
   64.34051000   50.15916234
   64.83543000   73.49672144
   65.33036000   69.52059060
   65.82529000   47.68134668
   66.32021000   66.80147848
   66.81514000   60.71565840
   67.31007000   51.23407157
   67.80499000   62.51163567
   68.29992000   64.78431069
   68.79485000   58.76061459
   69.28977000   58.98855237
   69.78470000   46.81328722
   70.27962000   45.33504993
   70.77455000   42.96391044
   71.26949000   38.58467815
   71.76441000   30.78059917
   72.25934000   49.61599763
   72.75426000   51.57286244
   73.24919000   49.40054091
   73.74412000   50.23635838
   74.23904000   48.89242541
   74.73397000   51.17649957
   75.22890000   46.26506210
   75.72382000   57.86292405
   76.21875000   55.09116861
   76.71368000   47.25845402
   77.20860000   60.63332114
   77.70353000   57.40165956
   78.19846000   56.08434165
   78.69339000   49.85680365
   79.18832000   60.60668301
   79.68324000   61.23719976
   80.17817000   48.02768664
   80.67310000   57.96191323
   81.16802000   58.01640816
   81.66295000   44.49340845
   82.15788000   44.96923284
   82.65280000   42.18321233
   83.14773000   48.12348127
   83.64265000   50.50047309
   84.13758000   50.49856986
   84.63251000   46.63132222
   85.12743000   53.22944629
   85.62236000   51.89389366
   86.11729000   61.80646540
   86.61222000   53.37729916
   87.10715000   66.06449038
   87.60207000   76.10154747
   88.09700000   51.86860387
   88.59193000   84.17578591
   89.08685000   72.70908325
   89.58178000   59.53038380
   90.07671000   59.96377746
   90.57163000   42.64771502
   91.06656000   61.40512459
   91.56149000   63.38730414
   92.05641000   68.03861982
   92.55134000   63.23404591
   93.04626000   51.91628902
   93.54120000   48.11916258
   94.03613000   37.63001626
   94.53105000   48.29109263
   95.02598000   53.49577136
   95.52090000   56.15060518
   96.01583000   46.60839050
   96.51076000   71.05340290
   97.00568000   75.98110806
   97.50061000   56.94242258
   97.99554000   63.89725557
   98.49046000   63.43419910
   98.98539000   55.76159313
   99.48032000   36.60407976
   99.97524000   65.03051604
  100.47020000   51.18522928
  100.96510000   45.82090193
  101.46000000   44.50859972
  101.95500000   49.05330732
  102.44990000   36.51746664
  102.94480000   44.10449873
  103.43970000   52.30119408
  103.93470000   34.68553257
  104.42960000   46.10187912
  104.92450000   49.87791833
  105.41940000   34.38933701
  105.91440000   48.86847584
  106.40930000   45.41479741
  106.90420000   45.98330229
  107.39910000   55.51536821
  107.89410000   55.73465522
  108.38900000   46.36005191
  108.88390000   49.43600895
  109.37890000   54.51131065
  109.87380000   51.65163080
  110.36870000   47.67354349
  110.86360000   54.23120143
  111.35860000   49.69166833
  111.85350000   42.05617658
  112.34840000   54.73904243
  112.84330000   60.99450887
  113.33830000   42.96143887
  113.83320000   50.62869099
  114.32810000   53.05824417
  114.82310000   37.51805347
  115.31800000   42.21907319
  115.81290000   50.50158039
  116.30780000   42.19322447
  116.80280000   50.42933713
  117.29770000   51.16793462
  117.79260000   47.82338706
  118.28750000   52.36450791
  118.78250000   60.21742079
  119.27740000   53.97170234
  119.77230000   47.35399776
  120.26730000   63.21431059
  120.76220000   64.10996302
  121.25710000   56.45777658
  121.75200000   65.86767781
  122.24700000   63.46568946
  122.74190000   59.30882085
  123.23680000   54.49315375
  123.73170000   38.59500755
  124.22670000   60.90769232
  124.72160000   44.26396504
  125.21650000   60.31308589
  125.71140000   52.99033272
  126.20640000   45.05130415
  126.70130000   43.41974464
  127.19620000   48.58564159
  127.69120000   41.94280747
  128.18610000   36.59349480
  128.68100000   50.02952019
  129.17590000   44.25112798
  129.67090000   47.80466893
  130.16580000   54.45338311
  130.66070000   53.31093858
  131.15560000   46.69106070
  131.65060000   61.15230534
  132.14550000   62.91785469
  132.64040000   56.72000779
  133.13530000   75.50091830
  133.63030000   74.86869920
  134.12520000   48.15785753
  134.62010000   57.94223900
  135.11510000   63.28441459
  135.61000000   53.82577150
  136.10490000   47.75289353
  136.59980000   47.37114492
  137.09480000   50.84082500
  137.58970000   49.71087250
  138.08460000   53.34326301
  138.57950000   48.29641910
  139.07450000   46.31080702
  139.56940000   56.00989482
  140.06430000   51.94279924
  140.55920000   48.37401039
  141.05420000   48.43925555
  141.54910000   56.93738115
  142.04400000   46.20602943
  142.53900000   56.27511746
  143.03390000   60.73173761
  143.52880000   53.70309758
  144.02370000   62.50818543
  144.51870000   70.46554956
  145.01360000   62.19251454
  145.50850000   50.50346137
  146.00340000   57.90653350
  146.49840000   56.42914508
  146.99330000   46.55991418
  147.48820000   47.95951353
  147.98320000   50.75048940
  148.47810000   41.21004099
  148.97300000   43.82796379
  149.46790000   42.24415364
  149.96290000   39.80076599
  150.45780000   36.76963992
  150.95270000   44.96498109
  151.44760000   40.28117693
  151.94260000   39.81596455
  152.43750000   50.04938055
  152.93240000   45.10406730
  153.42740000   29.66355566
  153.92230000   43.28957984
  154.41720000   51.21773429
  154.91210000   40.92661743
  155.40710000   55.11531993
  155.90200000   41.79652968
  156.39690000   32.76981762
  156.89180000   51.15765712
  157.38680000   30.49265889
  157.88170000   39.16422960
  158.37660000   45.97208423
  158.87160000   45.34591658
  159.36650000   41.12958245
  159.86140000   47.31350877
  160.35630000   42.04302932
  160.85130000   39.60439492
  161.34620000   44.46117239
  161.84110000   43.89598289
  162.33600000   40.77644456
  162.83100000   43.13037314
  163.32590000   44.37679738
  163.82080000   46.97524189
  164.31580000   43.22653053
  164.81070000   46.50237081
  165.30560000   47.37545133
  165.80050000   42.52920915
  166.29550000   39.47330550
  166.79040000   39.26025391
  167.28530000   46.56591251
  167.78020000   52.28103417
  168.27520000   47.77851463
  168.77010000   35.06798580
  169.26500000   48.45739497
  169.75990000   50.69898705
  170.25490000   49.92500908
  170.74980000   32.41185674
  171.24470000   39.87763083
  171.73970000   44.54374798
  172.23460000   45.15482571
  172.72950000   51.85516867
  173.22440000   47.82635246
  173.71940000   41.49581755
  174.21430000   48.85338809
  174.70920000   47.75480237
  175.20410000   40.78839044
  175.69910000   51.41330991
  176.19400000   59.03976221
  176.68890000   47.54511753
  177.18390000   42.36995919
  177.67880000   60.80283436
  178.17370000   58.77948922
  178.66860000   52.69615974
  179.16360000   69.46867184
  179.65850000   61.48657685
  180.15340000   50.33857830
  180.64830000   55.12953209
  181.14330000   56.73424668
  181.63820000   48.98787388
  182.13310000   48.98784888
  182.62810000   45.00934144
  183.12300000   50.72309639
  183.61790000   44.14754843
  184.11280000   61.73093991
  184.60780000   60.80322917
  185.10270000   67.70302169
  185.59760000   77.26129756
  186.09250000   70.14204842
  186.58750000   50.84331279
  187.08240000   67.94063930
  187.57730000   58.40579690
  188.07230000   58.93566253
  188.56720000   70.06539184
  189.06210000   67.37992129
  189.55700000   48.28262052
  190.05200000   64.83811285
  190.54690000   77.66871460
  191.04180000   59.85149303
  191.53670000   76.16769238
  192.03170000   78.55171005
  192.52660000   50.64308089
  193.02150000   56.21596253
  193.51640000   52.19487523
  194.01140000   35.31676143
  194.50630000   53.07667217
  195.00120000   55.08253083
  195.49620000   57.67636289
  195.99110000   45.50099909
  196.48600000   56.43311266
  196.98090000   60.50575105
  197.47590000   55.21311809
  197.97080000   51.29360615
  198.46570000   53.87018212
  198.96060000   59.23763584
  199.45560000   62.96795166
  199.95050000   61.68002801
  200.44540000   56.37639193
  200.94030000   58.50271168
  201.43530000   62.76915545
  201.93020000   47.11681833
  202.42510000   61.77683857
  202.92010000   63.88734298
  203.41500000   60.48297950
  203.90990000   40.28874879
  204.40480000   46.96323820
  204.89980000   50.35240330
  205.39470000   38.04805355
  205.88960000   50.98789539
  206.38450000   43.58021627
  206.87950000   46.08356772
  207.37440000   54.82563536
  207.86930000   59.30269838
  208.36420000   54.48646850
  208.85920000   61.05828602
  209.35410000   59.57410766
  209.84900000   55.18541796
  210.34400000   50.88329916
  210.83890000   56.99656025
  211.33380000   48.46157551
  211.82870000   49.40470730
  212.32370000   54.67539439
  212.81860000   47.03531185
  213.31350000   40.91316267
  213.80840000   47.74510928
  214.30340000   49.74963793
  214.79830000   38.92811016
  215.29320000   46.37551828
  215.78810000   44.19416941
  216.28310000   38.43932222
  216.77800000   43.84655891
  217.27290000   35.53159708
  217.76790000   40.50407386
  218.26280000   46.40013678
  218.75770000   52.93325034
  219.25260000   45.16812634
  219.74760000   53.68942308
  220.24250000   41.38045856
  220.73740000   61.21774855
  221.23230000   44.65672458
  221.72730000   58.91635820
  222.22220000   55.77420781
  222.71710000   60.32213430
  223.21210000   52.90150345
  223.70700000   69.06665310
  224.20190000   67.65610448
  224.69680000   54.49368949
  225.19180000   60.85901409
  225.68670000   53.16954639
  226.18160000   40.24228191
  226.67650000   53.80127338
  227.17150000   45.37459040
  227.66640000   45.73556749
  228.16130000   54.04001324
  228.65630000   61.83752950
  229.15120000   53.39616774
  229.64610000   61.49415697
  230.14100000   55.31719466
  230.63600000   58.44116150
  231.13090000   54.93641040
  231.62580000   64.78181638
  232.12070000   60.27531051
  232.61570000   50.85950445
  233.11060000   66.18970455
  233.60550000   70.55023178
  234.10040000   39.98611924
  234.59540000   69.20357454
  235.09030000   66.79211007
  235.58520000   50.92418071
  236.08020000   60.62564401
  236.57510000   61.34491845
  237.07000000   47.66992135
  237.56490000   55.54707489
  238.05990000   43.39609786
  238.55480000   32.54197002
  239.04970000   44.82318022
  239.54460000   45.83133490
  240.03960000   38.33771535
  240.53450000   47.03646343
  241.02940000   49.94239508
  241.52440000   49.52644079
  242.01930000   40.56883216
  242.51420000   52.10851448
  243.00910000   39.69611392
  243.50410000   43.67461179
  243.99900000   54.23048908
  244.49390000   57.30559207
  244.98880000   47.79306966
  245.48380000   46.85181416
  245.97870000   50.75828202
  246.47360000   51.50702536
  246.96860000   54.96627321
  247.46350000   42.23299302
  247.95840000   41.45349256
  248.45330000   26.64294458
  248.94830000   38.33482298
  249.44320000   48.05720073
  249.93810000   31.81284856
  250.43300000   45.66601077
  250.92800000   47.98929619
  251.42290000   39.03693319
  251.91780000   47.57734988
  252.41280000   49.83916098
  252.90770000   40.40546786
  253.40260000   50.15973738
  253.89750000   54.85189961
  254.39250000   46.25959571
  254.88740000   57.01942498
  255.38230000   55.25811867
  255.87720000   56.77225860
  256.37220000   43.98291078
  256.86710000   50.80527602
  257.36200000   48.68431626
  257.85690000   42.29807574
  258.35190000   43.46524585
  258.84680000   44.97591032
  259.34170000   37.41456023
  259.83660000   42.60550195
  260.33160000   42.19458798
  260.82650000   43.63127179
  261.32140000   41.08178208
  261.81640000   33.41347769
  262.31130000   35.95403109
  262.80620000   38.34856819
  263.30110000   47.84002971
  263.79610000   50.51468974
  264.29100000   48.35857575
  264.78590000   54.92369103
  265.28090000   56.84443073
  265.77580000   41.84434868
  266.27070000   43.69075297
  266.76560000   52.55863574
  267.26060000   33.29940219
  267.75550000   47.12614047
  268.25040000   60.65148301
  268.74530000   49.94414123
  269.24030000   58.78349898
  269.73520000   62.36329076
  270.23010000   40.93154014
  270.72500000   31.63538850
  271.22000000   48.47240207
  271.71490000   34.54264115
  272.20980000   35.20685787
  272.70470000   51.05266790
  273.19970000   54.13883693
  273.69460000   45.91426902
  274.18950000   60.65380368
  274.68440000   35.76777698
  275.17940000   41.34296665
  275.67430000   52.82579818
  276.16930000   45.70751254
  276.66420000   52.15703788
  277.15910000   42.66545943
  277.65400000   40.51883605
  278.14900000   47.76266474
  278.64390000   53.39580624
  279.13880000   42.59497065
  279.63370000   49.65748437
  280.12870000   46.08955709
  280.62360000   47.57270911
  281.11850000   50.80226223
  281.61340000   47.92751155
  282.10840000   44.88592037
  282.60330000   57.18167172
  283.09820000   39.77583253
  283.59310000   44.29351237
  284.08810000   47.57185524
  284.58300000   45.11697630
  285.07790000   49.47071350
  285.57280000   45.77677114
  286.06780000   56.37954186
  286.56270000   40.18363118
  287.05760000   60.58548827
  287.55260000   52.51757691
  288.04750000   40.49625054
  288.54240000   45.44312272
  289.03740000   55.95931994
  289.53230000   47.21014809
  290.02720000   50.42216028
  290.52210000   56.61150323
  291.01710000   48.45514830
  291.51200000   37.72256681
  292.00690000   51.39213495
  292.50180000   31.42590058
  292.99680000   34.81948926
  293.49170000   43.71429432
  293.98660000   40.71031531
  294.48150000   31.74628951
  294.97650000   44.22730413
  295.47140000   45.68756829
  295.96630000   47.27164535
  296.46120000   46.80136170
  296.95620000   48.26376347
  297.45110000   41.83475093
  297.94600000   51.30335889
  298.44090000   48.52126843
  298.93590000   46.92899502
  299.43080000   56.32375862
  299.92580000   48.87254032
  300.42070000   53.10831383
  300.91560000   46.35220730
  301.41050000   41.95741687
  301.90550000   47.59933575
  302.40040000   54.61062104
  302.89530000   51.74160232
  303.39020000   49.97762652
  303.88520000   48.49094205
  304.38010000   46.70781254
  304.87500000   44.96961536
  305.36990000   50.09594397
  305.86490000   38.17480568
  306.35980000   52.18162496
  306.85470000   46.99886112
  307.34960000   41.90205461
  307.84460000   53.38227751
  308.33950000   47.92618507
  308.83440000   54.93867975
  309.32930000   55.35229705
  309.82430000   58.40294045
  310.31920000   54.42428854
  310.81410000   59.93475179
  311.30910000   53.60821916
  311.80400000   46.56865315
  312.29890000   57.67748316
  312.79380000   58.70138085
  313.28880000   49.75967872
  313.78370000   50.03627674
  314.27860000   67.20132702
  314.77360000   61.42042558
  315.26850000   45.65413657
  315.76340000   51.29947759
  316.25830000   45.72108683
  316.75330000   46.06868268
  317.24820000   45.49813833
  317.74310000   53.39058543
  318.23800000   45.69747096
  318.73300000   61.35033664
  319.22790000   60.57891651
  319.72280000   50.74428466
  320.21770000   54.04083508
  320.71270000   57.47602582
  321.20760000   45.02946573
  321.70250000   49.51442111
  322.19740000   54.75773425
  322.69240000   49.77096401
  323.18730000   51.43471332
  323.68220000   55.36788381
  324.17720000   53.81583135
  324.67210000   47.20368809
  325.16700000   51.33546973
  325.66190000   49.78143864
  326.15690000   43.07338377
  326.65180000   48.51310837
  327.14670000   41.73317608
  327.64160000   48.17643132
  328.13660000   48.05434769
  328.63150000   50.76705470
  329.12640000   47.08317092
  329.62140000   49.15349130
  330.11630000   64.52340456
  330.61120000   63.42657676
  331.10610000   56.14849916
  331.60110000   51.89024377
  332.09600000   57.25298987
  332.59090000   52.92178765
  333.08580000   62.86528565
  333.58080000   71.46420191
  334.07570000   53.01594153
  334.57060000   50.87586422
  335.06560000   57.93815101
  335.56050000   42.29687784
  336.05540000   42.31177185
  336.55030000   50.40728297
  337.04530000   42.05665423
  337.54020000   36.57669541
  338.03510000   42.92968377
  338.53000000   41.64333994
  339.02500000   46.04100834
  339.51990000   44.55627824
  340.01480000   45.94477161
  340.50970000   48.65958021
  341.00470000   39.58650755
  341.49960000   37.09675319
  341.99450000   46.54338851
  342.48940000   45.13226590
  342.98440000   50.90926712
  343.47930000   47.53008918
  343.97420000   50.36710602
  344.46920000   54.23849822
  344.96410000   53.64056671
  345.45900000   48.28419612
  345.95390000   52.77029023
  346.44890000   51.59211357
  346.94380000   52.88835836
  347.43870000   47.27226255
  347.93370000   46.80765114
  348.42860000   45.19552371
  348.92350000   45.67787575
  349.41840000   46.58852851
  349.91340000   40.87299351
  350.40830000   40.16330647
  350.90320000   47.88601377
  351.39810000   43.19663477
  351.89310000   47.17079309
  352.38800000   46.54984373
  352.88290000   38.63376788
  353.37780000   50.42036755
  353.87280000   56.33621624
  354.36770000   47.82164401
  354.86260000   45.49873560
  355.35750000   39.42653961
  355.85250000   44.27938481
  356.34740000   29.90224773
  356.84230000   44.68667971
  357.33720000   45.81925211
  357.83220000   45.90443330
  358.32710000   50.64915685
  358.82210000   49.28811626
  359.31700000   53.44955235
  359.81190000   60.73754642
  360.30680000   50.63740738
  360.80180000   41.59120950
  361.29670000   34.87725941
  361.79160000   53.12488014
  362.28650000   57.97496570
  362.78150000   59.10247661
  363.27640000   64.34426238
  363.77130000   58.23332274
  364.26620000   42.06735286
  364.76120000   44.65704534
  365.25610000   50.63115175
  365.75100000   52.29464055
  366.24590000   47.94260066
  366.74090000   50.43958778
  367.23580000   36.64446122
  367.73070000   30.28888629
  368.22560000   42.64184662
  368.72060000   52.81160496
  369.21550000   44.54984818
  369.71040000   52.40209260
  370.20540000   51.98721936
  370.70030000   46.46498772
  371.19520000   34.15787181
  371.69020000   42.19772893
  372.18510000   40.12476960
  372.68000000   39.82419191
  373.17490000   42.96076363
  373.66990000   43.09878806
  374.16480000   47.59415957
  374.65970000   39.76589347
  375.15460000   50.04027754
  375.64960000   57.06399068
  376.14450000   48.13516236
  376.63940000   51.14525351
  377.13430000   48.63234411
  377.62930000   58.84601107
  378.12420000   51.82806595
  378.61910000   50.68170432
  379.11400000   66.85721674
  379.60900000   62.96910216
  380.10390000   48.95773888
  380.59880000   54.33717459
  381.09380000   52.09789588
  381.58870000   41.55637717
  382.08360000   47.16284161
  382.57860000   40.81402750
  383.07350000   38.30172274
  383.56840000   35.62534933
  384.06330000   40.83267053
  384.55830000   41.95219810
  385.05320000   23.92082978
  385.54810000   36.45162602
  386.04300000   50.56482015
  386.53800000   48.47059175
  387.03290000   51.14595981
  387.52780000   61.61740084
  388.02270000   61.89855138
  388.51770000   59.44919900
  389.01260000   64.21524561
  389.50750000   58.70554897
  390.00240000   33.87632631
  390.49740000   63.92210730
  390.99230000   56.37226328
  391.48720000   40.41949349
  391.98210000   52.32309855
  392.47710000   43.69298241
  392.97200000   47.77681721
  393.46690000   46.73969623
  393.96190000   41.87481331
  394.45680000   44.75898428
  394.95170000   34.01592626
  395.44670000   51.03800756
  395.94160000   44.69236503
  396.43650000   44.76417333
  396.93140000   51.63593521
  397.42640000   47.80474083
  397.92130000   52.21404524
  398.41620000   61.73895064
  398.91110000   56.80828944
  399.40610000   41.20910851
  399.90100000   53.25435956
  400.39590000   50.81116336
  400.89080000   39.71736663
  401.38580000   55.13048669
  401.88070000   52.99161280
  402.37560000   47.94199669
  402.87050000   55.53234712
  403.36550000   51.19893461
  403.86040000   38.90544526
  404.35530000   45.25558831
  404.85030000   38.20397754
  405.34520000   35.58719308
  405.84010000   48.36120113
  406.33500000   54.22384832
  406.83000000   59.56453922
  407.32490000   69.45411151
  407.81980000   71.02482271
  408.31470000   63.79634126
  408.80970000   50.85631217
  409.30460000   67.69186947
  409.79950000   55.11823873
  410.29450000   52.10640187
  410.78940000   59.96929580
  411.28430000   49.72066135
  411.77920000   50.88434779
  412.27420000   60.18061773
  412.76910000   59.24878243
  413.26400000   49.75919695
  413.75890000   57.32455436
  414.25390000   31.99118960
  414.74880000   40.72701347
  415.24370000   36.74116964
  415.73860000   47.61626338
  416.23360000   43.99577767
  416.72850000   42.76322847
  417.22340000   36.90316719
  417.71840000   46.84223774
  418.21330000   52.59241402
  418.70820000   41.11830394
  419.20310000   35.20403920
  419.69810000   48.39783936
  420.19300000   49.95348941
  420.68790000   58.32127688
  421.18280000   39.41509744
  421.67780000   39.25348820
  422.17270000   60.81140236
  422.66760000   45.96769825
  423.16250000   54.52709921
  423.65750000   44.50271171
  424.15240000   53.31235010
  424.64730000   52.41762221
  425.14230000   61.74147682
  425.63720000   60.11081804
  426.13210000   50.39882638
  426.62700000   66.58382837
  427.12200000   56.18749947
  427.61690000   46.54780953
  428.11180000   52.03077868
  428.60680000   58.84979175
  429.10170000   56.75078457
  429.59660000   51.19774222
  430.09150000   44.99196120
  430.58650000   41.43787119
  431.08140000   40.44907445
  431.57630000   51.57646905
  432.07120000   47.08544402
  432.56620000   43.19649051
  433.06110000   46.19454342
  433.55600000   41.63222119
  434.05090000   47.51392215
  434.54590000   32.97928671
  435.04080000   48.85669569
  435.53570000   47.15593428
  436.03060000   45.69715652
  436.52560000   50.58135812
  437.02050000   34.95013382
  437.51540000   44.61061375
  438.01030000   42.68363448
  438.50530000   37.55164080
  439.00020000   44.52631444
  439.49510000   43.10602469
  439.99010000   44.18522014
  440.48500000   51.56362185
  440.97990000   50.48336267
  441.47490000   38.65537157
  441.96980000   50.31926283
  442.46470000   39.76756005
  442.95960000   51.05071392
  443.45460000   31.98617532
  443.94950000   47.13548827
  444.44440000   51.51532555
  444.93930000   37.02746327
  445.43430000   52.31368347
  445.92920000   46.92113010
  446.42410000   47.59420550
  446.91900000   47.69752156
  447.41400000   36.82471632
  447.90890000   47.40668228
  448.40380000   45.18432045
  448.89870000   46.03223139
  449.39370000   40.89343976
  449.88860000   47.70498847
  450.38350000   47.28642119
  450.87840000   47.28660333
  451.37340000   38.51986583
  451.86830000   39.21498229
  452.36330000   55.43136106
  452.85820000   55.48251771
  453.35310000   46.99926482
  453.84800000   54.48478375
  454.34300000   54.06403332
  454.83790000   49.22360537
  455.33280000   51.38157440
  455.82770000   53.15172574
  456.32270000   49.53493042
  456.81760000   43.75430896
  457.31250000   52.94373807
  457.80740000   46.80085521
  458.30240000   42.07742369
  458.79730000   53.64489226
  459.29220000   41.87489192
  459.78710000   49.60328718
  460.28210000   43.35478865
  460.77700000   45.46114407
  461.27190000   49.14379253
  461.76680000   45.59674643
  462.26180000   44.23689826
  462.75670000   50.61303803
  463.25160000   52.79024199
  463.74660000   49.69163236
  464.24150000   44.43103736
  464.73640000   53.37851137
  465.23140000   47.53921863
  465.72630000   48.19315081
  466.22120000   39.84708903
  466.71610000   48.96591370
  467.21110000   44.99599165
  467.70600000   51.36916631
  468.20090000   44.50780825
  468.69580000   42.67146289
  469.19080000   49.31380111
  469.68570000   42.20915719
  470.18060000   47.56862034
  470.67550000   47.67299014
  471.17050000   45.86363966
  471.66540000   44.91152359
  472.16030000   44.11061568
  472.65520000   49.21481954
  473.15020000   49.27963892
  473.64510000   46.00877755
  474.14000000   56.20196264
  474.63490000   59.14759312
  475.12990000   52.89432603
  475.62480000   49.21614481
  476.11970000   55.86289654
  476.61470000   32.99222888
  477.10960000   52.85189226
  477.60450000   64.30289504
  478.09950000   34.20762544
  478.59440000   45.37972899
  479.08930000   58.53306785
  479.58420000   48.01064205
  480.07920000   53.32568790
  480.57410000   45.85950940
  481.06900000   48.02417131
  481.56390000   40.27356159
  482.05890000   41.47492685
  482.55380000   43.32832082
  483.04870000   38.15485101
  483.54360000   41.87700158
  484.03860000   38.95008238
  484.53350000   41.88193521
  485.02840000   43.16030377
  485.52330000   49.28103496
  486.01830000   44.84177854
  486.51320000   46.35467887
  487.00810000   53.05882071
  487.50310000   50.82511274
  487.99800000   37.78393487
  488.49290000   55.01306120
  488.98780000   49.71429127
  489.48280000   33.83189212
  489.97770000   37.46433520
  490.47260000   51.47456968
  490.96750000   30.09421027
  491.46250000   41.29936511
  491.95740000   35.60442933
  492.45230000   42.20044481
  492.94730000   30.32087876
  493.44220000   40.62116720
  493.93710000   46.64241466
  494.43200000   38.78426278
