 HEIGHT =    11.0000000000000     
 Frequency   Sound Pressure(decibal)
    0.49492700   50.58174826
    0.98985390   50.12034798
    1.48478100   54.21742176
    1.97970800   70.42750223
    2.47463500   64.54970547
    2.96956200   75.35150095
    3.46448900   61.90874769
    3.95941600   60.28198089
    4.45434300   54.88988143
    4.94927000   57.39843614
    5.44419700   57.97119157
    5.93912400   57.74389555
    6.43405100   59.88734460
    6.92897700   56.49943631
    7.42390400   59.60649455
    7.91883100   58.32748024
    8.41375800   55.33958473
    8.90868600   58.34204477
    9.40361200   58.62253080
    9.89854000   50.36118072
   10.39347000   56.05960659
   10.88839000   58.98326492
   11.38332000   48.85833240
   11.87825000   55.48710381
   12.37317000   54.69068900
   12.86810000   54.48079961
   13.36303000   58.16617794
   13.85795000   63.24874840
   14.35288000   53.42725482
   14.84781000   50.26257318
   15.34274000   52.13085597
   15.83766000   51.19507064
   16.33259000   52.70942568
   16.82752000   51.49723625
   17.32244000   53.06188498
   17.81737000   53.01118266
   18.31230000   51.08642983
   18.80722000   55.53837293
   19.30215000   56.52568045
   19.79708000   52.35845059
   20.29201000   58.04686510
   20.78693000   57.82445706
   21.28186000   53.77506401
   21.77679000   55.86779069
   22.27171000   44.93769436
   22.76664000   56.12382467
   23.26157000   50.98769055
   23.75649000   58.41443098
   24.25142000   50.73440528
   24.74635000   51.16908441
   25.24128000   49.35857155
   25.73620000   55.73764008
   26.23113000   51.00340090
   26.72606000   47.80734435
   27.22098000   51.95077941
   27.71591000   50.17558457
   28.21084000   48.22762091
   28.70576000   54.62165255
   29.20069000   47.53239214
   29.69562000   51.44245360
   30.19054000   56.86967260
   30.68547000   42.76246161
   31.18040000   53.23152237
   31.67533000   53.91559884
   32.17025000   33.71747315
   32.66518000   48.03278714
   33.16011000   50.89625367
   33.65503000   39.77215299
   34.14996000   48.62398827
   34.64489000   48.80112881
   35.13981000   43.92208421
   35.63474000   48.09739988
   36.12967000   51.02818263
   36.62460000   57.60933842
   37.11952000   50.89592099
   37.61445000   42.23138654
   38.10938000   49.44660328
   38.60430000   51.58771131
   39.09923000   47.22096990
   39.59416000   50.48700361
   40.08908000   48.46779371
   40.58401000   52.13993255
   41.07894000   56.54559754
   41.57386000   61.56976759
   42.06879000   43.18050616
   42.56372000   73.31867698
   43.05865000   75.36318410
   43.55357000   64.68242271
   44.04850000   66.41507494
   44.54343000   73.09512063
   45.03835000   66.36831366
   45.53328000   70.09257190
   46.02821000   73.37268639
   46.52313000   68.33889471
   47.01806000   64.49855822
   47.51299000   70.86333033
   48.00792000   62.15420501
   48.50284000   53.72596531
   48.99777000   70.11772459
   49.49269000   68.27795506
   49.98762000   42.07660688
   50.48255000   55.11995513
   50.97748000   58.49573443
   51.47240000   47.72035207
   51.96733000   55.25975953
   52.46226000   62.49001708
   52.95718000   51.54270606
   53.45211000   54.83060816
   53.94704000   59.71425990
   54.44197000   59.82438483
   54.93689000   51.88241962
   55.43182000   64.82153066
   55.92675000   58.56023669
   56.42167000   49.28848836
   56.91660000   58.40750528
   57.41153000   66.13430641
   57.90646000   49.36127814
   58.40138000   55.54699434
   58.89631000   54.25584163
   59.39124000   47.05272205
   59.88616000   53.78756143
   60.38109000   57.53994955
   60.87601000   51.11414334
   61.37094000   55.82805085
   61.86587000   63.31035486
   62.36080000   61.91557970
   62.85572000   60.49552084
   63.35065000   71.71311258
   63.84558000   66.91537783
   64.34051000   51.86457290
   64.83543000   72.55225554
   65.33036000   68.09376892
   65.82529000   47.51425793
   66.32021000   65.28983004
   66.81514000   63.20928350
   67.31007000   52.98246601
   67.80499000   62.18555603
   68.29992000   65.48000649
   68.79485000   59.49191233
   69.28977000   58.34911321
   69.78470000   51.43081434
   70.27962000   50.00131035
   70.77455000   45.27711137
   71.26949000   37.39399173
   71.76441000   42.21298779
   72.25934000   49.39528866
   72.75426000   52.69921161
   73.24919000   52.70789673
   73.74412000   48.36236721
   74.23904000   51.42256677
   74.73397000   45.94213092
   75.22890000   45.57217787
   75.72382000   61.02591820
   76.21875000   62.70579312
   76.71368000   55.86868889
   77.20860000   59.71839788
   77.70353000   57.49235744
   78.19846000   58.90386854
   78.69339000   51.12597035
   79.18832000   59.92190133
   79.68324000   57.69362192
   80.17817000   45.45471641
   80.67310000   58.54746862
   81.16802000   48.29126815
   81.66295000   43.28777498
   82.15788000   47.08639859
   82.65280000   46.00866674
   83.14773000   47.32205462
   83.64265000   52.20280652
   84.13758000   53.50948966
   84.63251000   48.89255373
   85.12743000   55.09204222
   85.62236000   52.41238908
   86.11729000   61.26203462
   86.61222000   53.55206964
   87.10715000   63.02579395
   87.60207000   75.33349815
   88.09700000   49.49499775
   88.59193000   80.32444345
   89.08685000   70.31364083
   89.58178000   58.32116878
   90.07671000   57.19175893
   90.57163000   51.36898140
   91.06656000   59.65937015
   91.56149000   63.23907944
   92.05641000   66.67148083
   92.55134000   61.52523914
   93.04626000   52.89221125
   93.54120000   46.96878196
   94.03613000   39.02985120
   94.53105000   39.22964166
   95.02598000   49.43524345
   95.52090000   56.02315632
   96.01583000   41.21021802
   96.51076000   69.87176509
   97.00568000   73.39048182
   97.50061000   52.56461020
   97.99554000   63.19704905
   98.49046000   60.77344480
   98.98539000   51.81633667
   99.48032000   39.89689923
   99.97524000   60.15783954
  100.47020000   50.10881885
  100.96510000   39.68519834
  101.46000000   46.53738035
  101.95500000   49.07599492
  102.44990000   37.87705403
  102.94480000   46.72460506
  103.43970000   51.12201196
  103.93470000   36.56528160
  104.42960000   48.80727364
  104.92450000   48.52958218
  105.41940000   37.88964298
  105.91440000   48.35827390
  106.40930000   40.39313732
  106.90420000   45.26446880
  107.39910000   54.94157519
  107.89410000   52.41282631
  108.38900000   44.23287380
  108.88390000   47.62775584
  109.37890000   52.72327608
  109.87380000   47.36008275
  110.36870000   45.81439050
  110.86360000   53.37035905
  111.35860000   48.40100098
  111.85350000   38.73681181
  112.34840000   50.92046289
  112.84330000   59.47105485
  113.33830000   40.28004573
  113.83320000   49.93835790
  114.32810000   49.77855302
  114.82310000   36.73348113
  115.31800000   43.23690940
  115.81290000   48.90124751
  116.30780000   36.00389047
  116.80280000   49.98865018
  117.29770000   49.72872274
  117.79260000   44.42576854
  118.28750000   51.31812911
  118.78250000   58.23390193
  119.27740000   50.88890243
  119.77230000   44.72891610
  120.26730000   61.32856263
  120.76220000   63.32954117
  121.25710000   55.95637259
  121.75200000   64.70768573
  122.24700000   61.64505501
  122.74190000   58.83924904
  123.23680000   54.27939309
  123.73170000   40.42422451
  124.22670000   59.31996856
  124.72160000   40.76480889
  125.21650000   58.74907345
  125.71140000   49.97225522
  126.20640000   41.95172217
  126.70130000   32.53797045
  127.19620000   47.74208990
  127.69120000   37.01577792
  128.18610000   40.20995965
  128.68100000   42.86232185
  129.17590000   39.97965357
  129.67090000   44.66058968
  130.16580000   49.14037094
  130.66070000   45.92199947
  131.15560000   36.76232194
  131.65060000   55.17523581
  132.14550000   57.91609080
  132.64040000   52.68138203
  133.13530000   69.23288023
  133.63030000   71.69613879
  134.12520000   42.06995789
  134.62010000   58.72363122
  135.11510000   59.63374378
  135.61000000   47.85669514
  136.10490000   44.15051414
  136.59980000   47.06777485
  137.09480000   46.54128706
  137.58970000   42.15374600
  138.08460000   48.14211160
  138.57950000   41.78141955
  139.07450000   45.55222522
  139.56940000   51.24880104
  140.06430000   49.50452597
  140.55920000   44.74139393
  141.05420000   48.69818462
  141.54910000   50.23508244
  142.04400000   33.61828595
  142.53900000   51.35815644
  143.03390000   56.31583523
  143.52880000   52.72655053
  144.02370000   65.41037441
  144.51870000   64.03576024
  145.01360000   55.60544537
  145.50850000   49.62193618
  146.00340000   47.38286488
  146.49840000   49.55831017
  146.99330000   45.79974439
  147.48820000   36.42420166
  147.98320000   45.61585127
  148.47810000   37.64493406
  148.97300000   39.60557552
  149.46790000   44.48571234
  149.96290000   27.76004357
  150.45780000   42.78798002
  150.95270000   43.86731371
  151.44760000   32.62308437
  151.94260000   40.79014926
  152.43750000   43.81032485
  152.93240000   44.71839251
  153.42740000   40.74460586
  153.92230000   54.15669036
  154.41720000   55.98981932
  154.91210000   47.19820449
  155.40710000   52.91955625
  155.90200000   53.11283378
  156.39690000   38.48209096
  156.89180000   53.23883362
  157.38680000   47.72374375
  157.88170000   38.03125497
  158.37660000   46.01111345
  158.87160000   43.36042290
  159.36650000   44.01533214
  159.86140000   47.99320610
  160.35630000   44.86085598
  160.85130000   43.85891066
  161.34620000   46.36269479
  161.84110000   44.54710766
  162.33600000   45.21366846
  162.83100000   45.28191501
  163.32590000   44.48859925
  163.82080000   44.33844683
  164.31580000   45.10614598
  164.81070000   47.65897816
  165.30560000   49.56749048
  165.80050000   45.53463229
  166.29550000   47.21646482
  166.79040000   44.35232687
  167.28530000   45.21563457
  167.78020000   48.66081922
  168.27520000   42.04364163
  168.77010000   44.38517385
  169.26500000   47.14578264
  169.75990000   49.23443376
  170.25490000   41.79435649
  170.74980000   46.20680975
  171.24470000   42.96201851
  171.73970000   30.66129846
  172.23460000   43.15345916
  172.72950000   49.30907833
  173.22440000   42.80231932
  173.71940000   38.11107343
  174.21430000   42.03470739
  174.70920000   52.64803507
  175.20410000   44.92373461
  175.69910000   49.15247819
  176.19400000   58.59167184
  176.68890000   48.52478189
  177.18390000   49.26770011
  177.67880000   62.15902403
  178.17370000   54.53996598
  178.66860000   52.70213011
  179.16360000   61.30985918
  179.65850000   53.66744698
  180.15340000   34.40736117
  180.64830000   52.33539948
  181.14330000   46.12966920
  181.63820000   35.52548020
  182.13310000   46.20734776
  182.62810000   40.03557053
  183.12300000   42.25537814
  183.61790000   48.22372317
  184.11280000   46.48811414
  184.60780000   53.94634436
  185.10270000   65.28454822
  185.59760000   71.51017684
  186.09250000   62.19845950
  186.58750000   51.03293187
  187.08240000   68.48324450
  187.57730000   58.22393972
  188.07230000   53.17751891
  188.56720000   62.70262918
  189.06210000   60.64261665
  189.55700000   47.61740018
  190.05200000   44.79622455
  190.54690000   71.53159967
  191.04180000   58.59130652
  191.53670000   67.78724225
  192.03170000   71.98797576
  192.52660000   39.12361990
  193.02150000   52.17907411
  193.51640000   47.35290063
  194.01140000   39.63142425
  194.50630000   43.68660472
  195.00120000   51.68058741
  195.49620000   52.12056153
  195.99110000   37.22872232
  196.48600000   43.79136946
  196.98090000   55.12250460
  197.47590000   50.04771889
  197.97080000   41.79124877
  198.46570000   49.62292513
  198.96060000   54.26939040
  199.45560000   57.46925405
  199.95050000   57.35599237
  200.44540000   50.99314463
  200.94030000   52.48141274
  201.43530000   57.61821657
  201.93020000   45.46625687
  202.42510000   49.46314695
  202.92010000   58.76784318
  203.41500000   51.11394667
  203.90990000   41.11498381
  204.40480000   43.91680938
  204.89980000   44.45819419
  205.39470000   32.67159506
  205.88960000   47.08390983
  206.38450000   38.85394056
  206.87950000   39.97863263
  207.37440000   45.08034335
  207.86930000   45.38402064
  208.36420000   48.18577018
  208.85920000   50.57382641
  209.35410000   50.94317967
  209.84900000   41.21173736
  210.34400000   46.49160206
  210.83890000   41.90039889
  211.33380000   42.92456870
  211.82870000   45.27715391
  212.32370000   50.86241601
  212.81860000   49.57149060
  213.31350000   48.85328298
  213.80840000   44.85656758
  214.30340000   34.00902078
  214.79830000   46.57846389
  215.29320000   37.00260185
  215.78810000   45.55920542
  216.28310000   40.31053643
  216.77800000   30.71128146
  217.27290000   41.44910597
  217.76790000   42.18925392
  218.26280000   38.19963909
  218.75770000   45.57513200
  219.25260000   44.48732914
  219.74760000   47.09466892
  220.24250000   42.37645894
  220.73740000   46.75580681
  221.23230000   45.84195294
  221.72730000   39.84017335
  222.22220000   56.10110931
  222.71710000   55.02996870
  223.21210000   32.10768204
  223.70700000   61.35590794
  224.20190000   55.46271640
  224.69680000   44.86742926
  225.19180000   46.85069355
  225.68670000   48.03605105
  226.18160000   38.96603477
  226.67650000   50.71250996
  227.17150000   55.27752676
  227.66640000   38.11216274
  228.16130000   49.50704512
  228.65630000   50.52802727
  229.15120000   40.75875907
  229.64610000   49.39275737
  230.14100000   56.82422556
  230.63600000   54.58699979
  231.13090000   53.61004113
  231.62580000   67.35783963
  232.12070000   61.68647896
  232.61570000   45.73486976
  233.11060000   60.96310313
  233.60550000   59.36036878
  234.10040000   43.57458137
  234.59540000   60.37322696
  235.09030000   64.83749411
  235.58520000   49.86571834
  236.08020000   61.13834093
  236.57510000   57.10712822
  237.07000000   52.08333261
  237.56490000   47.57923913
  238.05990000   45.52146943
  238.55480000   43.52320805
  239.04970000   43.04528833
  239.54460000   43.31425722
  240.03960000   47.75462369
  240.53450000   44.77622383
  241.02940000   52.95293508
  241.52440000   48.59038874
  242.01930000   40.04045771
  242.51420000   51.47612211
  243.00910000   51.39827276
  243.50410000   41.70107152
  243.99900000   58.90276844
  244.49390000   59.67306854
  244.98880000   41.35913791
  245.48380000   48.37933891
  245.97870000   49.68028353
  246.47360000   50.22452869
  246.96860000   52.59801868
  247.46350000   35.09709995
  247.95840000   43.47581719
  248.45330000   32.74221373
  248.94830000   33.57048213
  249.44320000   44.41351539
  249.93810000   34.33783775
  250.43300000   40.84412516
  250.92800000   45.87554254
  251.42290000   39.02244025
  251.91780000   49.26470473
  252.41280000   49.31537785
  252.90770000   35.16766646
  253.40260000   50.70620079
  253.89750000   50.94414520
  254.39250000   49.01218686
  254.88740000   52.35007347
  255.38230000   55.98825144
  255.87720000   52.75604567
  256.37220000   44.28050945
  256.86710000   43.86012446
  257.36200000   49.49024074
  257.85690000   45.43163273
  258.35190000   33.85721848
  258.84680000   47.88716836
  259.34170000   43.31191793
  259.83660000   40.12166329
  260.33160000   48.35364955
  260.82650000   43.08652965
  261.32140000   43.95436067
  261.81640000   44.15667170
  262.31130000   37.99749961
  262.80620000   45.43408920
  263.30110000   50.21666153
  263.79610000   49.04081197
  264.29100000   50.07792783
  264.78590000   50.81661384
  265.28090000   59.91039565
  265.77580000   40.56830641
  266.27070000   55.67069695
  266.76560000   58.94659922
  267.26060000   34.04547523
  267.75550000   54.17450596
  268.25040000   65.92784465
  268.74530000   37.51615253
  269.24030000   65.57061634
  269.73520000   69.43738671
  270.23010000   43.34577776
  270.72500000   33.09497263
  271.22000000   52.24899936
  271.71490000   33.36195544
  272.20980000   44.89484369
  272.70470000   54.38167374
  273.19970000   60.85206654
  273.69460000   44.40997965
  274.18950000   57.93104202
  274.68440000   53.17972545
  275.17940000   46.35003789
  275.67430000   33.04010859
  276.16930000   55.65751214
  276.66420000   55.38032352
  277.15910000   53.01051305
  277.65400000   56.05549544
  278.14900000   56.51992939
  278.64390000   46.70339276
  279.13880000   52.67412968
  279.63370000   51.60268477
  280.12870000   38.92770108
  280.62360000   52.15854989
  281.11850000   61.79126946
  281.61340000   48.88809875
  282.10840000   64.35850928
  282.60330000   60.55414156
  283.09820000   37.02259955
  283.59310000   37.94572111
  284.08810000   41.46873477
  284.58300000   46.66281668
  285.07790000   39.31403464
  285.57280000   57.01088291
  286.06780000   47.83981360
  286.56270000   46.65168536
  287.05760000   62.87824326
  287.55260000   47.32170791
  288.04750000   46.40252635
  288.54240000   47.57595243
  289.03740000   51.66409818
  289.53230000   40.77962319
  290.02720000   40.74624661
  290.52210000   50.14913662
  291.01710000   47.37393633
  291.51200000   54.60023686
  292.00690000   37.79892451
  292.50180000   42.01847801
  292.99680000   42.04345751
  293.49170000   39.05595235
  293.98660000   39.72090145
  294.48150000   36.82697974
  294.97650000   44.72144288
  295.47140000   41.56461397
  295.96630000   49.27289965
  296.46120000   52.51561344
  296.95620000   51.01690775
  297.45110000   42.95476911
  297.94600000   58.38065295
  298.44090000   57.26190607
  298.93590000   56.30157875
  299.43080000   59.11918839
  299.92580000   60.82625547
  300.42070000   56.45329630
  300.91560000   49.28882412
  301.41050000   55.26120522
  301.90550000   55.22328475
  302.40040000   53.41377464
  302.89530000   49.38611206
  303.39020000   50.52603877
  303.88520000   43.08120030
  304.38010000   43.08783027
  304.87500000   42.45678239
  305.36990000   44.16672452
  305.86490000   30.41370132
  306.35980000   50.29459006
  306.85470000   38.34065484
  307.34960000   36.65618633
  307.84460000   53.33741675
  308.33950000   45.87666078
  308.83440000   53.37742853
  309.32930000   51.44579223
  309.82430000   51.81117773
  310.31920000   47.99570211
  310.81410000   46.40833166
  311.30910000   51.71301104
  311.80400000   37.95693119
  312.29890000   50.09244784
  312.79380000   52.37860250
  313.28880000   45.04984112
  313.78370000   52.16462545
  314.27860000   62.88487937
  314.77360000   51.33030527
  315.26850000   36.08348356
  315.76340000   47.87815549
  316.25830000   38.25813438
  316.75330000   25.81013272
  317.24820000   40.05135034
  317.74310000   57.06945648
  318.23800000   36.68191742
  318.73300000   58.75980962
  319.22790000   61.14542437
  319.72280000   42.60822032
  320.21770000   49.85704404
  320.71270000   38.85502134
  321.20760000   40.03026063
  321.70250000   28.47116485
  322.19740000   57.97395263
  322.69240000   36.17502592
  323.18730000   43.58250169
  323.68220000   51.29575962
  324.17720000   44.40438471
  324.67210000   43.16586973
  325.16700000   47.54572540
  325.66190000   48.49053691
  326.15690000   33.02734103
  326.65180000   43.53439916
  327.14670000   43.49107034
  327.64160000   46.62088037
  328.13660000   35.89859413
  328.63150000   48.92078176
  329.12640000   44.35293401
  329.62140000   54.34596676
  330.11630000   63.72289402
  330.61120000   57.21055610
  331.10610000   52.50073034
  331.60110000   61.17936612
  332.09600000   60.43477933
  332.59090000   54.35189010
  333.08580000   62.89321675
  333.58080000   70.47760912
  334.07570000   44.06369267
  334.57060000   50.19658195
  335.06560000   57.53558208
  335.56050000   43.57999813
  336.05540000   49.38415685
  336.55030000   42.68031633
  337.04530000   34.30987331
  337.54020000   41.93217540
  338.03510000   40.50619455
  338.53000000   39.42816168
  339.02500000   45.02621221
  339.51990000   31.58652279
  340.01480000   47.79528001
  340.50970000   47.36356162
  341.00470000   44.52217519
  341.49960000   43.89926701
  341.99450000   45.84277086
  342.48940000   51.48407742
  342.98440000   51.74212323
  343.47930000   49.72892614
  343.97420000   52.52399142
  344.46920000   46.90578510
  344.96410000   50.13556022
  345.45900000   44.51404624
  345.95390000   48.42293564
  346.44890000   53.58581001
  346.94380000   43.59428852
  347.43870000   43.50387230
  347.93370000   51.49060979
  348.42860000   47.20147664
  348.92350000   45.29819610
  349.41840000   40.25303753
  349.91340000   46.31787039
  350.40830000   42.79006947
  350.90320000   50.19126578
  351.39810000   43.61511182
  351.89310000   39.20272914
  352.38800000   52.44138269
  352.88290000   25.22344486
  353.37780000   45.30590856
  353.87280000   48.32167110
  354.36770000   51.05395135
  354.86260000   42.06425682
  355.35750000   43.65059105
  355.85250000   48.79840123
  356.34740000   40.30758373
  356.84230000   50.24455409
  357.33720000   46.97856270
  357.83220000   41.54253798
  358.32710000   51.02266113
  358.82210000   41.34576849
  359.31700000   46.21562354
  359.81190000   51.85677654
  360.30680000   48.21625226
  360.80180000   39.14198586
  361.29670000   44.89915468
  361.79160000   50.40093936
  362.28650000   50.51611251
  362.78150000   51.84504045
  363.27640000   58.68187707
  363.77130000   57.83361656
  364.26620000   42.12282357
  364.76120000   56.82032286
  365.25610000   40.49846042
  365.75100000   41.18513136
  366.24590000   53.58849055
  366.74090000   40.94111234
  367.23580000   49.46293613
  367.73070000   49.94642259
  368.22560000   44.15390077
  368.72060000   44.32353169
  369.21550000   46.01785822
  369.71040000   46.59514997
  370.20540000   44.04866917
  370.70030000   41.56024953
  371.19520000   46.25484824
  371.69020000   43.59832610
  372.18510000   45.12045448
  372.68000000   46.38370701
  373.17490000   45.30282014
  373.66990000   46.70532904
  374.16480000   37.58357295
  374.65970000   44.66377535
  375.15460000   50.78645273
  375.64960000   51.08422267
  376.14450000   56.71699516
  376.63940000   48.14802169
  377.13430000   56.51896306
  377.62930000   58.57597694
  378.12420000   62.38651775
  378.61910000   30.93624677
  379.11400000   53.68876666
  379.60900000   55.47639997
  380.10390000   50.68056101
  380.59880000   54.76390244
  381.09380000   53.60055444
  381.58870000   44.31627605
  382.08360000   49.43169670
  382.57860000   46.83680962
  383.07350000   45.09841498
  383.56840000   45.59560607
  384.06330000   45.34179318
  384.55830000   45.31718869
  385.05320000   47.23889321
  385.54810000   48.30572066
  386.04300000   48.83674236
  386.53800000   50.26186867
  387.03290000   54.07780253
  387.52780000   57.80570643
  388.02270000   58.38541600
  388.51770000   50.25710606
  389.01260000   52.39496369
  389.50750000   50.28800023
  390.00240000   50.74709916
  390.49740000   60.22899903
  390.99230000   48.68588159
  391.48720000   49.23134170
  391.98210000   46.72417093
  392.47710000   42.07872537
  392.97200000   34.82637405
  393.46690000   44.10409184
  393.96190000   42.92405457
  394.45680000   41.54743205
  394.95170000   44.86026587
  395.44670000   31.92539014
  395.94160000   45.42186588
  396.43650000   49.30714508
  396.93140000   43.37378841
  397.42640000   35.50709906
  397.92130000   41.28817043
  398.41620000   47.16643575
  398.91110000   49.33515534
  399.40610000   44.74689992
  399.90100000   41.60259637
  400.39590000   43.68723736
  400.89080000   37.57134937
  401.38580000   46.54974243
  401.88070000   41.96599276
  402.37560000   43.05131184
  402.87050000   44.82701373
  403.36550000   41.27292650
  403.86040000   40.91130672
  404.35530000   37.81199382
  404.85030000   39.59139956
  405.34520000   41.67306439
  405.84010000   37.63837872
  406.33500000   51.69483155
  406.83000000   48.42429568
  407.32490000   58.46454566
  407.81980000   62.69065159
  408.31470000   51.99737003
  408.80970000   44.79945994
  409.30460000   55.20993340
  409.79950000   25.91436384
  410.29450000   29.88659179
  410.78940000   53.63138601
  411.28430000   45.29668411
  411.77920000   41.42874347
  412.27420000   50.07348990
  412.76910000   52.20914639
  413.26400000   27.19152212
  413.75890000   48.54764754
  414.25390000   39.17294480
  414.74880000   44.89480433
  415.24370000   45.42984626
  415.73860000   41.74581781
  416.23360000   37.60949129
  416.72850000   41.29418109
  417.22340000   43.50853164
  417.71840000   30.76618854
  418.21330000   22.63094922
  418.70820000   47.25864795
  419.20310000   41.45573228
  419.69810000   30.98053822
  420.19300000   49.05954830
  420.68790000   45.87991436
  421.18280000   33.36761698
  421.67780000   48.55678858
  422.17270000   45.95409808
  422.66760000   45.45383135
  423.16250000   44.17744905
  423.65750000   50.72924790
  424.15240000   44.92820975
  424.64730000   41.57021542
  425.14230000   54.00115011
  425.63720000   50.57771917
  426.13210000   38.18520991
  426.62700000   53.16472667
  427.12200000   35.44337392
  427.61690000   25.89931601
  428.11180000   41.51031620
  428.60680000   41.40584581
  429.10170000   49.15243659
  429.59660000   45.32505583
  430.09150000   41.00332460
  430.58650000   29.30449738
  431.08140000   38.99337056
  431.57630000   41.32866332
  432.07120000   43.02243958
  432.56620000   34.94255405
  433.06110000   48.00525203
  433.55600000   42.46480236
  434.05090000   40.87280157
  434.54590000   45.79998465
  435.04080000   44.48595727
  435.53570000   34.14034865
  436.03060000   40.87717238
  436.52560000   31.64813746
  437.02050000   31.04064669
  437.51540000   29.15227767
  438.01030000   30.73839192
  438.50530000   23.52335772
  439.00020000   32.53908339
  439.49510000   30.40545260
  439.99010000   31.50291475
  440.48500000   28.73352860
  440.97990000   37.79395113
  441.47490000   37.55272989
  441.96980000   43.59693913
  442.46470000   37.58878229
  442.95960000   41.64846741
  443.45460000   43.29411293
  443.94950000   42.67422701
  444.44440000   36.32389900
  444.93930000   40.69611904
  445.43430000   46.83513316
  445.92920000   47.32338403
  446.42410000   42.10668410
  446.91900000   39.16845509
  447.41400000   36.24519474
  447.90890000   39.43879895
  448.40380000   31.90450419
  448.89870000   33.87469078
  449.39370000   42.02386600
  449.88860000   31.44622956
  450.38350000   35.32760784
  450.87840000   40.67537705
  451.37340000   43.44133107
  451.86830000   58.18842781
  452.36330000   58.82141639
  452.85820000   37.20694100
  453.35310000   40.87617491
  453.84800000   46.02298285
  454.34300000   33.60548989
  454.83790000   38.79196943
  455.33280000   44.77167652
  455.82770000   38.65417686
  456.32270000   41.49865347
  456.81760000   32.07375229
  457.31250000   40.97748415
  457.80740000   31.36165114
  458.30240000   48.10467410
  458.79730000   46.12232393
  459.29220000   37.22909053
  459.78710000   45.45020986
  460.28210000   42.11192148
  460.77700000   40.97193103
  461.27190000   44.60424536
  461.76680000   38.84350342
  462.26180000   41.47218771
  462.75670000   48.34822668
  463.25160000   44.79480171
  463.74660000   48.72129077
  464.24150000   41.81299844
  464.73640000   53.13103723
  465.23140000   35.89557453
  465.72630000   43.46494489
  466.22120000   32.76824116
  466.71610000   47.37237942
  467.21110000   40.24657162
  467.70600000   46.13826774
  468.20090000   45.42985332
  468.69580000   42.45395294
  469.19080000   44.69504820
  469.68570000   44.58427008
  470.18060000   44.47004616
  470.67550000   45.49796970
  471.17050000   46.95309236
  471.66540000   44.36576032
  472.16030000   44.77456769
  472.65520000   46.51976996
  473.15020000   46.60768206
  473.64510000   44.53623675
  474.14000000   48.32014919
  474.63490000   54.85026083
  475.12990000   45.89665162
  475.62480000   58.33225547
  476.11970000   52.10901791
  476.61470000   48.95765601
  477.10960000   38.46021247
  477.60450000   41.13618729
  478.09950000   43.77766337
  478.59440000   43.09764733
  479.08930000   44.67885857
  479.58420000   49.10312485
  480.07920000   44.29310411
  480.57410000   45.38382808
  481.06900000   50.63888608
  481.56390000   45.50182846
  482.05890000   45.62257655
  482.55380000   47.53923811
  483.04870000   45.39535868
  483.54360000   45.29491512
  484.03860000   44.26425402
  484.53350000   44.70539105
  485.02840000   45.10879400
  485.52330000   44.64421718
  486.01830000   47.63439538
  486.51320000   48.23211788
  487.00810000   53.42603165
  487.50310000   47.59374256
  487.99800000   39.21723989
  488.49290000   51.17832903
  488.98780000   51.12866535
  489.48280000   40.95436290
  489.97770000   42.81596772
  490.47260000   49.48938891
  490.96750000   46.64535315
  491.46250000   45.29509113
  491.95740000   43.59410130
  492.45230000   47.88652587
  492.94730000   44.01466511
  493.44220000   46.01317726
  493.93710000   44.33330418
  494.43200000   44.94547259
