 HEIGHT =    8.00000000000000     
 Time        Sound Pressure(decibal)
    0.00202050   89.59467316
    0.00404100   89.51275635
    0.00606150   82.01053619
    0.00808200   86.27818298
    0.01010250   87.21585846
    0.01212300   86.37287903
    0.01414350   80.37303925
    0.01616400   80.58769989
    0.01818450   81.44464111
    0.02020500   81.11330414
    0.02222550   82.29157257
    0.02424600   80.19615173
    0.02626651   94.17700958
    0.02828701   91.26944733
    0.03030751   91.23553467
    0.03232801   94.69287872
    0.03434851   89.21443939
    0.03636901   90.92800140
    0.03838951   82.87094116
    0.04041001   88.83959198
    0.04243051   96.36199188
    0.04445101   89.39504242
    0.04647151   92.86044312
    0.04849201   87.49256134
    0.05051251   86.18804932
    0.05253301   95.08135223
    0.05455351   97.05870819
    0.05657401   92.22109222
    0.05859451   97.73765564
    0.06061501   91.33383942
    0.06263551   87.42585754
    0.06465601   76.79183960
    0.06667651   87.49698639
    0.06869701   69.75925446
    0.07071751   89.82538605
    0.07273801   93.10518646
    0.07475851   88.56414795
    0.07677902   88.95507812
    0.07879952   77.35364532
    0.08082002   88.89154053
    0.08284052   92.23760986
    0.08486102   84.82100677
    0.08688152   77.25962067
    0.08890202   85.24396515
    0.09092252   82.55678558
    0.09294302   92.61983490
    0.09496352   88.86953735
    0.09698402   77.02864838
    0.09900452   81.19963837
    0.10102502   79.92448425
    0.10304552   91.67498779
    0.10506602   93.17711639
    0.10708652   84.46827698
    0.10910702   88.17729187
    0.11112752   84.65344238
    0.11314802   81.10617065
    0.11516852   88.54483032
    0.11718902   60.90480042
    0.11920952   83.91416168
    0.12123002   84.87532043
    0.12325052   89.45053101
    0.12527102   92.45509338
    0.12729153   87.85305786
    0.12931203   86.36246490
    0.13133253   86.62817383
    0.13335303   78.11204529
    0.13537353   77.29817963
    0.13739403   86.36244202
    0.13941453   86.17239380
    0.14143503   86.55457306
    0.14345553   85.27577209
    0.14547603   81.90459442
    0.14749653   85.17709351
    0.14951703   87.70755005
    0.15153753   90.22684479
    0.15355803   87.36479950
    0.15557853   83.35981750
    0.15759903   87.27590179
    0.15961953   86.76576996
    0.16164003   88.09075165
    0.16366053   92.76223755
    0.16568103   91.46826935
    0.16770153   80.58049011
    0.16972203   89.86177826
    0.17174253   90.06531525
    0.17376303   87.06982422
    0.17578353   93.91860962
    0.17780404   89.14276886
    0.17982454   92.37915802
    0.18184504   91.26528931
    0.18386554   85.55057526
    0.18588604   89.36364746
    0.18790654   91.02435303
    0.18992704   93.77207947
    0.19194754   91.98092651
    0.19396804   85.53959656
    0.19598854   86.86115265
    0.19800904   92.88196564
    0.20002954   88.65810394
    0.20205004   88.76040649
    0.20407054   76.67923737
    0.20609104   79.10079956
    0.20811154   90.09835815
    0.21013204   93.28440857
    0.21215254   92.80731201
    0.21417304   86.13508606
    0.21619354   86.08023834
    0.21821404   83.27829742
    0.22023454   86.48162842
    0.22225504   83.38681030
    0.22427554   85.86891174
    0.22629604   72.52263641
    0.22831655   80.34022522
    0.23033705   92.64627838
    0.23235755   90.64186096
    0.23437805   85.42434692
    0.23639855   92.86968994
    0.23841905   90.10828400
    0.24043955   86.01515961
    0.24246005   84.39125061
    0.24448055   88.77366638
    0.24650105   89.88967896
    0.24852155   89.61875153
    0.25054205   83.14290619
    0.25256255   85.46269989
    0.25458305   76.91037750
    0.25660355   87.76058197
    0.25862405   93.15604401
    0.26064455   86.35175323
    0.26266505   88.24146271
    0.26468555   89.99573517
    0.26670605   90.56934357
    0.26872655   91.59472656
    0.27074705   87.80386353
    0.27276755   86.83506012
    0.27478805   94.12579346
    0.27680855   90.04950714
    0.27882906   94.25515747
    0.28084956   92.24467468
    0.28287006   80.35629272
    0.28489056   94.03778076
    0.28691106   90.10444641
    0.28893156   87.65792084
    0.29095206   79.78898621
    0.29297256   84.45728302
    0.29499306   94.98821259
    0.29701356   90.19965363
    0.29903406   91.02056122
    0.30105456   90.04155731
    0.30307506   92.28532410
    0.30509556   89.39458466
    0.30711606   91.15478516
    0.30913656   84.65221405
    0.31115706   81.77391052
    0.31317756   85.35444641
    0.31519806   90.53514862
    0.31721856   87.22773743
    0.31923906   90.84582520
    0.32125956   85.24059296
    0.32328006   90.23627472
    0.32530056   92.09722900
    0.32732106   92.58918762
    0.32934157   79.06494141
    0.33136207   82.60698700
    0.33338257   89.04067993
    0.33540307   90.65377808
    0.33742357   84.93782806
    0.33944407   84.45915985
    0.34146457   85.40294647
    0.34348507   90.10848236
    0.34550557   89.92398834
    0.34752607   92.18386078
    0.34954657   82.43917084
    0.35156707   89.31469727
    0.35358757   91.12879181
    0.35560807   89.08007812
    0.35762857   78.61769104
    0.35964907   85.29765320
    0.36166957   88.59159851
    0.36369007   94.00291443
    0.36571057   93.21808624
    0.36773107   89.82002258
    0.36975157   74.98409271
    0.37177207   89.91343689
    0.37379257   90.86620331
    0.37581307   89.67642212
    0.37783358   83.94834900
    0.37985408   89.55673218
    0.38187458   87.67255402
    0.38389508   92.31686401
    0.38591558   92.97467804
    0.38793608   88.89526367
    0.38995658   91.32283020
    0.39197708   94.67629242
    0.39399758   91.23586273
    0.39601808   89.57582855
    0.39803858   87.34181976
    0.40005908   82.68182373
    0.40207958   92.72792816
    0.40410008   87.79826355
    0.40612058   90.25559998
    0.40814108   86.10367584
    0.41016158   89.88979340
    0.41218208   93.39521027
    0.41420258   93.93624878
    0.41622308   92.18530273
    0.41824358   88.32146454
    0.42026408   87.75747681
    0.42228458   89.29069519
    0.42430508   92.94782257
    0.42632558   87.40319824
    0.42834609   80.69901276
    0.43036659   91.91107178
    0.43238709   90.94819641
    0.43440759   93.51794434
    0.43642809   89.71134186
    0.43844859   83.88175964
    0.44046909   74.25946045
    0.44248959   86.12676239
    0.44451009   72.49554443
    0.44653059   87.72052002
    0.44855109   87.76023102
    0.45057159   88.90859222
    0.45259209   93.65002441
    0.45461259   92.13490295
    0.45663309   92.24931335
    0.45865359   92.83442688
    0.46067409   89.84745789
    0.46269459   85.05310822
    0.46471509   81.62613678
    0.46673559   87.38743591
    0.46875609   79.88998413
    0.47077659   88.68355560
    0.47279709   85.47140503
    0.47481759   77.58977509
    0.47683809   77.15656281
    0.47885860   91.61707306
    0.48087910   93.15523529
    0.48289960   86.66381073
    0.48492010   89.78197479
    0.48694060   82.61199951
    0.48896110   85.92090607
    0.49098160   80.52865601
    0.49300210   87.97451782
    0.49502260   82.53975677
    0.49704310   83.98062897
    0.49906360   91.20810699
    0.50108410   93.71897888
    0.50310460   91.96077728
    0.50512510   86.51076508
    0.50714560   94.08236694
    0.50916610   91.43071747
    0.51118660   91.25200653
    0.51320710   85.66976166
    0.51522760   87.09276581
    0.51724810   93.83924103
    0.51926860   94.77665710
    0.52128910   90.25074768
    0.52330960   92.37058258
    0.52533010   84.97025299
    0.52735060   92.28829956
    0.52937111   93.19957733
    0.53139161   84.89303589
    0.53341211   83.00944519
    0.53543261   80.30202484
    0.53745311   92.22555542
    0.53947361   97.00230408
    0.54149411   95.23927307
    0.54351461   86.00937653
    0.54553511   80.87805176
    0.54755561   92.85314178
    0.54957611   93.76834869
    0.55159661   92.37905884
    0.55361711   84.97290802
    0.55563761   87.53374481
    0.55765811   89.18196106
    0.55967861   80.99526215
    0.56169911   86.67022705
    0.56371961   86.32958984
    0.56574011   91.11267090
    0.56776061   91.28327942
    0.56978111   82.70182800
    0.57180161   80.57702637
    0.57382211   81.36641693
    0.57584261   88.11309814
    0.57786311   85.83657837
    0.57988362   55.81998062
    0.58190412   81.55247498
    0.58392462   91.60823059
    0.58594512   88.35998535
    0.58796562   94.90006256
    0.58998612   92.62048340
    0.59200662   88.63149261
    0.59402712   80.18639374
    0.59604762   86.84820557
    0.59806812   85.97787476
    0.60008862   92.15585327
    0.60210912   93.33782959
    0.60412962   79.27468109
    0.60615012   76.43760681
    0.60817062   91.45965576
    0.61019112   95.87870026
    0.61221162   95.71525574
    0.61423212   90.39511108
    0.61625262   82.68198395
    0.61827312   81.13584137
    0.62029362   89.26254272
    0.62231412   90.36164093
    0.62433462   89.85938263
    0.62635512   81.01518250
    0.62837562   89.06694794
    0.63039613   96.09154510
    0.63241663   96.93784332
    0.63443713   96.67065430
    0.63645763   93.97914124
    0.63847813   64.67553711
    0.64049863   90.73803711
    0.64251913   79.88269043
    0.64453963   89.51839447
    0.64656013   79.52141571
    0.64858063   90.45923615
    0.65060113   80.44881439
    0.65262163   89.10289764
    0.65464213   97.52493286
    0.65666263   94.64569092
    0.65868313   90.48114777
    0.66070363   88.09093475
    0.66272413   90.57420349
    0.66474463   81.86773682
    0.66676513   92.82614136
    0.66878563   86.98947906
    0.67080613   89.65256500
    0.67282663   93.86650848
    0.67484713   95.64987183
    0.67686763   94.86919403
    0.67888813   93.28494263
    0.68090864   94.22857666
    0.68292914   93.58097839
    0.68494964   87.43397522
    0.68697014   89.34664917
    0.68899064   92.77397919
    0.69101114   87.88185120
    0.69303164   90.01906586
    0.69505214   92.03713226
    0.69707264   92.98818970
    0.69909314   87.85446930
    0.70111364   96.37210846
    0.70313414   98.79235077
    0.70515464   92.55228424
    0.70717514   78.02864075
    0.70919564   88.92671967
    0.71121614   87.05989838
    0.71323664   85.06702423
    0.71525714   92.64852905
    0.71727764   82.73539734
    0.71929814   82.21478271
    0.72131864   88.74188232
    0.72333914   93.59985352
    0.72535964   93.35498810
    0.72738014   93.27400970
    0.72940064   86.34405518
    0.73142115   94.78621674
    0.73344165   87.15264893
    0.73546215   82.65026093
    0.73748265   84.34893036
    0.73950315   89.45087433
    0.74152365   89.85196686
    0.74354415   86.63156128
    0.74556465   95.71658325
    0.74758515   94.21009064
    0.74960565   94.20493317
    0.75162615   92.97425842
    0.75364665   83.22866058
    0.75566715   87.08855438
    0.75768765   84.96914673
    0.75970815   87.71588898
    0.76172865   91.90679169
    0.76374915   85.35381317
    0.76576965   83.51287079
    0.76779015   87.99931335
    0.76981065   93.42996979
    0.77183115   96.47245026
    0.77385165   91.95978546
    0.77587215   84.47379303
    0.77789265   86.08721161
    0.77991315   81.05699158
    0.78193366   74.59812927
    0.78395416   90.16041565
    0.78597466   82.92789459
    0.78799516   85.79262543
    0.79001566   89.14425659
    0.79203616   97.24622345
    0.79405666   96.92214203
    0.79607716   85.40718079
    0.79809766   89.31201935
    0.80011816   92.16157532
    0.80213866   87.70555878
    0.80415916   91.15516663
    0.80617966   96.22840118
    0.80820016   90.98390961
    0.81022066   89.44913483
    0.81224116   89.01816559
    0.81426166   94.55804443
    0.81628216   90.61609650
    0.81830266   92.16831970
    0.82032316   93.63755798
    0.82234366   88.40907288
    0.82436416   91.80101776
    0.82638466   82.92510223
    0.82840516   94.22062683
    0.83042566   78.44639587
    0.83244617   80.29457855
    0.83446667   89.27051544
    0.83648717   90.98825073
    0.83850767   92.07623291
    0.84052817   95.43662262
    0.84254867   94.25370026
    0.84456917   90.92482758
    0.84658967   94.95221710
    0.84861017   90.22514343
    0.85063067   84.31888580
    0.85265117   91.18919373
    0.85467167   90.44276428
    0.85669217   92.75225830
    0.85871267   83.96840668
    0.86073317   93.54816437
    0.86275367   96.87803650
    0.86477417   81.62288666
    0.86679467   92.93136597
    0.86881517   92.98896790
    0.87083567   87.69612122
    0.87285617   87.54598236
    0.87487667   94.80416870
    0.87689717   93.47062683
    0.87891767   88.05069733
    0.88093817   83.61564636
    0.88295868   83.77834320
    0.88497918   85.07403564
    0.88699968   91.07917023
    0.88902018   90.19013977
    0.89104068   89.84133911
    0.89306118   97.80448914
    0.89508168   93.60833740
    0.89710218   88.92030334
    0.89912268   91.32692719
    0.90114318   88.04943848
    0.90316368   92.91182709
    0.90518418   94.96796417
    0.90720468   94.89072418
    0.90922518   93.25429535
    0.91124568   93.79542542
    0.91326618   95.38336182
    0.91528668   96.18121338
    0.91730718   87.45836639
    0.91932768   79.33052826
    0.92134818   76.81327820
    0.92336868   89.17932129
    0.92538918   92.02492523
    0.92740968   86.43293762
    0.92943018   89.20980835
    0.93145068   87.78527069
    0.93347119   88.47702789
    0.93549169   96.42031860
    0.93751219   86.35771179
    0.93953269   90.54156494
    0.94155319   90.46717834
    0.94357369   87.33165741
    0.94559419   92.83018494
    0.94761469   92.95090485
    0.94963519   90.98695374
    0.95165569   83.01844788
    0.95367619   83.95189667
    0.95569669   97.28908539
    0.95771719   93.58313751
    0.95973769   94.18172455
    0.96175819   95.71932983
    0.96377869   94.45933533
    0.96579919   93.88525391
    0.96781969   88.78168488
    0.96984019   87.17649841
    0.97186069   85.79521179
    0.97388119   74.04244995
    0.97590169   86.69975281
    0.97792219   95.29326630
    0.97994269   93.78742218
    0.98196319   97.37091827
    0.98398370   98.63548279
    0.98600420   89.30027008
    0.98802470   84.95468903
    0.99004520   88.41188812
    0.99206570   91.97762299
    0.99408620   95.51161194
    0.99610670   91.60626984
    0.99812720   90.46133423
    1.00014770   90.41211700
    1.00216820   93.22283173
    1.00418870   99.42502594
    1.00620920   96.95231628
    1.00822970   89.48164368
    1.01025020   92.32402039
    1.01227070   94.37447357
    1.01429120   93.05874634
    1.01631170   89.92859650
    1.01833220   87.44387817
    1.02035270   91.10832214
    1.02237320   92.85844421
    1.02439370   94.30631256
    1.02641420   97.78834534
    1.02843470   93.34043121
    1.03045520   93.34456635
    1.03247570   92.96797943
    1.03449621   94.58976746
    1.03651671   90.71942139
    1.03853721   91.78439331
    1.04055771   85.89438629
    1.04257821   92.71281433
    1.04459871   95.06063080
    1.04661921   95.22738647
    1.04863971   90.29097748
    1.05066021   87.51539612
    1.05268071   94.84456635
    1.05470121   95.85834503
    1.05672171   84.91950226
    1.05874221   80.71226501
    1.06076271   95.69543457
    1.06278321   90.18975830
    1.06480371   91.77609253
    1.06682421   89.14916229
    1.06884471   93.70970917
    1.07086521   84.89082336
    1.07288571   86.90451813
    1.07490621   80.26383209
    1.07692671   83.73104095
    1.07894721   93.07686615
    1.08096771   84.43597412
    1.08298822   94.64105988
    1.08500872   90.49555969
    1.08702922   80.81093597
    1.08904972   79.04004669
    1.09107022   88.91531372
    1.09309072   80.10871887
    1.09511122   87.30254364
    1.09713172   84.69596863
    1.09915222   82.32289886
    1.10117272   90.53742218
    1.10319322   73.84980011
    1.10521372   84.89518738
    1.10723422   85.71108246
    1.10925472   93.37646484
    1.11127522   93.85742950
    1.11329572   89.97251129
    1.11531622   83.28572083
    1.11733672   89.05134583
    1.11935722   92.84182739
    1.12137772   93.90742493
    1.12339822   86.16663361
    1.12541872   94.09099579
    1.12743922   85.23022461
    1.12945972   90.06678009
    1.13148022   95.37886810
    1.13350073   90.13045502
    1.13552123   89.80503082
    1.13754173   91.35315704
    1.13956223   89.06669617
    1.14158273   97.14422607
    1.14360323   88.26432037
    1.14562373   94.42752838
    1.14764423   97.55932617
    1.14966473   94.83692932
    1.15168523   94.42555237
    1.15370573   94.65061951
    1.15572623   82.79251862
    1.15774673   84.06423187
    1.15976723   92.85325623
    1.16178773   85.18956757
    1.16380823   84.47576141
    1.16582873   85.02845001
    1.16784923   96.58348846
    1.16986973   99.21743774
    1.17189023   90.53118896
    1.17391073   88.23237610
    1.17593123   89.51928711
    1.17795173   90.99710846
    1.17997223   93.57833862
    1.18199273   88.93813324
    1.18401324   90.32485199
    1.18603374   75.99124908
    1.18805424   90.23266602
    1.19007474   93.75226593
    1.19209524   84.23142242
    1.19411574   90.98720551
    1.19613624   93.98451233
    1.19815674   84.34061432
    1.20017724   82.83133698
    1.20219774   76.39258575
    1.20421824   91.73692322
    1.20623874   92.54407501
    1.20825924   89.33985901
    1.21027974   88.04338837
    1.21230024   89.76276398
    1.21432074   84.69418335
    1.21634124   94.72660828
    1.21836174   94.68765259
    1.22038224   81.98806000
    1.22240274   91.45761108
    1.22442324   86.60404205
    1.22644374   81.82953644
    1.22846424   94.58190918
    1.23048474   96.47599792
    1.23250524   90.25205994
    1.23452575   92.62142181
    1.23654625   97.06128693
    1.23856675   96.61108398
    1.24058725   89.75361633
    1.24260775   85.24988556
    1.24462825   84.12860107
    1.24664875   89.54444885
    1.24866925   84.35241699
    1.25068975   89.11458588
    1.25271025   92.63623047
    1.25473075   91.94577789
    1.25675125   94.44971466
    1.25877175   99.55495453
    1.26079225   97.90316010
    1.26281275   96.80831146
    1.26483325   97.25709534
    1.26685375   78.65788269
    1.26887425   92.65688324
    1.27089475   93.99144745
    1.27291525   90.09059143
    1.27493575   84.47642517
    1.27695625   82.59487915
    1.27897675   86.73856354
    1.28099725   92.60989380
    1.28301775   90.49662018
    1.28503826   92.13980865
    1.28705876   96.69140625
    1.28907926   92.26203918
    1.29109976   82.91300964
    1.29312026   96.12337494
    1.29514076   94.39964294
    1.29716126   84.35810852
    1.29918176   84.66824341
    1.30120226   92.85450745
    1.30322276   96.11211395
    1.30524326   98.66176605
    1.30726376   95.69368744
    1.30928426   90.28730011
    1.31130476   93.67743683
    1.31332526   93.01765442
    1.31534576   90.90619659
    1.31736626   87.47196960
    1.31938676   97.41222382
    1.32140726   94.86862183
    1.32342776   91.90879822
    1.32544826   85.14134216
    1.32746876   94.79115295
    1.32948926   88.79738617
    1.33150976   90.22795868
    1.33353026   89.86569214
    1.33555077   88.86611938
    1.33757127   75.06613159
    1.33959177   90.77358246
    1.34161227   95.62654877
    1.34363277   93.76594543
    1.34565327   96.15536499
    1.34767377   86.01583099
    1.34969427   76.75852966
    1.35171477   86.41871643
    1.35373527   85.97741699
    1.35575577   91.48829651
    1.35777627   90.11920166
    1.35979677   92.98457336
    1.36181727   95.39936066
    1.36383777   97.50003815
    1.36585827   89.52713013
    1.36787877   83.56826019
    1.36989927   94.16590881
    1.37191977   95.42292023
    1.37394027   92.90438080
    1.37596077   95.22424316
    1.37798127   97.66378021
    1.38000177   95.30531311
    1.38202227   95.60359955
    1.38404277   98.72709656
    1.38606328   97.90689850
    1.38808378   92.40518188
    1.39010428   98.69272614
    1.39212478   99.97467041
    1.39414528   92.62293243
    1.39616578   86.24702454
    1.39818628   89.30543518
    1.40020678   85.26192474
    1.40222728   90.44527435
    1.40424778   92.07199097
    1.40626828   87.34337616
    1.40828878   91.33544159
    1.41030928   92.80251312
    1.41232978   94.17384338
    1.41435028   90.97368622
    1.41637078   77.37990570
    1.41839128   85.79399109
    1.42041178   88.41236115
    1.42243228   94.80859375
    1.42445278   84.59825134
    1.42647328   83.89089966
    1.42849378   91.65840912
    1.43051428   89.96105957
    1.43253478   91.32830811
    1.43455528   95.18699646
    1.43657579   95.75366211
    1.43859629   88.23842621
    1.44061679   82.32068634
    1.44263729   91.33290100
    1.44465779   89.01860046
    1.44667829   78.11031342
    1.44869879   90.79303741
    1.45071929   87.65248108
    1.45273979   87.20687103
    1.45476029   93.52848053
    1.45678079   88.52100372
    1.45880129   80.73345947
    1.46082179   87.04744720
    1.46284229   85.25806427
    1.46486279   91.57984161
    1.46688329   86.02371979
    1.46890379   87.85618591
    1.47092429   90.57028198
    1.47294479   77.59152222
    1.47496529   93.68052673
    1.47698579   97.19734955
    1.47900629   89.75411987
    1.48102679   91.95160675
    1.48304729   89.23986816
    1.48506779   89.13290405
    1.48708830   91.46857452
    1.48910880   84.09520721
    1.49112930   85.84017944
    1.49314980   90.50368500
    1.49517030   86.22104645
    1.49719080   93.95063782
    1.49921130   95.46794891
    1.50123180   91.23378754
    1.50325230   89.90915680
    1.50527280   91.12825012
    1.50729330   86.60797119
    1.50931380   86.79724121
    1.51133430   85.61718750
    1.51335480   67.91038513
    1.51537530   85.34095001
    1.51739580   86.65366364
    1.51941630   92.35350800
    1.52143680   92.76984406
    1.52345730   94.13093567
    1.52547780   87.22154236
    1.52749830   86.68537903
    1.52951880   81.29071045
    1.53153930   78.68972015
    1.53355980   85.37483978
    1.53558030   79.94888306
    1.53760081   85.14409637
    1.53962131   87.16471863
    1.54164181   88.26420593
    1.54366231   94.15943146
    1.54568281   88.66872406
    1.54770331   68.22744751
    1.54972381   86.33538818
    1.55174431   80.14440918
    1.55376481   83.60337830
    1.55578531   85.31906891
    1.55780581   84.84674835
    1.55982631   86.40571594
    1.56184681   75.46641541
    1.56386731   89.74676514
    1.56588781   84.70525360
    1.56790831   85.42546082
    1.56992881   89.90395355
    1.57194931   88.53279877
    1.57396981   76.72424316
    1.57599031   74.83679962
    1.57801081   86.19828796
    1.58003131   82.56183624
    1.58205181   85.52500916
    1.58407231   88.96661377
    1.58609281   90.10026550
    1.58811332   82.97555542
    1.59013382   95.23903656
    1.59215432   92.40333557
    1.59417482   90.82557678
    1.59619532   79.31750488
    1.59821582   83.79960632
    1.60023632   82.50711823
    1.60225682   85.94978333
    1.60427732   88.73194122
    1.60629782   75.35052490
    1.60831832   90.66950989
    1.61033882   93.50917053
    1.61235932   95.09668732
    1.61437982   93.59362793
    1.61640032   79.80841064
    1.61842082   83.10104370
    1.62044132   85.28031921
    1.62246182   84.23719788
    1.62448232   83.93073273
    1.62650282   87.91960907
    1.62852332   87.03752899
    1.63054382   91.02761078
    1.63256432   93.63021088
    1.63458482   95.79734802
    1.63660532   89.54674530
    1.63862583   85.05783081
    1.64064633   93.01860046
    1.64266683   89.12223816
    1.64468733   83.32117462
    1.64670783   89.04477692
    1.64872833   83.94933319
    1.65074883   93.50553894
    1.65276933   92.43137360
    1.65478983   84.40285492
    1.65681033   93.89775085
    1.65883083   89.53026581
    1.66085133   87.78749084
    1.66287183   89.58615112
    1.66489233   86.29374695
    1.66691283   77.05556488
    1.66893333   84.13117218
    1.67095383   81.26026917
    1.67297433   92.58813477
    1.67499483   84.15256500
    1.67701533   91.72582245
    1.67903583   91.01399231
    1.68105633   86.24871826
    1.68307683   88.71073914
    1.68509733   87.28281403
    1.68711783   88.42639923
    1.68913834   77.11989594
    1.69115884   79.66583252
    1.69317934   80.70208740
    1.69519984   80.75561523
    1.69722034   93.68049622
    1.69924084   93.36368561
    1.70126134   85.25615692
    1.70328184   75.62964630
    1.70530234   85.72760773
    1.70732284   87.38466644
    1.70934334   90.18092346
    1.71136384   86.22022247
    1.71338434   86.48741913
    1.71540484   86.84958649
    1.71742534   90.29496765
    1.71944584   94.38506317
    1.72146634   92.25477600
    1.72348684   81.53375244
    1.72550734   90.30559540
    1.72752784   84.15947723
    1.72954834   81.81925964
    1.73156884   83.65734100
    1.73358934   84.99072266
    1.73560984   88.19161987
    1.73763035   88.17231750
    1.73965085   90.06666565
    1.74167135   93.16069794
    1.74369185   83.54589844
    1.74571235   84.91922760
    1.74773285   87.58159637
    1.74975335   90.71583557
    1.75177385   89.48902893
    1.75379435   84.37227631
    1.75581485   93.90255737
    1.75783535   84.98117065
    1.75985585   84.72769928
    1.76187635   70.46756744
    1.76389685   81.92784119
    1.76591735   87.89649200
    1.76793785   92.68669891
    1.76995835   85.69238281
    1.77197885   90.86283875
    1.77399935   75.40980530
    1.77601985   88.22280884
    1.77804035   85.91209412
    1.78006085   80.48752594
    1.78208135   80.74791718
    1.78410185   84.65393829
    1.78612235   86.13612366
    1.78814286   91.44010925
    1.79016336   85.39278412
    1.79218386   86.23752594
    1.79420436   84.27541351
    1.79622486   85.29544067
    1.79824536   89.84844971
    1.80026586   80.54518890
    1.80228636   86.56384277
    1.80430686   91.53735352
    1.80632736   93.50070953
    1.80834786   90.44284821
    1.81036836   80.57603455
    1.81238886   78.20781708
    1.81440936   92.96408844
    1.81642986   87.60696411
    1.81845036   82.86296844
    1.82047086   88.29080963
    1.82249136   83.31694794
    1.82451186   89.94647980
    1.82653236   90.33820343
    1.82855286   89.21830750
    1.83057336   82.54536438
    1.83259386   84.15299225
    1.83461436   92.51100922
    1.83663486   91.48844910
    1.83865537   88.79145813
    1.84067587   73.65631104
    1.84269637   80.78992462
    1.84471687   89.30141449
    1.84673737   93.51650238
    1.84875787   83.42591858
    1.85077837   90.13538361
    1.85279887   90.47209167
    1.85481937   77.92063141
    1.85683987   86.56877136
    1.85886037   89.73891449
    1.86088087   93.06652069
    1.86290137   80.66452026
    1.86492187   90.94902802
    1.86694237   92.25272369
    1.86896287   90.37122345
    1.87098337   91.98185730
    1.87300387   90.48471832
    1.87502437   83.50466156
    1.87704487   92.33115387
    1.87906537   84.14069366
    1.88108587   84.53623962
    1.88310637   91.43008423
    1.88512687   88.58179474
    1.88714737   92.17272186
    1.88916788   92.13882446
    1.89118838   81.27957153
    1.89320888   89.44148254
    1.89522938   92.46389771
    1.89724988   92.87618256
    1.89927038   90.45544434
    1.90129088   87.64427185
    1.90331138   85.26462555
    1.90533188   77.45677185
    1.90735238   83.21329498
    1.90937288   81.70152283
    1.91139338   88.14120483
    1.91341388   83.39270782
    1.91543438   82.76632690
    1.91745488   87.35446167
    1.91947538   91.10544586
    1.92149588   90.06887817
    1.92351638   92.82785034
    1.92553688   87.90225983
    1.92755738   84.86151123
    1.92957788   83.35666656
    1.93159838   91.53755188
    1.93361888   92.14994049
    1.93563938   92.92612457
    1.93765988   92.24220276
    1.93968039   86.09882355
    1.94170089   91.29711151
    1.94372139   86.19468689
    1.94574189   85.73958588
    1.94776239   76.57632446
    1.94978289   86.62403107
    1.95180339   84.48522949
    1.95382389   89.67864990
    1.95584439   76.24249268
    1.95786489   85.37432861
    1.95988539   86.06805420
    1.96190589   88.07518005
    1.96392639   85.36779785
    1.96594689   88.06080627
    1.96796739   79.97563171
    1.96998789   84.87065887
    1.97200839   88.20692444
    1.97402889   82.80522156
    1.97604939   90.45236969
    1.97806989   76.34450531
    1.98009039   84.46812439
    1.98211089   87.40309906
    1.98413139   83.75996399
    1.98615189   76.26738739
    1.98817239   90.55112457
    1.99019290   88.78751373
    1.99221340   78.91422272
    1.99423390   86.31365967
    1.99625440   81.79550171
    1.99827490   78.86199951
    2.00029540   81.23144531
    2.00231590   84.03833771
    2.00433640   88.06306458
    2.00635690   86.74729156
    2.00837740   87.05410767
    2.01039790   85.61375427
    2.01241840   87.40149689
    2.01443890   90.00775146
    2.01645940   87.45069885
    2.01847990   89.05790710
    2.02050040   91.66876221
