 HEIGHT =    5.00000000000000     
 Time        Sound Pressure(decibal)
    0.00202050   89.50500488
    0.00404100   78.10202026
    0.00606150   76.45623016
    0.00808200   81.96723938
    0.01010250   79.74877167
    0.01212300   75.93750000
    0.01414350   75.05610657
    0.01616400   87.51389313
    0.01818450   92.09767151
    0.02020500   93.34965515
    0.02222550   89.52811432
    0.02424600   93.30958557
    0.02626651   93.79859924
    0.02828701   77.55611420
    0.03030751   90.59098053
    0.03232801   98.07581329
    0.03434851   95.93249512
    0.03636901   95.79882812
    0.03838951   96.02396393
    0.04041001   88.19723511
    0.04243051   93.08843994
    0.04445101   83.58417511
    0.04647151   90.02163696
    0.04849201  100.86837769
    0.05051251   84.98123169
    0.05253301   90.66841125
    0.05455351   90.24839020
    0.05657401   90.26775360
    0.05859451   90.86979675
    0.06061501   86.53996277
    0.06263551   90.65940094
    0.06465601   97.29319000
    0.06667651   86.17404175
    0.06869701   80.79946899
    0.07071751   86.34026337
    0.07273801   87.05061340
    0.07475851   94.01892853
    0.07677902   84.00727081
    0.07879952   81.36582184
    0.08082002   87.52946472
    0.08284052   82.92123413
    0.08486102   90.35465240
    0.08688152   95.13256836
    0.08890202   81.81822205
    0.09092252   84.19679260
    0.09294302   82.89375305
    0.09496352   84.27158356
    0.09698402   95.78820801
    0.09900452   81.20861816
    0.10102502   94.19195557
    0.10304552   87.24857330
    0.10506602   79.66784668
    0.10708652   95.78552246
    0.10910702   90.99781036
    0.11112752   86.51549530
    0.11314802   86.21511078
    0.11516852   93.08571625
    0.11718902   92.53691864
    0.11920952   92.53659821
    0.12123002   84.93329620
    0.12325052   93.87561035
    0.12527102   71.13579559
    0.12729153   86.90134430
    0.12931203   85.84269714
    0.13133253   83.26191711
    0.13335303   91.55889893
    0.13537353   92.53460693
    0.13739403   88.17346191
    0.13941453   89.76268005
    0.14143503   88.33066559
    0.14345553   92.75270081
    0.14547603   93.42656708
    0.14749653   78.91790771
    0.14951703   84.68134308
    0.15153753   74.76588440
    0.15355803   91.28324890
    0.15557853   97.61961365
    0.15759903   80.94128418
    0.15961953   90.57511139
    0.16164003   86.66449738
    0.16366053   93.69712830
    0.16568103   96.31114197
    0.16770153   92.56373596
    0.16972203   90.42874146
    0.17174253   86.44453430
    0.17376303   91.68783569
    0.17578353   92.44165039
    0.17780404   93.70304108
    0.17982454   92.52573395
    0.18184504   92.73413086
    0.18386554   94.87495422
    0.18588604   89.18297577
    0.18790654   83.02345276
    0.18992704   88.77913666
    0.19194754   92.50630188
    0.19396804   87.39080048
    0.19598854   85.02631378
    0.19800904   88.01596832
    0.20002954   95.31182098
    0.20205004   90.41133118
    0.20407054   96.97406769
    0.20609104   89.49107361
    0.20811154   62.87319565
    0.21013204   82.60705566
    0.21215254   86.16916656
    0.21417304   83.38103485
    0.21619354   87.92306519
    0.21821404   84.04145050
    0.22023454   89.62715912
    0.22225504   90.48756409
    0.22427554   91.40784454
    0.22629604   86.86249542
    0.22831655   92.34636688
    0.23033705   93.23357391
    0.23235755   93.62846375
    0.23437805   84.59883118
    0.23639855   87.53111267
    0.23841905   84.14611053
    0.24043955   93.65308380
    0.24246005   84.87382507
    0.24448055   91.94330597
    0.24650105   78.38179016
    0.24852155   94.06824493
    0.25054205   89.48884583
    0.25256255   93.70645905
    0.25458305   82.89586639
    0.25660355   87.69839478
    0.25862405   93.31365967
    0.26064455   94.06902313
    0.26266505   93.51936340
    0.26468555   92.82402039
    0.26670605   89.13378906
    0.26872655   97.32164764
    0.27074705   95.77655792
    0.27276755   94.47055054
    0.27478805   74.20177460
    0.27680855   88.82514954
    0.27882906   92.53100586
    0.28084956   94.79287720
    0.28287006   90.82502747
    0.28489056   83.09922791
    0.28691106   94.58892822
    0.28893156   95.80442810
    0.29095206   96.08716583
    0.29297256   95.02199554
    0.29499306   87.09615326
    0.29701356   93.05014038
    0.29903406   88.10867310
    0.30105456   89.44110870
    0.30307506   83.66406250
    0.30509556   66.48499298
    0.30711606   81.47270203
    0.30913656   96.60598755
    0.31115706   94.76042175
    0.31317756   94.23648071
    0.31519806   84.45912170
    0.31721856   93.28342438
    0.31923906   93.58338165
    0.32125956   90.73300934
    0.32328006   80.55837250
    0.32530056   89.28921509
    0.32732106   83.23498535
    0.32934157   86.48335266
    0.33136207   94.77275848
    0.33338257   81.02171326
    0.33540307   87.88188171
    0.33742357   91.74007416
    0.33944407   89.76387024
    0.34146457   90.49085236
    0.34348507   75.61857605
    0.34550557   95.16794586
    0.34752607   81.44358063
    0.34954657   83.73379517
    0.35156707   88.44160461
    0.35358757   89.73516083
    0.35560807   92.26298523
    0.35762857   92.12228394
    0.35964907   92.90371704
    0.36166957   90.69277954
    0.36369007   86.58811188
    0.36571057   93.77951050
    0.36773107   88.54299164
    0.36975157   84.88455200
    0.37177207   85.99871826
    0.37379257   86.04026794
    0.37581307   93.68881989
    0.37783358   95.24706268
    0.37985408   95.09647369
    0.38187458   95.80533600
    0.38389508   91.14076233
    0.38591558   88.93435669
    0.38793608   89.87545013
    0.38995658   84.48608398
    0.39197708   90.64628601
    0.39399758   89.27647400
    0.39601808   89.03199005
    0.39803858   90.40584564
    0.40005908   95.93690491
    0.40207958   88.74781799
    0.40410008   95.23419952
    0.40612058   92.91989136
    0.40814108   92.48490143
    0.41016158   87.49719238
    0.41218208   86.86486816
    0.41420258   93.25518036
    0.41622308   94.30649567
    0.41824358   91.59300995
    0.42026408   88.34809875
    0.42228458   93.17938232
    0.42430508   92.66306305
    0.42632558   93.28590393
    0.42834609   93.32003784
    0.43036659   85.81068420
    0.43238709   85.00271606
    0.43440759   86.91612244
    0.43642809   91.08255768
    0.43844859   89.85915375
    0.44046909   90.31270599
    0.44248959   88.89627838
    0.44451009   94.62476349
    0.44653059   93.58668518
    0.44855109   96.16567230
    0.45057159   88.61267090
    0.45259209   91.85478973
    0.45461259   87.65009308
    0.45663309   74.63494110
    0.45865359   85.01232147
    0.46067409   79.24297333
    0.46269459   89.78982544
    0.46471509   91.13150024
    0.46673559   85.64080811
    0.46875609   93.19638824
    0.47077659   88.13053131
    0.47279709   94.84465027
    0.47481759   90.14494324
    0.47683809   82.36292267
    0.47885860   87.32624817
    0.48087910   70.79714203
    0.48289960   83.87344360
    0.48492010   95.42283630
    0.48694060   91.12310791
    0.48896110   90.51412964
    0.49098160   92.16470337
    0.49300210   94.65525055
    0.49502260   88.40947723
    0.49704310   94.49889374
    0.49906360   93.95567322
    0.50108410   94.60637665
    0.50310460   90.09188843
    0.50512510   91.42536163
    0.50714560   92.02363586
    0.50916610   93.47159576
    0.51118660   88.40072632
    0.51320710   98.47502899
    0.51522760   86.11373901
    0.51724810   94.64222717
    0.51926860   78.33242798
    0.52128910   93.34429932
    0.52330960   81.30595398
    0.52533010   86.61188507
    0.52735060   80.93554688
    0.52937111   95.10955048
    0.53139161   96.81291199
    0.53341211   94.50344086
    0.53543261   92.42791748
    0.53745311   90.87345123
    0.53947361   91.03306580
    0.54149411   95.58273315
    0.54351461   92.46294403
    0.54553511   87.81065369
    0.54755561   89.40735626
    0.54957611   69.77639771
    0.55159661   80.78337860
    0.55361711   94.37992859
    0.55563761   86.76759338
    0.55765811   94.90894318
    0.55967861   61.73711014
    0.56169911   89.04951477
    0.56371961   91.95309448
    0.56574011   79.84948730
    0.56776061   83.50205994
    0.56978111   92.37354279
    0.57180161   85.65524292
    0.57382211   92.36936951
    0.57584261   96.69231415
    0.57786311   94.47289276
    0.57988362   96.11853790
    0.58190412   97.30901337
    0.58392462   88.36891937
    0.58594512   82.97442627
    0.58796562   84.25650024
    0.58998612   94.80848694
    0.59200662   91.55335999
    0.59402712   96.09253693
    0.59604762   78.75916290
    0.59806812   90.80584717
    0.60008862   95.76913452
    0.60210912   94.02650452
    0.60412962   98.67568970
    0.60615012   84.93331909
    0.60817062   75.73439026
    0.61019112   90.92251587
    0.61221162   84.97808075
    0.61423212   92.56998444
    0.61625262   89.06592560
    0.61827312   88.52237701
    0.62029362   95.73482513
    0.62231412   95.27893066
    0.62433462   99.40818024
    0.62635512   98.66130066
    0.62837562   95.75260925
    0.63039613   95.78480530
    0.63241663   84.61017609
    0.63443713   87.67160797
    0.63645763   93.04882812
    0.63847813   83.97827148
    0.64049863   78.19721222
    0.64251913   90.58959198
    0.64453963   96.88279724
    0.64656013   96.35153198
    0.64858063  100.08148193
    0.65060113   90.02387238
    0.65262163   93.04566193
    0.65464213   87.71533966
    0.65666263   88.18454742
    0.65868313   85.62181854
    0.66070363   85.38410950
    0.66272413   86.73719025
    0.66474463   96.55285645
    0.66676513   98.52440643
    0.66878563   95.38074493
    0.67080613   93.75115967
    0.67282663   97.73061371
    0.67484713   90.88395691
    0.67686763   88.64833069
    0.67888813   91.32237244
    0.68090864   87.67638397
    0.68292914   87.71652222
    0.68494964   93.57761383
    0.68697014   91.65493774
    0.68899064   96.49138641
    0.69101114   94.73840332
    0.69303164   94.63325500
    0.69505214  100.40245056
    0.69707264   90.49211884
    0.69909314   80.56997681
    0.70111364   90.49777985
    0.70313414   92.59178925
    0.70515464   93.93591309
    0.70717514   88.24697113
    0.70919564   79.20089722
    0.71121614   90.44337463
    0.71323664   88.93945312
    0.71525714   93.82410431
    0.71727764   97.24568176
    0.71929814   85.62924957
    0.72131864   95.66184998
    0.72333914   89.78576660
    0.72535964   93.37569427
    0.72738014   89.39779663
    0.72940064   85.43476868
    0.73142115   93.63662720
    0.73344165   94.82885742
    0.73546215   90.83901215
    0.73748265   94.83146667
    0.73950315  100.02934265
    0.74152365   96.58159637
    0.74354415   95.92422485
    0.74556465   86.01391602
    0.74758515   75.79869080
    0.74960565   88.09737396
    0.75162615   92.46218872
    0.75364665   98.67256165
    0.75566715   89.76053619
    0.75768765   92.52196503
    0.75970815   89.87376404
    0.76172865   94.00479889
    0.76374915   97.48878479
    0.76576965   94.11246490
    0.76779015   87.99995422
    0.76981065   89.36917114
    0.77183115   81.76593018
    0.77385165   95.00431824
    0.77587215   93.38971710
    0.77789265   82.05238342
    0.77991315   91.10408783
    0.78193366   91.06806946
    0.78395416   98.36814117
    0.78597466   97.46811676
    0.78799516   88.53334808
    0.79001566   91.78724670
    0.79203616   93.82634735
    0.79405666   93.70631409
    0.79607716   96.61163330
    0.79809766   94.65275574
    0.80011816   94.83300018
    0.80213866   90.90516663
    0.80415916   91.90627289
    0.80617966   97.26274872
    0.80820016   93.33435822
    0.81022066   92.14804077
    0.81224116   95.13289642
    0.81426166   79.07594299
    0.81628216   82.09530640
    0.81830266   80.11173248
    0.82032316   88.62411499
    0.82234366   86.67662811
    0.82436416   82.06195831
    0.82638466   94.12525940
    0.82840516   85.40015411
    0.83042566   92.89879608
    0.83244617   99.86135101
    0.83446667   93.48017120
    0.83648717   94.31453705
    0.83850767   98.80599976
    0.84052817   94.45238495
    0.84254867   92.11336517
    0.84456917   84.53324127
    0.84658967   93.34889984
    0.84861017   92.51127625
    0.85063067   85.61702728
    0.85265117   96.86502075
    0.85467167   95.20430756
    0.85669217   93.20264435
    0.85871267   94.64009094
    0.86073317   99.49824524
    0.86275367   84.03049469
    0.86477417   96.30333710
    0.86679467   87.83415222
    0.86881517   89.63911438
    0.87083567   90.54422760
    0.87285617   74.49828339
    0.87487667   93.29473114
    0.87689717   91.86827850
    0.87891767   90.04379272
    0.88093817   98.32015991
    0.88295868   90.47312927
    0.88497918   97.06335449
    0.88699968   88.08104706
    0.88902018   94.55748749
    0.89104068   93.16551971
    0.89306118   94.20986938
    0.89508168   91.40221405
    0.89710218   82.95954895
    0.89912268   99.72888184
    0.90114318   98.70729828
    0.90316368   94.20459747
    0.90518418   96.50495911
    0.90720468   93.12734222
    0.90922518   91.78485870
    0.91124568   92.58374786
    0.91326618   84.30098724
    0.91528668   85.44474792
    0.91730718   96.53345490
    0.91932768   95.18528748
    0.92134818   95.43770599
    0.92336868   98.45591736
    0.92538918   87.38506317
    0.92740968   89.68487549
    0.92943018   97.36245728
    0.93145068   89.81705475
    0.93347119   88.79552460
    0.93549169   89.13579559
    0.93751219   83.95950317
    0.93953269   99.22868347
    0.94155319   88.43023682
    0.94357369   98.02281189
    0.94559419   87.17175293
    0.94761469   94.41141510
    0.94963519   94.97730255
    0.95165569   96.73606110
    0.95367619   98.00475311
    0.95569669   92.84449768
    0.95771719   75.49060059
    0.95973769   87.32557678
    0.96175819   92.30503082
    0.96377869   85.02562714
    0.96579919   93.27616882
    0.96781969   90.77881622
    0.96984019   71.23753357
    0.97186069   75.74584198
    0.97388119   95.41484833
    0.97590169   99.12454224
    0.97792219   92.48220825
    0.97994269   90.49334717
    0.98196319   84.95927429
    0.98398370   91.62634277
    0.98600420   86.91544342
    0.98802470   98.10406494
    0.99004520   83.60930634
    0.99206570   89.32024384
    0.99408620   87.37854004
    0.99610670  100.33972168
    0.99812720   93.69290161
    1.00014770   79.71691132
    1.00216820   91.55037689
    1.00418870   91.58236694
    1.00620920   84.72132111
    1.00822970   99.69520569
    1.01025020   85.22540283
    1.01227070   94.57394409
    1.01429120   74.62887573
    1.01631170   92.28447723
    1.01833220   97.60929108
    1.02035270   88.29492950
    1.02237320   91.84982300
    1.02439370   90.93559265
    1.02641420   89.04452515
    1.02843470   94.61611176
    1.03045520   98.33452606
    1.03247570   91.45108795
    1.03449621   86.19635773
    1.03651671   83.06311798
    1.03853721   92.24115753
    1.04055771   85.38401031
    1.04257821   86.89839935
    1.04459871   98.56221771
    1.04661921   93.46820831
    1.04863971   85.30919647
    1.05066021   95.68444061
    1.05268071   95.30723572
    1.05470121   92.43231964
    1.05672171   89.08129883
    1.05874221   92.80225372
    1.06076271   95.28157043
    1.06278321   93.55821228
    1.06480371   92.47198486
    1.06682421   91.19007111
    1.06884471   76.32870483
    1.07086521   84.34205627
    1.07288571   81.33729553
    1.07490621   93.61497498
    1.07692671   88.32258606
    1.07894721   89.92184448
    1.08096771   93.82775116
    1.08298822   94.21017456
    1.08500872   78.47415161
    1.08702922   90.71376801
    1.08904972   89.95446777
    1.09107022   91.21905518
    1.09309072   94.25032043
    1.09511122   79.11618042
    1.09713172   86.90786743
    1.09915222   91.41845703
    1.10117272   93.98870087
    1.10319322   94.98917389
    1.10521372   95.53511047
    1.10723422   86.31185150
    1.10925472   92.62325287
    1.11127522   86.93455505
    1.11329572   91.13806152
    1.11531622   93.78003693
    1.11733672   86.08480835
    1.11935722   79.30019379
    1.12137772   92.00476837
    1.12339822   91.86035156
    1.12541872   89.00189972
    1.12743922   91.46482849
    1.12945972   98.63931274
    1.13148022   93.67208862
    1.13350073   95.70630646
    1.13552123   94.21367645
    1.13754173   95.66303253
    1.13956223   84.61539459
    1.14158273   92.00266266
    1.14360323   97.12532806
    1.14562373   93.23891449
    1.14764423   91.20584869
    1.14966473   95.65644073
    1.15168523   90.22067261
    1.15370573   90.16265106
    1.15572623   94.21148682
    1.15774673   85.98032379
    1.15976723   93.88679504
    1.16178773   94.68076324
    1.16380823   84.10900116
    1.16582873   90.55893707
    1.16784923   83.47015381
    1.16986973   83.07994843
    1.17189023   93.36222076
    1.17391073   94.13921356
    1.17593123   90.55971527
    1.17795173   89.09660339
    1.17997223   87.25664520
    1.18199273   92.04923248
    1.18401324   91.32135010
    1.18603374   96.43764496
    1.18805424   86.26431274
    1.19007474   88.48107910
    1.19209524   81.33642578
    1.19411574   77.86936951
    1.19613624   92.83406067
    1.19815674   94.73808289
    1.20017724   86.01987457
    1.20219774   85.85399628
    1.20421824   99.01931763
    1.20623874   80.95404053
    1.20825924   93.68184662
    1.21027974   90.80737305
    1.21230024   96.77159882
    1.21432074   87.26627350
    1.21634124   89.52323914
    1.21836174   93.96593475
    1.22038224  100.10597992
    1.22240274   94.89726257
    1.22442324   95.74890137
    1.22644374   85.02223969
    1.22846424   98.35994720
    1.23048474   97.46521759
    1.23250524   90.13673401
    1.23452575   88.26174164
    1.23654625   81.05219269
    1.23856675   91.33737946
    1.24058725   96.86827850
    1.24260775   83.03741455
    1.24462825   99.61648560
    1.24664875   94.98736572
    1.24866925   96.48818207
    1.25068975  100.42573547
    1.25271025  100.72603607
    1.25473075   99.02426910
    1.25675125   98.61112213
    1.25877175   92.06383514
    1.26079225   99.14760590
    1.26281275   80.28068542
    1.26483325   95.13418579
    1.26685375   95.68212128
    1.26887425   93.59468079
    1.27089475   89.99407959
    1.27291525   87.03314972
    1.27493575   99.19603729
    1.27695625   93.47336578
    1.27897675  100.24583435
    1.28099725   86.57917023
    1.28301775   91.10684967
    1.28503826   85.68151855
    1.28705876   91.37723541
    1.28907926   88.41551971
    1.29109976   90.79493713
    1.29312026   94.49265289
    1.29514076   99.17422485
    1.29716126   99.47344971
    1.29918176   98.81626129
    1.30120226   87.38271332
    1.30322276   95.76083374
    1.30524326   97.08137512
    1.30726376   87.99401855
    1.30928426   94.77124786
    1.31130476   85.68099213
    1.31332526   96.57530975
    1.31534576   91.64259338
    1.31736626   91.75882721
    1.31938676   96.18244171
    1.32140726   94.87425232
    1.32342776   90.05458069
    1.32544826   88.96641541
    1.32746876   91.66271973
    1.32948926   91.47006989
    1.33150976   94.35675049
    1.33353026   97.69270325
    1.33555077   94.34282684
    1.33757127   93.25807190
    1.33959177   80.89024353
    1.34161227   93.41101074
    1.34363277   95.07841492
    1.34565327   87.00993347
    1.34767377   95.49455261
    1.34969427   96.39199829
    1.35171477   95.06551361
    1.35373527   99.06835175
    1.35575577   93.38619232
    1.35777627   93.52260590
    1.35979677   71.04817200
    1.36181727   97.81932068
    1.36383777   81.40583801
    1.36585827   94.64102173
    1.36787877   95.68329620
    1.36989927  100.41889191
    1.37191977   99.41333008
    1.37394027   93.54297638
    1.37596077   99.23399353
    1.37798127   97.43644714
    1.38000177   97.96991730
    1.38202227   97.51885223
    1.38404277  100.33717346
    1.38606328   90.64000702
    1.38808378   89.21048737
    1.39010428   85.68936920
    1.39212478   84.86204529
    1.39414528   91.56745148
    1.39616578   93.71247864
    1.39818628   91.07214355
    1.40020678   94.96551514
    1.40222728   93.03849792
    1.40424778   97.02955627
    1.40626828   89.13461304
    1.40828878   84.33849335
    1.41030928   89.94169617
    1.41232978   91.23794556
    1.41435028   90.72804260
    1.41637078   84.76604462
    1.41839128   87.47751617
    1.42041178   94.93088531
    1.42243228   87.66151428
    1.42445278   97.69564819
    1.42647328   94.03837585
    1.42849378   92.23148346
    1.43051428   86.61825562
    1.43253478   91.97383118
    1.43455528   90.87552643
    1.43657579   87.93410492
    1.43859629   81.90879822
    1.44061679   95.22767639
    1.44263729   85.53541565
    1.44465779   90.21987915
    1.44667829   89.54824066
    1.44869879   86.02145386
    1.45071929   87.70825958
    1.45273979   89.75330353
    1.45476029   92.99135590
    1.45678079   92.92856598
    1.45880129   82.10417938
    1.46082179   92.01604462
    1.46284229   94.05416107
    1.46486279   90.92152405
    1.46688329   92.01876831
    1.46890379   99.34591675
    1.47092429   95.00603485
    1.47294479   94.85498810
    1.47496529   90.87042999
    1.47698579   90.41329956
    1.47900629   87.60992432
    1.48102679   92.01887512
    1.48304729   91.01262665
    1.48506779   84.73594666
    1.48708830   89.49767303
    1.48910880   97.86789703
    1.49112930   98.63704681
    1.49314980   94.86238098
    1.49517030   91.98184967
    1.49719080   90.91738129
    1.49921130   84.69264221
    1.50123180   91.05744934
    1.50325230   64.39214325
    1.50527280   87.44720459
    1.50729330   87.30042267
    1.50931380   95.15338135
    1.51133430   93.50434875
    1.51335480   96.69628143
    1.51537530   93.03193665
    1.51739580   91.62472534
    1.51941630   84.17008209
    1.52143680   90.65514374
    1.52345730   87.92191315
    1.52547780   87.54743958
    1.52749830   84.20394897
    1.52951880   84.06359100
    1.53153930   95.97653198
    1.53355980   84.41863251
    1.53558030   94.11566925
    1.53760081   92.37522888
    1.53962131   75.47510529
    1.54164181   87.00463867
    1.54366231   74.47051239
    1.54568281   92.86284637
    1.54770331   93.48126984
    1.54972381   90.74566650
    1.55174431   88.51753235
    1.55376481   87.22776794
    1.55578531   87.86564636
    1.55780581   92.01297760
    1.55982631   89.40267944
    1.56184681   93.21754456
    1.56386731   85.73505402
    1.56588781   91.77072144
    1.56790831   85.41337585
    1.56992881   78.65635681
    1.57194931   84.85807037
    1.57396981   96.34252167
    1.57599031   90.23032379
    1.57801081   89.54071045
    1.58003131   94.33855438
    1.58205181   91.98777771
    1.58407231   98.57376862
    1.58609281   73.02945709
    1.58811332   83.92092896
    1.59013382   87.03441620
    1.59215432   85.89173126
    1.59417482   92.29361725
    1.59619532   95.79296875
    1.59821582   85.13399506
    1.60023632   87.35858154
    1.60225682   90.61249542
    1.60427732   93.75108337
    1.60629782   90.17832184
    1.60831832   92.95359802
    1.61033882   92.85205078
    1.61235932   72.54512024
    1.61437982   83.51923370
    1.61640032   92.73864746
    1.61842082   91.23573303
    1.62044132   86.45899963
    1.62246182   85.04233551
    1.62448232   93.25186157
    1.62650282   92.74742889
    1.62852332   91.25316620
    1.63054382   90.16774750
    1.63256432   94.46987915
    1.63458482   89.91735077
    1.63660532   95.52848816
    1.63862583   92.73657990
    1.64064633   92.30661011
    1.64266683   81.12288666
    1.64468733   90.26232147
    1.64670783   82.55437469
    1.64872833   93.13263702
    1.65074883   85.10467529
    1.65276933   86.63473511
    1.65478983   87.54054260
    1.65681033   86.77030182
    1.65883083   89.56698608
    1.66085133   88.84410858
    1.66287183   78.28430939
    1.66489233   92.10427856
    1.66691283   89.83500671
    1.66893333   86.83872986
    1.67095383   91.70192719
    1.67297433   89.11204529
    1.67499483   90.73900604
    1.67701533   74.54223633
    1.67903583   87.09259033
    1.68105633   94.42600250
    1.68307683   81.25538635
    1.68509733   91.05844116
    1.68711783   85.17900848
    1.68913834   93.25967407
    1.69115884   93.06919098
    1.69317934   93.82691193
    1.69519984   86.05904388
    1.69722034   84.99764252
    1.69924084   66.98577881
    1.70126134   92.85343170
    1.70328184   89.78277588
    1.70530234   90.07559204
    1.70732284   88.74495697
    1.70934334   89.55714417
    1.71136384   94.53581238
    1.71338434   96.60065460
    1.71540484   75.85272217
    1.71742534   86.79482269
    1.71944584   88.85531616
    1.72146634   90.30867004
    1.72348684   95.27581024
    1.72550734   93.05802917
    1.72752784   89.14004517
    1.72954834   83.29322052
    1.73156884   90.17008972
    1.73358934   94.41178131
    1.73560984   90.51881409
    1.73763035   79.93690491
    1.73965085   90.34017181
    1.74167135   87.46540070
    1.74369185   86.02709961
    1.74571235   87.93724060
    1.74773285   88.32094574
    1.74975335   88.80552673
    1.75177385   76.10131836
    1.75379435   90.44198608
    1.75581485   78.63841248
    1.75783535   91.21439362
    1.75985585   92.25666809
    1.76187635   93.55197906
    1.76389685   86.93721771
    1.76591735   82.93921661
    1.76793785   84.46780396
    1.76995835   91.19577026
    1.77197885   80.74713898
    1.77399935   86.19985199
    1.77601985   89.61598969
    1.77804035   89.57761383
    1.78006085   90.45037842
    1.78208135   88.76119995
    1.78410185   90.10137177
    1.78612235   90.93093109
    1.78814286   84.93590546
    1.79016336   82.64396667
    1.79218386   91.28607178
    1.79420436   90.82025146
    1.79622486   88.82179260
    1.79824536   93.26643372
    1.80026586   89.34363556
    1.80228636   81.88333130
    1.80430686   88.87757874
    1.80632736   90.68897247
    1.80834786   84.80474854
    1.81036836   91.17384338
    1.81238886   85.50410461
    1.81440936   85.59727478
    1.81642986   93.81245422
    1.81845036   91.59059143
    1.82047086   88.65061951
    1.82249136   91.39386749
    1.82451186   86.35515594
    1.82653236   94.75244141
    1.82855286   82.98929596
    1.83057336   87.92442322
    1.83259386   92.33706665
    1.83461436   85.21292877
    1.83663486   94.36949921
    1.83865537   87.88896179
    1.84067587   91.20436096
    1.84269637   87.59753418
    1.84471687   93.82913971
    1.84673737   85.59379578
    1.84875787   93.08143616
    1.85077837   88.97315979
    1.85279887   90.88550568
    1.85481937   87.24983978
    1.85683987   86.44091797
    1.85886037   89.61145020
    1.86088087   91.00558472
    1.86290137   93.94044495
    1.86492187   91.60837555
    1.86694237   90.76216125
    1.86896287   90.63515472
    1.87098337   93.10623169
    1.87300387   86.13289642
    1.87502437   97.88074493
    1.87704487   87.02397156
    1.87906537   88.57247162
    1.88108587   89.99581909
    1.88310637   91.66905212
    1.88512687   93.68054962
    1.88714737   85.10060120
    1.88916788   97.32452393
    1.89118838   88.46107483
    1.89320888   88.73588562
    1.89522938   91.19497681
    1.89724988   91.64524078
    1.89927038   72.98089600
    1.90129088   90.75143433
    1.90331138   92.29155731
    1.90533188   86.27517700
    1.90735238   81.84664154
    1.90937288   92.84417725
    1.91139338   90.04869843
    1.91341388   94.92354584
    1.91543438   93.32759857
    1.91745488   70.85730743
    1.91947538   82.58695221
    1.92149588   85.14587402
    1.92351638   92.80962372
    1.92553688   80.23846436
    1.92755738   95.80219269
    1.92957788   90.34476471
    1.93159838   92.42457581
    1.93361888   77.17539215
    1.93563938   88.48412323
    1.93765988   87.56109619
    1.93968039   83.11933136
    1.94170089   69.51589203
    1.94372139   77.81437683
    1.94574189   87.51981354
    1.94776239   88.29599762
    1.94978289   83.69929504
    1.95180339   87.43611145
    1.95382389   85.41830444
    1.95584439   82.67673492
    1.95786489   89.39541626
    1.95988539   78.57142639
    1.96190589   86.15103149
    1.96392639   93.78367615
    1.96594689   84.31382751
    1.96796739   79.97985077
    1.96998789   76.01407623
    1.97200839   84.96277618
    1.97402889   89.13246155
    1.97604939   92.24422455
    1.97806989   84.15519714
    1.98009039   92.94333649
    1.98211089   84.64367676
    1.98413139   90.66523743
    1.98615189   81.35962677
    1.98817239   89.47084808
    1.99019290   77.41384125
    1.99221340   76.81793976
    1.99423390   86.85001373
    1.99625440   80.19680786
    1.99827490   87.44528198
    2.00029540   88.68619537
    2.00231590   90.47523499
    2.00433640   77.22642517
    2.00635690   88.69470978
    2.00837740   86.14910126
    2.01039790   90.02330017
    2.01241840   88.19000244
    2.01443890   85.30532074
    2.01645940   83.42851257
    2.01847990   89.34777069
    2.02050040   85.48537445
