 HEIGHT =    3.00000000000000     
 Frequency   Sound Pressure(decibal)
    0.49492700   57.68206217
    0.98985390   44.86105523
    1.48478100   58.12320082
    1.97970800   74.13874754
    2.47463500   66.38859268
    2.96956200   81.85052170
    3.46448900   76.53720732
    3.95941600   64.92259608
    4.45434300   61.69887597
    4.94927000   64.40307893
    5.44419700   64.02414497
    5.93912400   61.83072659
    6.43405100   64.97984369
    6.92897700   62.95191944
    7.42390400   65.25447516
    7.91883100   68.99993501
    8.41375800   61.53801908
    8.90868600   67.56107745
    9.40361200   66.68163409
    9.89854000   60.63979271
   10.39347000   57.95079216
   10.88839000   63.52757329
   11.38332000   54.60156512
   11.87825000   59.06482613
   12.37317000   63.86455286
   12.86810000   55.92431643
   13.36303000   62.81847768
   13.85795000   65.99874093
   14.35288000   63.23206177
   14.84781000   60.37734596
   15.34274000   58.39188262
   15.83766000   54.43060584
   16.33259000   57.72112268
   16.82752000   55.76784869
   17.32244000   53.31404274
   17.81737000   56.20550478
   18.31230000   54.12467056
   18.80722000   61.12860756
   19.30215000   50.76119287
   19.79708000   57.32505204
   20.29201000   64.38377782
   20.78693000   51.26979539
   21.28186000   57.07636350
   21.77679000   62.64014487
   22.27171000   58.55004440
   22.76664000   55.93844230
   23.26157000   42.08525487
   23.75649000   59.91285308
   24.25142000   46.74089166
   24.74635000   45.57193463
   25.24128000   49.27897585
   25.73620000   55.58231194
   26.23113000   48.88802822
   26.72606000   45.81162960
   27.22098000   47.08318831
   27.71591000   49.87742613
   28.21084000   47.70746072
   28.70576000   54.86958138
   29.20069000   46.07577846
   29.69562000   40.56454226
   30.19054000   56.20073488
   30.68547000   46.46022109
   31.18040000   53.76697856
   31.67533000   53.84054776
   32.17025000   49.30308248
   32.66518000   44.67536506
   33.16011000   59.56215620
   33.65503000   41.38533968
   34.14996000   38.95338449
   34.64489000   55.17614717
   35.13981000   40.69920614
   35.63474000   52.50113954
   36.12967000   51.24981558
   36.62460000   61.64734448
   37.11952000   56.91096753
   37.61445000   46.39393720
   38.10938000   53.91938875
   38.60430000   55.60766985
   39.09923000   55.41156773
   39.59416000   44.57155484
   40.08908000   49.87013096
   40.58401000   56.32904508
   41.07894000   62.37944389
   41.57386000   55.08637478
   42.06879000   52.31236076
   42.56372000   78.42102423
   43.05865000   73.44737286
   43.55357000   64.08541069
   44.04850000   75.30360938
   44.54343000   75.10610017
   45.03835000   69.38206478
   45.53328000   76.17633669
   46.02821000   78.85830983
   46.52313000   72.63432381
   47.01806000   71.67351813
   47.51299000   77.33634598
   48.00792000   63.27881992
   48.50284000   54.12518453
   48.99777000   76.82658389
   49.49269000   73.67554003
   49.98762000   43.50423411
   50.48255000   61.71096560
   50.97748000   61.31394061
   51.47240000   43.03680600
   51.96733000   59.05823117
   52.46226000   65.81257430
   52.95718000   52.04599385
   53.45211000   58.49898285
   53.94704000   63.79230220
   54.44197000   63.14859372
   54.93689000   55.97400038
   55.43182000   67.14517104
   55.92675000   62.42670162
   56.42167000   44.37526390
   56.91660000   59.76316742
   57.41153000   69.52810388
   57.90646000   49.48154595
   58.40138000   59.41629025
   58.89631000   57.55840927
   59.39124000   47.26475215
   59.88616000   55.34828254
   60.38109000   60.25889761
   60.87601000   55.02698301
   61.37094000   57.69893729
   61.86587000   65.35066186
   62.36080000   65.02019557
   62.85572000   62.91624352
   63.35065000   74.65784468
   63.84558000   70.11507934
   64.34051000   53.29065415
   64.83543000   75.91310462
   65.33036000   73.04963326
   65.82529000   51.45220991
   66.32021000   69.89815659
   66.81514000   66.06631790
   67.31007000   54.07601053
   67.80499000   63.73557259
   68.29992000   67.65714538
   68.79485000   60.62473284
   69.28977000   62.47860969
   69.78470000   58.72704880
   70.27962000   49.93908540
   70.77455000   46.06204608
   71.26949000   45.67968954
   71.76441000   45.26929710
   72.25934000   52.22912645
   72.75426000   57.09187216
   73.24919000   56.05968820
   73.74412000   51.71254921
   74.23904000   55.33541429
   74.73397000   55.72756869
   75.22890000   37.53694520
   75.72382000   64.65851942
   76.21875000   67.80828480
   76.71368000   55.45472966
   77.20860000   63.32869139
   77.70353000   65.70188144
   78.19846000   59.23761435
   78.69339000   46.38924710
   79.18832000   66.93788365
   79.68324000   64.74177521
   80.17817000   51.19166426
   80.67310000   62.69857183
   81.16802000   59.61073085
   81.66295000   47.93730271
   82.15788000   49.09403582
   82.65280000   45.44465718
   83.14773000   51.37624107
   83.64265000   55.18398543
   84.13758000   56.26386695
   84.63251000   53.43452628
   85.12743000   57.56511246
   85.62236000   52.00619939
   86.11729000   65.89495019
   86.61222000   57.04634072
   87.10715000   68.21263999
   87.60207000   79.72835900
   88.09700000   54.71363561
   88.59193000   86.52185834
   89.08685000   74.24956575
   89.58178000   62.70659268
   90.07671000   64.40071057
   90.57163000   53.29045283
   91.06656000   64.13641475
   91.56149000   67.87336381
   92.05641000   71.90806234
   92.55134000   66.49813860
   93.04626000   55.86638010
   93.54120000   51.09437820
   94.03613000   41.53509988
   94.53105000   49.65001360
   95.02598000   56.76423936
   95.52090000   61.00773473
   96.01583000   48.94084871
   96.51076000   75.02506576
   97.00568000   79.46615548
   97.50061000   59.96488425
   97.99554000   67.25098286
   98.49046000   65.77296594
   98.98539000   58.31962444
   99.48032000   44.82563284
   99.97524000   68.02014558
  100.47020000   54.83509578
  100.96510000   48.61737961
  101.46000000   43.78555619
  101.95500000   50.03514670
  102.44990000   40.01736891
  102.94480000   49.34974766
  103.43970000   56.01979364
  103.93470000   33.20518630
  104.42960000   50.01473513
  104.92450000   53.41133868
  105.41940000   34.99847112
  105.91440000   52.15408755
  106.40930000   48.34403901
  106.90420000   50.19164703
  107.39910000   59.14915260
  107.89410000   59.33210165
  108.38900000   51.17967219
  108.88390000   53.94769947
  109.37890000   58.74975646
  109.87380000   56.17195006
  110.36870000   52.06168386
  110.86360000   58.77032111
  111.35860000   54.67977155
  111.85350000   47.41815155
  112.34840000   59.22267365
  112.84330000   65.42955027
  113.33830000   49.12123931
  113.83320000   55.14755856
  114.32810000   58.60175718
  114.82310000   41.83919508
  115.31800000   45.45194665
  115.81290000   54.91401613
  116.30780000   48.69568187
  116.80280000   54.73444684
  117.29770000   56.34185605
  117.79260000   53.02694571
  118.28750000   57.03221203
  118.78250000   65.32832255
  119.27740000   59.60373610
  119.77230000   53.28246938
  120.26730000   68.18181479
  120.76220000   68.47008063
  121.25710000   61.00115306
  121.75200000   70.67237436
  122.24700000   69.32793220
  122.74190000   63.67189618
  123.23680000   58.33639949
  123.73170000   49.80498384
  124.22670000   65.71697513
  124.72160000   51.09395133
  125.21650000   64.62603781
  125.71140000   57.31464508
  126.20640000   50.55431220
  126.70130000   49.36414948
  127.19620000   51.03096542
  127.69120000   50.17454307
  128.18610000   29.55517422
  128.68100000   56.25317139
  129.17590000   47.65427547
  129.67090000   52.27564752
  130.16580000   59.39535559
  130.66070000   58.61787703
  131.15560000   54.91136502
  131.65060000   65.96856469
  132.14550000   66.42936632
  132.64040000   61.80209068
  133.13530000   80.49365915
  133.63030000   79.80325157
  134.12520000   51.19114416
  134.62010000   56.09176212
  135.11510000   67.54636006
  135.61000000   59.26326680
  136.10490000   55.79239415
  136.59980000   54.52661023
  137.09480000   56.73076040
  137.58970000   58.59787028
  138.08460000   55.69944987
  138.57950000   53.25348557
  139.07450000   46.39516474
  139.56940000   60.11079291
  140.06430000   57.87576427
  140.55920000   51.18699931
  141.05420000   44.43882492
  141.54910000   64.75911902
  142.04400000   48.46118676
  142.53900000   62.65280457
  143.03390000   53.43801776
  143.52880000   56.05427537
  144.02370000   64.44285626
  144.51870000   77.38080520
  145.01360000   68.15750342
  145.50850000   54.41527158
  146.00340000   62.20946593
  146.49840000   57.71675186
  146.99330000   50.52710764
  147.48820000   46.19136654
  147.98320000   45.56394835
  148.47810000   26.67275880
  148.97300000   30.19569573
  149.46790000   44.52462194
  149.96290000   35.25187011
  150.45780000   46.45334470
  150.95270000   46.33333906
  151.44760000   40.04475678
  151.94260000   51.00767874
  152.43750000   54.60402958
  152.93240000   45.77083428
  153.42740000   46.74018105
  153.92230000   57.62716792
  154.41720000   58.54161042
  154.91210000   50.91922452
  155.40710000   58.02408234
  155.90200000   57.23004317
  156.39690000   44.99420141
  156.89180000   52.14037201
  157.38680000   51.01484559
  157.88170000   39.54336654
  158.37660000   44.69657791
  158.87160000   44.01848955
  159.36650000   42.68110747
  159.86140000   45.67409284
  160.35630000   44.62478252
  160.85130000   43.69451734
  161.34620000   45.15014272
  161.84110000   41.23719608
  162.33600000   44.19593919
  162.83100000   43.84774900
  163.32590000   46.29231846
  163.82080000   44.70505176
  164.31580000   37.67316681
  164.81070000   51.27750252
  165.30560000   49.14827350
  165.80050000   32.75963601
  166.29550000   54.63066006
  166.79040000   37.14590381
  167.28530000   40.33031973
  167.78020000   42.67326034
  168.27520000   51.08133600
  168.77010000   38.87175807
  169.26500000   43.61446043
  169.75990000   47.49028950
  170.25490000   40.23239679
  170.74980000   44.18470312
  171.24470000   42.64938907
  171.73970000   42.70506749
  172.23460000   42.20789014
  172.72950000   39.75291302
  173.22440000   48.59135816
  173.71940000   45.61293294
  174.21430000   43.04794003
  174.70920000   49.85681328
  175.20410000   40.47101497
  175.69910000   45.28257344
  176.19400000   48.15276874
  176.68890000   51.51409393
  177.18390000   50.80805624
  177.67880000   53.16897480
  178.17370000   58.85669724
  178.66860000   52.71361336
  179.16360000   62.55449171
  179.65850000   63.17986434
  180.15340000   42.83305542
  180.64830000   52.90478704
  181.14330000   36.64562778
  181.63820000   45.55042889
  182.13310000   51.03081496
  182.62810000   26.12303183
  183.12300000   43.82718774
  183.61790000   44.23298332
  184.11280000   64.14161490
  184.60780000   66.09563929
  185.10270000   61.42464088
  185.59760000   59.59925578
  186.09250000   63.00472398
  186.58750000   52.11634459
  187.08240000   57.01661162
  187.57730000   62.72721268
  188.07230000   48.24155955
  188.56720000   57.19307075
  189.06210000   60.01965660
  189.55700000   46.23213092
  190.05200000   60.56879781
  190.54690000   71.24897215
  191.04180000   51.45873708
  191.53670000   71.39873783
  192.03170000   75.99281148
  192.52660000   49.17787493
  193.02150000   53.40462059
  193.51640000   41.62796876
  194.01140000   39.57930411
  194.50630000   28.69163160
  195.00120000   53.32261506
  195.49620000   56.50632219
  195.99110000   48.31930059
  196.48600000   56.98473121
  196.98090000   56.79161492
  197.47590000   57.46867660
  197.97080000   52.45253950
  198.46570000   43.18188432
  198.96060000   55.41353226
  199.45560000   58.76994973
  199.95050000   62.45912617
  200.44540000   56.33064415
  200.94030000   56.81244734
  201.43530000   61.55088960
  201.93020000   53.84815668
  202.42510000   55.90302272
  202.92010000   62.39370776
  203.41500000   52.86886794
  203.90990000   50.52007652
  204.40480000   47.78445989
  204.89980000   47.92129126
  205.39470000   43.61857052
  205.88960000   47.61713284
  206.38450000   44.49431591
  206.87950000   41.20715407
  207.37440000   52.61004885
  207.86930000   56.65579833
  208.36420000   52.80306806
  208.85920000   54.94480746
  209.35410000   56.02848141
  209.84900000   52.76757155
  210.34400000   48.25795842
  210.83890000   53.21736311
  211.33380000   46.53380857
  211.82870000   46.58156844
  212.32370000   46.02279251
  212.81860000   51.02615272
  213.31350000   49.28518839
  213.80840000   45.89347492
  214.30340000   42.70341946
  214.79830000   46.54630733
  215.29320000   49.57194964
  215.78810000   44.77211094
  216.28310000   46.08391253
  216.77800000   46.04883782
  217.27290000   38.45838693
  217.76790000   40.25345680
  218.26280000   43.09334328
  218.75770000   51.18995491
  219.25260000   43.35417545
  219.74760000   36.74095335
  220.24250000   31.53275902
  220.73740000   50.73432514
  221.23230000   49.82623338
  221.72730000   49.65117432
  222.22220000   55.64004194
  222.71710000   55.72302764
  223.21210000   55.01885260
  223.70700000   63.72126815
  224.20190000   53.37306468
  224.69680000   32.05580971
  225.19180000   54.49348744
  225.68670000   58.19946415
  226.18160000   45.00033902
  226.67650000   58.26593734
  227.17150000   54.36069319
  227.66640000   48.95611871
  228.16130000   52.41240581
  228.65630000   61.74092462
  229.15120000   48.60511921
  229.64610000   56.30682188
  230.14100000   61.77417987
  230.63600000   62.60109300
  231.13090000   60.51127949
  231.62580000   69.52941870
  232.12070000   67.31603532
  232.61570000   55.18945449
  233.11060000   55.11444903
  233.60550000   69.73359787
  234.10040000   43.58971150
  234.59540000   70.23216326
  235.09030000   71.77432755
  235.58520000   56.07846650
  236.08020000   63.60261176
  236.57510000   65.82015996
  237.07000000   52.22995389
  237.56490000   54.62926935
  238.05990000   50.18267006
  238.55480000   44.42899562
  239.04970000   44.57588061
  239.54460000   53.00126904
  240.03960000   44.83681283
  240.53450000   50.02790869
  241.02940000   50.46227372
  241.52440000   43.74410993
  242.01930000   43.71393563
  242.51420000   54.12552968
  243.00910000   46.78984762
  243.50410000   41.57206514
  243.99900000   48.07359603
  244.49390000   60.65145088
  244.98880000   53.17799340
  245.48380000   53.69755789
  245.97870000   55.84942225
  246.47360000   56.21530975
  246.96860000   55.78402919
  247.46350000   49.05963066
  247.95840000   37.04919179
  248.45330000   43.05732227
  248.94830000   36.69808160
  249.44320000   48.59819679
  249.93810000   36.77012592
  250.43300000   46.43925054
  250.92800000   48.49808879
  251.42290000   38.28177357
  251.91780000   50.09731512
  252.41280000   49.41176473
  252.90770000   45.72373970
  253.40260000   42.33309992
  253.89750000   57.72316564
  254.39250000   48.47586799
  254.88740000   61.19535667
  255.38230000   61.13973539
  255.87720000   59.03388478
  256.37220000   44.44534899
  256.86710000   52.88894225
  257.36200000   56.41516443
  257.85690000   44.91037368
  258.35190000   49.94534042
  258.84680000   53.95508540
  259.34170000   48.56055229
  259.83660000   34.94284318
  260.33160000   48.16735857
  260.82650000   42.65758421
  261.32140000   35.76460190
  261.81640000   45.21929833
  262.31130000   42.07963477
  262.80620000   42.45641553
  263.30110000   55.79663245
  263.79610000   55.72988147
  264.29100000   56.70174888
  264.78590000   58.71773489
  265.28090000   64.36958958
  265.77580000   37.64072038
  266.27070000   59.16753116
  266.76560000   62.15026361
  267.26060000   31.73536551
  267.75550000   57.52145597
  268.25040000   70.64676269
  268.74530000   54.13394648
  269.24030000   69.28054342
  269.73520000   72.03525771
  270.23010000   56.72416496
  270.72500000   40.90394699
  271.22000000   54.60934271
  271.71490000   42.19620990
  272.20980000   43.90003440
  272.70470000   58.57193659
  273.19970000   69.07067260
  273.69460000   55.48798480
  274.18950000   62.10468396
  274.68440000   62.06707324
  275.17940000   47.85383255
  275.67430000   47.91306581
  276.16930000   62.85756911
  276.66420000   53.40541150
  277.15910000   56.54312619
  277.65400000   64.73153087
  278.14900000   58.11911384
  278.64390000   59.09234499
  279.13880000   59.58304710
  279.63370000   58.48929938
  280.12870000   43.60580348
  280.62360000   59.55198896
  281.11850000   66.65391020
  281.61340000   50.43569782
  282.10840000   68.43526213
  282.60330000   65.47849452
  283.09820000   52.41433268
  283.59310000   38.76039696
  284.08810000   53.17640576
  284.58300000   57.69451031
  285.07790000   44.14983836
  285.57280000   54.52975831
  286.06780000   66.98801859
  286.56270000   59.48362682
  287.05760000   70.04319428
  287.55260000   56.55244920
  288.04750000   55.16816176
  288.54240000   59.39563807
  289.03740000   57.00886855
  289.53230000   50.27745689
  290.02720000   52.60414508
  290.52210000   52.87785785
  291.01710000   48.24048166
  291.51200000   47.33888141
  292.00690000   57.82487550
  292.50180000   55.98657540
  292.99680000   50.35633503
  293.49170000   49.18045371
  293.98660000   54.35924495
  294.48150000   47.56051513
  294.97650000   53.54029843
  295.47140000   55.15925140
  295.96630000   51.23410157
  296.46120000   54.16540156
  296.95620000   55.72737747
  297.45110000   52.19722001
  297.94600000   60.08475176
  298.44090000   61.09936639
  298.93590000   49.90716872
  299.43080000   62.74276017
  299.92580000   60.84946133
  300.42070000   61.71821801
  300.91560000   46.44831813
  301.41050000   56.25352384
  301.90550000   55.09146550
  302.40040000   54.58736656
  302.89530000   58.71243027
  303.39020000   58.62692702
  303.88520000   51.36301151
  304.38010000   49.57427639
  304.87500000   50.96223311
  305.36990000   52.24971692
  305.86490000   44.23227358
  306.35980000   55.07387565
  306.85470000   44.39947348
  307.34960000   45.50307723
  307.84460000   55.72398909
  308.33950000   51.53365824
  308.83440000   52.44871337
  309.32930000   59.80847241
  309.82430000   53.76340195
  310.31920000   45.75963974
  310.81410000   54.23801372
  311.30910000   51.74360907
  311.80400000   55.76769986
  312.29890000   51.31492120
  312.79380000   62.63886028
  313.28880000   56.82419688
  313.78370000   60.50545316
  314.27860000   66.65209658
  314.77360000   64.52537045
  315.26850000   56.51318534
  315.76340000   51.06845948
  316.25830000   36.98654167
  316.75330000   37.79091153
  317.24820000   53.02068664
  317.74310000   63.82781963
  318.23800000   48.87268364
  318.73300000   63.80959641
  319.22790000   68.73797202
  319.72280000   53.27602184
  320.21770000   52.12241696
  320.71270000   63.83495338
  321.20760000   51.83052542
  321.70250000   55.03837814
  322.19740000   57.14686724
  322.69240000   50.22271497
  323.18730000   56.47173794
  323.68220000   54.06374582
  324.17720000   55.38260347
  324.67210000   53.42752058
  325.16700000   55.11964258
  325.66190000   39.26858676
  326.15690000   46.07929879
  326.65180000   49.76468181
  327.14670000   44.53494432
  327.64160000   47.35525585
  328.13660000   45.15817958
  328.63150000   59.12415361
  329.12640000   53.10748001
  329.62140000   56.03052002
  330.11630000   73.34903716
  330.61120000   74.63661972
  331.10610000   60.07091073
  331.60110000   65.64644386
  332.09600000   58.49036762
  332.59090000   63.76820877
  333.08580000   70.67961490
  333.58080000   80.97374348
  334.07570000   49.55105677
  334.57060000   55.46049650
  335.06560000   64.68381711
  335.56050000   56.20312118
  336.05540000   45.20752088
  336.55030000   58.09916145
  337.04530000   46.45194164
  337.54020000   45.78022876
  338.03510000   43.84484420
  338.53000000   45.31172467
  339.02500000   39.18884666
  339.51990000   40.80757979
  340.01480000   43.68163067
  340.50970000   40.44776299
  341.00470000   52.63643310
  341.49960000   42.10783563
  341.99450000   39.89712807
  342.48940000   59.88016840
  342.98440000   46.75320358
  343.47930000   47.13293969
  343.97420000   51.92890103
  344.46920000   47.71373172
  344.96410000   54.78606971
  345.45900000   35.38740040
  345.95390000   53.36164744
  346.44890000   53.95782481
  346.94380000   40.73861941
  347.43870000   35.55822466
  347.93370000   49.31601481
  348.42860000   40.22385395
  348.92350000   44.66565544
  349.41840000   38.58726206
  349.91340000   41.74804892
  350.40830000   34.65105284
  350.90320000   46.64017037
  351.39810000   41.03065976
  351.89310000   47.97428610
  352.38800000   52.16786238
  352.88290000   35.76779441
  353.37780000   31.73157278
  353.87280000   42.90722909
  354.36770000   49.56387556
  354.86260000   45.11691148
  355.35750000   27.55219882
  355.85250000   50.06731253
  356.34740000   36.41891217
  356.84230000   40.72202862
  357.33720000   48.39348658
  357.83220000   36.43918979
  358.32710000   51.82937887
  358.82210000   47.53924015
  359.31700000   49.53916084
  359.81190000   55.80371711
  360.30680000   52.01474146
  360.80180000   43.19809135
  361.29670000   40.05888900
  361.79160000   54.80491893
  362.28650000   44.87829162
  362.78150000   50.73762473
  363.27640000   54.31185757
  363.77130000   59.11780611
  364.26620000   34.69901146
  364.76120000   59.01325678
  365.25610000   55.36748377
  365.75100000   32.53299003
  366.24590000   56.28022396
  366.74090000   54.08464316
  367.23580000   52.43005949
  367.73070000   47.04000929
  368.22560000   52.83768016
  368.72060000   38.67198378
  369.21550000   46.96698596
  369.71040000   39.06814006
  370.20540000   43.82122267
  370.70030000   42.40795885
  371.19520000   44.15471794
  371.69020000   39.54109224
  372.18510000   41.83095836
  372.68000000   43.84582528
  373.17490000   40.62456258
  373.66990000   45.19860798
  374.16480000   24.46075254
  374.65970000   47.49788134
  375.15460000   48.23663623
  375.64960000   48.03703786
  376.14450000   54.84553753
  376.63940000   34.27769387
  377.13430000   49.08483682
  377.62930000   60.50826585
  378.12420000   61.03273174
  378.61910000   49.53962367
  379.11400000   63.02825777
  379.60900000   59.42175004
  380.10390000   50.99709832
  380.59880000   57.42921583
  381.09380000   49.05220369
  381.58870000   42.14050633
  382.08360000   46.36624647
  382.57860000   43.73116525
  383.07350000   41.14611697
  383.56840000   42.65283682
  384.06330000   43.34200405
  384.55830000   37.69140185
  385.05320000   47.48691097
  385.54810000   45.56481949
  386.04300000   44.97095599
  386.53800000   50.93573132
  387.03290000   50.20131266
  387.52780000   59.44633067
  388.02270000   63.13184789
  388.51770000   59.82495504
  389.01260000   62.89393645
  389.50750000   58.27261606
  390.00240000   48.28496038
  390.49740000   61.00847292
  390.99230000   49.09109959
  391.48720000   46.65161052
  391.98210000   42.67822704
  392.47710000   37.92821629
  392.97200000   42.96899674
  393.46690000   42.01457750
  393.96190000   37.36288538
  394.45680000   36.42717187
  394.95170000   35.64991569
  395.44670000   47.86996954
  395.94160000   42.92372407
  396.43650000   40.99437396
  396.93140000   46.19405840
  397.42640000   46.50266234
  397.92130000   51.94030788
  398.41620000   58.94250502
  398.91110000   55.98744216
  399.40610000   48.25626285
  399.90100000   48.71787485
  400.39590000   50.68166532
  400.89080000   43.77824021
  401.38580000   58.07818266
  401.88070000   50.58881948
  402.37560000   50.05398915
  402.87050000   55.03785228
  403.36550000   47.42876902
  403.86040000   48.06801927
  404.35530000   47.82918816
  404.85030000   55.54641449
  405.34520000   46.75797203
  405.84010000   48.84876426
  406.33500000   58.55294817
  406.83000000   57.23328524
  407.32490000   69.35343247
  407.81980000   71.17868334
  408.31470000   63.23450681
  408.80970000   52.91469093
  409.30460000   67.22915475
  409.79950000   59.18763366
  410.29450000   55.97506611
  410.78940000   62.42782403
  411.28430000   49.97745055
  411.77920000   45.45444881
  412.27420000   62.94323038
  412.76910000   55.88148321
  413.26400000   49.88897667
  413.75890000   53.04586304
  414.25390000   52.50483449
  414.74880000   42.94576648
  415.24370000   53.34080401
  415.73860000   47.93222282
  416.23360000   50.09675522
  416.72850000   52.46353316
  417.22340000   49.34631224
  417.71840000   49.71207829
  418.21330000   52.92224662
  418.70820000   49.07653056
  419.20310000   35.48535982
  419.69810000   54.51949527
  420.19300000   33.47299277
  420.68790000   52.30981041
  421.18280000   52.20162677
  421.67780000   50.87839083
  422.17270000   59.19417710
  422.66760000   49.19577134
  423.16250000   56.84082496
  423.65750000   44.91997457
  424.15240000   53.70781703
  424.64730000   45.40687855
  425.14230000   54.66148193
  425.63720000   59.19613078
  426.13210000   47.03532623
  426.62700000   58.76912146
  427.12200000   54.33947252
  427.61690000   48.88415305
  428.11180000   47.65803433
  428.60680000   60.64395999
  429.10170000   60.04333317
  429.59660000   50.29898268
  430.09150000   55.52502919
  430.58650000   49.03035418
  431.08140000   53.57541353
  431.57630000   51.83855470
  432.07120000   43.03859202
  432.56620000   51.33517919
  433.06110000   49.56842363
  433.55600000   39.05596639
  434.05090000   38.96895403
  434.54590000   49.83619391
  435.04080000   43.79289534
  435.53570000   45.83910084
  436.03060000   56.32623924
  436.52560000   47.72775860
  437.02050000   51.15359453
  437.51540000   43.47013260
  438.01030000   39.29096368
  438.50530000   43.29656269
  439.00020000   29.17874718
  439.49510000   40.08305384
  439.99010000   45.53399453
  440.48500000   44.79992717
  440.97990000   48.98225241
  441.47490000   45.05000666
  441.96980000   49.74455052
  442.46470000   47.94216452
  442.95960000   50.34286664
  443.45460000   43.86928378
  443.94950000   42.67954285
  444.44440000   48.52830273
  444.93930000   42.72839889
  445.43430000   54.34881505
  445.92920000   56.65852881
  446.42410000   49.15328756
  446.91900000   46.85082876
  447.41400000   42.29051043
  447.90890000   45.12027481
  448.40380000   45.98218442
  448.89870000   47.64179439
  449.39370000   41.84703091
  449.88860000   40.42007837
  450.38350000   45.11733821
  450.87840000   51.63616729
  451.37340000   47.04778377
  451.86830000   61.89361843
  452.36330000   57.54358967
  452.85820000   46.09637635
  453.35310000   42.57838511
  453.84800000   53.54340436
  454.34300000   45.98132468
  454.83790000   48.28188360
  455.33280000   52.61686779
  455.82770000   50.97587908
  456.32270000   53.78325196
  456.81760000   51.42004109
  457.31250000   50.87416997
  457.80740000   49.25361801
  458.30240000   53.80721538
  458.79730000   49.29866626
  459.29220000   38.07510840
  459.78710000   46.94815183
  460.28210000   38.34111829
  460.77700000   42.73687174
  461.27190000   46.51436653
  461.76680000   50.98508869
  462.26180000   44.13990679
  462.75670000   51.39084599
  463.25160000   55.23481569
  463.74660000   54.09891847
  464.24150000   41.42428046
  464.73640000   55.36286978
  465.23140000   48.51731464
  465.72630000   41.55913707
  466.22120000   50.16695189
  466.71610000   51.50997992
  467.21110000   48.36465628
  467.70600000   45.78469859
  468.20090000   53.14112956
  468.69580000   45.79676065
  469.19080000   43.72130278
  469.68570000   33.44564791
  470.18060000   42.12839382
  470.67550000   48.66357440
  471.17050000   46.96897671
  471.66540000   37.46747521
  472.16030000   45.89554239
  472.65520000   28.82547507
  473.15020000   47.57628452
  473.64510000   45.05574923
  474.14000000   50.99723557
  474.63490000   41.03412795
  475.12990000   55.07640019
  475.62480000   54.14404236
  476.11970000   66.24176793
  476.61470000   59.39932202
  477.10960000   59.49950448
  477.60450000   69.61359125
  478.09950000   45.33456654
  478.59440000   52.99718540
  479.08930000   62.17712475
  479.58420000   60.32611030
  480.07920000   52.61927511
  480.57410000   48.88153767
  481.06900000   51.03886405
  481.56390000   53.00316590
  482.05890000   45.73398932
  482.55380000   47.77761692
  483.04870000   48.40229139
  483.54360000   48.90497030
  484.03860000   47.38447816
  484.53350000   47.61248612
  485.02840000   51.13344988
  485.52330000   53.72798734
  486.01830000   54.10565614
  486.51320000   51.88718079
  487.00810000   55.45794947
  487.50310000   53.96710034
  487.99800000   51.12379061
  488.49290000   51.50245077
  488.98780000   42.94119916
  489.48280000   49.05699933
  489.97770000   44.89298536
  490.47260000   53.93005117
  490.96750000   51.36730185
  491.46250000   46.72485634
  491.95740000   48.98684294
  492.45230000   41.81380136
  492.94730000   44.44164299
  493.44220000   34.59577155
  493.93710000   43.72364163
  494.43200000   34.27542714
