 HEIGHT =    7.00000000000000     
 Time        Sound Pressure(decibal)
    0.00202050   88.87731934
    0.00404100   88.76478577
    0.00606150   82.00012207
    0.00808200   80.60289764
    0.01010250   84.20175171
    0.01212300   66.91753387
    0.01414350   79.87696075
    0.01616400   78.51748657
    0.01818450   73.25812531
    0.02020500   81.15806580
    0.02222550   89.32653046
    0.02424600   94.71975708
    0.02626651   89.46106720
    0.02828701   89.61824036
    0.03030751   93.57167816
    0.03232801   84.97995758
    0.03434851   91.78593445
    0.03636901   87.50294495
    0.03838951   91.61871338
    0.04041001   96.20567322
    0.04243051   92.13580322
    0.04445101   95.39371490
    0.04647151   92.19479370
    0.04849201   96.86073303
    0.05051251   99.18730164
    0.05253301   94.92071533
    0.05455351   92.00734711
    0.05657401   89.49975586
    0.05859451   95.24240875
    0.06061501   88.72781372
    0.06263551   83.01663208
    0.06465601   87.26706696
    0.06667651   84.60453796
    0.06869701   89.80142975
    0.07071751   94.84847260
    0.07273801   87.13018036
    0.07475851   88.61727142
    0.07677902   86.20216370
    0.07879952   91.32921600
    0.08082002   87.88459015
    0.08284052   82.55131531
    0.08486102   85.54503632
    0.08688152   75.75415039
    0.08890202   86.79576874
    0.09092252   91.19196320
    0.09294302   90.19462585
    0.09496352   86.30788422
    0.09698402   79.38757324
    0.09900452   87.16267395
    0.10102502   89.14756775
    0.10304552   92.10981750
    0.10506602   88.53450775
    0.10708652   86.28434753
    0.10910702   86.39775848
    0.11112752   67.52544403
    0.11314802   91.97436523
    0.11516852   85.13290405
    0.11718902   84.31936646
    0.11920952   88.32617188
    0.12123002   91.87171936
    0.12325052   91.45424652
    0.12527102   82.34229279
    0.12729153   89.61834717
    0.12931203   90.88459015
    0.13133253   86.87902832
    0.13335303   83.94187927
    0.13537353   82.32717133
    0.13739403   87.99919128
    0.13941453   91.83507538
    0.14143503   85.16056824
    0.14345553   86.17607880
    0.14547603   87.10861206
    0.14749653   87.17702484
    0.14951703   92.04425049
    0.15153753   89.41845703
    0.15355803   76.30358887
    0.15557853   89.61415100
    0.15759903   82.76396179
    0.15961953   92.40794373
    0.16164003   93.97716522
    0.16366053   83.41319275
    0.16568103   90.91899109
    0.16770153   92.05933380
    0.16972203   86.47537231
    0.17174253   90.86373138
    0.17376303   95.07694244
    0.17578353   88.92480469
    0.17780404   92.32846832
    0.17982454   92.42040253
    0.18184504   89.27050018
    0.18386554   93.72678375
    0.18588604   92.88348389
    0.18790654   94.97279358
    0.18992704   92.99237061
    0.19194754   89.53877258
    0.19396804   86.40242767
    0.19598854   94.29275513
    0.19800904   79.15277863
    0.20002954   89.59181976
    0.20205004   83.29941559
    0.20407054   80.88544464
    0.20609104   92.93001556
    0.20811154   95.30446625
    0.21013204   94.56086731
    0.21215254   87.08567047
    0.21417304   83.65863800
    0.21619354   89.64367676
    0.21821404   80.37799835
    0.22023454   83.53843689
    0.22225504   86.39393616
    0.22427554   85.19723511
    0.22629604   87.14591217
    0.22831655   93.39791107
    0.23033705   92.33819580
    0.23235755   89.68369293
    0.23437805   91.25363922
    0.23639855   93.31223297
    0.23841905   82.43585205
    0.24043955   86.06646729
    0.24246005   86.92253876
    0.24448055   88.76130676
    0.24650105   90.57608795
    0.24852155   80.67401886
    0.25054205   91.89834595
    0.25256255   87.94717407
    0.25458305   92.86494446
    0.25660355   92.72734070
    0.25862405   75.50274658
    0.26064455   87.62873077
    0.26266505   91.89408875
    0.26468555   91.17163849
    0.26670605   88.84315491
    0.26872655   91.69729614
    0.27074705   90.73923492
    0.27276755   91.22080994
    0.27478805   95.04925537
    0.27680855   95.85709381
    0.27882906   92.03756714
    0.28084956   90.68610382
    0.28287006   94.17279053
    0.28489056   89.38827515
    0.28691106   86.30847168
    0.28893156   84.42617035
    0.29095206   90.77214050
    0.29297256   97.98970032
    0.29499306   91.59880829
    0.29701356   92.12664032
    0.29903406   92.38923645
    0.30105456   85.99919128
    0.30307506   91.45625305
    0.30509556   92.22459412
    0.30711606   90.02951050
    0.30913656   86.46510315
    0.31115706   82.86502075
    0.31317756   89.04341125
    0.31519806   93.57402039
    0.31721856   89.87712860
    0.31923906   92.54093170
    0.32125956   89.10803223
    0.32328006   96.03865814
    0.32530056   90.11047363
    0.32732106   78.68826294
    0.32934157   86.55446625
    0.33136207   88.06838989
    0.33338257   85.01077271
    0.33540307   87.50524902
    0.33742357   86.98934937
    0.33944407   87.71387482
    0.34146457   89.80409241
    0.34348507   96.89476776
    0.34550557   89.87159729
    0.34752607   74.97204590
    0.34954657   91.35346222
    0.35156707   92.13381958
    0.35358757   77.10944366
    0.35560807   79.97049713
    0.35762857   84.56930542
    0.35964907   91.63794708
    0.36166957   94.37905121
    0.36369007   96.68221283
    0.36571057   90.27062988
    0.36773107   76.15853119
    0.36975157   88.01300812
    0.37177207   94.78527832
    0.37379257   86.95458984
    0.37581307   69.07665253
    0.37783358   90.35342407
    0.37985408   86.73694611
    0.38187458   95.21488953
    0.38389508   95.78665924
    0.38591558   89.32793427
    0.38793608   93.23104858
    0.38995658   90.17550659
    0.39197708   92.93716431
    0.39399758   91.18476105
    0.39601808   87.25300598
    0.39803858   87.03298187
    0.40005908   94.17655182
    0.40207958   86.62635040
    0.40410008   89.75712585
    0.40612058   91.01656342
    0.40814108   89.65534210
    0.41016158   94.33628845
    0.41218208   95.25266266
    0.41420258   90.19316101
    0.41622308   89.32593536
    0.41824358   89.95839691
    0.42026408   88.82404327
    0.42228458   93.35494995
    0.42430508   87.57004547
    0.42632558   86.84436035
    0.42834609   94.43505859
    0.43036659   92.31290436
    0.43238709   94.14075470
    0.43440759   88.70574951
    0.43642809   78.21712494
    0.43844859   83.61640167
    0.44046909   87.77665710
    0.44248959   78.14717102
    0.44451009   88.12957001
    0.44653059   90.38003540
    0.44855109   90.00357056
    0.45057159   96.02589417
    0.45259209   92.23829651
    0.45461259   93.93641663
    0.45663309   91.27993774
    0.45865359   92.07063293
    0.46067409   82.09945679
    0.46269459   82.63471222
    0.46471509   87.99985504
    0.46673559   82.57421112
    0.46875609   91.08245087
    0.47077659   87.63818359
    0.47279709   78.85151672
    0.47481759   87.68733978
    0.47683809   92.32765198
    0.47885860   92.53360748
    0.48087910   86.46395111
    0.48289960   88.06127930
    0.48492010   82.80925751
    0.48694060   85.22916412
    0.48896110   86.94522095
    0.49098160   90.48981476
    0.49300210   85.90537262
    0.49502260   85.27436829
    0.49704310   93.80104828
    0.49906360   94.24983215
    0.50108410   90.45806122
    0.50310460   92.05374146
    0.50512510   96.06050110
    0.50714560   87.05402374
    0.50916610   90.80599976
    0.51118660   80.28241730
    0.51320710   92.32192993
    0.51522760   93.89463806
    0.51724810   90.94535065
    0.51926860   96.25966644
    0.52128910   91.77713013
    0.52330960   86.40721130
    0.52533010   93.46583557
    0.52735060   92.00870514
    0.52937111   86.88996887
    0.53139161   75.19978333
    0.53341211   78.65045929
    0.53543261   95.01261902
    0.53745311   97.24400330
    0.53947361   94.51412964
    0.54149411   92.25492096
    0.54351461   83.39508057
    0.54553511   91.42405701
    0.54755561   95.39184570
    0.54957611   91.91277313
    0.55159661   75.93135834
    0.55361711   91.36820984
    0.55563761   83.73094940
    0.55765811   88.07653809
    0.55967861   92.19763947
    0.56169911   86.02185822
    0.56371961   90.75679779
    0.56574011   88.43836212
    0.56776061   88.85010529
    0.56978111   73.28687286
    0.57180161   86.75529480
    0.57382211   80.25143433
    0.57584261   83.36445618
    0.57786311   71.50783539
    0.57988362   92.34078979
    0.58190412   92.86771393
    0.58392462   89.49823761
    0.58594512   93.89826965
    0.58796562   95.57716370
    0.58998612   82.81414795
    0.59200662   87.21948242
    0.59402712   88.24171448
    0.59604762   85.49867249
    0.59806812   93.07264709
    0.60008862   94.41673279
    0.60210912   78.47902679
    0.60412962   83.11231232
    0.60615012   93.88640594
    0.60817062   98.68919373
    0.61019112   93.92755890
    0.61221162   88.76463318
    0.61423212   68.10757446
    0.61625262   89.67639923
    0.61827312   84.87155914
    0.62029362   88.43416595
    0.62231412   83.16262817
    0.62433462   77.25318909
    0.62635512   92.49186707
    0.62837562  100.13202667
    0.63039613   95.06454468
    0.63241663   99.09315491
    0.63443713   90.00217438
    0.63645763   80.99829865
    0.63847813   85.19166565
    0.64049863   85.25837708
    0.64251913   83.01922607
    0.64453963   71.13507080
    0.64656013   87.87355804
    0.64858063   80.81510925
    0.65060113   95.07465363
    0.65262163   97.34757233
    0.65464213   96.06925964
    0.65666263   94.26725769
    0.65868313   92.07378387
    0.66070363   90.24941254
    0.66272413   90.61275482
    0.66474463   90.63935852
    0.66676513   84.18097687
    0.66878563   93.56460571
    0.67080613   95.72058868
    0.67282663   96.72595215
    0.67484713   95.60836792
    0.67686763   92.24201965
    0.67888813   94.87681580
    0.68090864   93.01668549
    0.68292914   86.21541595
    0.68494964   89.90596771
    0.68697014   93.04729462
    0.68899064   88.45183563
    0.69101114   93.24447632
    0.69303164   93.29646301
    0.69505214   94.25406647
    0.69707264   92.20484161
    0.69909314   96.71300507
    0.70111364   99.65142059
    0.70313414   90.53765106
    0.70515464   75.75535583
    0.70717514   77.61680603
    0.70919564   87.28307343
    0.71121614   93.12229156
    0.71323664   92.08247375
    0.71525714   87.88688660
    0.71727764   87.39031982
    0.71929814   95.71736145
    0.72131864   92.81562805
    0.72333914   97.43845367
    0.72535964   87.78461456
    0.72738014   84.57102966
    0.72940064   89.93996429
    0.73142115   92.58830261
    0.73344165   82.35450745
    0.73546215   87.89382172
    0.73748265   94.64098358
    0.73950315   73.28614807
    0.74152365   90.38236237
    0.74354415   95.55722809
    0.74556465   94.74682617
    0.74758515   95.48551941
    0.74960565   91.05858612
    0.75162615   85.22470093
    0.75364665   89.22751617
    0.75566715   84.17292023
    0.75768765   82.74550629
    0.75970815   94.41664886
    0.76172865   87.05474091
    0.76374915   78.25862122
    0.76576965   87.40958405
    0.76779015   96.09281158
    0.76981065   96.43839264
    0.77183115   87.31211090
    0.77385165   87.37372589
    0.77587215   87.65093231
    0.77789265   71.61680603
    0.77991315   88.98884583
    0.78193366   79.32447052
    0.78395416   88.85939789
    0.78597466   81.98538971
    0.78799516   93.71699524
    0.79001566   97.42255402
    0.79203616   93.47737885
    0.79405666   91.47911835
    0.79607716   92.47016907
    0.79809766   90.15326691
    0.80011816   90.66687012
    0.80213866   89.52210999
    0.80415916   96.34849548
    0.80617966   92.96408844
    0.80820016   89.32546234
    0.81022066   92.58576202
    0.81224116   96.43118286
    0.81426166   91.65195465
    0.81628216   97.17212677
    0.81830266   93.91844177
    0.82032316   90.60310364
    0.82234366   86.24491882
    0.82436416   86.47665405
    0.82638466   90.36841583
    0.82840516   91.63130951
    0.83042566   80.18363953
    0.83244617   90.66672516
    0.83446667   85.66463470
    0.83648717   95.95890045
    0.83850767   98.76151276
    0.84052817   87.80591583
    0.84254867   93.34100342
    0.84456917   97.02771759
    0.84658967   87.22979736
    0.84861017   86.23033905
    0.85063067   90.91156769
    0.85265117   93.18877411
    0.85467167   93.60973358
    0.85669217   86.43443298
    0.85871267   97.42594910
    0.86073317   94.34075928
    0.86275367   84.84722900
    0.86477417   93.23062897
    0.86679467   95.53459930
    0.86881517   87.37769318
    0.87083567   87.33055878
    0.87285617   94.86940765
    0.87487667   91.54738617
    0.87689717   93.97137451
    0.87891767   76.68074799
    0.88093817   86.69002533
    0.88295868   88.11016846
    0.88497918   92.86341095
    0.88699968   88.57994080
    0.88902018   95.67549896
    0.89104068   95.73502350
    0.89306118   93.46082306
    0.89508168   89.25194550
    0.89710218   84.70731354
    0.89912268   93.33565521
    0.90114318   91.07091522
    0.90316368   93.11862946
    0.90518418   98.87246704
    0.90720468   95.02094269
    0.90922518   83.83913422
    0.91124568   98.79273224
    0.91326618   94.68653870
    0.91528668   91.55072784
    0.91730718   82.96189117
    0.91932768   90.59167480
    0.92134818   89.44155121
    0.92336868   94.76175690
    0.92538918   85.07608032
    0.92740968   91.93448639
    0.92943018   89.52005768
    0.93145068   95.02748108
    0.93347119   93.29994965
    0.93549169   90.12682343
    0.93751219   95.91587830
    0.93953269   86.60665131
    0.94155319   84.47547913
    0.94357369   93.01689911
    0.94559419   93.90789032
    0.94761469   90.80899811
    0.94963519   89.08870697
    0.95165569   93.14559174
    0.95367619   96.79898834
    0.95569669   90.06498718
    0.95771719   94.48324585
    0.95973769   97.44919586
    0.96175819   91.49506378
    0.96377869   89.15103149
    0.96579919   87.77443695
    0.96781969   85.68498993
    0.96984019   93.49292755
    0.97186069   89.67411804
    0.97388119   94.82442474
    0.97590169   92.23326874
    0.97792219   94.73645782
    0.97994269   99.67812347
    0.98196319   96.21134186
    0.98398370   86.51995087
    0.98600420   88.84438324
    0.98802470   86.12931061
    0.99004520   92.03460693
    0.99206570   97.09498596
    0.99408620   98.57874298
    0.99610670   92.98147583
    0.99812720   90.28146362
    1.00014770   98.57462311
    1.00216820  100.16386414
    1.00418870   90.98731232
    1.00620920   90.94094849
    1.00822970   94.41316223
    1.01025020   91.00723267
    1.01227070   96.41955566
    1.01429120   96.80649567
    1.01631170   85.11791992
    1.01833220   87.13327789
    1.02035270   93.34144592
    1.02237320   98.15891266
    1.02439370   97.38304138
    1.02641420   86.97843170
    1.02843470   95.19766235
    1.03045520   90.02117157
    1.03247570   93.87672424
    1.03449621   92.98219299
    1.03651671   90.94304657
    1.03853721   90.53233337
    1.04055771   90.71289825
    1.04257821   95.65067291
    1.04459871   93.75315857
    1.04661921   88.94753265
    1.04863971   86.07347870
    1.05066021   95.24540710
    1.05268071   92.86531067
    1.05470121   75.14741516
    1.05672171   79.56056213
    1.05874221   97.33131409
    1.06076271   92.17944336
    1.06278321   93.56990814
    1.06480371   91.78434753
    1.06682421   92.61562347
    1.06884471   80.28504944
    1.07086521   90.82098389
    1.07288571   89.20845795
    1.07490621   84.17459869
    1.07692671   91.40396118
    1.07894721   87.19892120
    1.08096771   94.59216309
    1.08298822   86.35579681
    1.08500872   85.11950684
    1.08702922   87.52404022
    1.08904972   83.25621033
    1.09107022   83.72916412
    1.09309072   91.21207428
    1.09511122   85.77233887
    1.09713172   91.59448242
    1.09915222   90.68637085
    1.10117272   84.01889038
    1.10319322   81.19237518
    1.10521372   83.61698151
    1.10723422   94.60066223
    1.10925472   95.87639618
    1.11127522   88.82377625
    1.11329572   88.98307800
    1.11531622   86.67580414
    1.11733672   95.91420746
    1.11935722   90.81456757
    1.12137772   80.05500793
    1.12339822   91.96554565
    1.12541872   88.35562897
    1.12743922   94.89239502
    1.12945972   93.32295227
    1.13148022   87.32938385
    1.13350073   91.86065674
    1.13552123   93.87651825
    1.13754173   92.28485107
    1.13956223   93.84988403
    1.14158273   82.80323792
    1.14360323   95.13843536
    1.14562373   95.57285309
    1.14764423   96.11050415
    1.14966473   97.18437195
    1.15168523   95.34781647
    1.15370573   80.34949493
    1.15572623   94.60636902
    1.15774673   90.72020721
    1.15976723   88.61032104
    1.16178773   85.86700439
    1.16380823   88.26422882
    1.16582873   97.98742676
    1.16784923   95.88039398
    1.16986973   85.53765869
    1.17189023   94.33329010
    1.17391073   87.65173340
    1.17593123   83.45731354
    1.17795173   92.89768219
    1.17997223   94.21086884
    1.18199273   91.59637451
    1.18401324   88.96989441
    1.18603374   90.81166840
    1.18805424   94.70242310
    1.19007474   80.73964691
    1.19209524   90.58978271
    1.19411574   88.88600922
    1.19613624   90.32167053
    1.19815674   86.30290222
    1.20017724   89.63180542
    1.20219774   92.35437012
    1.20421824   90.56656647
    1.20623874   87.06407928
    1.20825924   91.97741699
    1.21027974   92.78011322
    1.21230024   86.81468964
    1.21432074   91.94635773
    1.21634124   95.16521454
    1.21836174   85.38378906
    1.22038224   83.25083923
    1.22240274   85.28978729
    1.22442324   91.63069916
    1.22644374   93.11720276
    1.22846424   95.92649841
    1.23048474   94.54633331
    1.23250524   92.41268158
    1.23452575   95.28717804
    1.23654625   96.85176849
    1.23856675   93.78008270
    1.24058725   79.29781342
    1.24260775   89.49132538
    1.24462825   83.11536407
    1.24664875   89.16697693
    1.24866925   82.38027191
    1.25068975   90.78691864
    1.25271025   91.87388611
    1.25473075   96.75519562
    1.25675125  100.34360504
    1.25877175   99.57608795
    1.26079225   98.83589935
    1.26281275   93.05638123
    1.26483325   90.22499847
    1.26685375   92.92655945
    1.26887425   93.22652435
    1.27089475   88.03546143
    1.27291525   86.05971527
    1.27493575   80.09671021
    1.27695625   84.53353882
    1.27897675   93.08251190
    1.28099725   92.42955017
    1.28301775   92.82562256
    1.28503826   96.45503235
    1.28705876   82.06871033
    1.28907926   85.50299835
    1.29109976   96.68961334
    1.29312026   93.14710236
    1.29514076   87.90306091
    1.29716126   85.63397217
    1.29918176   93.00483704
    1.30120226   96.95330811
    1.30322276  100.11498260
    1.30524326   94.29129791
    1.30726376   92.66692352
    1.30928426   90.53033447
    1.31130476   95.33124542
    1.31332526   87.63490295
    1.31534576   90.65335846
    1.31736626   96.31976318
    1.31938676   96.73583984
    1.32140726   87.35984802
    1.32342776   90.81857300
    1.32544826   91.83779144
    1.32746876   91.30831909
    1.32948926   93.02602386
    1.33150976   92.53263855
    1.33353026   83.73023224
    1.33555077   81.39539337
    1.33757127   90.04888916
    1.33959177   96.87638855
    1.34161227   95.16036987
    1.34363277   94.90437317
    1.34565327   89.14154816
    1.34767377   86.64847565
    1.34969427   86.02451324
    1.35171477   90.53528595
    1.35373527   89.36292267
    1.35575577   95.25899506
    1.35777627   88.94061279
    1.35979677   96.69631195
    1.36181727   99.02839661
    1.36383777   89.93184662
    1.36585827   84.67169952
    1.36787877   95.82714081
    1.36989927   86.58515930
    1.37191977   92.06170654
    1.37394027   97.40428162
    1.37596077   97.40840149
    1.37798127   96.91665649
    1.38000177   94.09001160
    1.38202227  100.30257416
    1.38404277   96.60395050
    1.38606328   94.63138580
    1.38808378   97.89813995
    1.39010428   99.17620850
    1.39212478   89.00231934
    1.39414528   81.97588348
    1.39616578   90.48809814
    1.39818628   88.37608337
    1.40020678   90.89301300
    1.40222728   91.25077820
    1.40424778   85.18729401
    1.40626828   94.34132385
    1.40828878   93.12505341
    1.41030928   94.35626984
    1.41232978   89.19506073
    1.41435028   71.30500793
    1.41637078   80.40026093
    1.41839128   92.37456512
    1.42041178   93.02683258
    1.42243228   75.29639435
    1.42445278   89.02159882
    1.42647328   89.77646637
    1.42849378   89.47373199
    1.43051428   95.65669250
    1.43253478   91.80073547
    1.43455528   93.97895050
    1.43657579   88.72649384
    1.43859629   82.63132477
    1.44061679   89.38664246
    1.44263729   85.81544495
    1.44465779   90.62216949
    1.44667829   93.00242615
    1.44869879   78.34551239
    1.45071929   92.03687286
    1.45273979   91.50488281
    1.45476029   83.90879822
    1.45678079   85.92552185
    1.45880129   83.25988770
    1.46082179   89.61051941
    1.46284229   89.95892334
    1.46486279   87.07273865
    1.46688329   91.22074890
    1.46890379   91.62738037
    1.47092429   90.15700531
    1.47294479   94.27022552
    1.47496529   97.09333038
    1.47698579   91.15929413
    1.47900629   91.90830231
    1.48102679   90.85139465
    1.48304729   87.85735321
    1.48506779   92.56136322
    1.48708830   85.31491089
    1.48910880   86.09844208
    1.49112930   83.83535767
    1.49314980   90.07271576
    1.49517030   95.24160767
    1.49719080   96.77575684
    1.49921130   90.96167755
    1.50123180   88.88871002
    1.50325230   89.58534241
    1.50527280   90.01627350
    1.50729330   92.27205658
    1.50931380   73.32627106
    1.51133430   80.20703125
    1.51335480   86.21353912
    1.51537530   91.58573914
    1.51739580   89.72087097
    1.51941630   94.87975311
    1.52143680   92.58769989
    1.52345730   88.20501709
    1.52547780   83.90422058
    1.52749830   82.98233795
    1.52951880   81.68690491
    1.53153930   86.59677887
    1.53355980   77.34995270
    1.53558030   90.77768707
    1.53760081   86.26214600
    1.53962131   90.39945221
    1.54164181   94.34059143
    1.54366231   88.57656860
    1.54568281   87.98997498
    1.54770331   89.08854675
    1.54972381   77.86552429
    1.55174431   91.20267487
    1.55376481   86.70454407
    1.55578531   84.03501892
    1.55780581   83.06953430
    1.55982631   83.58131409
    1.56184681   89.52937317
    1.56386731   88.11005402
    1.56588781   79.97505188
    1.56790831   91.23000336
    1.56992881   85.56174469
    1.57194931   82.98595428
    1.57396981   75.17083740
    1.57599031   85.46060181
    1.57801081   88.32080841
    1.58003131   86.49776459
    1.58205181   89.09158325
    1.58407231   76.49932098
    1.58609281   78.34389496
    1.58811332   95.73760986
    1.59013382   93.20951080
    1.59215432   89.05562592
    1.59417482   71.65659332
    1.59619532   87.37373352
    1.59821582   82.78877258
    1.60023632   94.26846313
    1.60225682   77.68630981
    1.60427732   85.51502991
    1.60629782   90.07247925
    1.60831832   95.09815979
    1.61033882   94.61930847
    1.61235932   90.68697357
    1.61437982   86.81073761
    1.61640032   88.86024475
    1.61842082   79.28932190
    1.62044132   91.00982666
    1.62246182   90.10041046
    1.62448232   85.94415283
    1.62650282   89.77026367
    1.62852332   93.70769501
    1.63054382   94.59678650
    1.63256432   94.33946228
    1.63458482   82.84406281
    1.63660532   89.72594452
    1.63862583   92.13376617
    1.64064633   90.92898560
    1.64266683   91.48159790
    1.64468733   87.76354980
    1.64670783   88.84212494
    1.64872833   94.35337830
    1.65074883   92.29256439
    1.65276933   89.53488922
    1.65478983   92.79850769
    1.65681033   88.91352081
    1.65883083   87.56549072
    1.66085133   88.63781738
    1.66287183   85.08853912
    1.66489233   82.92038727
    1.66691283   84.19998932
    1.66893333   85.64685059
    1.67095383   92.10719299
    1.67297433   85.86106873
    1.67499483   88.93687439
    1.67701533   92.75646210
    1.67903583   87.27974701
    1.68105633   83.32234192
    1.68307683   84.68661499
    1.68509733   89.16156769
    1.68711783   81.17838287
    1.68913834   82.01904297
    1.69115884   73.34852600
    1.69317934   87.95384979
    1.69519984   93.76738739
    1.69722034   94.34686279
    1.69924084   73.27021790
    1.70126134   75.99994659
    1.70328184   84.71501160
    1.70530234   88.57286072
    1.70732284   91.51797485
    1.70934334   85.69715118
    1.71136384   80.05053711
    1.71338434   90.15131378
    1.71540484   90.96517944
    1.71742534   94.00180817
    1.71944584   90.61860657
    1.72146634   89.41857910
    1.72348684   86.57663727
    1.72550734   85.50349426
    1.72752784   88.28903198
    1.72954834   91.74526978
    1.73156884   87.37584686
    1.73358934   86.75646210
    1.73560984   88.19004822
    1.73763035   92.35484314
    1.73965085   93.98697662
    1.74167135   83.09555054
    1.74369185   91.70817566
    1.74571235   87.42096710
    1.74773285   90.05058289
    1.74975335   86.71206665
    1.75177385   90.08515167
    1.75379435   92.52188110
    1.75581485   85.08258057
    1.75783535   83.58786774
    1.75985585   78.82794189
    1.76187635   80.45374298
    1.76389685   90.83648682
    1.76591735   91.54469299
    1.76793785   89.44139099
    1.76995835   80.08763885
    1.77197885   80.20138550
    1.77399935   86.29185486
    1.77601985   88.64004517
    1.77804035   83.13778687
    1.78006085   81.62023926
    1.78208135   90.08841705
    1.78410185   86.76647186
    1.78612235   91.46863556
    1.78814286   83.86847687
    1.79016336   85.88849640
    1.79218386   80.86953735
    1.79420436   80.23647308
    1.79622486   90.75582123
    1.79824536   88.06868744
    1.80026586   83.80566406
    1.80228636   91.74386597
    1.80430686   93.40096283
    1.80632736   91.26627350
    1.80834786   89.39211273
    1.81036836   89.66434479
    1.81238886   90.28887939
    1.81440936   80.31080627
    1.81642986   85.41291046
    1.81845036   77.37306976
    1.82047086   87.33100128
    1.82249136   89.68769836
    1.82451186   89.58998108
    1.82653236   93.34465790
    1.82855286   86.50636292
    1.83057336   87.82361603
    1.83259386   90.85806274
    1.83461436   90.20156860
    1.83663486   90.00241089
    1.83865537   81.74752808
    1.84067587   86.62983704
    1.84269637   94.31159210
    1.84471687   91.05488586
    1.84673737   78.18598938
    1.84875787   92.04962921
    1.85077837   82.97418976
    1.85279887   76.89889526
    1.85481937   89.22029877
    1.85683987   92.05918884
    1.85886037   88.64989471
    1.86088087   89.38298035
    1.86290137   91.32280731
    1.86492187   92.18724060
    1.86694237   82.05910492
    1.86896287   90.55358124
    1.87098337   87.34521484
    1.87300387   90.76842499
    1.87502437   83.99054718
    1.87704487   82.79589081
    1.87906537   85.37869263
    1.88108587   83.45645905
    1.88310637   91.10091400
    1.88512687   90.33188629
    1.88714737   92.80359650
    1.88916788   90.76856232
    1.89118838   85.45256042
    1.89320888   91.79784393
    1.89522938   92.63065338
    1.89724988   85.85323334
    1.89927038   92.02693939
    1.90129088   84.64795685
    1.90331138   71.99520874
    1.90533188   69.23297119
    1.90735238   82.58524323
    1.90937288   87.73057556
    1.91139338   82.84989929
    1.91341388   91.56687927
    1.91543438   88.12017059
    1.91745488   87.90993500
    1.91947538   86.76782990
    1.92149588   90.85083771
    1.92351638   78.91542053
    1.92553688   77.74344635
    1.92755738   83.08889771
    1.92957788   92.67457581
    1.93159838   91.51325989
    1.93361888   95.01084137
    1.93563938   91.21755219
    1.93765988   84.05521393
    1.93968039   89.76837921
    1.94170089   85.22556305
    1.94372139   82.84987640
    1.94574189   74.78252411
    1.94776239   87.57554626
    1.94978289   90.28179932
    1.95180339   89.07515717
    1.95382389   71.19562531
    1.95584439   81.53376770
    1.95786489   90.53702545
    1.95988539   68.53143311
    1.96190589   84.73363495
    1.96392639   84.38420868
    1.96594689   76.81090546
    1.96796739   82.71167755
    1.96998789   84.70365906
    1.97200839   86.61658478
    1.97402889   86.61780548
    1.97604939   80.79769897
    1.97806989   79.23594666
    1.98009039   88.12296295
    1.98211089   74.14790344
    1.98413139   85.75815582
    1.98615189   90.38862610
    1.98817239   84.57654572
    1.99019290   80.50184631
    1.99221340   89.88486481
    1.99423390   74.63217926
    1.99625440   82.03266907
    1.99827490   85.86181641
    2.00029540   74.61106873
    2.00231590   86.81925201
    2.00433640   85.02663422
    2.00635690   86.62053680
    2.00837740   89.43003082
    2.01039790   82.93829346
    2.01241840   90.29663849
    2.01443890   86.81040955
    2.01645940   87.99594116
    2.01847990   89.74524689
    2.02050040   90.35042572
