 HEIGHT =    9.00000000000000     
 Frequency   Sound Pressure(decibal)
    0.49492700   51.91379375
    0.98985390   50.21516850
    1.48478100   55.10495134
    1.97970800   71.24895341
    2.47463500   65.16676566
    2.96956200   76.57936683
    3.46448900   65.10277116
    3.95941600   61.06903841
    4.45434300   56.20024734
    4.94927000   58.64385573
    5.44419700   59.06366911
    5.93912400   58.57491799
    6.43405100   60.76506956
    6.92897700   57.66009326
    7.42390400   60.61658111
    7.91883100   60.02706602
    8.41375800   56.20020599
    8.90868600   59.77471401
    9.40361200   59.52332562
    9.89854000   51.24410039
   10.39347000   56.67492728
   10.88839000   59.88228823
   11.38332000   48.10587561
   11.87825000   56.28025909
   12.37317000   56.47861099
   12.86810000   54.95149349
   13.36303000   59.02349812
   13.85795000   63.55036144
   14.35288000   55.53026470
   14.84781000   51.97287194
   15.34274000   53.19175023
   15.83766000   51.77452657
   16.33259000   53.61545890
   16.82752000   52.18300455
   17.32244000   53.50422617
   17.81737000   53.50167956
   18.31230000   51.72546220
   18.80722000   56.55479144
   19.30215000   56.08493280
   19.79708000   53.28495823
   20.29201000   59.18583595
   20.78693000   57.04584409
   21.28186000   54.11108068
   21.77679000   56.71713468
   22.27171000   46.86496130
   22.76664000   56.62067069
   23.26157000   50.32959234
   23.75649000   59.42331470
   24.25142000   50.19802005
   24.74635000   50.81898005
   25.24128000   49.17135251
   25.73620000   56.30347781
   26.23113000   50.87584409
   26.72606000   47.11091746
   27.22098000   51.79158068
   27.71591000   50.13865042
   28.21084000   46.85207050
   28.70576000   54.80496949
   29.20069000   46.84224381
   29.69562000   50.45243671
   30.19054000   56.41403512
   30.68547000   43.66867249
   31.18040000   53.65440904
   31.67533000   53.42227824
   32.17025000   39.07012655
   32.66518000   46.42650732
   33.16011000   52.05534941
   33.65503000   41.91394476
   34.14996000   47.39011410
   34.64489000   45.90608006
   35.13981000   43.76538980
   35.63474000   47.35850447
   36.12967000   51.58776682
   36.62460000   59.05553725
   37.11952000   51.79483290
   37.61445000   41.58839530
   38.10938000   50.21512135
   38.60430000   52.06560034
   39.09923000   49.92644777
   39.59416000   49.33810468
   40.08908000   48.16914526
   40.58401000   53.56256105
   41.07894000   57.93574312
   41.57386000   60.54939640
   42.06879000   46.89879035
   42.56372000   73.49064266
   43.05865000   72.29476602
   43.55357000   64.52640102
   44.04850000   68.20200667
   44.54343000   73.72945356
   45.03835000   67.27316895
   45.53328000   70.93014365
   46.02821000   73.71109641
   46.52313000   68.98642676
   47.01806000   65.91710887
   47.51299000   71.68139210
   48.00792000   62.73193114
   48.50284000   54.53875283
   48.99777000   70.86414662
   49.49269000   68.04024967
   49.98762000   43.29960582
   50.48255000   55.04185856
   50.97748000   57.84923773
   51.47240000   46.62027184
   51.96733000   55.83756093
   52.46226000   61.67711763
   52.95718000   48.79016040
   53.45211000   57.05874402
   53.94704000   58.68952004
   54.44197000   60.60914429
   54.93689000   52.25658831
   55.43182000   64.93516376
   55.92675000   58.95640261
   56.42167000   49.57910406
   56.91660000   58.18785722
   57.41153000   67.57346395
   57.90646000   49.26685077
   58.40138000   56.42161287
   58.89631000   54.10770443
   59.39124000   45.63455571
   59.88616000   53.71963605
   60.38109000   58.79426325
   60.87601000   51.32764651
   61.37094000   56.98347218
   61.86587000   63.65451314
   62.36080000   62.66146543
   62.85572000   60.87422922
   63.35065000   72.13995472
   63.84558000   67.55676978
   64.34051000   51.33086198
   64.83543000   73.11545384
   65.33036000   68.73124137
   65.82529000   46.21748603
   66.32021000   65.83007706
   66.81514000   62.43917903
   67.31007000   52.71109232
   67.80499000   62.26442245
   68.29992000   64.89698904
   68.79485000   58.68276049
   69.28977000   58.26976821
   69.78470000   46.81315452
   70.27962000   49.51378649
   70.77455000   42.16299267
   71.26949000   38.19524547
   71.76441000   40.07494249
   72.25934000   47.76953364
   72.75426000   51.18133699
   73.24919000   51.86463474
   73.74412000   48.10664497
   74.23904000   51.74900096
   74.73397000   48.16460582
   75.22890000   47.16924479
   75.72382000   59.59410652
   76.21875000   58.54650698
   76.71368000   53.03176246
   77.20860000   60.42640086
   77.70353000   36.96868830
   78.19846000   58.80821998
   78.69339000   51.08383514
   79.18832000   58.93464111
   79.68324000   59.99267189
   80.17817000   46.50234572
   80.67310000   58.44184017
   81.16802000   52.30697233
   81.66295000   44.99681602
   82.15788000   47.82817989
   82.65280000   43.89772765
   83.14773000   48.71731083
   83.64265000   52.25548726
   84.13758000   52.11076974
   84.63251000   48.58415204
   85.12743000   54.25498114
   85.62236000   53.70987912
   86.11729000   61.43745014
   86.61222000   52.93996669
   87.10715000   61.62474724
   87.60207000   75.10288037
   88.09700000   49.38008341
   88.59193000   81.73650239
   89.08685000   71.76003071
   89.58178000   58.42447865
   90.07671000   59.05118435
   90.57163000   48.54061997
   91.06656000   59.81655922
   91.56149000   62.47735295
   92.05641000   66.90384961
   92.55134000   61.79394231
   93.04626000   53.27501041
   93.54120000   49.14362133
   94.03613000   22.56568635
   94.53105000   45.66069434
   95.02598000   51.66651636
   95.52090000   55.95870787
   96.01583000   45.89840483
   96.51076000   70.46521451
   97.00568000   74.68273376
   97.50061000   54.56342762
   97.99554000   63.97911242
   98.49046000   62.52524180
   98.98539000   53.95741572
   99.48032000   38.73947822
   99.97524000   63.49708775
  100.47020000   51.19030589
  100.96510000   42.83394777
  101.46000000   44.13285943
  101.95500000   48.51270664
  102.44990000   36.09120826
  102.94480000   47.83573054
  103.43970000   50.97888898
  103.93470000   38.47728567
  104.42960000   47.09109083
  104.92450000   49.58619929
  105.41940000   37.52746226
  105.91440000   49.27871332
  106.40930000   44.48221589
  106.90420000   45.39891267
  107.39910000   55.74434782
  107.89410000   55.00808749
  108.38900000   45.27035996
  108.88390000   49.25264128
  109.37890000   54.15804957
  109.87380000   50.11833429
  110.36870000   47.64247303
  110.86360000   54.45176779
  111.35860000   49.11321736
  111.85350000   39.35794792
  112.34840000   53.63485412
  112.84330000   59.86648222
  113.33830000   41.65138714
  113.83320000   50.39075663
  114.32810000   50.92512745
  114.82310000   37.03417001
  115.31800000   45.20027707
  115.81290000   49.51836518
  116.30780000   36.87109422
  116.80280000   50.71377538
  117.29770000   49.80217296
  117.79260000   44.68978535
  118.28750000   51.56756914
  118.78250000   59.23982260
  119.27740000   51.54781174
  119.77230000   44.36694112
  120.26730000   62.10149923
  120.76220000   64.37214920
  121.25710000   57.20932191
  121.75200000   65.34735159
  122.24700000   62.50907471
  122.74190000   59.32494237
  123.23680000   54.80081961
  123.73170000   46.27301242
  124.22670000   58.36427957
  124.72160000   33.44345073
  125.21650000   57.70586363
  125.71140000   45.79840259
  126.20640000   35.53648358
  126.70130000   32.38173087
  127.19620000   45.65444259
  127.69120000   40.50657186
  128.18610000   40.14080727
  128.68100000   39.48766791
  129.17590000   29.84822815
  129.67090000   41.75784138
  130.16580000   43.17374558
  130.66070000   41.84552364
  131.15560000   42.28775507
  131.65060000   50.85710045
  132.14550000   57.10216724
  132.64040000   52.29173439
  133.13530000   69.62526611
  133.63030000   73.19544645
  134.12520000   38.12573479
  134.62010000   57.97320792
  135.11510000   62.00247946
  135.61000000   49.74842059
  136.10490000   32.02824602
  136.59980000   44.99501711
  137.09480000   50.49218104
  137.58970000   50.44868832
  138.08460000   48.68946898
  138.57950000   48.18284966
  139.07450000   43.25812573
  139.56940000   56.74988862
  140.06430000   51.26744928
  140.55920000   34.07299914
  141.05420000   51.63974208
  141.54910000   50.16237058
  142.04400000   45.35871700
  142.53900000   59.66386486
  143.03390000   53.73602282
  143.52880000   52.39293813
  144.02370000   66.90539838
  144.51870000   71.71613501
  145.01360000   58.54364219
  145.50850000   55.64816566
  146.00340000   55.61494403
  146.49840000   48.60314088
  146.99330000   49.89039743
  147.48820000   52.14309593
  147.98320000   49.68580306
  148.47810000   34.95188419
  148.97300000   50.97772113
  149.46790000   47.65294104
  149.96290000   42.46339799
  150.45780000   48.85409019
  150.95270000   32.71822595
  151.44760000   47.14968019
  151.94260000   25.12989845
  152.43750000   51.83269118
  152.93240000   50.24514686
  153.42740000   40.54049123
  153.92230000   61.11463736
  154.41720000   55.58939202
  154.91210000   51.13339005
  155.40710000   58.17821004
  155.90200000   55.81241273
  156.39690000   45.13316650
  156.89180000   57.31186011
  157.38680000   51.76050651
  157.88170000   40.21412369
  158.37660000   48.76527452
  158.87160000   49.96563840
  159.36650000   40.46298254
  159.86140000   38.05134378
  160.35630000   39.62449888
  160.85130000   36.87952111
  161.34620000   33.58924244
  161.84110000   42.87029083
  162.33600000   36.86851247
  162.83100000   39.77455741
  163.32590000   32.64909567
  163.82080000   43.82065846
  164.31580000   37.05338078
  164.81070000   50.76581810
  165.30560000   49.09899372
  165.80050000   31.80126731
  166.29550000   54.99252549
  166.79040000   51.88474891
  167.28530000   37.43489860
  167.78020000   38.87819526
  168.27520000   55.26976515
  168.77010000   42.76554549
  169.26500000   38.62455388
  169.75990000   51.08255639
  170.25490000   42.35292359
  170.74980000   39.83386224
  171.24470000   45.03941767
  171.73970000   45.67658329
  172.23460000   35.40937654
  172.72950000   52.11949135
  173.22440000   49.85178027
  173.71940000   44.42524033
  174.21430000   50.50888972
  174.70920000   51.95134884
  175.20410000   48.89050323
  175.69910000   47.02625345
  176.19400000   48.01953695
  176.68890000   53.03230020
  177.18390000   48.04619202
  177.67880000   56.60135386
  178.17370000   53.76047406
  178.66860000   49.11647971
  179.16360000   56.17610466
  179.65850000   60.56038191
  180.15340000   26.22220492
  180.64830000   57.81655160
  181.14330000   58.02984945
  181.63820000   42.34479908
  182.13310000   45.65929837
  182.62810000   44.82546888
  183.12300000   37.02842725
  183.61790000   45.00949182
  184.11280000   58.34271343
  184.60780000   64.07615049
  185.10270000   65.44280653
  185.59760000   73.41042908
  186.09250000   68.45036025
  186.58750000   49.76663912
  187.08240000   57.54709314
  187.57730000   45.34832717
  188.07230000   43.87425763
  188.56720000   65.18126072
  189.06210000   62.10343199
  189.55700000   47.04544232
  190.05200000   59.23843319
  190.54690000   69.87249718
  191.04180000   52.07109524
  191.53670000   71.49756257
  192.03170000   75.81019084
  192.52660000   47.83757912
  193.02150000   55.11552819
  193.51640000   22.19407476
  194.01140000   45.38118184
  194.50630000   31.86849409
  195.00120000   54.66147933
  195.49620000   56.92898014
  195.99110000   46.57368929
  196.48600000   41.99563052
  196.98090000   56.50217202
  197.47590000   55.36053800
  197.97080000   51.77650140
  198.46570000   56.46051287
  198.96060000   53.67553119
  199.45560000   56.67081294
  199.95050000   64.07548832
  200.44540000   58.43396704
  200.94030000   54.01482764
  201.43530000   54.74048924
  201.93020000   54.24155879
  202.42510000   58.63369525
  202.92010000   61.39505067
  203.41500000   54.27612252
  203.90990000   49.54690581
  204.40480000   49.75958069
  204.89980000   36.33012491
  205.39470000   49.11399913
  205.88960000   16.46111909
  206.38450000   37.12039490
  206.87950000   46.77843900
  207.37440000   44.99437209
  207.86930000   55.96699498
  208.36420000   44.69900619
  208.85920000   53.97589713
  209.35410000   41.68646878
  209.84900000   50.20568532
  210.34400000   43.49743205
  210.83890000   51.16752831
  211.33380000   35.90204299
  211.82870000   41.35477461
  212.32370000   31.80295593
  212.81860000   56.32944640
  213.31350000   49.22802889
  213.80840000   52.67896248
  214.30340000   49.84367765
  214.79830000   34.47625347
  215.29320000   49.98491678
  215.78810000   35.78126078
  216.28310000   45.32245646
  216.77800000   48.15737724
  217.27290000   41.35324483
  217.76790000   42.44399229
  218.26280000   46.90767373
  218.75770000   45.55963896
  219.25260000   48.11454524
  219.74760000   25.09707568
  220.24250000   51.60381431
  220.73740000   49.69781351
  221.23230000   48.84823526
  221.72730000   40.82226216
  222.22220000   53.45881150
  222.71710000   56.26354895
  223.21210000   51.88676272
  223.70700000   68.47172745
  224.20190000   66.86717982
  224.69680000   40.30536820
  225.19180000   63.68987940
  225.68670000   54.50944385
  226.18160000   43.83189930
  226.67650000   55.04195594
  227.17150000   53.75636705
  227.66640000   47.74918127
  228.16130000   54.77692807
  228.65630000   64.70773921
  229.15120000   53.71673245
  229.64610000   61.03727823
  230.14100000   61.44963240
  230.63600000   60.31202562
  231.13090000   57.52405391
  231.62580000   55.32926167
  232.12070000   53.81364160
  232.61570000   53.43140728
  233.11060000   65.28943067
  233.60550000   70.66584294
  234.10040000   50.31591973
  234.59540000   73.04421372
  235.09030000   74.63502953
  235.58520000   51.69335686
  236.08020000   59.16778148
  236.57510000   58.09645757
  237.07000000   53.31875438
  237.56490000   54.38769424
  238.05990000   47.71856560
  238.55480000   46.71093276
  239.04970000   43.30297822
  239.54460000   46.84258667
  240.03960000   49.19111299
  240.53450000   42.42232261
  241.02940000   49.23203994
  241.52440000   51.02371355
  242.01930000   34.93361811
  242.51420000   54.38524345
  243.00910000   47.60503121
  243.50410000   48.60552274
  243.99900000   59.79783891
  244.49390000   62.58770221
  244.98880000   48.63830122
  245.48380000   37.69037039
  245.97870000   50.50426784
  246.47360000   47.61217134
  246.96860000   53.00331367
  247.46350000   49.89354849
  247.95840000   37.21497746
  248.45330000   41.11382162
  248.94830000   31.31114820
  249.44320000   46.62450046
  249.93810000   33.46358722
  250.43300000   37.54280833
  250.92800000   46.27850517
  251.42290000   26.45403847
  251.91780000   43.07096763
  252.41280000   45.13205900
  252.90770000   42.36281283
  253.40260000   52.03509330
  253.89750000   55.85502051
  254.39250000   51.77285822
  254.88740000   57.78569162
  255.38230000   54.26923653
  255.87720000   57.55916360
  256.37220000   38.39818262
  256.86710000   51.87475665
  257.36200000   48.81984189
  257.85690000   33.07290530
  258.35190000   49.72681795
  258.84680000   47.47392693
  259.34170000   43.38719112
  259.83660000   42.00755225
  260.33160000   41.94406865
  260.82650000   41.75072439
  261.32140000   39.10642176
  261.81640000   36.33577703
  262.31130000   37.90406069
  262.80620000   41.34837164
  263.30110000   51.32360908
  263.79610000   52.76446641
  264.29100000   51.79279792
  264.78590000   56.94147120
  265.28090000   57.56662021
  265.77580000   40.05718293
  266.27070000   44.01388717
  266.76560000   55.98624132
  267.26060000   40.31057016
  267.75550000   52.75063482
  268.25040000   64.70350308
  268.74530000   53.42867361
  269.24030000   61.55934641
  269.73520000   64.81479043
  270.23010000   46.94379807
  270.72500000   37.69454056
  271.22000000   52.29458126
  271.71490000   37.73363132
  272.20980000   42.30098054
  272.70470000   56.18310094
  273.19970000   63.04338931
  273.69460000   46.87942510
  274.18950000   62.58654810
  274.68440000   51.27812533
  275.17940000   37.71362236
  275.67430000   53.54917982
  276.16930000   50.44107638
  276.66420000   53.54960502
  277.15910000   46.67375215
  277.65400000   52.64726822
  278.14900000   49.90567976
  278.64390000   49.62957234
  279.13880000   45.89865293
  279.63370000   47.23981180
  280.12870000   44.43896607
  280.62360000   45.72342972
  281.11850000   58.01059586
  281.61340000   50.49657031
  282.10840000   58.84571954
  282.60330000   40.51547380
  283.09820000   28.96607831
  283.59310000   45.36191040
  284.08810000   47.08361009
  284.58300000   41.42956134
  285.07790000   47.24639078
  285.57280000   54.92292648
  286.06780000   57.79693719
  286.56270000   40.20097310
  287.05760000   62.05179516
  287.55260000   50.63166932
  288.04750000   40.16305124
  288.54240000   43.77607977
  289.03740000   54.48895765
  289.53230000   44.58757627
  290.02720000   41.16232594
  290.52210000   54.21316937
  291.01710000   39.38345612
  291.51200000   52.42832515
  292.00690000   51.74252744
  292.50180000   33.65607304
  292.99680000   41.05800582
  293.49170000   41.63165246
  293.98660000   35.80851420
  294.48150000   36.19644373
  294.97650000   42.94482294
  295.47140000   42.45112583
  295.96630000   50.37428942
  296.46120000   50.62388390
  296.95620000   44.36880510
  297.45110000   43.42589540
  297.94600000   54.00738565
  298.44090000   56.00095471
  298.93590000   55.27320136
  299.43080000   58.70179603
  299.92580000   57.39133931
  300.42070000   56.63645016
  300.91560000   46.20102156
  301.41050000   48.51932158
  301.90550000   53.25444638
  302.40040000   54.08114194
  302.89530000   45.37589393
  303.39020000   51.73957956
  303.88520000   43.86907145
  304.38010000   41.33531508
  304.87500000   42.94600785
  305.36990000   45.41903617
  305.86490000   32.50458283
  306.35980000   51.33340598
  306.85470000   37.71398055
  307.34960000   36.35607085
  307.84460000   54.15508811
  308.33950000   46.02133338
  308.83440000   55.58135674
  309.32930000   56.46721671
  309.82430000   54.92108772
  310.31920000   52.68875244
  310.81410000   49.82344717
  311.30910000   52.11480713
  311.80400000   44.15285372
  312.29890000   51.59103503
  312.79380000   56.12107308
  313.28880000   46.27022266
  313.78370000   52.67965049
  314.27860000   68.40391623
  314.77360000   60.15475401
  315.26850000   36.25446536
  315.76340000   52.08960876
  316.25830000   43.28176017
  316.75330000   41.21976676
  317.24820000   46.88977415
  317.74310000   53.96360320
  318.23800000   45.20123936
  318.73300000   55.16107434
  319.22790000   57.48247205
  319.72280000   43.46305526
  320.21770000   55.31381359
  320.71270000   46.34661324
  321.20760000   45.70726158
  321.70250000   44.65252227
  322.19740000   55.98816267
  322.69240000   45.53133807
  323.18730000   39.34082012
  323.68220000   54.63410802
  324.17720000   51.50624388
  324.67210000   48.65360763
  325.16700000   42.57423841
  325.66190000   48.34794827
  326.15690000   39.70850135
  326.65180000   46.46482197
  327.14670000   33.23761294
  327.64160000   45.30739398
  328.13660000   36.77996210
  328.63150000   44.19683293
  329.12640000   44.80885416
  329.62140000   52.52031388
  330.11630000   58.65819608
  330.61120000   54.59480594
  331.10610000   56.21565563
  331.60110000   56.86256859
  332.09600000   58.97910485
  332.59090000   36.64363915
  333.08580000   64.47745269
  333.58080000   60.03149589
  334.07570000   45.62731646
  334.57060000   54.92541968
  335.06560000   47.26216514
  335.56050000   48.97198551
  336.05540000   48.40320073
  336.55030000   36.79313745
  337.04530000   35.29452081
  337.54020000   43.76805142
  338.03510000   43.73715220
  338.53000000   44.20101456
  339.02500000   46.76142806
  339.51990000   45.66691992
  340.01480000   45.77084213
  340.50970000   47.75055367
  341.00470000   43.01593270
  341.49960000   46.63150398
  341.99450000   48.83828616
  342.48940000   50.32608816
  342.98440000   47.83247643
  343.47930000   48.14623053
  343.97420000   48.93872105
  344.46920000   44.91398580
  344.96410000   43.54476026
  345.45900000   51.42865635
  345.95390000   54.81917640
  346.44890000   55.13919070
  346.94380000   51.61414058
  347.43870000   44.87436885
  347.93370000   52.37797156
  348.42860000   48.20978704
  348.92350000   46.21182654
  349.41840000   47.96323055
  349.91340000   46.33040670
  350.40830000   44.15233380
  350.90320000   50.97595618
  351.39810000   43.69343829
  351.89310000   48.69424762
  352.38800000   51.91609699
  352.88290000   42.80132946
  353.37780000   50.57355843
  353.87280000   52.66498404
  354.36770000   51.04809339
  354.86260000   44.46110766
  355.35750000   47.03160764
  355.85250000   45.88235903
  356.34740000   45.66946962
  356.84230000   46.68552255
  357.33720000   43.90468921
  357.83220000   42.70177470
  358.32710000   49.92246992
  358.82210000   47.74950180
  359.31700000   50.67826150
  359.81190000   55.41701602
  360.30680000   38.17576294
  360.80180000   43.65058723
  361.29670000   40.78166466
  361.79160000   55.04779171
  362.28650000   52.34903616
  362.78150000   50.42903119
  363.27640000   55.01711040
  363.77130000   29.52843874
  364.26620000   43.11539908
  364.76120000   47.34179417
  365.25610000   45.73151179
  365.75100000   50.79938990
  366.24590000   49.75495546
  366.74090000   54.31812952
  367.23580000   45.11865514
  367.73070000   48.40356750
  368.22560000   33.45585196
  368.72060000   46.30029009
  369.21550000   45.59823624
  369.71040000   48.91256303
  370.20540000   47.68556714
  370.70030000   43.49284484
  371.19520000   42.63008275
  371.69020000   40.94186828
  372.18510000   38.03298289
  372.68000000   41.30318462
  373.17490000   41.41304941
  373.66990000   35.89618455
  374.16480000   45.33715199
  374.65970000   36.91201447
  375.15460000   43.72870732
  375.64960000   48.85456407
  376.14450000   55.56296145
  376.63940000   42.27364801
  377.13430000   54.13826416
  377.62930000   39.98739830
  378.12420000   59.38377395
  378.61910000   49.46329018
  379.11400000   56.74207888
  379.60900000   51.74302816
  380.10390000   39.20621137
  380.59880000   50.63562254
  381.09380000   58.85739913
  381.58870000   39.76073767
  382.08360000   41.71898388
  382.57860000   41.07144418
  383.07350000   39.64364430
  383.56840000   39.38642386
  384.06330000   38.10483694
  384.55830000   38.32954277
  385.05320000   35.42384341
  385.54810000   39.51210455
  386.04300000   45.33988288
  386.53800000   48.93544123
  387.03290000   50.48079889
  387.52780000   57.39054590
  388.02270000   52.72372527
  388.51770000   48.44315459
  389.01260000   53.11287595
  389.50750000   53.12090071
  390.00240000   48.31738654
  390.49740000   58.17601011
  390.99230000   46.44712319
  391.48720000   43.39187985
  391.98210000   48.28927155
  392.47710000   33.47545995
  392.97200000   34.39307931
  393.46690000   35.09355283
  393.96190000   33.19666556
  394.45680000   25.00729326
  394.95170000   34.66276291
  395.44670000   37.80762212
  395.94160000   38.61069418
  396.43650000   45.59438757
  396.93140000   44.25394818
  397.42640000   28.17624232
  397.92130000   50.28764042
  398.41620000   47.27733478
  398.91110000   46.66000805
  399.40610000   28.94162006
  399.90100000   36.05601047
  400.39590000   40.03006373
  400.89080000   40.08159098
  401.38580000   34.83902101
  401.88070000   44.08338389
  402.37560000   39.58968264
  402.87050000   45.19208704
  403.36550000   33.44807439
  403.86040000   35.70375365
  404.35530000   42.78853482
  404.85030000   49.23176176
  405.34520000   36.50098804
  405.84010000   34.23035009
  406.33500000   49.41580399
  406.83000000   43.77168617
  407.32490000   52.91074134
  407.81980000   52.00188075
  408.31470000   24.48707429
  408.80970000   38.84818054
  409.30460000   53.19293460
  409.79950000   44.63253766
  410.29450000   40.44404709
  410.78940000   48.22384159
  411.28430000   47.25967038
  411.77920000   39.24348270
  412.27420000   47.72560081
  412.76910000   48.69017234
  413.26400000   35.29170926
  413.75890000   52.43512073
  414.25390000   40.79053117
  414.74880000   40.60864081
  415.24370000   39.99327148
  415.73860000   39.06455125
  416.23360000   36.71756607
  416.72850000   36.59898624
  417.22340000   34.82218063
  417.71840000   35.08524517
  418.21330000   36.54930328
  418.70820000   43.56353223
  419.20310000   46.63138977
  419.69810000   45.15633407
  420.19300000   45.86379933
  420.68790000   47.62306370
  421.18280000   45.87291590
  421.67780000   39.53623401
  422.17270000   46.72530136
  422.66760000   43.27191827
  423.16250000   46.47825466
  423.65750000   44.94660333
  424.15240000   36.63849352
  424.64730000   46.26676025
  425.14230000   47.51442265
  425.63720000   57.86971421
  426.13210000   36.24264906
  426.62700000   60.50014865
  427.12200000   45.50775961
  427.61690000   40.60841866
  428.11180000   45.44519081
  428.60680000   52.01093028
  429.10170000   52.75703161
  429.59660000   43.62738286
  430.09150000   54.44329330
  430.58650000   48.92779613
  431.08140000   46.86408134
  431.57630000   53.36369288
  432.07120000   45.84842512
  432.56620000   52.65663448
  433.06110000   44.69554894
  433.55600000   37.44010877
  434.05090000   33.59577277
  434.54590000   45.00709416
  435.04080000   43.60482207
  435.53570000   47.95734842
  436.03060000   48.10402528
  436.52560000   41.22411090
  437.02050000   47.69515688
  437.51540000   39.85329212
  438.01030000   43.63888568
  438.50530000   44.59813293
  439.00020000   37.96644712
  439.49510000   28.56659429
  439.99010000   46.30275125
  440.48500000   52.07203709
  440.97990000   51.41043382
  441.47490000   50.19285678
  441.96980000   47.76818319
  442.46470000   49.05096765
  442.95960000   51.21966581
  443.45460000   50.82393319
  443.94950000   50.30313906
  444.44440000   52.45035729
  444.93930000   50.52846034
  445.43430000   50.86968223
  445.92920000   53.15233548
  446.42410000   40.03296346
  446.91900000   34.93317606
  447.41400000   49.35936028
  447.90890000   38.19775693
  448.40380000   47.67106101
  448.89870000   49.84822009
  449.39370000   48.98459721
  449.88860000   44.12385952
  450.38350000   45.04552674
  450.87840000   44.24427161
  451.37340000   48.71167009
  451.86830000   62.76325005
  452.36330000   62.83549710
  452.85820000   49.27121060
  453.35310000   51.88566132
  453.84800000   60.48853891
  454.34300000   45.04285253
  454.83790000   52.15547535
  455.33280000   40.36447664
  455.82770000   49.55207190
  456.32270000   46.63932875
  456.81760000   53.86413600
  457.31250000   50.42848671
  457.80740000   41.46372397
  458.30240000   52.89019942
  458.79730000   34.39318832
  459.29220000   40.71017632
  459.78710000   39.54381837
  460.28210000   34.80027939
  460.77700000   44.42039095
  461.27190000   36.63875958
  461.76680000   44.36281164
  462.26180000   48.99787488
  462.75670000   47.99371262
  463.25160000   50.23797553
  463.74660000   54.09243004
  464.24150000   40.57041027
  464.73640000   48.69158940
  465.23140000   45.51659491
  465.72630000   38.09843147
  466.22120000   50.68840297
  466.71610000   50.92124747
  467.21110000   49.52317760
  467.70600000   46.24578821
  468.20090000   51.98735304
  468.69580000   45.27297659
  469.19080000   40.60602318
  469.68570000   47.84969672
  470.18060000   40.16490212
  470.67550000   46.57034689
  471.17050000   46.13757472
  471.66540000   38.68330287
  472.16030000   44.51627227
  472.65520000   39.98391982
  473.15020000   46.99342314
  473.64510000   46.44695187
  474.14000000   53.96061202
  474.63490000   55.24459062
  475.12990000   52.74577282
  475.62480000   53.12260234
  476.11970000   63.74218960
  476.61470000   59.53716342
  477.10960000   54.91919198
  477.60450000   66.11673322
  478.09950000   43.38260724
  478.59440000   49.23278622
  479.08930000   56.95251145
  479.58420000   57.10766176
  480.07920000   49.96503880
  480.57410000   48.04994596
  481.06900000   37.96433120
  481.56390000   51.26526232
  482.05890000   43.04574503
  482.55380000   44.02497459
  483.04870000   46.32016959
  483.54360000   45.69366074
  484.03860000   40.15797050
  484.53350000   47.09548953
  485.02840000   45.51103000
  485.52330000   42.65628801
  486.01830000   51.70481405
  486.51320000   51.05199074
  487.00810000   45.30153303
  487.50310000   37.14139527
  487.99800000   45.81529897
  488.49290000   45.16301968
  488.98780000   49.47595185
  489.48280000   43.22696254
  489.97770000   42.87622135
  490.47260000   51.83135906
  490.96750000   48.22870289
  491.46250000   47.60448977
  491.95740000   38.23509489
  492.45230000   42.74355994
  492.94730000   44.56519717
  493.44220000   36.41501685
  493.93710000   44.42650602
  494.43200000   44.03886190
