 HEIGHT =    11.0000000000000     
 Time        Sound Pressure(decibal)
    0.00202050   88.71747589
    0.00404100   91.94042206
    0.00606150   87.99485016
    0.00808200   88.64847565
    0.01010250   89.12196350
    0.01212300   90.29501343
    0.01414350   90.73116302
    0.01616400   89.05423737
    0.01818450   84.00766754
    0.02020500   86.37631989
    0.02222550   80.70240021
    0.02424600   80.78472137
    0.02626651   84.54992676
    0.02828701   76.37879944
    0.03030751   71.79742432
    0.03232801   76.53982544
    0.03434851   92.53669739
    0.03636901   89.97242737
    0.03838951   91.20487976
    0.04041001   88.80171204
    0.04243051   86.16234589
    0.04445101   90.45296478
    0.04647151   81.34890747
    0.04849201   96.40583801
    0.05051251   91.03917694
    0.05253301   89.93766022
    0.05455351   94.55501556
    0.05657401   97.85980225
    0.05859451   92.95959473
    0.06061501   87.76565552
    0.06263551   96.40226746
    0.06465601   86.89157104
    0.06667651   89.87410736
    0.06869701   80.89940643
    0.07071751   84.41019440
    0.07273801   80.02571869
    0.07475851   82.10340118
    0.07677902   84.13077545
    0.07879952   86.05364227
    0.08082002   88.99440002
    0.08284052   89.70288849
    0.08486102   80.55973816
    0.08688152   84.50086975
    0.08890202   83.15180206
    0.09092252   85.20634460
    0.09294302   85.93679810
    0.09496352   84.54753113
    0.09698402   84.59499359
    0.09900452   71.86103821
    0.10102502   88.49369812
    0.10304552   85.92292786
    0.10506602   88.98830414
    0.10708652   81.03082275
    0.10910702   82.65304565
    0.11112752   80.73596954
    0.11314802   86.39709473
    0.11516852   83.17372131
    0.11718902   78.85056305
    0.11920952   81.64437866
    0.12123002   85.22599030
    0.12325052   86.01239777
    0.12527102   84.70360565
    0.12729153   82.58907318
    0.12931203   74.26331329
    0.13133253   83.02585602
    0.13335303   87.65483093
    0.13537353   89.81172180
    0.13739403   82.05778503
    0.13941453   81.14171600
    0.14143503   87.41973877
    0.14345553   77.22611237
    0.14547603   80.60639954
    0.14749653   80.52855682
    0.14951703   80.13216400
    0.15153753   86.99125671
    0.15355803   81.72278595
    0.15557853   82.71395111
    0.15759903   76.88963318
    0.15961953   86.96532440
    0.16164003   90.17250824
    0.16366053   89.61894989
    0.16568103   82.52239990
    0.16770153   80.31579590
    0.16972203   77.31409454
    0.17174253   90.07189941
    0.17376303   88.85280609
    0.17578353   83.42627716
    0.17780404   82.44800568
    0.17982454   87.73749542
    0.18184504   85.91532135
    0.18386554   90.97060394
    0.18588604   88.48355103
    0.18790654   89.83542633
    0.18992704   88.68891907
    0.19194754   89.55744171
    0.19396804   82.83498383
    0.19598854   90.48530579
    0.19800904   85.14543152
    0.20002954   91.02412415
    0.20205004   86.54249573
    0.20407054   88.09192657
    0.20609104   81.38431549
    0.20811154   88.86911774
    0.21013204   85.20932770
    0.21215254   86.83028412
    0.21417304   81.01644135
    0.21619354   82.55120850
    0.21821404   88.90515137
    0.22023454   90.19908905
    0.22225504   88.85832214
    0.22427554   85.25612640
    0.22629604   79.71891022
    0.22831655   90.32815552
    0.23033705   77.86470032
    0.23235755   77.10784149
    0.23437805   85.08934021
    0.23639855   85.71780396
    0.23841905   86.15400696
    0.24043955   84.40883636
    0.24246005   87.77198792
    0.24448055   88.98648071
    0.24650105   86.63890076
    0.24852155   92.55554199
    0.25054205   88.78260803
    0.25256255   69.66415405
    0.25458305   88.14202118
    0.25660355   90.70209503
    0.25862405   84.86096191
    0.26064455   80.77715302
    0.26266505   87.97272491
    0.26468555   88.13446045
    0.26670605   89.13184357
    0.26872655   89.42228699
    0.27074705   81.41925049
    0.27276755   85.20053864
    0.27478805   86.16857910
    0.27680855   90.35005188
    0.27882906   90.33151245
    0.28084956   86.15544891
    0.28287006   89.03746033
    0.28489056   85.80428314
    0.28691106   92.48145294
    0.28893156   91.69644928
    0.29095206   90.82765961
    0.29297256   86.02188873
    0.29499306   88.60864258
    0.29701356   90.52301025
    0.29903406   89.06562042
    0.30105456   80.18257904
    0.30307506   85.15765381
    0.30509556   92.24858093
    0.30711606   90.03736115
    0.30913656   90.43448639
    0.31115706   90.88977051
    0.31317756   77.51589966
    0.31519806   90.72315979
    0.31721856   86.38568878
    0.31923906   81.88879395
    0.32125956   74.87640381
    0.32328006   77.75143433
    0.32530056   85.57206726
    0.32732106   91.25160980
    0.32934157   86.23554230
    0.33136207   89.66716003
    0.33338257   78.99689484
    0.33540307   89.91741180
    0.33742357   88.34262848
    0.33944407   89.39514160
    0.34146457   78.80502319
    0.34348507   85.56871033
    0.34550557   72.99994659
    0.34752607   89.71662903
    0.34954657   86.13935089
    0.35156707   81.36973572
    0.35358757   84.63963318
    0.35560807   91.59197998
    0.35762857   80.98065186
    0.35964907   88.27419281
    0.36166957   75.08144379
    0.36369007   90.30249786
    0.36571057   83.33521271
    0.36773107   84.84602356
    0.36975157   80.51681519
    0.37177207   82.22724152
    0.37379257   87.81716919
    0.37581307   92.10934448
    0.37783358   87.76419830
    0.37985408   86.48365021
    0.38187458   81.40381622
    0.38389508   88.91184998
    0.38591558   82.78771210
    0.38793608   88.31192017
    0.38995658   83.01877594
    0.39197708   83.73864746
    0.39399758   86.28595734
    0.39601808   91.37116241
    0.39803858   89.30951691
    0.40005908   91.39773560
    0.40207958   87.44324493
    0.40410008   90.15781403
    0.40612058   85.71311188
    0.40814108   87.43470764
    0.41016158   90.47785187
    0.41218208   84.38847351
    0.41420258   83.75452423
    0.41622308   80.75196838
    0.41824358   89.33013916
    0.42026408   84.45623779
    0.42228458   91.62925720
    0.42430508   90.44780731
    0.42632558   87.73470306
    0.42834609   87.93459320
    0.43036659   90.23291779
    0.43238709   90.35928345
    0.43440759   87.81843567
    0.43642809   87.06572723
    0.43844859   81.12952423
    0.44046909   84.84264374
    0.44248959   89.22632599
    0.44451009   91.97231293
    0.44653059   86.35641479
    0.44855109   78.92800140
    0.45057159   76.88759613
    0.45259209   84.77128601
    0.45461259   86.31104279
    0.45663309   81.17759705
    0.45865359   83.96363068
    0.46067409   86.74097443
    0.46269459   86.56843567
    0.46471509   90.84175873
    0.46673559   93.66484833
    0.46875609   87.65385437
    0.47077659   88.35343170
    0.47279709   88.44016266
    0.47481759   76.64147186
    0.47683809   79.34179688
    0.47885860   82.00309753
    0.48087910   88.91895294
    0.48289960   85.12474823
    0.48492010   75.93302917
    0.48694060   83.95029449
    0.48896110   86.54512024
    0.49098160   87.51997375
    0.49300210   91.90608215
    0.49502260   76.55425262
    0.49704310   85.87316895
    0.49906360   82.72423553
    0.50108410   85.81727600
    0.50310460   85.58226776
    0.50512510   84.55064392
    0.50714560   79.61450195
    0.50916610   84.64735413
    0.51118660   90.04579163
    0.51320710   87.26849365
    0.51522760   91.16654205
    0.51724810   90.75367737
    0.51926860   89.20521545
    0.52128910   91.36293030
    0.52330960   83.36985016
    0.52533010   92.12530518
    0.52735060   90.26454163
    0.52937111   85.09287262
    0.53139161   90.34934235
    0.53341211   79.83847046
    0.53543261   90.74832916
    0.53745311   87.00225830
    0.53947361   84.37689209
    0.54149411   85.95243835
    0.54351461   82.88746643
    0.54553511   81.59927368
    0.54755561   89.78024292
    0.54957611   91.83435059
    0.55159661   87.65991211
    0.55361711   86.13830566
    0.55563761   89.48725891
    0.55765811   88.62713623
    0.55967861   92.96849060
    0.56169911   89.98246002
    0.56371961   87.32815552
    0.56574011   85.59996033
    0.56776061   83.77897644
    0.56978111   87.44123077
    0.57180161   86.16566467
    0.57382211   88.80143738
    0.57584261   90.95381165
    0.57786311   80.75134277
    0.57988362   73.73978424
    0.58190412   81.11360168
    0.58392462   88.73413086
    0.58594512   81.30142212
    0.58796562   78.83222961
    0.58998612   85.83451843
    0.59200662   89.92289734
    0.59402712   87.55704498
    0.59604762   90.71185303
    0.59806812   84.49122620
    0.60008862   87.89209747
    0.60210912   73.10301208
    0.60412962   86.03508759
    0.60615012   80.23392487
    0.60817062   91.84593964
    0.61019112   90.76651764
    0.61221162   88.50734711
    0.61423212   84.50335693
    0.61625262   85.80354309
    0.61827312   91.95843506
    0.62029362   91.46915436
    0.62231412   84.34742737
    0.62433462   78.18747711
    0.62635512   82.98351288
    0.62837562   86.68468475
    0.63039613   87.84717560
    0.63241663   86.81455231
    0.63443713   80.31932068
    0.63645763   88.20226288
    0.63847813   88.27957916
    0.64049863   95.02110291
    0.64251913   91.49922180
    0.64453963   94.38717651
    0.64656013   84.92508698
    0.64858063   84.12770081
    0.65060113   75.34802246
    0.65262163   88.37670898
    0.65464213   67.68798828
    0.65666263   86.53858948
    0.65868313   83.64152527
    0.66070363   74.90398407
    0.66272413   92.17395782
    0.66474463   92.52175903
    0.66676513   93.07679749
    0.66878563   89.36915588
    0.67080613   86.64739227
    0.67282663   82.75597382
    0.67484713   87.67234039
    0.67686763   78.15917969
    0.67888813   82.67041016
    0.68090864   90.62075043
    0.68292914   91.12289429
    0.68494964   92.68272400
    0.68697014   92.28410339
    0.68899064   90.44422913
    0.69101114   91.42700195
    0.69303164   89.65266418
    0.69505214   62.04104996
    0.69707264   88.96369171
    0.69909314   88.91731262
    0.70111364   86.53879547
    0.70313414   86.20599365
    0.70515464   87.44023132
    0.70717514   89.27752686
    0.70919564   94.68099213
    0.71121614   94.04345703
    0.71323664   94.43102264
    0.71525714   85.30706024
    0.71727764   72.13456726
    0.71929814   80.67220306
    0.72131864   87.34687042
    0.72333914   87.40953827
    0.72535964   78.57295227
    0.72738014   88.80123138
    0.72940064   84.48292542
    0.73142115   94.19709778
    0.73344165   89.72795105
    0.73546215   95.70715332
    0.73748265   81.08894348
    0.73950315   90.72207642
    0.74152365   90.15863800
    0.74354415   77.22760010
    0.74556465   88.17171478
    0.74758515   89.42339325
    0.74960565   91.89536285
    0.75162615   73.83108521
    0.75364665   94.13275909
    0.75566715   93.75460815
    0.75768765   92.81983948
    0.75970815   93.49721527
    0.76172865   90.08078003
    0.76374915   85.33303833
    0.76576965   86.58169556
    0.76779015   87.44639587
    0.76981065   89.61431885
    0.77183115   90.56397247
    0.77385165   70.77111053
    0.77587215   89.74406433
    0.77789265   88.85859680
    0.77991315   92.90766144
    0.78193366   90.95342255
    0.78395416   87.68918610
    0.78597466   84.56789398
    0.78799516   85.31823730
    0.79001566   82.07331085
    0.79203616   88.61478424
    0.79405666   81.89453888
    0.79607716   73.43257904
    0.79809766   87.59064484
    0.80011816   91.76627350
    0.80213866   93.95046997
    0.80415916   91.79916382
    0.80617966   84.53256989
    0.80820016   90.25025177
    0.81022066   87.08349609
    0.81224116   92.61928558
    0.81426166   90.24145508
    0.81628216   85.94807434
    0.81830266   86.89182281
    0.82032316   81.63911438
    0.82234366   90.80715942
    0.82436416   88.54200745
    0.82638466   91.41286469
    0.82840516   89.98425293
    0.83042566   85.50656891
    0.83244617   86.46553802
    0.83446667   77.92525482
    0.83648717   82.19245911
    0.83850767   86.62812805
    0.84052817   83.54003906
    0.84254867   80.62820435
    0.84456917   91.06085205
    0.84658967   87.71566010
    0.84861017   91.20657349
    0.85063067   93.74689484
    0.85265117   84.80840302
    0.85467167   86.57054138
    0.85669217   94.30648041
    0.85871267   84.22558594
    0.86073317   90.40859985
    0.86275367   85.06265259
    0.86477417   94.22800446
    0.86679467   87.93945312
    0.86881517   80.22791290
    0.87083567   95.12113190
    0.87285617   85.07242584
    0.87487667   87.82917023
    0.87689717   89.82752991
    0.87891767   91.95141602
    0.88093817   81.42623138
    0.88295868   88.58674622
    0.88497918   87.88629150
    0.88699968   90.80082703
    0.88902018   80.05303955
    0.89104068   80.03838348
    0.89306118   88.46755981
    0.89508168   91.12435150
    0.89710218   89.24877167
    0.89912268   89.03003693
    0.90114318   92.84529877
    0.90316368   90.26023865
    0.90518418   82.51443481
    0.90720468   91.66365814
    0.90922518   87.83133698
    0.91124568   87.58751678
    0.91326618   90.84988403
    0.91528668   88.07265472
    0.91730718   95.15280914
    0.91932768   95.60076904
    0.92134818   78.97750854
    0.92336868   93.43672943
    0.92538918   85.84835815
    0.92740968   84.14809418
    0.92943018   88.18652344
    0.93145068   81.18408203
    0.93347119   83.60436249
    0.93549169   91.09803772
    0.93751219   88.50829315
    0.93953269   88.21627808
    0.94155319   90.09092712
    0.94357369   88.23081970
    0.94559419   87.91808319
    0.94761469   85.27036285
    0.94963519   86.98506165
    0.95165569   85.94190979
    0.95367619   82.14945984
    0.95569669   89.49732208
    0.95771719   92.21922302
    0.95973769   83.55590057
    0.96175819   91.35138702
    0.96377869   88.13619995
    0.96579919   85.29205322
    0.96781969   91.00578308
    0.96984019   88.39804840
    0.97186069   91.82372284
    0.97388119   86.56130981
    0.97590169   69.90706635
    0.97792219   88.64846039
    0.97994269   78.81767273
    0.98196319   86.64335632
    0.98398370   81.75941467
    0.98600420   91.42098999
    0.98802470   87.06324768
    0.99004520   90.10180664
    0.99206570   88.00118256
    0.99408620   92.41207123
    0.99610670   83.86045074
    0.99812720   80.96109772
    1.00014770   85.67900085
    1.00216820   82.78798676
    1.00418870   92.08068848
    1.00620920   92.31931305
    1.00822970   88.33311462
    1.01025020   82.84084320
    1.01227070   92.32762909
    1.01429120   93.42854309
    1.01631170   86.37717438
    1.01833220   86.59003448
    1.02035270   83.47365570
    1.02237320   84.03448486
    1.02439370   92.13511658
    1.02641420   93.52420044
    1.02843470   86.05564117
    1.03045520   86.69754028
    1.03247570   85.69336700
    1.03449621   93.37851715
    1.03651671   92.73815918
    1.03853721   85.24095917
    1.04055771   90.56299591
    1.04257821   84.85256958
    1.04459871   89.85305023
    1.04661921   93.19501495
    1.04863971   88.19344330
    1.05066021   86.38131714
    1.05268071   91.24638367
    1.05470121   92.25684357
    1.05672171   88.58756256
    1.05874221   87.84763336
    1.06076271   92.01729584
    1.06278321   93.19025421
    1.06480371   85.39238739
    1.06682421   85.77799225
    1.06884471   82.47031403
    1.07086521   85.55025482
    1.07288571   91.19541168
    1.07490621   90.05257416
    1.07692671   92.83712006
    1.07894721   88.32710266
    1.08096771   85.23992157
    1.08298822   87.46446991
    1.08500872   86.43534088
    1.08702922   78.71808624
    1.08904972   85.47579193
    1.09107022   80.78302002
    1.09309072   78.75399017
    1.09511122   84.43642426
    1.09713172   88.30261993
    1.09915222   91.47428894
    1.10117272   81.50666809
    1.10319322   92.77214050
    1.10521372   90.08358002
    1.10723422   80.58677673
    1.10925472   86.57792664
    1.11127522   84.85018921
    1.11329572   78.58929443
    1.11531622   76.83626556
    1.11733672   81.81535339
    1.11935722   89.67035675
    1.12137772   87.35295105
    1.12339822   86.21252441
    1.12541872   86.29375458
    1.12743922   85.48053741
    1.12945972   93.02593231
    1.13148022   86.28269196
    1.13350073   87.70545197
    1.13552123   79.90119934
    1.13754173   82.33957672
    1.13956223   87.29254150
    1.14158273   86.42927551
    1.14360323   74.59574890
    1.14562373   57.20186234
    1.14764423   86.89231110
    1.14966473   92.65821838
    1.15168523   94.58159637
    1.15370573   90.62942505
    1.15572623   94.68657684
    1.15774673   83.79181671
    1.15976723   88.90863800
    1.16178773   91.99399567
    1.16380823   90.82097626
    1.16582873   79.68044281
    1.16784923   87.89379120
    1.16986973   80.70865631
    1.17189023   86.43875885
    1.17391073   90.23314667
    1.17593123   89.36525726
    1.17795173   94.28612518
    1.17997223   82.66404724
    1.18199273   80.40676117
    1.18401324   90.86338806
    1.18603374   89.84500885
    1.18805424   84.29983521
    1.19007474   89.35437775
    1.19209524   91.82715607
    1.19411574   90.99880219
    1.19613624   85.74429321
    1.19815674   90.00498199
    1.20017724   92.08960724
    1.20219774   84.33338165
    1.20421824   93.60031128
    1.20623874   85.80850983
    1.20825924   85.10939026
    1.21027974   81.11007690
    1.21230024   87.01109314
    1.21432074   92.67500305
    1.21634124   82.91564941
    1.21836174   86.98039246
    1.22038224   90.23252106
    1.22240274   92.63668060
    1.22442324   86.30745697
    1.22644374   91.39804077
    1.22846424   91.32868958
    1.23048474   85.45167542
    1.23250524   79.84537506
    1.23452575   77.71826172
    1.23654625   88.00348663
    1.23856675   93.72427368
    1.24058725   91.70778656
    1.24260775   93.82232666
    1.24462825   92.56972504
    1.24664875   94.01437378
    1.24866925   94.07657623
    1.25068975   82.09699249
    1.25271025   90.33433533
    1.25473075   90.95792389
    1.25675125   77.87005615
    1.25877175   90.21720886
    1.26079225   87.41524506
    1.26281275   89.70918274
    1.26483325   92.66652679
    1.26685375   94.97030640
    1.26887425   97.86309814
    1.27089475   94.76853180
    1.27291525   94.87041473
    1.27493575   84.76332855
    1.27695625   89.66481781
    1.27897675   91.00822449
    1.28099725   85.49903107
    1.28301775   90.89146423
    1.28503826   72.72792816
    1.28705876   87.93471527
    1.28907926   83.63765717
    1.29109976   86.05171967
    1.29312026   92.18505859
    1.29514076   89.73690796
    1.29716126   95.48273468
    1.29918176   86.98222351
    1.30120226   86.04219818
    1.30322276   94.60596466
    1.30524326   93.63097382
    1.30726376   88.33176422
    1.30928426   87.41091156
    1.31130476   95.97386932
    1.31332526   96.41056061
    1.31534576   94.76860809
    1.31736626   91.32296753
    1.31938676   89.06745911
    1.32140726   87.96871948
    1.32342776   92.48392487
    1.32544826   83.33480835
    1.32746876   87.49194336
    1.32948926   94.29365540
    1.33150976   93.39331055
    1.33353026   82.66147614
    1.33555077   87.30079651
    1.33757127   86.35670471
    1.33959177   90.08909607
    1.34161227   83.99610138
    1.34363277   83.48574829
    1.34565327   68.77420044
    1.34767377   83.09696960
    1.34969427   85.09628296
    1.35171477   94.85089111
    1.35373527   93.80770111
    1.35575577   86.78362274
    1.35777627   84.39603424
    1.35979677   84.20831299
    1.36181727   81.41819763
    1.36383777   86.15583801
    1.36585827   86.85438538
    1.36787877   90.57543945
    1.36989927   88.68600464
    1.37191977   97.11251068
    1.37394027   93.54734039
    1.37596077   90.23174286
    1.37798127   93.00020599
    1.38000177   93.15258789
    1.38202227   84.17319489
    1.38404277   92.38681793
    1.38606328   96.42163086
    1.38808378   95.66268921
    1.39010428   93.39511871
    1.39212478   97.27421570
    1.39414528   97.31455231
    1.39616578   95.16190338
    1.39818628   97.38846588
    1.40020678   98.60565948
    1.40222728   94.67232513
    1.40424778   93.27021790
    1.40626828   89.87052155
    1.40828878   84.94828033
    1.41030928   87.06719971
    1.41232978   80.32185364
    1.41435028   86.97470093
    1.41637078   91.23957062
    1.41839128   88.57526398
    1.42041178   93.05323029
    1.42243228   92.47097778
    1.42445278   87.01824188
    1.42647328   84.04798889
    1.42849378   87.73020935
    1.43051428   92.42884827
    1.43253478   88.31153107
    1.43455528   85.91402435
    1.43657579   86.17417145
    1.43859629   90.07763672
    1.44061679   84.63570404
    1.44263729   96.31063843
    1.44465779   91.00935364
    1.44667829   90.28292847
    1.44869879   89.79570770
    1.45071929   90.23342896
    1.45273979   89.95280457
    1.45476029   80.05757904
    1.45678079   83.47300720
    1.45880129   89.00046539
    1.46082179   84.44603729
    1.46284229   90.64680481
    1.46486279   86.83404541
    1.46688329   78.16902924
    1.46890379   91.28864288
    1.47092429   80.63214874
    1.47294479   90.38588715
    1.47496529   86.85674286
    1.47698579   69.22400665
    1.47900629   88.46656036
    1.48102679   84.14694214
    1.48304729   91.86354828
    1.48506779   92.45026398
    1.48708830   94.02347565
    1.48910880   93.85442352
    1.49112930   89.07826996
    1.49314980   88.80340576
    1.49517030   89.99477386
    1.49719080   86.56268311
    1.49921130   76.23625946
    1.50123180   87.42607117
    1.50325230   86.31220245
    1.50527280   90.28442383
    1.50729330   93.59739685
    1.50931380   92.21216583
    1.51133430   89.73154449
    1.51335480   88.83927155
    1.51537530   82.12562561
    1.51739580   82.45281982
    1.51941630   83.10092163
    1.52143680   76.48900604
    1.52345730   77.93351746
    1.52547780   88.14685059
    1.52749830   91.55387878
    1.52951880   91.37632751
    1.53153930   92.30649567
    1.53355980   89.07569122
    1.53558030   87.13100433
    1.53760081   72.98588562
    1.53962131   81.63804626
    1.54164181   81.27298737
    1.54366231   77.86238098
    1.54568281   77.28996277
    1.54770331   87.78079987
    1.54972381   89.50649261
    1.55174431   89.12586975
    1.55376481   89.17388153
    1.55578531   85.75180817
    1.55780581   85.53128815
    1.55982631   79.63466644
    1.56184681   77.64464569
    1.56386731   86.15753174
    1.56588781   83.92827606
    1.56790831   80.67246246
    1.56992881   77.49529266
    1.57194931   79.21525574
    1.57396981   81.37666321
    1.57599031   89.18578339
    1.57801081   81.69754028
    1.58003131   88.41044617
    1.58205181   86.73876190
    1.58407231   78.78274536
    1.58609281   72.81801605
    1.58811332   78.44786835
    1.59013382   76.31355286
    1.59215432   86.20486450
    1.59417482   83.49423981
    1.59619532   88.09934235
    1.59821582   90.40748596
    1.60023632   80.74362946
    1.60225682   90.90736389
    1.60427732   75.55852509
    1.60629782   80.67974854
    1.60831832   76.54614258
    1.61033882   84.80560303
    1.61235932   89.90760803
    1.61437982   82.55445099
    1.61640032   87.93579865
    1.61842082   89.03998566
    1.62044132   90.15477753
    1.62246182   83.15382385
    1.62448232   86.48059082
    1.62650282   79.31978607
    1.62852332   87.35502625
    1.63054382   78.16666412
    1.63256432   85.53879547
    1.63458482   86.19077301
    1.63660532   73.01957703
    1.63862583   89.54281616
    1.64064633   87.71635437
    1.64266683   89.61093140
    1.64468733   82.11565399
    1.64670783   79.87788391
    1.64872833   88.30618286
    1.65074883   80.09491730
    1.65276933   88.70339203
    1.65478983   91.29501343
    1.65681033   74.81518555
    1.65883083   92.84883118
    1.66085133   89.25942230
    1.66287183   70.05363464
    1.66489233   82.79463196
    1.66691283   90.94850922
    1.66893333   78.10556030
    1.67095383   76.50803375
    1.67297433   69.95293427
    1.67499483   85.71616364
    1.67701533   87.78101349
    1.67903583   86.23426819
    1.68105633   87.39730072
    1.68307683   73.98476410
    1.68509733   90.10710144
    1.68711783   83.33337402
    1.68913834   86.44301605
    1.69115884   76.49359131
    1.69317934   79.98934937
    1.69519984   81.83487701
    1.69722034   80.97852325
    1.69924084   83.54426575
    1.70126134   78.92266846
    1.70328184   83.43436432
    1.70530234   90.18420410
    1.70732284   91.00647736
    1.70934334   90.25032806
    1.71136384   83.55074310
    1.71338434   72.73767853
    1.71540484   83.02321625
    1.71742534   81.43427277
    1.71944584   86.96672058
    1.72146634   84.31986237
    1.72348684   86.72573090
    1.72550734   87.44432068
    1.72752784   91.17929840
    1.72954834   95.29498291
    1.73156884   89.16487122
    1.73358934   91.43457031
    1.73560984   89.22566223
    1.73763035   82.11618805
    1.73965085   83.65447998
    1.74167135   86.85247803
    1.74369185   85.14996338
    1.74571235   80.00196838
    1.74773285   86.59340668
    1.74975335   88.46220398
    1.75177385   87.96331787
    1.75379435   82.74175262
    1.75581485   85.42106628
    1.75783535   80.16331482
    1.75985585   88.17445374
    1.76187635   78.88539124
    1.76389685   88.68544006
    1.76591735   82.05512238
    1.76793785   88.13026428
    1.76995835   80.79378510
    1.77197885   83.56762695
    1.77399935   89.29862213
    1.77601985   86.89469910
    1.77804035   84.71171570
    1.78006085   81.29197693
    1.78208135   83.48614502
    1.78410185   82.85697174
    1.78612235   84.26546478
    1.78814286   81.36585999
    1.79016336   74.09880066
    1.79218386   78.87494659
    1.79420436   88.70852661
    1.79622486   89.71118164
    1.79824536   79.73163605
    1.80026586   77.13045502
    1.80228636   86.75378418
    1.80430686   86.23030853
    1.80632736   82.40705872
    1.80834786   82.80596161
    1.81036836   88.14894867
    1.81238886   86.49729919
    1.81440936   91.81025696
    1.81642986   91.45421600
    1.81845036   86.71298981
    1.82047086   83.91426086
    1.82249136   90.88328552
    1.82451186   88.95066071
    1.82653236   87.06639862
    1.82855286   81.09140778
    1.83057336   81.51235199
    1.83259386   63.94456482
    1.83461436   91.10205078
    1.83663486   89.50538635
    1.83865537   87.73722076
    1.84067587   81.71135712
    1.84269637   89.31329346
    1.84471687   91.68738556
    1.84673737   73.94561005
    1.84875787   81.25376129
    1.85077837   84.24733734
    1.85279887   87.22364807
    1.85481937   87.08871460
    1.85683987   92.99082184
    1.85886037   87.78723907
    1.86088087   84.42150116
    1.86290137   85.28237152
    1.86492187   82.66281128
    1.86694237   82.86203003
    1.86896287   87.97747803
    1.87098337   73.48848724
    1.87300387   90.88154602
    1.87502437   86.12132263
    1.87704487   90.31927490
    1.87906537   89.96457672
    1.88108587   90.85025787
    1.88310637   90.99378204
    1.88512687   93.61997223
    1.88714737   79.28919220
    1.88916788   87.63471222
    1.89118838   84.38753510
    1.89320888   87.90436554
    1.89522938   93.12605286
    1.89724988   86.65003204
    1.89927038   89.65846252
    1.90129088   88.85376740
    1.90331138   86.65113831
    1.90533188   91.00668335
    1.90735238   91.26696014
    1.90937288   78.52757263
    1.91139338   83.18256378
    1.91341388   82.97891235
    1.91543438   84.27844238
    1.91745488   80.61013031
    1.91947538   79.30741882
    1.92149588   82.00552368
    1.92351638   80.71944427
    1.92553688   82.69526672
    1.92755738   91.03779602
    1.92957788   92.27339935
    1.93159838   87.31521606
    1.93361888   90.35737610
    1.93563938   91.65557861
    1.93765988   84.22266388
    1.93968039   84.65926361
    1.94170089   92.39388275
    1.94372139   93.18762207
    1.94574189   93.68000793
    1.94776239   91.00939178
    1.94978289   87.47399902
    1.95180339   85.15708160
    1.95382389   74.34860992
    1.95584439   71.39118195
    1.95786489   84.12156677
    1.95988539   84.58750153
    1.96190589   88.23388672
    1.96392639   83.57120514
    1.96594689   80.91728973
    1.96796739   81.91328430
    1.96998789   88.37955475
    1.97200839   81.61864471
    1.97402889   88.48613739
    1.97604939   84.28303528
    1.97806989   85.32319641
    1.98009039   63.77795792
    1.98211089   88.20690155
    1.98413139   85.43530273
    1.98615189   71.73577118
    1.98817239   81.35423279
    1.99019290   78.06384277
    1.99221340   86.46240234
    1.99423390   76.53455353
    1.99625440   87.46800995
    1.99827490   82.76937866
    2.00029540   82.86268616
    2.00231590   89.26785278
    2.00433640   86.33657074
    2.00635690   80.27836609
    2.00837740   79.70588684
    2.01039790   77.92230225
    2.01241840   71.29043579
    2.01443890   77.51931763
    2.01645940   87.89513397
    2.01847990   89.67517090
    2.02050040   86.46131134
