 HEIGHT =    3.00000000000000     
 Time        Sound Pressure(decibal)
    0.00202050   78.13139343
    0.00404100   81.24166870
    0.00606150   78.35054779
    0.00808200   82.25679016
    0.01010250   91.34024811
    0.01212300   96.96932220
    0.01414350   93.50660706
    0.01616400   97.22214508
    0.01818450   90.47533417
    0.02020500   91.38001251
    0.02222550   93.38142395
    0.02424600   86.12110138
    0.02626651   79.68626404
    0.02828701   90.97396851
    0.03030751   98.93621063
    0.03232801   97.74533844
    0.03434851   89.47928619
    0.03636901   95.98689270
    0.03838951   92.23898315
    0.04041001   96.14018250
    0.04243051   93.24871826
    0.04445101   94.55146027
    0.04647151   95.01908875
    0.04849201   84.25776672
    0.05051251   95.42414093
    0.05253301   87.90309906
    0.05455351   99.25031281
    0.05657401   97.21125031
    0.05859451   95.31042480
    0.06061501   86.90743256
    0.06263551   89.07627106
    0.06465601   92.32746887
    0.06667651   95.21003723
    0.06869701   84.55419159
    0.07071751   85.14443207
    0.07273801   86.11276245
    0.07475851   89.30484772
    0.07677902   94.84281921
    0.07879952   94.59375000
    0.08082002   90.92726135
    0.08284052   90.85044098
    0.08486102   80.29827881
    0.08688152   89.99227905
    0.08890202   94.83031464
    0.09092252   74.77365875
    0.09294302   89.21785736
    0.09496352   92.68360901
    0.09698402   84.58834839
    0.09900452   86.10746765
    0.10102502   89.71130371
    0.10304552   86.37337494
    0.10506602   97.58822632
    0.10708652   87.41464233
    0.10910702   93.49810028
    0.11112752   92.45189667
    0.11314802   90.60895538
    0.11516852   90.22897339
    0.11718902   85.34716797
    0.11920952   84.53283691
    0.12123002   91.35129547
    0.12325052   81.72514343
    0.12527102   92.62295532
    0.12729153   92.41358948
    0.12931203   92.65476227
    0.13133253   88.91398621
    0.13335303   92.08353424
    0.13537353   93.17618561
    0.13739403   88.37620544
    0.13941453   91.09017944
    0.14143503   80.30107880
    0.14345553   84.97137451
    0.14547603   94.11458588
    0.14749653   86.55587769
    0.14951703   96.86501312
    0.15153753   93.23317719
    0.15355803   92.87534332
    0.15557853   97.78248596
    0.15759903   88.48771667
    0.15961953   92.93244934
    0.16164003   90.14295197
    0.16366053   92.43560791
    0.16568103   94.18408966
    0.16770153   91.73400116
    0.16972203   93.34689331
    0.17174253   97.19166565
    0.17376303  100.15518188
    0.17578353   95.87131500
    0.17780404   90.62513733
    0.17982454   90.62516785
    0.18184504   90.09122467
    0.18386554   77.38533783
    0.18588604   92.71507263
    0.18790654   90.51189423
    0.18992704   87.56862640
    0.19194754   88.00195312
    0.19396804   95.32351685
    0.19598854   97.39339447
    0.19800904   95.79766846
    0.20002954   89.55414581
    0.20205004   92.62037659
    0.20407054   86.24284363
    0.20609104   88.71961975
    0.20811154   82.38050079
    0.21013204   83.10451508
    0.21215254   81.17668152
    0.21417304   82.14266968
    0.21619354   89.53752899
    0.21821404   91.47235107
    0.22023454   95.57671356
    0.22225504   99.23621368
    0.22427554   78.41645813
    0.22629604   92.22467804
    0.22831655   79.60202026
    0.23033705   93.02652740
    0.23235755   86.49010468
    0.23437805   88.67587280
    0.23639855   69.66963959
    0.23841905   94.12831879
    0.24043955   86.26963806
    0.24246005   98.70631409
    0.24448055   88.86630249
    0.24650105   85.96861267
    0.24852155   86.74766541
    0.25054205   90.63092804
    0.25256255   89.09664917
    0.25458305   94.78145599
    0.25660355   87.76934052
    0.25862405   98.37400818
    0.26064455   96.97412872
    0.26266505   98.09922028
    0.26468555   98.54078674
    0.26670605   94.13469696
    0.26872655   87.72159576
    0.27074705   93.73554993
    0.27276755   86.71369171
    0.27478805   86.23602295
    0.27680855   93.89113617
    0.27882906   95.14877319
    0.28084956   97.33678436
    0.28287006   96.76211548
    0.28489056   90.29141235
    0.28691106   95.65352631
    0.28893156   94.57264709
    0.29095206   94.17691040
    0.29297256   95.47869110
    0.29499306   89.64086151
    0.29701356   81.61295319
    0.29903406   90.63725281
    0.30105456   92.62948608
    0.30307506   90.78839874
    0.30509556   96.61640167
    0.30711606   87.71287537
    0.30913656   96.49400330
    0.31115706   94.53955078
    0.31317756   94.60667419
    0.31519806   89.71939850
    0.31721856   85.76819611
    0.31923906   88.99655914
    0.32125956   87.15444946
    0.32328006   80.45240021
    0.32530056   95.20511627
    0.32732106   88.48529816
    0.32934157   93.46122742
    0.33136207   93.87123108
    0.33338257   95.94161987
    0.33540307   89.75669861
    0.33742357   87.94660950
    0.33944407   88.21693420
    0.34146457   87.12734222
    0.34348507   86.65734100
    0.34550557   91.44054413
    0.34752607   94.08602142
    0.34954657   96.45242310
    0.35156707   95.65290833
    0.35358757   94.77764130
    0.35560807   85.45551300
    0.35762857   94.42526245
    0.35964907   74.75019073
    0.36166957   92.40337372
    0.36369007   89.64833832
    0.36571057   92.26575470
    0.36773107   87.79637909
    0.36975157   93.23686218
    0.37177207   96.71779633
    0.37379257   96.96851349
    0.37581307   93.46274567
    0.37783358   96.62339783
    0.37985408   85.70753479
    0.38187458   91.71977997
    0.38389508   91.23811340
    0.38591558   92.96836853
    0.38793608   92.13954163
    0.38995658   87.48538208
    0.39197708   82.56276703
    0.39399758   93.26206970
    0.39601808   96.89371490
    0.39803858   97.38581085
    0.40005908   94.36954498
    0.40207958   93.59449005
    0.40410008   89.64038849
    0.40612058   94.69349670
    0.40814108   94.73528290
    0.41016158   90.42266083
    0.41218208   93.21800995
    0.41420258   92.69058228
    0.41622308   92.91772461
    0.41824358   97.02562714
    0.42026408   90.90065002
    0.42228458   94.54561615
    0.42430508   88.56182861
    0.42632558   88.19200897
    0.42834609   90.96734619
    0.43036659   78.98482513
    0.43238709   86.43151093
    0.43440759   88.30960846
    0.43642809   95.17683411
    0.43844859   95.93956757
    0.44046909   94.79881287
    0.44248959   98.74839783
    0.44451009   89.39834595
    0.44653059   88.39058685
    0.44855109   78.76688385
    0.45057159   89.72972870
    0.45259209   71.73079681
    0.45461259   89.64413452
    0.45663309   85.15373230
    0.45865359   91.49524689
    0.46067409   83.22680664
    0.46269459   92.07772064
    0.46471509   95.97248077
    0.46673559   92.58485413
    0.46875609   91.45203400
    0.47077659   90.00330353
    0.47279709   84.31388855
    0.47481759   89.01457214
    0.47683809   88.60357666
    0.47885860   89.65966797
    0.48087910   94.88831329
    0.48289960   94.83467865
    0.48492010   88.96027374
    0.48694060   96.84452057
    0.48896110   89.51022339
    0.49098160   98.44564056
    0.49300210   91.90947723
    0.49502260   94.38986969
    0.49704310   85.44136047
    0.49906360   91.19722748
    0.50108410   94.79980469
    0.50310460  100.24413300
    0.50512510   89.97236633
    0.50714560   96.57688141
    0.50916610   96.23826599
    0.51118660   97.16601562
    0.51320710   94.79351807
    0.51522760   87.09089661
    0.51724810   88.30056000
    0.51926860   84.76466370
    0.52128910   83.41610718
    0.52330960   95.69411469
    0.52533010   98.57113647
    0.52735060   96.95192719
    0.52937111   93.91407776
    0.53139161   96.91607666
    0.53341211   97.62960815
    0.53543261   93.46056366
    0.53745311   86.10807800
    0.53947361   95.97019196
    0.54149411   85.26134491
    0.54351461   82.22566986
    0.54553511   86.93024445
    0.54755561   93.17646790
    0.54957611   92.88182068
    0.55159661   98.89189148
    0.55361711   89.74433899
    0.55563761   90.38586426
    0.55765811   89.36080933
    0.55967861   94.09768677
    0.56169911   94.11853027
    0.56371961   86.47630310
    0.56574011   89.21080017
    0.56776061   76.74194336
    0.56978111   99.75590515
    0.57180161   93.22499847
    0.57382211   99.65505219
    0.57584261   94.40296173
    0.57786311   93.58245087
    0.57988362   87.33340454
    0.58190412   94.94295502
    0.58392462   91.18849182
    0.58594512   92.67370605
    0.58796562   95.55864716
    0.58998612   88.42097473
    0.59200662   90.73752594
    0.59402712   99.83440399
    0.59604762   98.77221680
    0.59806812   99.98348236
    0.60008862   95.32528687
    0.60210912   92.32415771
    0.60412962   80.72451782
    0.60615012   93.64556885
    0.60817062   82.72736359
    0.61019112   84.14924622
    0.61221162   85.11732483
    0.61423212  100.70376587
    0.61625262   99.23052216
    0.61827312  101.71850586
    0.62029362   97.39889526
    0.62231412   99.99524689
    0.62433462   89.02404785
    0.62635512   80.36562347
    0.62837562   86.74842072
    0.63039613   85.82651520
    0.63241663   92.57010651
    0.63443713   92.41145325
    0.63645763   88.63119507
    0.63847813   94.53354645
    0.64049863   99.14919281
    0.64251913   99.17817688
    0.64453963   93.42549133
    0.64656013   95.40582275
    0.64858063   90.07131958
    0.65060113   94.33544922
    0.65262163   95.25405884
    0.65464213   88.82628632
    0.65666263   93.13970947
    0.65868313   91.61595154
    0.66070363   97.51969147
    0.66272413   97.14282227
    0.66474463   98.54358673
    0.66676513   97.97618103
    0.66878563   92.85888672
    0.67080613   89.46375275
    0.67282663   94.45043182
    0.67484713   91.03735352
    0.67686763   73.73535156
    0.67888813   86.05546570
    0.68090864   85.62471008
    0.68292914   84.95479584
    0.68494964  100.37913513
    0.68697014  100.24963379
    0.68899064  101.10781860
    0.69101114   98.31401062
    0.69303164   90.36637878
    0.69505214   67.81426239
    0.69707264   83.25485992
    0.69909314   94.32285309
    0.70111364   93.69345856
    0.70313414   96.31408691
    0.70515464   84.98380280
    0.70717514   94.91316986
    0.70919564   97.56116486
    0.71121614   98.38968658
    0.71323664   99.43104553
    0.71525714   95.14811707
    0.71727764   90.57551575
    0.71929814   90.22624969
    0.72131864   90.12210846
    0.72333914   94.52979279
    0.72535964   90.99760437
    0.72738014   95.33739471
    0.72940064   96.43033600
    0.73142115   96.09513855
    0.73344165   98.19313049
    0.73546215  100.69454193
    0.73748265   99.24394226
    0.73950315   91.05893707
    0.74152365   90.78498077
    0.74354415   90.06590271
    0.74556465   90.65670776
    0.74758515   95.12082672
    0.74960565   96.65107727
    0.75162615   95.16337585
    0.75364665   90.49894714
    0.75566715   99.57072449
    0.75768765  101.61461639
    0.75970815   97.74459076
    0.76172865   95.34755707
    0.76374915   89.80109406
    0.76576965   80.83103943
    0.76779015   91.18443298
    0.76981065   92.52882385
    0.77183115   93.76283264
    0.77385165   80.03958130
    0.77587215   96.15766144
    0.77789265   99.97727966
    0.77991315   99.32361603
    0.78193366   98.72798920
    0.78395416   95.99167633
    0.78597466   96.78065491
    0.78799516   94.55655670
    0.79001566  100.01930237
    0.79203616   93.44651031
    0.79405666   96.53318787
    0.79607716   91.30868530
    0.79809766   92.30652618
    0.80011816   96.50695801
    0.80213866  101.04631042
    0.80415916   99.78246307
    0.80617966   97.99913788
    0.80820016   92.83415222
    0.81022066   93.58815002
    0.81224116   84.48511505
    0.81426166   77.73362732
    0.81628216   90.73990631
    0.81830266   92.94670105
    0.82032316   97.10540009
    0.82234366   75.50379944
    0.82436416   97.90623474
    0.82638466   98.79848480
    0.82840516   95.77356720
    0.83042566   99.06807709
    0.83244617   92.71004486
    0.83446667   96.30338287
    0.83648717   99.86404419
    0.83850767   93.80857086
    0.84052817   94.95211792
    0.84254867   94.29142761
    0.84456917   90.64986420
    0.84658967   92.13928986
    0.84861017   97.64417267
    0.85063067   99.12747192
    0.85265117   96.58566284
    0.85467167   96.50916290
    0.85669217   94.89236450
    0.85871267   99.21489716
    0.86073317   92.62982178
    0.86275367   96.38793945
    0.86477417   83.96488953
    0.86679467   98.55786133
    0.86881517   94.00894928
    0.87083567   90.21947479
    0.87285617   99.25621796
    0.87487667   93.35345459
    0.87689717   90.53756714
    0.87891767  101.42559052
    0.88093817   92.01287079
    0.88295868   90.08489227
    0.88497918   92.33692932
    0.88699968   93.47317505
    0.88902018  102.94550323
    0.89104068   96.97238922
    0.89306118  101.78623199
    0.89508168   95.75012970
    0.89710218   96.59297943
    0.89912268   98.33084106
    0.90114318   93.70030975
    0.90316368   93.31007385
    0.90518418   83.79518890
    0.90720468   88.66546631
    0.90922518   97.37271881
    0.91124568   93.50945282
    0.91326618   90.93321228
    0.91528668   87.03094482
    0.91730718   96.85866547
    0.91932768   96.98791504
    0.92134818   98.08356476
    0.92336868   92.11514282
    0.92538918   90.51042938
    0.92740968   96.27645111
    0.92943018   93.54582977
    0.93145068   88.63581085
    0.93347119   94.84146881
    0.93549169   82.91728973
    0.93751219   92.39058685
    0.93953269   92.60932159
    0.94155319  100.75529480
    0.94357369   91.24499512
    0.94559419   97.26388550
    0.94761469   98.33037567
    0.94963519   98.60086823
    0.95165569   93.51673889
    0.95367619   88.98343658
    0.95569669   93.05051422
    0.95771719   97.19495392
    0.95973769   90.65538025
    0.96175819   86.58875275
    0.96377869   98.25000000
    0.96579919   93.76271820
    0.96781969   92.19332123
    0.96984019   95.58006287
    0.97186069   95.11856842
    0.97388119   91.51137543
    0.97590169   88.00412750
    0.97792219   99.52774811
    0.97994269   99.41021729
    0.98196319   98.33449554
    0.98398370   91.51157379
    0.98600420   86.50244904
    0.98802470   87.44510651
    0.99004520   94.18185425
    0.99206570   88.78221130
    0.99408620   97.09351349
    0.99610670   86.10278320
    0.99812720   90.16752625
    1.00014770   90.89542389
    1.00216820   97.33604431
    1.00418870   93.35885620
    1.00620920   97.99146271
    1.00822970   94.09732056
    1.01025020   91.24318695
    1.01227070   95.13619232
    1.01429120   92.84126282
    1.01631170   93.73815155
    1.01833220   89.62184906
    1.02035270   90.21291351
    1.02237320   84.96479034
    1.02439370   98.32950592
    1.02641420   89.10048676
    1.02843470   98.90547943
    1.03045520   93.13900757
    1.03247570   91.65164948
    1.03449621   92.69326019
    1.03651671   93.80316925
    1.03853721   92.96685028
    1.04055771   92.74280548
    1.04257821   89.61869049
    1.04459871   95.23420715
    1.04661921   99.27124023
    1.04863971   97.44880676
    1.05066021   91.48097992
    1.05268071   94.46344757
    1.05470121   92.69615936
    1.05672171   93.88296509
    1.05874221   97.09027100
    1.06076271   88.53195190
    1.06278321   95.66251373
    1.06480371   90.03182220
    1.06682421   94.02576447
    1.06884471   94.91273499
    1.07086521   91.54466248
    1.07288571   93.20769501
    1.07490621   84.70090485
    1.07692671   91.49520111
    1.07894721   95.77011871
    1.08096771   97.85144043
    1.08298822   87.23761749
    1.08500872   84.85070801
    1.08702922   83.74110413
    1.08904972   91.96097565
    1.09107022   81.61433411
    1.09309072   92.67053986
    1.09511122   99.06298065
    1.09713172   96.60518646
    1.09915222   97.96836853
    1.10117272   90.91507721
    1.10319322   91.77314758
    1.10521372   95.41864777
    1.10723422   91.50521851
    1.10925472   89.10051727
    1.11127522   97.20707703
    1.11329572   91.29914856
    1.11531622   92.28353882
    1.11733672   97.85389709
    1.11935722   89.13792419
    1.12137772   94.63148499
    1.12339822   94.83614349
    1.12541872   88.55064392
    1.12743922   86.77376556
    1.12945972   76.31329346
    1.13148022  100.82897949
    1.13350073  103.02719116
    1.13552123   93.10202026
    1.13754173   96.33244324
    1.13956223   94.36718750
    1.14158273  100.12804413
    1.14360323   86.93303680
    1.14562373   84.08039856
    1.14764423   93.06172180
    1.14966473   86.04913330
    1.15168523   82.64622498
    1.15370573  101.30603027
    1.15572623   96.41268921
    1.15774673   89.41426086
    1.15976723   86.92775726
    1.16178773   98.26631165
    1.16380823   93.28860474
    1.16582873   87.63945007
    1.16784923   83.38959503
    1.16986973   89.47739410
    1.17189023   89.80096436
    1.17391073   88.97016907
    1.17593123   90.44180298
    1.17795173   90.55487061
    1.17997223   95.02466583
    1.18199273   96.06494904
    1.18401324   92.61480713
    1.18603374   92.71025848
    1.18805424   90.53463745
    1.19007474   97.30947876
    1.19209524   96.31558228
    1.19411574   91.52165985
    1.19613624   95.32155609
    1.19815674   92.10902405
    1.20017724   92.01018524
    1.20219774  100.60630798
    1.20421824   87.75013733
    1.20623874   94.30805969
    1.20825924   78.99931335
    1.21027974   98.29917145
    1.21230024   86.22717285
    1.21432074   97.44580841
    1.21634124   87.86104584
    1.21836174   98.74554443
    1.22038224   99.53419495
    1.22240274  101.10001373
    1.22442324  100.46651459
    1.22644374   97.10411835
    1.22846424   92.81387329
    1.23048474   93.23818970
    1.23250524   98.50387573
    1.23452575   88.57598877
    1.23654625   90.42182922
    1.23856675   91.39727783
    1.24058725   97.20292664
    1.24260775   98.66104889
    1.24462825  104.90694427
    1.24664875  102.30861664
    1.24866925  102.41115570
    1.25068975  100.82180023
    1.25271025   85.50119019
    1.25473075   97.47550964
    1.25675125   91.27754974
    1.25877175   95.79283142
    1.26079225   79.48554230
    1.26281275   86.17992401
    1.26483325   92.00177765
    1.26685375   87.42276001
    1.26887425   98.96136475
    1.27089475   92.43222809
    1.27291525   99.61824036
    1.27493575   91.89577484
    1.27695625   89.85252380
    1.27897675   93.35173035
    1.28099725  100.24153137
    1.28301775   87.80558014
    1.28503826   93.61103821
    1.28705876   93.54591370
    1.28907926   99.82215881
    1.29109976   99.46772766
    1.29312026  102.32221985
    1.29514076   96.68378448
    1.29716126   99.45227051
    1.29918176   91.80667114
    1.30120226   84.74379730
    1.30322276   95.56507874
    1.30524326   97.38655090
    1.30726376   92.79526520
    1.30928426   96.44658661
    1.31130476   84.59723663
    1.31332526   81.60134125
    1.31534576   97.22224426
    1.31736626   97.02336121
    1.31938676   96.30103302
    1.32140726   93.96311188
    1.32342776   95.19703674
    1.32544826   87.44029999
    1.32746876   94.26441956
    1.32948926   98.89448547
    1.33150976   96.41867828
    1.33353026   99.06378174
    1.33555077   83.27275085
    1.33757127   89.21017456
    1.33959177   91.85746002
    1.34161227   92.29089355
    1.34363277   93.44194794
    1.34565327   98.46427917
    1.34767377   98.66012573
    1.34969427   99.01194000
    1.35171477   92.64328766
    1.35373527   93.17385864
    1.35575577   87.94332886
    1.35777627   88.33651733
    1.35979677   97.15235901
    1.36181727   95.57630920
    1.36383777   98.55138397
    1.36585827  101.94325256
    1.36787877  101.01223755
    1.36989927   99.90841675
    1.37191977   99.24200439
    1.37394027   98.43172455
    1.37596077  102.21031952
    1.37798127   97.70288086
    1.38000177   98.71971893
    1.38202227   95.77062988
    1.38404277   84.69307709
    1.38606328   89.27263641
    1.38808378   97.24521637
    1.39010428   93.52811432
    1.39212478   95.96976471
    1.39414528   91.60556030
    1.39616578   94.81472015
    1.39818628   97.36399078
    1.40020678   96.58311462
    1.40222728   87.11492920
    1.40424778   87.26744843
    1.40626828   92.45320892
    1.40828878   96.78271484
    1.41030928   89.26636505
    1.41232978   88.85488892
    1.41435028   91.12889862
    1.41637078   63.77799606
    1.41839128   98.10040283
    1.42041178  100.09245300
    1.42243228   93.42547607
    1.42445278   91.60332489
    1.42647328   92.39091492
    1.42849378   90.96559906
    1.43051428   87.81604004
    1.43253478   91.18325043
    1.43455528   90.70082092
    1.43657579   84.20032501
    1.43859629   93.81414795
    1.44061679   94.86928558
    1.44263729   90.03211975
    1.44465779   87.86280823
    1.44667829   93.76690674
    1.44869879   87.79695892
    1.45071929   97.14537811
    1.45273979   77.87512970
    1.45476029   81.96276855
    1.45678079   94.71209717
    1.45880129   93.28820038
    1.46082179   99.16876221
    1.46284229   96.96910858
    1.46486279   95.45962524
    1.46688329   99.25228119
    1.46890379   89.34818268
    1.47092429   97.84320068
    1.47294479   90.04096985
    1.47496529   93.29059601
    1.47698579   84.78683472
    1.47900629   89.24385834
    1.48102679   93.62022400
    1.48304729   96.59764099
    1.48506779   96.19972992
    1.48708830   99.26466370
    1.48910880   97.22347260
    1.49112930   92.62136841
    1.49314980   91.92356110
    1.49517030   93.25895691
    1.49719080   95.65060425
    1.49921130   88.50621033
    1.50123180   86.87773895
    1.50325230   85.84468842
    1.50527280   94.46735382
    1.50729330   96.53794861
    1.50931380   99.32839203
    1.51133430   91.75875092
    1.51335480   88.93779755
    1.51537530   89.02015686
    1.51739580   91.29752350
    1.51941630   94.02545929
    1.52143680   84.38592529
    1.52345730   86.87303925
    1.52547780   92.34239960
    1.52749830   93.28772736
    1.52951880   94.62264252
    1.53153930   89.85964203
    1.53355980   90.05733490
    1.53558030   90.82096863
    1.53760081   92.27101898
    1.53962131   82.16642761
    1.54164181   88.97224426
    1.54366231   91.98941040
    1.54568281   86.94462585
    1.54770331   83.23126221
    1.54972381   95.06861115
    1.55174431   73.90857697
    1.55376481   95.24005127
    1.55578531   93.77512360
    1.55780581   92.70722961
    1.55982631   90.31589508
    1.56184681   84.86971283
    1.56386731   79.69948578
    1.56588781   92.73433685
    1.56790831   84.67819214
    1.56992881   87.61666870
    1.57194931   95.17375946
    1.57396981   96.75939178
    1.57599031   91.41539001
    1.57801081   98.81450653
    1.58003131   91.27043915
    1.58205181   91.29097748
    1.58407231   67.86550903
    1.58609281   90.35994720
    1.58811332   90.99339294
    1.59013382   93.27903748
    1.59215432   90.36695099
    1.59417482   96.18527222
    1.59619532   93.87339020
    1.59821582   96.62051392
    1.60023632   86.60311890
    1.60225682   93.05316162
    1.60427732   69.86461639
    1.60629782   88.33648682
    1.60831832   93.08172607
    1.61033882   90.43271637
    1.61235932   84.65231323
    1.61437982   90.69911194
    1.61640032   91.28862762
    1.61842082   94.59115601
    1.62044132   92.02496338
    1.62246182   87.52573395
    1.62448232   89.84056854
    1.62650282   93.54486084
    1.62852332   83.88423920
    1.63054382   89.63623810
    1.63256432   87.88965607
    1.63458482   93.79567719
    1.63660532   96.76062775
    1.63862583   80.09151459
    1.64064633   85.25511932
    1.64266683   89.85968781
    1.64468733   86.90863037
    1.64670783   66.97756958
    1.64872833   82.72483063
    1.65074883   86.77881622
    1.65276933   85.57888031
    1.65478983   85.80128479
    1.65681033   87.26546478
    1.65883083   86.32288361
    1.66085133   90.50997162
    1.66287183   97.73273468
    1.66489233   88.36589813
    1.66691283   91.93379211
    1.66893333   85.14093018
    1.67095383   89.54477692
    1.67297433   84.61385345
    1.67499483   68.97494507
    1.67701533   90.00262451
    1.67903583   71.52985382
    1.68105633   70.23773193
    1.68307683   98.05664825
    1.68509733   92.56419373
    1.68711783   95.97073364
    1.68913834   89.19941711
    1.69115884   93.24401093
    1.69317934   92.53903198
    1.69519984   88.64562225
    1.69722034   86.02367401
    1.69924084   90.20913696
    1.70126134   86.76787567
    1.70328184   95.13994598
    1.70530234   92.08451080
    1.70732284   96.54100037
    1.70934334   94.20404816
    1.71136384   95.97719574
    1.71338434   87.30158234
    1.71540484   81.84981537
    1.71742534   88.09737396
    1.71944584   92.58140564
    1.72146634   89.39622498
    1.72348684   87.82317352
    1.72550734   95.50350189
    1.72752784   94.01760864
    1.72954834   93.11586761
    1.73156884   93.21859741
    1.73358934   90.92572784
    1.73560984   86.00602722
    1.73763035   78.86930847
    1.73965085   92.91475677
    1.74167135   94.60490417
    1.74369185   88.57951355
    1.74571235   84.69951630
    1.74773285   80.92778015
    1.74975335   88.52493286
    1.75177385   92.03324127
    1.75379435   95.25115204
    1.75581485   92.80563354
    1.75783535   81.37202454
    1.75985585   88.48731995
    1.76187635   94.20020294
    1.76389685   90.86738586
    1.76591735   89.45991516
    1.76793785   90.94618225
    1.76995835   84.85625458
    1.77197885   91.91159821
    1.77399935   91.74535370
    1.77601985   79.46632385
    1.77804035   89.44638824
    1.78006085   90.95707703
    1.78208135   84.91673279
    1.78410185   87.57231140
    1.78612235   87.22261810
    1.78814286   90.29405975
    1.79016336   95.34447479
    1.79218386   91.24692535
    1.79420436   91.52163696
    1.79622486   89.59426117
    1.79824536   82.80200958
    1.80026586   92.71874237
    1.80228636   87.43612671
    1.80430686   84.42414856
    1.80632736   90.59314728
    1.80834786   87.75927734
    1.81036836   92.14881897
    1.81238886   91.70918274
    1.81440936   91.80677032
    1.81642986   95.09808350
    1.81845036   87.56290436
    1.82047086   94.00589752
    1.82249136   94.97286987
    1.82451186   88.13626099
    1.82653236   88.50848389
    1.82855286   85.91420746
    1.83057336   95.84719849
    1.83259386   91.35157776
    1.83461436   95.54839325
    1.83663486   83.08336639
    1.83865537   90.35120392
    1.84067587   86.36820984
    1.84269637   88.63155365
    1.84471687   93.25074005
    1.84673737   85.22734833
    1.84875787   91.84791565
    1.85077837   98.75668335
    1.85279887   93.62351227
    1.85481937   90.58226013
    1.85683987   91.37704468
    1.85886037   91.82730103
    1.86088087   89.21187592
    1.86290137   96.57884216
    1.86492187   91.89382935
    1.86694237   72.28347015
    1.86896287   94.08262634
    1.87098337   92.53681183
    1.87300387   96.78940582
    1.87502437   88.49469757
    1.87704487   91.78161621
    1.87906537   96.87811279
    1.88108587   90.59758759
    1.88310637   97.22073364
    1.88512687   94.11043549
    1.88714737   83.31040192
    1.88916788   94.30017090
    1.89118838   89.08728027
    1.89320888   91.28014374
    1.89522938   91.71361542
    1.89724988   90.21556091
    1.89927038   90.91282654
    1.90129088   87.82314301
    1.90331138   93.70191956
    1.90533188   91.68440247
    1.90735238   92.85913849
    1.90937288   95.48023987
    1.91139338   92.37220764
    1.91341388   93.78878784
    1.91543438   86.36116028
    1.91745488   92.79857635
    1.91947538   93.34287262
    1.92149588   96.91647339
    1.92351638   96.49595642
    1.92553688   97.23651886
    1.92755738   86.63224792
    1.92957788   83.96160889
    1.93159838   91.08113098
    1.93361888   76.64748383
    1.93563938   77.28250122
    1.93765988   92.37151337
    1.93968039   90.23562622
    1.94170089   87.26011658
    1.94372139   78.61528778
    1.94574189   82.19176483
    1.94776239   90.11951447
    1.94978289   78.39574432
    1.95180339   91.00666809
    1.95382389   92.55648041
    1.95584439   86.59970856
    1.95786489   89.79975128
    1.95988539   90.12891388
    1.96190589   88.77291107
    1.96392639   88.83664703
    1.96594689   84.19531250
    1.96796739   77.14344788
    1.96998789   89.00995636
    1.97200839   87.52534485
    1.97402889   95.90248108
    1.97604939   87.09544373
    1.97806989   93.28721619
    1.98009039   82.62528229
    1.98211089   80.25411987
    1.98413139   77.02018738
    1.98615189   83.47126770
    1.98817239   85.46292114
    1.99019290   79.46200562
    1.99221340   88.90361786
    1.99423390   84.39480591
    1.99625440   93.39969635
    1.99827490   93.13461304
    2.00029540   86.89810181
    2.00231590   88.77034760
    2.00433640   89.47581482
    2.00635690   91.35669708
    2.00837740   89.54402924
    2.01039790   91.87056732
    2.01241840   92.10443115
    2.01443890   91.61489105
    2.01645940   85.18942261
    2.01847990   80.85728455
    2.02050040   84.22418213
