 HEIGHT =    10.0000000000000     
 Time        Sound Pressure(decibal)
    0.00202050   90.97775269
    0.00404100   90.47291565
    0.00606150   89.52729797
    0.00808200   87.69271851
    0.01010250   89.16820526
    0.01212300   89.66912079
    0.01414350   90.24644470
    0.01616400   81.66031647
    0.01818450   85.28192902
    0.02020500   82.48676300
    0.02222550   83.29236603
    0.02424600   86.08740234
    0.02626651   80.59832764
    0.02828701   78.24637604
    0.03030751   82.65496063
    0.03232801   93.75206757
    0.03434851   87.25970459
    0.03636901   94.11996460
    0.03838951   88.11256409
    0.04041001   85.81568146
    0.04243051   86.91909027
    0.04445101   83.49468994
    0.04647151   97.07429504
    0.04849201   94.30973053
    0.05051251   91.55932617
    0.05253301   95.09020233
    0.05455351   97.77279663
    0.05657401   87.16320038
    0.05859451   86.51235962
    0.06061501   94.73949432
    0.06263551   89.98200226
    0.06465601   91.21189880
    0.06667651   85.49668884
    0.06869701   86.04709625
    0.07071751   52.61258698
    0.07273801   77.96063232
    0.07475851   84.88638306
    0.07677902   87.37493134
    0.07879952   90.43629456
    0.08082002   81.85366821
    0.08284052   80.43756104
    0.08486102   86.99388885
    0.08688152   88.18744659
    0.08890202   82.57933807
    0.09092252   83.57029724
    0.09294302   84.85958099
    0.09496352   81.46641541
    0.09698402   82.50489807
    0.09900452   82.76039124
    0.10102502   87.74028015
    0.10304552   84.52642059
    0.10506602   75.53618622
    0.10708652   78.14698792
    0.10910702   84.55744934
    0.11112752   86.51533508
    0.11314802   84.57941437
    0.11516852   86.21753693
    0.11718902   84.25164795
    0.11920952   75.64593506
    0.12123002   85.27417755
    0.12325052   84.75145721
    0.12527102   86.31468964
    0.12729153   75.57049561
    0.12931203   86.06752777
    0.13133253   89.99803925
    0.13335303   88.05034637
    0.13537353   86.55060577
    0.13739403   83.00385284
    0.13941453   80.51500702
    0.14143503   79.92990112
    0.14345553   78.15495300
    0.14547603   88.08571625
    0.14749653   83.68289185
    0.14951703   86.42973328
    0.15153753   76.36890411
    0.15355803   84.49328613
    0.15557853   83.27726746
    0.15759903   90.18920898
    0.15961953   91.04815674
    0.16164003   83.55348969
    0.16366053   84.71184540
    0.16568103   82.63316345
    0.16770153   87.46291351
    0.16972203   87.64694214
    0.17174253   78.00165558
    0.17376303   88.97978973
    0.17578353   89.19188690
    0.17780404   87.85869598
    0.17982454   90.25851440
    0.18184504   90.55665588
    0.18386554   89.06796265
    0.18588604   92.34625244
    0.18790654   83.48456573
    0.18992704   81.78334808
    0.19194754   85.02528381
    0.19396804   91.51168060
    0.19598854   91.64629364
    0.19800904   90.27143860
    0.20002954   83.99873352
    0.20205004   86.67530823
    0.20407054   87.47190094
    0.20609104   87.46566010
    0.20811154   88.46498108
    0.21013204   77.77146149
    0.21215254   75.62104797
    0.21417304   86.51272583
    0.21619354   91.42964172
    0.21821404   89.41616821
    0.22023454   88.61820221
    0.22225504   84.29077148
    0.22427554   80.66909027
    0.22629604   86.47803497
    0.22831655   67.85064697
    0.23033705   73.16722107
    0.23235755   83.82597351
    0.23437805   81.44546509
    0.23639855   89.91994476
    0.23841905   78.88880157
    0.24043955   89.15799713
    0.24246005   91.35814667
    0.24448055   78.89179993
    0.24650105   92.37184906
    0.24852155   86.53399658
    0.25054205   82.99768829
    0.25256255   89.50404358
    0.25458305   85.94294739
    0.25660355   85.74567413
    0.25862405   75.10010529
    0.26064455   77.90405273
    0.26266505   90.65168762
    0.26468555   87.62174988
    0.26670605   87.42449188
    0.26872655   79.78305817
    0.27074705   89.79156494
    0.27276755   84.72756195
    0.27478805   88.20681763
    0.27680855   91.32411957
    0.27882906   86.55513000
    0.28084956   89.22083282
    0.28287006   87.36778259
    0.28489056   94.38791656
    0.28691106   91.35324097
    0.28893156   82.87923431
    0.29095206   91.56481171
    0.29297256   85.24296570
    0.29499306   87.11453247
    0.29701356   89.05164337
    0.29903406   86.52883148
    0.30105456   89.14060974
    0.30307506   87.84756470
    0.30509556   91.78823853
    0.30711606   90.93367767
    0.30913656   90.28086090
    0.31115706   81.53298187
    0.31317756   87.93930817
    0.31519806   82.67540741
    0.31721856   86.09375763
    0.31923906   73.82746124
    0.32125956   79.78985596
    0.32328006   77.52079010
    0.32530056   88.54904938
    0.32732106   80.62612915
    0.32934157   90.54244995
    0.33136207   87.34538269
    0.33338257   90.30948639
    0.33540307   90.65344238
    0.33742357   87.60182190
    0.33944407   83.38181305
    0.34146457   76.90691376
    0.34348507   71.47737885
    0.34550557   90.35865784
    0.34752607   81.10380554
    0.34954657   86.81719971
    0.35156707   87.09267426
    0.35358757   91.39192963
    0.35560807   82.50547791
    0.35762857   87.99740601
    0.35964907   84.84033966
    0.36166957   87.40390015
    0.36369007   86.66102600
    0.36571057   86.17897034
    0.36773107   85.40542603
    0.36975157   85.70481110
    0.37177207   90.20474243
    0.37379257   91.73132324
    0.37581307   80.81896973
    0.37783358   85.08271027
    0.37985408   90.35120392
    0.38187458   86.58091736
    0.38389508   82.52478790
    0.38591558   89.59658813
    0.38793608   77.12405396
    0.38995658   86.65468597
    0.39197708   85.47539520
    0.39399758   92.22730255
    0.39601808   90.76380157
    0.39803858   92.05994415
    0.40005908   88.55615234
    0.40207958   89.78200531
    0.40410008   79.63110352
    0.40612058   87.95416260
    0.40814108   91.83938599
    0.41016158   79.46129608
    0.41218208   80.35837555
    0.41420258   84.01889038
    0.41622308   91.94822693
    0.41824358   90.64069366
    0.42026408   90.82717133
    0.42228458   89.84703064
    0.42430508   85.71173096
    0.42632558   90.13521576
    0.42834609   91.44699860
    0.43036659   88.45543671
    0.43238709   85.76871490
    0.43440759   85.65547943
    0.43642809   86.00758362
    0.43844859   87.45900726
    0.44046909   87.94578552
    0.44248959   92.03689575
    0.44451009   79.37543488
    0.44653059   80.07519531
    0.44855109   79.67787933
    0.45057159   79.02723694
    0.45259209   88.48872375
    0.45461259   82.80577087
    0.45663309   85.08432007
    0.45865359   82.93700409
    0.46067409   85.38465881
    0.46269459   94.94745636
    0.46471509   92.45692444
    0.46673559   88.40014648
    0.46875609   86.98918915
    0.47077659   80.18016052
    0.47279709   78.26641083
    0.47481759   80.59539032
    0.47683809   84.56972504
    0.47885860   81.68510437
    0.48087910   82.73093414
    0.48289960   85.14739990
    0.48492010   89.72516632
    0.48694060   86.71492004
    0.48896110   84.64102936
    0.49098160   92.07194519
    0.49300210   82.45896149
    0.49502260   84.41628265
    0.49704310   73.63803864
    0.49906360   86.27559662
    0.50108410   85.59365845
    0.50310460   86.66732788
    0.50512510   85.38607025
    0.50714560   89.34375000
    0.50916610   90.44431305
    0.51118660   91.48849487
    0.51320710   91.21046448
    0.51522760   90.26086426
    0.51724810   87.81779480
    0.51926860   89.68831635
    0.52128910   91.61754608
    0.52330960   91.31980896
    0.52533010   87.44484711
    0.52735060   85.22619629
    0.52937111   91.09188843
    0.53139161   81.13299561
    0.53341211   90.97909546
    0.53543261   89.06729126
    0.53745311   76.33522034
    0.53947361   86.43364716
    0.54149411   77.76367188
    0.54351461   88.89607239
    0.54553511   91.99629211
    0.54755561   89.81861877
    0.54957611   89.48455048
    0.55159661   82.80270386
    0.55361711   93.17642212
    0.55563761   90.71577454
    0.55765811   92.35710907
    0.55967861   90.48233795
    0.56169911   84.14933777
    0.56371961   82.19081879
    0.56574011   76.19308472
    0.56776061   84.24715424
    0.56978111   85.84219360
    0.57180161   89.50596619
    0.57382211   87.51486206
    0.57584261   82.26179504
    0.57786311   71.11730957
    0.57988362   73.12619781
    0.58190412   87.27304840
    0.58392462   85.79096985
    0.58594512   70.17548370
    0.58796562   85.35338593
    0.58998612   89.92002106
    0.59200662   86.29012299
    0.59402712   93.19361877
    0.59604762   81.92680359
    0.59806812   88.03812408
    0.60008862   75.87909698
    0.60210912   88.23410034
    0.60412962   85.57811737
    0.60615012   92.78883362
    0.60817062   91.72625732
    0.61019112   84.61570740
    0.61221162   80.47471619
    0.61423212   91.26475525
    0.61625262   93.21603394
    0.61827312   91.57246399
    0.62029362   86.46638489
    0.62231412   83.98014832
    0.62433462   76.74858856
    0.62635512   88.25198364
    0.62837562   86.62265015
    0.63039613   87.42055511
    0.63241663   75.53380585
    0.63443713   90.39197540
    0.63645763   92.32241821
    0.63847813   95.69513702
    0.64049863   93.90801239
    0.64251913   92.06595612
    0.64453963   86.25654602
    0.64656013   86.08519745
    0.64858063   71.72470093
    0.65060113   89.17194366
    0.65262163   79.33526611
    0.65464213   88.86138153
    0.65666263   80.44400787
    0.65868313   79.20278931
    0.66070363   96.92436218
    0.66272413   93.40039825
    0.66474463   90.85610962
    0.66676513   91.88095856
    0.66878563   82.13194275
    0.67080613   83.95980835
    0.67282663   86.62224579
    0.67484713   82.23458862
    0.67686763   86.31653595
    0.67888813   89.88912964
    0.68090864   94.86949921
    0.68292914   92.75891876
    0.68494964   93.58159637
    0.68697014   89.17455292
    0.68899064   89.59983826
    0.69101114   86.43309784
    0.69303164   84.44727325
    0.69505214   89.75569916
    0.69707264   88.32283783
    0.69909314   80.68058777
    0.70111364   91.12243652
    0.70313414   88.11100769
    0.70515464   92.09958649
    0.70717514   94.80973816
    0.70919564   95.36678314
    0.71121614   87.32328033
    0.71323664   87.25773621
    0.71525714   64.54042816
    0.71727764   75.07893372
    0.71929814   90.43148041
    0.72131864   87.72340393
    0.72333914   83.24467468
    0.72535964   85.92764282
    0.72738014   83.89848328
    0.72940064   92.86639404
    0.73142115   92.32209778
    0.73344165   92.25331879
    0.73546215   85.47916412
    0.73748265   90.15734863
    0.73950315   89.22931671
    0.74152365   75.36122131
    0.74354415   87.68942261
    0.74556465   90.86090088
    0.74758515   89.64372253
    0.74960565   81.30001831
    0.75162615   93.80200195
    0.75364665   94.63905334
    0.75566715   94.30947876
    0.75768765   93.63562775
    0.75970815   87.65692902
    0.76172865   88.29235077
    0.76374915   83.02396393
    0.76576965   86.30428314
    0.76779015   89.71711731
    0.76981065   87.45391846
    0.77183115   85.14821625
    0.77385165   87.91055298
    0.77587215   94.63307190
    0.77789265   91.81731415
    0.77991315   89.68817902
    0.78193366   86.30992889
    0.78395416   81.45899200
    0.78597466   79.67720795
    0.78799516   81.84040070
    0.79001566   87.01178741
    0.79203616   76.69595337
    0.79405666   87.42512512
    0.79607716   91.69587708
    0.79809766   95.35758209
    0.80011816   88.39048004
    0.80213866   89.25048828
    0.80415916   91.41079712
    0.80617966   84.98880768
    0.80820016   90.63372803
    0.81022066   94.24230194
    0.81224116   89.44387817
    0.81426166   89.58528137
    0.81628216   77.69660950
    0.81830266   90.81169128
    0.82032316   91.92116547
    0.82234366   85.84889984
    0.82436416   94.59915924
    0.82638466   87.77790833
    0.82840516   88.25169373
    0.83042566   88.83121490
    0.83244617   83.73989105
    0.83446667   87.01972198
    0.83648717   85.61057281
    0.83850767   84.58341980
    0.84052817   89.50151825
    0.84254867   88.75742340
    0.84456917   93.89443970
    0.84658967   92.99382782
    0.84861017   90.39011383
    0.85063067   92.71337891
    0.85265117   90.08023834
    0.85467167   90.62214661
    0.85669217   91.16735840
    0.85871267   83.83062744
    0.86073317   89.78980255
    0.86275367   93.12238312
    0.86477417   80.25965118
    0.86679467   89.00772095
    0.86881517   94.02269745
    0.87083567   81.13096619
    0.87285617   88.93941498
    0.87487667   93.85042572
    0.87689717   88.97872162
    0.87891767   85.57152557
    0.88093817   83.82669830
    0.88295868   91.01445770
    0.88497918   89.11795807
    0.88699968   77.45033264
    0.88902018   83.96337128
    0.89104068   81.09992981
    0.89306118   93.02002716
    0.89508168   88.62735748
    0.89710218   88.14744568
    0.89912268   94.23919678
    0.90114318   86.05599213
    0.90316368   82.61838531
    0.90518418   90.16384125
    0.90720468   89.06629944
    0.90922518   90.48336029
    0.91124568   88.84111786
    0.91326618   93.99037933
    0.91528668   93.18899536
    0.91730718   94.34931946
    0.91932768   93.33304596
    0.92134818   92.29414368
    0.92336868   80.04060364
    0.92538918   83.01541901
    0.92740968   85.56077576
    0.92943018   89.32529449
    0.93145068   76.11651611
    0.93347119   89.45104980
    0.93549169   87.19919586
    0.93751219   90.98070526
    0.93953269   88.14357758
    0.94155319   91.48916626
    0.94357369   87.72534180
    0.94559419   85.37718964
    0.94761469   72.06735229
    0.94963519   83.93237305
    0.95165569   87.54361725
    0.95367619   83.09069061
    0.95569669   89.29075623
    0.95771719   83.65238953
    0.95973769   90.01927185
    0.96175819   95.08690643
    0.96377869   85.78403473
    0.96579919   95.38574219
    0.96781969   91.36439514
    0.96984019   87.29645538
    0.97186069   75.22563171
    0.97388119   71.93349457
    0.97590169   86.95109558
    0.97792219   86.82428741
    0.97994269   77.27401733
    0.98196319   76.62792206
    0.98398370   94.17425537
    0.98600420   91.39318085
    0.98802470   94.75405884
    0.99004520   87.22361755
    0.99206570   87.73271942
    0.99408620   81.49650574
    0.99610670   86.13914490
    0.99812720   85.12564850
    1.00014770   85.20206451
    1.00216820   92.64417267
    1.00418870   91.91494751
    1.00620920   81.55455017
    1.00822970   93.21283722
    1.01025020   96.05496216
    1.01227070   90.16735077
    1.01429120   88.73571777
    1.01631170   89.92897034
    1.01833220   74.73782349
    1.02035270   79.93048859
    1.02237320   93.70635223
    1.02439370   91.65373230
    1.02641420   89.47304535
    1.02843470   86.45200348
    1.03045520   92.91748810
    1.03247570   94.71804047
    1.03449621   80.36233521
    1.03651671   91.79160309
    1.03853721   90.05138397
    1.04055771   87.56234741
    1.04257821   83.85266876
    1.04459871   94.33114624
    1.04661921   86.68428802
    1.04863971   88.12843323
    1.05066021   92.88368225
    1.05268071   90.98568726
    1.05470121   88.11190033
    1.05672171   89.61764526
    1.05874221   94.17494202
    1.06076271   91.40293884
    1.06278321   80.63980865
    1.06480371   86.96736908
    1.06682421   90.49349213
    1.06884471   83.80658722
    1.07086521   89.52835846
    1.07288571   93.40566254
    1.07490621   90.48997498
    1.07692671   77.14192963
    1.07894721   87.47747040
    1.08096771   74.97502899
    1.08298822   87.91798401
    1.08500872   77.23599243
    1.08702922   71.67118073
    1.08904972   80.62187958
    1.09107022   77.94933319
    1.09309072   88.31363678
    1.09511122   89.37267303
    1.09713172   87.61380768
    1.09915222   74.60076141
    1.10117272   91.32254028
    1.10319322   82.72540283
    1.10521372   84.87474823
    1.10723422   85.09201813
    1.10925472   89.43751526
    1.11127522   86.68904114
    1.11329572   85.99031830
    1.11531622   89.43058777
    1.11733672   89.52959442
    1.11935722   87.65381622
    1.12137772   82.98531342
    1.12339822   87.00853729
    1.12541872   91.67864990
    1.12743922   90.32184601
    1.12945972   80.46884155
    1.13148022   90.12911987
    1.13350073   85.92310333
    1.13552123   80.73538208
    1.13754173   89.87345886
    1.13956223   85.79891968
    1.14158273   86.35375214
    1.14360323   86.11377716
    1.14562373   88.56306458
    1.14764423   92.68434906
    1.14966473   90.81752014
    1.15168523   95.88303375
    1.15370573   93.22348785
    1.15572623   69.87084961
    1.15774673   87.06790924
    1.15976723   93.06185913
    1.16178773   89.50566101
    1.16380823   86.18317413
    1.16582873   83.42122650
    1.16784923   85.84442139
    1.16986973   87.66709900
    1.17189023   87.15753174
    1.17391073   94.28298950
    1.17593123   78.79955292
    1.17795173   81.64161682
    1.17997223   85.47956848
    1.18199273   90.01208496
    1.18401324   87.74697113
    1.18603374   88.06454468
    1.18805424   92.62733459
    1.19007474   90.35797119
    1.19209524   77.36921692
    1.19411574   88.09831238
    1.19613624   82.06370544
    1.19815674   89.37763214
    1.20017724   88.84815216
    1.20219774   92.48363495
    1.20421824   87.50566864
    1.20623874   82.84486389
    1.20825924   79.73611450
    1.21027974   88.15629578
    1.21230024   93.29218292
    1.21432074   87.66304016
    1.21634124   87.46912384
    1.21836174   91.27231598
    1.22038224   89.08868408
    1.22240274   90.24104309
    1.22442324   80.73056030
    1.22644374   90.35133362
    1.22846424   89.43608856
    1.23048474   87.16334534
    1.23250524   78.21582031
    1.23452575   93.59216309
    1.23654625   93.01264954
    1.23856675   93.35637665
    1.24058725   94.17883301
    1.24260775   91.83766174
    1.24462825   92.96472931
    1.24664875   89.20078278
    1.24866925   76.85571289
    1.25068975   91.38619995
    1.25271025   88.80529022
    1.25473075   87.91522980
    1.25675125   89.36817169
    1.25877175   88.21036530
    1.26079225   93.96168518
    1.26281275   94.02988434
    1.26483325   96.42369080
    1.26685375   96.50711060
    1.26887425   97.10189819
    1.27089475   92.44532013
    1.27291525   75.22573090
    1.27493575   95.22756958
    1.27695625   92.23416901
    1.27897675   88.24567413
    1.28099725   86.37273407
    1.28301775   78.49149323
    1.28503826   87.71591949
    1.28705876   85.08325958
    1.28907926   91.32714844
    1.29109976   94.68328094
    1.29312026   93.94124603
    1.29514076   94.06277466
    1.29716126   87.21743011
    1.29918176   88.49742126
    1.30120226   94.33280182
    1.30322276   91.99699402
    1.30524326   88.96420288
    1.30726376   89.89317322
    1.30928426   96.74193573
    1.31130476   96.73670959
    1.31332526   91.91962433
    1.31534576   90.82065582
    1.31736626   91.40478516
    1.31938676   87.66110992
    1.32140726   87.32837677
    1.32342776   91.48310852
    1.32544826   90.54179382
    1.32746876   93.47505951
    1.32948926   90.74278259
    1.33150976   86.01602936
    1.33353026   91.69342041
    1.33555077   87.30521393
    1.33757127   90.79095459
    1.33959177   83.27465820
    1.34161227   84.33983612
    1.34363277   84.71134186
    1.34565327   89.57044983
    1.34767377   90.00856781
    1.34969427   95.26773834
    1.35171477   92.08027649
    1.35373527   85.50782776
    1.35575577   83.51846313
    1.35777627   83.83386993
    1.35979677   86.60797119
    1.36181727   85.46585083
    1.36383777   91.25344086
    1.36585827   92.09510040
    1.36787877   92.84454346
    1.36989927   97.41171265
    1.37191977   90.40739441
    1.37394027   89.25615692
    1.37596077   94.21858978
    1.37798127   90.02474213
    1.38000177   93.01850891
    1.38202227   93.34150696
    1.38404277   96.23769379
    1.38606328   96.74323273
    1.38808378   93.92304993
    1.39010428   98.64889526
    1.39212478   96.69731903
    1.39414528   94.77273560
    1.39616578   98.76518250
    1.39818628   96.41963959
    1.40020678   93.30617523
    1.40222728   93.06272888
    1.40424778   89.84829712
    1.40626828   85.33801270
    1.40828878   88.54794312
    1.41030928   82.92980957
    1.41232978   87.44194031
    1.41435028   92.10777283
    1.41637078   88.91323090
    1.41839128   92.73876953
    1.42041178   90.56795502
    1.42243228   85.33170319
    1.42445278   88.99194336
    1.42647328   90.18352509
    1.42849378   92.79276276
    1.43051428   80.19406891
    1.43253478   86.50012970
    1.43455528   89.36778259
    1.43657579   88.36311340
    1.43859629   93.90229034
    1.44061679   95.66308594
    1.44263729   89.01862335
    1.44465779   85.67557526
    1.44667829   90.25119019
    1.44869879   92.49697876
    1.45071929   88.76409912
    1.45273979   86.93257141
    1.45476029   88.86591339
    1.45678079   83.47441864
    1.45880129   90.19760895
    1.46082179   90.15980530
    1.46284229   77.11273193
    1.46486279   83.84954834
    1.46688329   90.49149323
    1.46890379   83.62509155
    1.47092429   91.22371674
    1.47294479   80.55823517
    1.47496529   86.05263519
    1.47698579   88.91083527
    1.47900629   84.29017639
    1.48102679   93.77896118
    1.48304729   93.70925140
    1.48506779   91.09738159
    1.48708830   95.43301392
    1.48910880   81.67985535
    1.49112930   89.28292847
    1.49314980   87.47152710
    1.49517030   81.98317719
    1.49719080   80.75825500
    1.49921130   89.21486664
    1.50123180   90.59085083
    1.50325230   91.89672852
    1.50527280   94.61300659
    1.50729330   87.67771149
    1.50931380   90.42640686
    1.51133430   84.11928558
    1.51335480   85.77257538
    1.51537530   81.40731812
    1.51739580   77.88819122
    1.51941630   79.76265717
    1.52143680   88.14714813
    1.52345730   87.91967010
    1.52547780   91.23912811
    1.52749830   91.75733948
    1.52951880   92.46528625
    1.53153930   85.96755981
    1.53355980   83.39511108
    1.53558030   71.86173248
    1.53760081   79.57041931
    1.53962131   84.83425903
    1.54164181   74.42885590
    1.54366231   81.26873016
    1.54568281   89.34142303
    1.54770331   89.02378082
    1.54972381   92.86289978
    1.55174431   81.19054413
    1.55376481   82.38376617
    1.55578531   84.60281372
    1.55780581   75.98291016
    1.55982631   72.14157104
    1.56184681   87.65773773
    1.56386731   81.82180023
    1.56588781   84.77330780
    1.56790831   75.83247375
    1.56992881   82.86299896
    1.57194931   68.33403778
    1.57396981   89.68878174
    1.57599031   85.46739960
    1.57801081   87.11344147
    1.58003131   85.31623077
    1.58205181   76.40078735
    1.58407231   75.66912842
    1.58609281   79.06820679
    1.58811332   74.86225128
    1.59013382   86.08300018
    1.59215432   90.68706512
    1.59417482   91.76075745
    1.59619532   91.79106903
    1.59821582   85.95853424
    1.60023632   84.13782501
    1.60225682   79.75130463
    1.60427732   70.15817261
    1.60629782   86.50013733
    1.60831832   87.80805969
    1.61033882   87.22940826
    1.61235932   82.04767609
    1.61437982   91.53310394
    1.61640032   88.25205231
    1.61842082   91.01871490
    1.62044132   72.44163513
    1.62246182   86.11499786
    1.62448232   80.23136139
    1.62650282   81.62698364
    1.62852332   81.72158051
    1.63054382   85.29134369
    1.63256432   85.85981750
    1.63458482   89.04596710
    1.63660532   87.64315796
    1.63862583   91.42229462
    1.64064633   90.34237671
    1.64266683   67.62475586
    1.64468733   79.56832123
    1.64670783   86.43611145
    1.64872833   77.29887390
    1.65074883   90.43987274
    1.65276933   91.44302368
    1.65478983   84.89181519
    1.65681033   92.86264038
    1.65883083   86.57727051
    1.66085133   84.62722015
    1.66287183   89.22097015
    1.66489233   84.20195007
    1.66691283   82.43941498
    1.66893333   81.41046906
    1.67095383   72.89527893
    1.67297433   81.93472290
    1.67499483   87.07127380
    1.67701533   83.12836456
    1.67903583   89.19694519
    1.68105633   83.98892212
    1.68307683   92.18805695
    1.68509733   79.06744385
    1.68711783   71.04335785
    1.68913834   84.12786102
    1.69115884   75.63245392
    1.69317934   81.60064697
    1.69519984   79.47559357
    1.69722034   78.19367981
    1.69924084   81.38217163
    1.70126134   66.85382080
    1.70328184   94.25927734
    1.70530234   86.85391998
    1.70732284   86.11537933
    1.70934334   81.19185638
    1.71136384   79.67876434
    1.71338434   88.34632111
    1.71540484   80.43956757
    1.71742534   86.37150574
    1.71944584   87.20710754
    1.72146634   88.23378754
    1.72348684   88.99842834
    1.72550734   92.39859009
    1.72752784   93.97321320
    1.72954834   85.29807281
    1.73156884   90.78079987
    1.73358934   80.92266083
    1.73560984   69.99790192
    1.73763035   84.72665405
    1.73965085   87.90019226
    1.74167135   89.35998535
    1.74369185   78.40496826
    1.74571235   89.01905823
    1.74773285   88.65323639
    1.74975335   83.48809052
    1.75177385   86.95463562
    1.75379435   85.05103302
    1.75581485   80.29577637
    1.75783535   88.57720184
    1.75985585   84.08823395
    1.76187635   90.16075897
    1.76389685   78.58689880
    1.76591735   89.00128937
    1.76793785   68.38153076
    1.76995835   87.08660126
    1.77197885   88.53495789
    1.77399935   87.44515228
    1.77601985   77.56845856
    1.77804035   81.78850555
    1.78006085   76.20130920
    1.78208135   86.35896301
    1.78410185   81.18224335
    1.78612235   82.97783661
    1.78814286   78.72358704
    1.79016336   79.76370239
    1.79218386   88.62164307
    1.79420436   90.79173279
    1.79622486   79.62660980
    1.79824536   77.26351929
    1.80026586   86.54775238
    1.80228636   83.02148438
    1.80430686   76.08035278
    1.80632736   87.34957886
    1.80834786   87.05488586
    1.81036836   88.39495850
    1.81238886   91.31929016
    1.81440936   91.61997986
    1.81642986   79.46183777
    1.81845036   87.72867584
    1.82047086   90.97360229
    1.82249136   77.80377960
    1.82451186   87.70177460
    1.82653236   68.77877808
    1.82855286   79.46713257
    1.83057336   83.14830017
    1.83259386   89.17517853
    1.83461436   92.26889801
    1.83663486   83.23478699
    1.83865537   67.14016724
    1.84067587   90.31296539
    1.84269637   91.78598785
    1.84471687   82.93508148
    1.84673737   81.58119965
    1.84875787   87.98929596
    1.85077837   90.10664368
    1.85279887   87.33656311
    1.85481937   93.08053589
    1.85683987   86.36476898
    1.85886037   85.78742218
    1.86088087   76.03279877
    1.86290137   89.97442627
    1.86492187   81.08701324
    1.86694237   83.56216431
    1.86896287   84.66149139
    1.87098337   92.15048218
    1.87300387   83.95903015
    1.87502437   88.42184448
    1.87704487   91.36997223
    1.87906537   91.13241577
    1.88108587   89.66110229
    1.88310637   92.79039001
    1.88512687   88.53907776
    1.88714737   87.71596527
    1.88916788   87.55712128
    1.89118838   89.85858917
    1.89320888   93.40158081
    1.89522938   84.65926361
    1.89724988   91.10012054
    1.89927038   89.79868317
    1.90129088   85.72415924
    1.90331138   93.08953857
    1.90533188   90.83755493
    1.90735238   80.23283386
    1.90937288   84.83972168
    1.91139338   76.06980896
    1.91341388   85.29331970
    1.91543438   84.25296021
    1.91745488   83.99296570
    1.91947538   82.60771942
    1.92149588   87.65331268
    1.92351638   84.39668274
    1.92553688   90.47389221
    1.92755738   92.32382202
    1.92957788   87.63496399
    1.93159838   85.84207916
    1.93361888   94.61448669
    1.93563938   77.40782166
    1.93765988   88.99108124
    1.93968039   92.34801483
    1.94170089   92.46794128
    1.94372139   93.32177734
    1.94574189   92.75677490
    1.94776239   83.82130432
    1.94978289   84.24444580
    1.95180339   75.10668945
    1.95382389   83.80818176
    1.95584439   79.53610229
    1.95786489   86.32565308
    1.95988539   84.55529022
    1.96190589   79.06555939
    1.96392639   84.93436432
    1.96594689   86.01895142
    1.96796739   82.41880798
    1.96998789   85.64177704
    1.97200839   88.55114746
    1.97402889   79.95937347
    1.97604939   87.81523895
    1.97806989   81.24095917
    1.98009039   89.20429230
    1.98211089   81.64434052
    1.98413139   74.71298981
    1.98615189   83.22240448
    1.98817239   82.86917877
    1.99019290   81.26519012
    1.99221340   84.73704529
    1.99423390   89.03752136
    1.99625440   86.24829865
    1.99827490   84.29414368
    2.00029540   89.73836517
    2.00231590   83.15762329
    2.00433640   80.40993500
    2.00635690   79.69030762
    2.00837740   71.06055450
    2.01039790   86.07756805
    2.01241840   78.38357544
    2.01443890   86.24892426
    2.01645940   91.59886932
    2.01847990   87.04998779
    2.02050040   89.60260773
