 HEIGHT =    6.00000000000000     
 Time        Sound Pressure(decibal)
    0.00202050   89.46154785
    0.00404100   82.56204224
    0.00606150   82.53092957
    0.00808200   83.89167786
    0.01010250   83.19912720
    0.01212300   79.60565948
    0.01414350   77.75907898
    0.01616400   75.60054779
    0.01818450   83.58968353
    0.02020500   95.09516144
    0.02222550   93.37699127
    0.02424600   87.07825470
    0.02626651   85.45882416
    0.02828701   92.75754547
    0.03030751   80.43495178
    0.03232801   87.54866028
    0.03434851   93.48112488
    0.03636901   90.55048370
    0.03838951   93.09898376
    0.04041001   98.78005981
    0.04243051   96.31018829
    0.04445101   92.89469147
    0.04647151   89.12760925
    0.04849201   95.06141663
    0.05051251   96.93087006
    0.05253301   96.86827850
    0.05455351   86.22971344
    0.05657401   98.05919647
    0.05859451   85.88926697
    0.06061501   90.88655853
    0.06263551   86.79292297
    0.06465601   89.86126709
    0.06667651   93.53353882
    0.06869701   84.72109222
    0.07071751   86.33397675
    0.07273801   81.46958923
    0.07475851   88.75419617
    0.07677902   93.59930420
    0.07879952   75.36228943
    0.08082002   69.12451172
    0.08284052   89.95820618
    0.08486102   82.14896393
    0.08688152   90.71152496
    0.08890202   91.18356323
    0.09092252   84.55669403
    0.09294302   72.05838776
    0.09496352   82.33940125
    0.09698402   92.50623322
    0.09900452   93.67864990
    0.10102502   79.14365387
    0.10304552   88.11710358
    0.10506602   91.84973145
    0.10708652   80.89521027
    0.10910702   90.24367523
    0.11112752   86.46127319
    0.11314802   70.92925262
    0.11516852   86.29747772
    0.11718902   92.57212830
    0.11920952   92.79687500
    0.12123002   90.23058319
    0.12325052   83.73799896
    0.12527102   88.03388214
    0.12729153   89.72855377
    0.12931203   84.00422668
    0.13133253   91.79360962
    0.13335303   82.60578918
    0.13537353   88.88642120
    0.13739403   93.61497498
    0.13941453   88.61565399
    0.14143503   84.21047974
    0.14345553   88.05883789
    0.14547603   89.95741272
    0.14749653   93.87636566
    0.14951703   88.44985199
    0.15153753   83.47961426
    0.15355803   83.10101318
    0.15557853   88.61943054
    0.15759903   93.89077759
    0.15961953   91.65753174
    0.16164003   82.88249969
    0.16366053   94.45668793
    0.16568103   94.54260254
    0.16770153   91.09379578
    0.16972203   89.07863617
    0.17174253   91.42730713
    0.17376303   92.33638763
    0.17578353   90.44166565
    0.17780404   92.92704010
    0.17982454   91.61048889
    0.18184504   90.65570831
    0.18386554   94.97478485
    0.18588604   96.08484650
    0.18790654   91.19568634
    0.18992704   71.79290009
    0.19194754   90.36907196
    0.19396804   92.69689941
    0.19598854   89.16208649
    0.19800904   80.90182495
    0.20002954   78.61309814
    0.20205004   88.37982178
    0.20407054   92.36403656
    0.20609104   96.14944458
    0.20811154   93.41810608
    0.21013204   86.00700378
    0.21215254   79.83409882
    0.21417304   85.77367401
    0.21619354   82.04621887
    0.21821404   83.20908356
    0.22023454   85.89245605
    0.22225504   75.28298187
    0.22427554   87.96220398
    0.22629604   92.20521545
    0.22831655   87.64920044
    0.23033705   95.16017914
    0.23235755   90.54563904
    0.23437805   92.41249847
    0.23639855   83.11360931
    0.23841905   84.46567535
    0.24043955   87.50584412
    0.24246005   88.06319427
    0.24448055   85.94736481
    0.24650105   87.33087921
    0.24852155   78.98468018
    0.25054205   91.04839325
    0.25256255   93.10324860
    0.25458305   94.96152496
    0.25660355   80.86738586
    0.25862405   89.39064789
    0.26064455   89.29162598
    0.26266505   94.74703979
    0.26468555   89.56644440
    0.26670605   92.13689423
    0.26872655   88.86589050
    0.27074705   95.36572266
    0.27276755   95.15310669
    0.27478805   97.09031677
    0.27680855   88.27045441
    0.27882906   92.01819611
    0.28084956   93.78282928
    0.28287006   93.26754761
    0.28489056   92.77515411
    0.28691106   87.93740845
    0.28893156   94.09894562
    0.29095206   97.55252838
    0.29297256   96.59318542
    0.29499306   87.98435211
    0.29701356   92.41137695
    0.29903406   85.11236572
    0.30105456   93.85895538
    0.30307506   89.00802612
    0.30509556   85.42964935
    0.30711606   82.64956665
    0.30913656   88.23862457
    0.31115706   93.38916016
    0.31317756   93.83323669
    0.31519806   89.04931641
    0.31721856   84.58659363
    0.31923906   95.41523743
    0.32125956   96.26341248
    0.32328006   88.61662292
    0.32530056   75.90592957
    0.32732106   87.99156189
    0.32934157   88.18716431
    0.33136207   84.02824402
    0.33338257   90.61056519
    0.33540307   78.20974731
    0.33742357   87.47090912
    0.33944407   94.29170227
    0.34146457   95.98868561
    0.34348507   90.46669006
    0.34550557   73.64310455
    0.34752607   92.00347137
    0.34954657   93.78468323
    0.35156707   79.51606750
    0.35358757   81.68926239
    0.35560807   78.55109406
    0.35762857   92.84204865
    0.35964907   93.86950684
    0.36166957   95.02615356
    0.36369007   93.89461517
    0.36571057   70.56677246
    0.36773107   86.30175781
    0.36975157   94.02835083
    0.37177207   88.10100555
    0.37379257   81.04980469
    0.37581307   86.42843628
    0.37783358   91.72437286
    0.37985408   93.68556213
    0.38187458   96.76642609
    0.38389508   93.94265747
    0.38591558   91.79785156
    0.38793608   88.02470398
    0.38995658   90.05912781
    0.39197708   89.99571228
    0.39399758   88.35995483
    0.39601808   89.17325592
    0.39803858   90.48880768
    0.40005908   89.72699738
    0.40207958   90.36128998
    0.40410008   93.08100128
    0.40612058   91.86203766
    0.40814108   93.72114563
    0.41016158   92.61670685
    0.41218208   90.80645752
    0.41420258   89.51589966
    0.41622308   92.63992310
    0.41824358   87.59181976
    0.42026408   92.60582733
    0.42228458   89.76966858
    0.42430508   89.00540924
    0.42632558   92.35292053
    0.42834609   93.66436768
    0.43036659   93.34042358
    0.43238709   84.77748871
    0.43440759   71.72240448
    0.43642809   85.41133881
    0.43844859   90.16342926
    0.44046909   86.18491364
    0.44248959   83.09360504
    0.44451009   87.62121582
    0.44653059   94.52670288
    0.44855109   93.85130310
    0.45057159   95.31703186
    0.45259209   93.12267303
    0.45461259   90.64911652
    0.45663309   89.42727661
    0.45865359   78.11077118
    0.46067409   79.61196136
    0.46269459   85.04410553
    0.46471509   84.59745026
    0.46673559   93.95326233
    0.46875609   85.91737366
    0.47077659   85.74176025
    0.47279709   89.36461639
    0.47481759   95.05357361
    0.47683809   90.73323822
    0.47885860   88.74356842
    0.48087910   91.24190521
    0.48289960   71.97711945
    0.48492010   84.27952576
    0.48694060   92.07945251
    0.48896110   90.60497284
    0.49098160   89.29005432
    0.49300210   83.29311371
    0.49502260   95.29426575
    0.49704310   94.66406250
    0.49906360   90.40218353
    0.50108410   91.67673492
    0.50310460   95.42443848
    0.50512510   91.92132568
    0.50714560   90.46096802
    0.50916610   82.55126953
    0.51118660   92.15164185
    0.51320710   93.77295685
    0.51522760   93.96030426
    0.51724810   93.89558411
    0.51926860   92.45249176
    0.52128910   80.05758667
    0.52330960   95.77012634
    0.52533010   89.28481293
    0.52735060   80.90404510
    0.52937111   88.20218658
    0.53139161   88.57218933
    0.53341211   95.15434265
    0.53543261   97.49623108
    0.53745311   91.53612518
    0.53947361   92.29146576
    0.54149411   92.02103424
    0.54351461   94.78459930
    0.54553511   93.05596924
    0.54755561   88.35833740
    0.54957611   79.36420441
    0.55159661   86.33929443
    0.55361711   86.62265015
    0.55563761   86.34576416
    0.55765811   92.12449646
    0.55967861   91.74565887
    0.56169911   89.75890350
    0.56371961   87.88063049
    0.56574011   90.41614532
    0.56776061   78.66520691
    0.56978111   85.47155762
    0.57180161   88.14992523
    0.57382211   73.09126282
    0.57584261   83.96535492
    0.57786311   94.64395142
    0.57988362   95.40208435
    0.58190412   94.00943756
    0.58392462   94.81884003
    0.58594512   92.31123352
    0.58796562   85.55581665
    0.58998612   86.72801971
    0.59200662   91.28267670
    0.59402712   90.57290649
    0.59604762   93.08604431
    0.59806812   92.16274261
    0.60008862   81.93802643
    0.60210912   87.70446777
    0.60412962   93.61027527
    0.60615012   99.39253235
    0.60817062   91.34345245
    0.61019112   85.26419067
    0.61221162   83.93833160
    0.61423212   90.34582520
    0.61625262   89.58719635
    0.61827312   87.61372375
    0.62029362   84.55311584
    0.62231412   80.86701965
    0.62433462   93.85610199
    0.62635512  100.91501617
    0.62837562   98.01856232
    0.63039613   95.81875610
    0.63241663   89.48999786
    0.63443713   83.08978271
    0.63645763   82.25971985
    0.63847813   84.09058380
    0.64049863   76.96766663
    0.64251913   83.51917267
    0.64453963   83.33237457
    0.64656013   86.39938354
    0.64858063   98.49440002
    0.65060113   98.93713379
    0.65262163   89.47903442
    0.65464213   89.50010681
    0.65666263   91.05830383
    0.65868313   80.54142761
    0.66070363   89.90238953
    0.66272413   86.50616455
    0.66474463   82.77729034
    0.66676513   93.05046082
    0.66878563   96.43450928
    0.67080613   96.65234375
    0.67282663   94.22367096
    0.67484713   93.59526825
    0.67686763   93.42082977
    0.67888813   93.24938202
    0.68090864   80.14757538
    0.68292914   90.84658051
    0.68494964   89.42752838
    0.68697014   89.11762238
    0.68899064   93.08568573
    0.69101114   93.08946991
    0.69303164   94.13954163
    0.69505214   95.85495758
    0.69707264   98.49408722
    0.69909314   95.13498688
    0.70111364   88.33216858
    0.70313414   83.72934723
    0.70515464   84.49660492
    0.70717514   80.35789490
    0.70919564   93.10235596
    0.71121614   78.82649231
    0.71323664   90.11377716
    0.71525714   84.59293365
    0.71727764   94.71643829
    0.71929814   95.90538788
    0.72131864   92.08966827
    0.72333914   92.63937378
    0.72535964   90.66065979
    0.72738014   77.23229980
    0.72940064   87.36043549
    0.73142115   80.07041931
    0.73344165   83.15625763
    0.73546215   93.71201324
    0.73748265   82.95589447
    0.73950315   93.15488434
    0.74152365   98.59944153
    0.74354415   94.87138367
    0.74556465   94.52873993
    0.74758515   89.01825714
    0.74960565   85.57325745
    0.75162615   82.73949432
    0.75364665   92.41108704
    0.75566715   93.16059113
    0.75768765   90.93739319
    0.75970815   87.03492737
    0.76172865   88.50209045
    0.76374915   89.38576508
    0.76576965   96.69676971
    0.76779015   95.35164642
    0.76981065   83.07930756
    0.77183115   91.76288605
    0.77385165   87.75525665
    0.77587215   85.76606750
    0.77789265   91.15803528
    0.77991315   83.77031708
    0.78193366   78.33406067
    0.78395416   67.21076965
    0.78597466   97.00941467
    0.78799516   97.04429626
    0.79001566   92.52426910
    0.79203616   96.29422760
    0.79405666   95.55423737
    0.79607716   88.87614441
    0.79809766   91.62843323
    0.80011816   93.63885498
    0.80213866   94.44581604
    0.80415916   91.81465912
    0.80617966   83.15570068
    0.80820016   96.74023438
    0.81022066   93.52706909
    0.81224116   91.08690643
    0.81426166   97.81964874
    0.81628216   94.85159302
    0.81830266   90.59923553
    0.82032316   88.68936157
    0.82234366   91.02837372
    0.82436416   80.01049042
    0.82638466   91.19970703
    0.82840516   88.32873535
    0.83042566   90.16021729
    0.83244617   82.78366089
    0.83446667   98.70696259
    0.83648717   97.99176025
    0.83850767   77.51425171
    0.84052817   96.50865173
    0.84254867   95.47087860
    0.84456917   91.18357086
    0.84658967   85.52026367
    0.84861017   90.81641388
    0.85063067   93.90247345
    0.85265117   92.76226807
    0.85467167   86.83631897
    0.85669217   96.27675629
    0.85871267   85.27918243
    0.86073317   89.74589539
    0.86275367   96.76782990
    0.86477417   92.71057892
    0.86679467   93.54620361
    0.86881517   81.11571503
    0.87083567   93.28554535
    0.87285617   85.73673248
    0.87487667   92.71288300
    0.87689717   85.62345886
    0.87891767   83.55776978
    0.88093817   93.97867584
    0.88295868   95.03256226
    0.88497918   87.98555756
    0.88699968   97.24981689
    0.88902018   95.18619537
    0.89104068   89.00907135
    0.89306118   94.81146240
    0.89508168   82.42189026
    0.89710218   91.58841705
    0.89912268   84.58199310
    0.90114318   96.97967529
    0.90316368   98.56072235
    0.90518418   97.96271515
    0.90720468   92.89437866
    0.90922518   97.98869324
    0.91124568   92.06657410
    0.91326618   92.26146698
    0.91528668   91.42678070
    0.91730718   93.09892273
    0.91932768   93.64406586
    0.92134818   95.82058716
    0.92336868   93.93259430
    0.92538918   93.92133331
    0.92740968   87.31253052
    0.92943018   95.50141144
    0.93145068   93.33298492
    0.93347119   83.67342377
    0.93549169   94.06393433
    0.93751219   90.10566711
    0.93953269   90.10059357
    0.94155319   95.15414429
    0.94357369   94.79000854
    0.94559419   92.02301025
    0.94761469   81.19041443
    0.94963519   97.74257660
    0.95165569   94.91255188
    0.95367619   89.70723724
    0.95569669   93.79759979
    0.95771719   96.61830139
    0.95973769   85.72113800
    0.96175819   79.08818054
    0.96377869   86.96891785
    0.96579919   86.58510590
    0.96781969   93.13919830
    0.96984019   95.28623199
    0.97186069   96.62870789
    0.97388119   90.32939148
    0.97590169   94.25827789
    0.97792219   99.86920929
    0.97994269   94.66062164
    0.98196319   84.53139496
    0.98398370   80.60639191
    0.98600420   80.87351227
    0.98802470   91.82392883
    0.99004520   98.68234253
    0.99206570   96.41864014
    0.99408620   94.62043762
    0.99610670   88.32468414
    0.99812720   98.53538513
    1.00014770   99.01428223
    1.00216820   88.63131714
    1.00418870   96.49930573
    1.00620920   90.88201141
    1.00822970   93.04545593
    1.01025020   96.46340179
    1.01227070   96.94219971
    1.01429120   84.90789795
    1.01631170   84.01969910
    1.01833220   89.57793427
    1.02035270   97.04927826
    1.02237320   93.98770142
    1.02439370   77.95991516
    1.02641420   92.86119080
    1.02843470   92.95233154
    1.03045520   91.70959473
    1.03247570   96.28917694
    1.03449621   90.39151001
    1.03651671   87.64693451
    1.03853721   90.40613556
    1.04055771   90.04561615
    1.04257821   91.30731201
    1.04459871   84.42990112
    1.04661921   94.24918365
    1.04863971   91.48870850
    1.05066021   93.40631104
    1.05268071   79.10182190
    1.05470121   87.65220642
    1.05672171   91.66941071
    1.05874221   96.75836182
    1.06076271   89.95204926
    1.06278321   93.79888916
    1.06480371   91.79421997
    1.06682421   88.06526947
    1.06884471   90.46652222
    1.07086521   77.98400116
    1.07288571   91.83753204
    1.07490621   89.99740601
    1.07692671   89.96578217
    1.07894721   93.06805420
    1.08096771   89.58878326
    1.08298822   77.56484222
    1.08500872   91.34736633
    1.08702922   79.22425842
    1.08904972   93.28195190
    1.09107022   88.14775848
    1.09309072   92.61932373
    1.09511122   94.21109009
    1.09713172   80.05800629
    1.09915222   74.01894379
    1.10117272   70.32349396
    1.10319322   94.41973877
    1.10521372   94.00319672
    1.10723422   94.98834991
    1.10925472   81.27072906
    1.11127522   93.12837219
    1.11329572   88.22354126
    1.11531622   95.30642700
    1.11733672   91.97946167
    1.11935722   80.02185059
    1.12137772   81.19224548
    1.12339822   82.67104340
    1.12541872   96.69548798
    1.12743922   90.81686401
    1.12945972   88.79821014
    1.13148022   95.36078644
    1.13350073   93.26996613
    1.13552123   95.89491272
    1.13754173   89.98698425
    1.13956223   87.54974365
    1.14158273   94.16172791
    1.14360323   92.34521484
    1.14562373   94.16544342
    1.14764423   97.48809814
    1.14966473   92.54704285
    1.15168523   86.56809998
    1.15370573   92.79459381
    1.15572623   93.34196472
    1.15774673   92.71244812
    1.15976723   88.82097626
    1.16178773   92.79708099
    1.16380823   94.45130157
    1.16582873   94.67876434
    1.16784923   88.29990387
    1.16986973   92.71295166
    1.17189023   91.44242096
    1.17391073   91.17456055
    1.17593123   93.05437469
    1.17795173   91.52641296
    1.17997223   94.06445312
    1.18199273   86.20274353
    1.18401324   92.88818359
    1.18603374   92.56755829
    1.18805424   85.67235565
    1.19007474   93.85914612
    1.19209524   78.99178314
    1.19411574   78.66355133
    1.19613624   84.67536926
    1.19815674   85.55103302
    1.20017724   91.82334137
    1.20219774   84.25439453
    1.20421824   83.40167236
    1.20623874   93.70419312
    1.20825924   89.81674194
    1.21027974   86.76612091
    1.21230024   94.86232758
    1.21432074   93.17713928
    1.21634124   89.25692749
    1.21836174   87.97291565
    1.22038224   87.69099426
    1.22240274   95.86022949
    1.22442324   94.95027161
    1.22644374   92.13191986
    1.22846424   93.91348267
    1.23048474   94.64890289
    1.23250524   94.24022675
    1.23452575   95.93460083
    1.23654625   88.64577484
    1.23856675   76.77389526
    1.24058725   85.50888062
    1.24260775   93.34227753
    1.24462825   91.89385223
    1.24664875   91.42439270
    1.24866925   86.98338318
    1.25068975   95.50061798
    1.25271025   98.45872498
    1.25473075   98.54566956
    1.25675125  100.54494476
    1.25877175  100.90395355
    1.26079225   83.79983521
    1.26281275   95.95703888
    1.26483325   89.13867188
    1.26685375   91.97933960
    1.26887425   87.13166809
    1.27089475   92.79116058
    1.27291525   87.15235901
    1.27493575   85.49011230
    1.27695625   93.97866821
    1.27897675   94.35688782
    1.28099725   97.32835388
    1.28301775   90.35606384
    1.28503826   84.98518372
    1.28705876   85.73958588
    1.28907926   93.89446259
    1.29109976   91.34118652
    1.29312026   85.87162018
    1.29514076   86.15734863
    1.29716126   94.41693878
    1.29918176   98.61932373
    1.30120226   97.56461334
    1.30322276   94.08245087
    1.30524326   92.00440979
    1.30726376   95.03984833
    1.30928426   91.08753204
    1.31130476   88.63792419
    1.31332526   92.12125397
    1.31534576   94.50879669
    1.31736626   94.60658264
    1.31938676   84.79380798
    1.32140726   94.72161102
    1.32342776   92.91779327
    1.32544826   94.99895477
    1.32746876   88.25972748
    1.32948926   92.57971191
    1.33150976   92.71717072
    1.33353026   87.76373291
    1.33555077   88.86227417
    1.33757127   94.76997375
    1.33959177   95.61008453
    1.34161227   86.41688538
    1.34363277   90.35721588
    1.34565327   91.82550049
    1.34767377   91.99155426
    1.34969427   95.23548126
    1.35171477   93.06871796
    1.35373527   93.55458832
    1.35575577   95.75614929
    1.35777627   94.92721558
    1.35979677   97.50217438
    1.36181727   85.20941162
    1.36383777   90.58113861
    1.36585827   92.60232544
    1.36787877   89.63451385
    1.36989927   96.22484589
    1.37191977   96.94863129
    1.37394027   97.81829071
    1.37596077   96.25679779
    1.37798127   97.89058685
    1.38000177   98.77537537
    1.38202227   93.75281525
    1.38404277   97.85558319
    1.38606328   98.09696960
    1.38808378   95.77455902
    1.39010428   85.54054260
    1.39212478   88.95258331
    1.39414528   82.05907440
    1.39616578   81.48053741
    1.39818628   92.46833038
    1.40020678   89.23998260
    1.40222728   94.13739014
    1.40424778   94.33250427
    1.40626828   95.58735657
    1.40828878   89.40583801
    1.41030928   83.92816925
    1.41232978   87.88385773
    1.41435028   77.95828247
    1.41637078   91.72745514
    1.41839128   85.89270782
    1.42041178   78.36492920
    1.42243228   95.79708099
    1.42445278   88.61227417
    1.42647328   91.49393463
    1.42849378   94.40167999
    1.43051428   91.76419830
    1.43253478   85.68094635
    1.43455528   93.75241089
    1.43657579   87.75683594
    1.43859629   88.41652679
    1.44061679   75.75482178
    1.44263729   95.46915436
    1.44465779   90.52650452
    1.44667829   78.34553528
    1.44869879   93.25367737
    1.45071929   88.17201996
    1.45273979   74.53986359
    1.45476029   92.41061401
    1.45678079   84.98123169
    1.45880129   90.12472534
    1.46082179   88.67591858
    1.46284229   86.97644806
    1.46486279   90.98072815
    1.46688329   90.50245667
    1.46890379   92.84133148
    1.47092429   97.60694885
    1.47294479   94.67886353
    1.47496529   95.43527222
    1.47698579   84.65483093
    1.47900629   91.96720123
    1.48102679   91.03865051
    1.48304729   91.65410614
    1.48506779   77.99965668
    1.48708830   78.75229645
    1.48910880   84.22959137
    1.49112930   94.32343292
    1.49314980   96.85285187
    1.49517030   94.04464722
    1.49719080   94.59092712
    1.49921130   88.09768677
    1.50123180   91.29350281
    1.50325230   86.15697479
    1.50527280   92.83268738
    1.50729330   81.37669373
    1.50931380   88.91573334
    1.51133430   88.22425842
    1.51335480   91.25305939
    1.51537530   93.90395355
    1.51739580   94.99073029
    1.51941630   92.13835907
    1.52143680   78.90388489
    1.52345730   75.09453583
    1.52547780   86.64179230
    1.52749830   80.80702972
    1.52951880   77.14659882
    1.53153930   84.85496521
    1.53355980   92.39372253
    1.53558030   86.01763916
    1.53760081   94.39325714
    1.53962131   89.83870697
    1.54164181   83.91691589
    1.54366231   87.27498627
    1.54568281   89.12345123
    1.54770331   88.74761200
    1.54972381   90.53926849
    1.55174431   90.71654510
    1.55376481   77.06008911
    1.55578531   81.42464447
    1.55780581   85.60829163
    1.55982631   88.21337128
    1.56184681   91.32771301
    1.56386731   86.03913116
    1.56588781   91.19931793
    1.56790831   86.65498352
    1.56992881   83.90886688
    1.57194931   81.59005737
    1.57396981   79.01400757
    1.57599031   90.93994904
    1.57801081   91.26907349
    1.58003131   85.78279877
    1.58205181   87.41450500
    1.58407231   85.33155823
    1.58609281   94.52132416
    1.58811332   91.43154907
    1.59013382   84.73185730
    1.59215432   78.47219849
    1.59417482   87.64434814
    1.59619532   90.55504608
    1.59821582   94.70325470
    1.60023632   87.24662018
    1.60225682   87.28012848
    1.60427732   91.15631866
    1.60629782   93.33636475
    1.60831832   95.75169373
    1.61033882   85.43267822
    1.61235932   75.63474274
    1.61437982   82.25993347
    1.61640032   82.76994324
    1.61842082   93.45770264
    1.62044132   92.21073151
    1.62246182   79.34431458
    1.62448232   89.19743347
    1.62650282   92.37204742
    1.62852332   95.89973450
    1.63054382   91.07579803
    1.63256432   83.81768036
    1.63458482   94.68995667
    1.63660532   89.15689087
    1.63862583   94.16747284
    1.64064633   91.02981567
    1.64266683   78.82586670
    1.64468733   87.82895660
    1.64670783   94.17607117
    1.64872833   87.79535675
    1.65074883   92.36081696
    1.65276933   89.96002960
    1.65478983   87.57802582
    1.65681033   86.08556366
    1.65883083   87.62720490
    1.66085133   83.20253754
    1.66287183   79.82907104
    1.66489233   83.40917969
    1.66691283   91.65351868
    1.66893333   84.38763428
    1.67095383   85.99430847
    1.67297433   86.36163330
    1.67499483   88.54417419
    1.67701533   77.55522919
    1.67903583   77.64965057
    1.68105633   87.58194733
    1.68307683   82.27927399
    1.68509733   88.18553925
    1.68711783   83.25416565
    1.68913834   87.15139008
    1.69115884   91.74038696
    1.69317934   94.12522888
    1.69519984   93.78453827
    1.69722034   77.35871124
    1.69924084   76.20517731
    1.70126134   86.47760010
    1.70328184   91.09340668
    1.70530234   91.57769012
    1.70732284   89.02319336
    1.70934334   86.05884552
    1.71136384   86.36887360
    1.71338434   94.27931213
    1.71540484   94.76897430
    1.71742534   84.98198700
    1.71944584   91.68981934
    1.72146634   86.40012360
    1.72348684   91.07518768
    1.72550734   90.09512329
    1.72752784   92.64646149
    1.72954834   88.50613403
    1.73156884   85.13580322
    1.73358934   84.12567139
    1.73560984   93.24708557
    1.73763035   94.39579773
    1.73965085   74.85736847
    1.74167135   90.65484619
    1.74369185   89.09832001
    1.74571235   91.25427246
    1.74773285   84.09458923
    1.74975335   91.49071503
    1.75177385   90.46295166
    1.75379435   88.22328186
    1.75581485   69.40051270
    1.75783535   86.36668396
    1.75985585   83.23153687
    1.76187635   92.73049927
    1.76389685   89.40926361
    1.76591735   86.65430450
    1.76793785   67.07034302
    1.76995835   81.09404755
    1.77197885   83.76168823
    1.77399935   85.91143799
    1.77601985   80.55235291
    1.77804035   87.74983978
    1.78006085   85.03101349
    1.78208135   85.53261566
    1.78410185   88.43168640
    1.78612235   89.63670349
    1.78814286   91.47146606
    1.79016336   79.73817444
    1.79218386   84.52098083
    1.79420436   85.05004120
    1.79622486   88.74635315
    1.79824536   87.13304901
    1.80026586   92.91702271
    1.80228636   90.90018463
    1.80430686   89.80609894
    1.80632736   88.54341888
    1.80834786   90.77171326
    1.81036836   91.59038544
    1.81238886   83.92211914
    1.81440936   84.82537079
    1.81642986   74.50217438
    1.81845036   92.32084656
    1.82047086   91.17338562
    1.82249136   90.54409790
    1.82451186   91.66047668
    1.82653236   86.94037628
    1.82855286   84.59086609
    1.83057336   88.51433563
    1.83259386   91.57004547
    1.83461436   87.77866364
    1.83663486   79.90570068
    1.83865537   88.93119049
    1.84067587   90.42967987
    1.84269637   89.41672516
    1.84471687   88.00587463
    1.84673737   89.59803009
    1.84875787   74.08794403
    1.85077837   80.90973663
    1.85279887   73.61738586
    1.85481937   91.90641785
    1.85683987   85.66692352
    1.85886037   91.70554352
    1.86088087   88.25328827
    1.86290137   90.58609772
    1.86492187   89.07312012
    1.86694237   92.88990784
    1.86896287   88.43399048
    1.87098337   89.67872620
    1.87300387   89.19062042
    1.87502437   85.92184448
    1.87704487   90.65353394
    1.87906537   82.05369568
    1.88108587   91.58411407
    1.88310637   91.76282501
    1.88512687   87.01280975
    1.88714737   93.88997650
    1.88916788   83.69837952
    1.89118838   93.47150421
    1.89320888   90.61330414
    1.89522938   88.94243622
    1.89724988   89.55855560
    1.89927038   87.25489044
    1.90129088   82.87657166
    1.90331138   68.86836243
    1.90533188   85.13485718
    1.90735238   87.51769257
    1.90937288   81.78648376
    1.91139338   86.79936981
    1.91341388   91.23624420
    1.91543438   91.43036652
    1.91745488   92.02751923
    1.91947538   86.01448059
    1.92149588   84.77152252
    1.92351638   82.68334198
    1.92553688   77.96184540
    1.92755738   83.50695038
    1.92957788   94.44493866
    1.93159838   94.01086426
    1.93361888   90.81946564
    1.93563938   85.02709198
    1.93765988   83.09752655
    1.93968039   83.66809845
    1.94170089   79.30492401
    1.94372139   83.67868042
    1.94574189   82.53722382
    1.94776239   90.77144623
    1.94978289   88.78567505
    1.95180339   85.98912048
    1.95382389   81.29161835
    1.95584439   64.12708282
    1.95786489   86.24940491
    1.95988539   87.38664246
    1.96190589   84.88554382
    1.96392639   82.01899719
    1.96594689   85.03903198
    1.96796739   79.17835236
    1.96998789   87.82086945
    1.97200839   61.05370331
    1.97402889   75.72021484
    1.97604939   85.73506927
    1.97806989   89.31401062
    1.98009039   75.34439087
    1.98211089   91.33810425
    1.98413139   83.67397308
    1.98615189   88.20500946
    1.98817239   81.75609589
    1.99019290   90.39887238
    1.99221340   68.38497162
    1.99423390   84.86737061
    1.99625440   79.97354126
    1.99827490   81.77536774
    2.00029540   87.60003662
    2.00231590   83.25859070
    2.00433640   88.78005219
    2.00635690   87.35187531
    2.00837740   88.06796265
    2.01039790   87.26545715
    2.01241840   87.69080353
    2.01443890   87.36083984
    2.01645940   84.27418518
    2.01847990   90.48698425
    2.02050040   88.03868866
