 HEIGHT =    8.00000000000000     
 Frequency   Sound Pressure(decibal)
    0.49492700   52.65676260
    0.98985390   50.13057748
    1.48478100   55.56498011
    1.97970800   71.67697820
    2.47463500   65.45856247
    2.96956200   77.25995955
    3.46448900   66.78647447
    3.95941600   61.49768240
    4.45434300   56.92383194
    4.94927000   59.34537044
    5.44419700   59.67144202
    5.93912400   59.01415758
    6.43405100   61.24920712
    6.92897700   58.31001237
    7.42390400   61.17758215
    7.91883100   61.04700825
    8.41375800   56.69627799
    8.90868600   60.63672913
    9.40361200   60.12725104
    9.89854000   51.89858734
   10.39347000   56.96739537
   10.88839000   60.36524499
   11.38332000   47.29468596
   11.87825000   56.68277477
   12.37317000   57.46545223
   12.86810000   55.13450747
   13.36303000   59.47218132
   13.85795000   63.62785399
   14.35288000   56.64715665
   14.84781000   52.98837314
   15.34274000   53.79866272
   15.83766000   52.07982143
   16.33259000   54.11654101
   16.82752000   52.56865910
   17.32244000   53.68041114
   17.81737000   53.75709284
   18.31230000   52.05784332
   18.80722000   57.11893503
   19.30215000   55.69495877
   19.79708000   53.79598516
   20.29201000   59.82082443
   20.78693000   56.35777423
   21.28186000   54.25755536
   21.77679000   57.28068683
   22.27171000   48.81900871
   22.76664000   56.80729728
   23.26157000   49.80129128
   23.75649000   59.86319901
   24.25142000   49.82071540
   24.74635000   50.48185932
   25.24128000   49.05923856
   25.73620000   56.50776057
   26.23113000   50.71249339
   26.72606000   46.72102727
   27.22098000   51.55140535
   27.71591000   50.06514693
   28.21084000   45.82136700
   28.70576000   54.86583152
   29.20069000   46.36958917
   29.69562000   49.72968210
   30.19054000   56.05787440
   30.68547000   44.24151369
   31.18040000   53.86577173
   31.67533000   52.98458789
   32.17025000   41.52263225
   32.66518000   45.28942066
   33.16011000   52.88517594
   33.65503000   42.74531421
   34.14996000   46.43329422
   34.64489000   44.42775556
   35.13981000   43.59701619
   35.63474000   47.14404908
   36.12967000   51.75561339
   36.62460000   59.78903999
   37.11952000   52.36567950
   37.61445000   41.10994010
   38.10938000   50.90575574
   38.60430000   52.38114615
   39.09923000   51.13398765
   39.59416000   48.50761904
   40.08908000   47.87945635
   40.58401000   54.19747538
   41.07894000   58.62043440
   41.57386000   59.86183743
   42.06879000   48.42328171
   42.56372000   73.72776631
   43.05865000   69.64164776
   43.55357000   64.26465474
   44.04850000   69.24579709
   44.54343000   73.93582316
   45.03835000   67.68540480
   45.53328000   71.75511367
   46.02821000   74.02612148
   46.52313000   69.12718938
   47.01806000   66.78329112
   47.51299000   72.31375372
   48.00792000   62.81700078
   48.50284000   54.63730343
   48.99777000   71.48760818
   49.49269000   68.05361100
   49.98762000   43.81016131
   50.48255000   55.67564033
   50.97748000   57.24090895
   51.47240000   45.41491328
   51.96733000   56.22070049
   52.46226000   61.16150114
   52.95718000   46.09141135
   53.45211000   57.96870089
   53.94704000   57.97806481
   54.44197000   60.98537749
   54.93689000   51.89387986
   55.43182000   64.80215094
   55.92675000   59.11240523
   56.42167000   49.18431522
   56.91660000   57.90517324
   57.41153000   67.98842711
   57.90646000   48.69391343
   58.40138000   56.87856977
   58.89631000   53.75275911
   59.39124000   44.42910718
   59.88616000   53.38265525
   60.38109000   59.00984979
   60.87601000   51.55209413
   61.37094000   57.11351723
   61.86587000   63.52009659
   62.36080000   62.77313662
   62.85572000   60.76034871
   63.35065000   72.12189168
   63.84558000   67.61797385
   64.34051000   50.67911438
   64.83543000   73.25392338
   65.33036000   69.00600034
   65.82529000   46.43243739
   66.32021000   66.19773289
   66.81514000   61.51605192
   67.31007000   52.06874595
   67.80499000   62.31588108
   68.29992000   64.65994831
   68.79485000   58.48055532
   69.28977000   58.42920144
   69.78470000   44.95213702
   70.27962000   48.09244126
   70.77455000   41.58542244
   71.26949000   38.89734612
   71.76441000   36.83273203
   72.25934000   48.28485128
   72.75426000   50.93027643
   73.24919000   50.61939712
   73.74412000   49.11273908
   74.23904000   50.81628604
   74.73397000   49.65769090
   75.22890000   47.05237048
   75.72382000   58.55604915
   76.21875000   55.26533248
   76.71368000   50.48546198
   77.20860000   60.58332116
   77.70353000   50.52015305
   78.19846000   57.88538098
   78.69339000   50.64162725
   79.18832000   59.36927860
   79.68324000   60.71000361
   80.17817000   47.44882641
   80.67310000   58.15991758
   81.16802000   55.66709554
   81.66295000   45.24710421
   82.15788000   46.98764375
   82.65280000   41.99167915
   83.14773000   48.77136046
   83.64265000   51.45333085
   84.13758000   50.96312350
   84.63251000   47.80551085
   85.12743000   53.45008050
   85.62236000   53.33306952
   86.11729000   61.39962164
   86.61222000   52.85545691
   87.10715000   63.50588736
   87.60207000   75.31208136
   88.09700000   50.30124842
   88.59193000   83.05577738
   89.08685000   72.30499487
   89.58178000   58.83625570
   90.07671000   59.65264722
   90.57163000   44.54791285
   91.06656000   60.57337797
   91.56149000   62.56872346
   92.05641000   67.43123463
   92.55134000   62.44587027
   93.04626000   52.59904831
   93.54120000   48.98899267
   94.03613000   31.35901399
   94.53105000   47.62997707
   95.02598000   52.70626214
   95.52090000   55.93455841
   96.01583000   46.74210130
   96.51076000   70.75016039
   97.00568000   75.49325504
   97.50061000   56.12903058
   97.99554000   63.88590162
   98.49046000   63.20587859
   98.98539000   55.04988584
   99.48032000   37.67242901
   99.97524000   64.61995208
  100.47020000   51.07519300
  100.96510000   44.89876525
  101.46000000   43.58997839
  101.95500000   48.64522292
  102.44990000   35.66521591
  102.94480000   46.51372499
  103.43970000   51.54368085
  103.93470000   37.10421213
  104.42960000   46.21545821
  104.92450000   50.00267272
  105.41940000   35.67761702
  105.91440000   49.26823231
  106.40930000   45.47267222
  106.90420000   45.94779425
  107.39910000   55.73208534
  107.89410000   55.57918189
  108.38900000   46.26385834
  108.88390000   49.50162677
  109.37890000   54.10127602
  109.87380000   51.19926627
  110.36870000   47.71129213
  110.86360000   54.19243574
  111.35860000   49.63545369
  111.85350000   39.59652123
  112.34840000   54.30774243
  112.84330000   60.46979891
  113.33830000   43.35993182
  113.83320000   51.12448596
  114.32810000   52.33058014
  114.82310000   33.13000462
  115.31800000   44.70761765
  115.81290000   49.60656318
  116.30780000   40.41594357
  116.80280000   50.32993731
  117.29770000   50.27170693
  117.79260000   45.60854367
  118.28750000   51.43476681
  118.78250000   59.66551426
  119.27740000   52.52480403
  119.77230000   45.93474014
  120.26730000   62.37479494
  120.76220000   63.92293715
  121.25710000   56.73460029
  121.75200000   65.24074551
  122.24700000   63.28402745
  122.74190000   58.71610715
  123.23680000   54.04116717
  123.73170000   45.78596857
  124.22670000   58.43176863
  124.72160000   34.18477229
  125.21650000   57.83618620
  125.71140000   47.61604448
  126.20640000   39.75549904
  126.70130000   39.50672613
  127.19620000   43.37840139
  127.69120000   42.83912491
  128.18610000   33.12508035
  128.68100000   47.38827953
  129.17590000   37.75936516
  129.67090000   45.51682449
  130.16580000   51.03319543
  130.66070000   50.47135483
  131.15560000   46.58152955
  131.65060000   58.57201014
  132.14550000   61.22315982
  132.64040000   55.76207629
  133.13530000   73.73835586
  133.63030000   74.90532129
  134.12520000   42.38643205
  134.62010000   54.53588968
  135.11510000   63.75112430
  135.61000000   53.47005265
  136.10490000   40.70533357
  136.59980000   36.96979795
  137.09480000   52.02057944
  137.58970000   51.93616963
  138.08460000   52.27087474
  138.57950000   50.06311715
  139.07450000   42.15870815
  139.56940000   58.37575204
  140.06430000   52.67945129
  140.55920000   40.79275404
  141.05420000   51.20885900
  141.54910000   55.53697403
  142.04400000   48.01287534
  142.53900000   60.49167056
  143.03390000   57.35016220
  143.52880000   52.14079026
  144.02370000   65.19927483
  144.51870000   73.38718209
  145.01360000   62.37119691
  145.50850000   55.99141650
  146.00340000   58.94712747
  146.49840000   55.33489265
  146.99330000   50.32802023
  147.48820000   52.81114444
  147.98320000   50.52196635
  148.47810000   40.86829990
  148.97300000   50.13241345
  149.46790000   42.98824563
  149.96290000   43.36306118
  150.45780000   45.73825146
  150.95270000   38.40034070
  151.44760000   46.62385316
  151.94260000   38.55614093
  152.43750000   53.76508176
  152.93240000   48.06911899
  153.42740000   38.69963641
  153.92230000   59.63871535
  154.41720000   50.46157832
  154.91210000   46.57615961
  155.40710000   59.50352079
  155.90200000   51.18116322
  156.39690000   41.62251208
  156.89180000   52.86027809
  157.38680000   52.19471146
  157.88170000   32.39373826
  158.37660000   51.29875074
  158.87160000   51.61024479
  159.36650000   13.91231579
  159.86140000   47.42128854
  160.35630000   41.78945908
  160.85130000   28.44297428
  161.34620000   42.37153001
  161.84110000   46.15108528
  162.33600000   35.75098195
  162.83100000   43.04813951
  163.32590000   40.33867397
  163.82080000   46.98830573
  164.31580000   43.84648005
  164.81070000   44.46074066
  165.30560000   49.91754842
  165.80050000   43.25852044
  166.29550000   51.30232186
  166.79040000   51.18198293
  167.28530000   45.42310005
  167.78020000   47.84222570
  168.27520000   52.68089788
  168.77010000   35.50502628
  169.26500000   44.03975079
  169.75990000   52.86870394
  170.25490000   31.59304583
  170.74980000   31.53243185
  171.24470000   43.81780027
  171.73970000   37.70209077
  172.23460000   30.34482236
  172.72950000   42.40347436
  173.22440000   40.19636943
  173.71940000   38.31681412
  174.21430000   49.12474532
  174.70920000   42.17858975
  175.20410000   46.19609559
  175.69910000   44.93446565
  176.19400000   53.66165620
  176.68890000   51.19217729
  177.18390000   49.26319668
  177.67880000   54.17074234
  178.17370000   53.24510845
  178.66860000   54.83726773
  179.16360000   63.49754383
  179.65850000   60.55075388
  180.15340000   43.89535865
  180.64830000   56.99579243
  181.14330000   59.10012629
  181.63820000   34.41873357
  182.13310000   45.14186076
  182.62810000   44.77918668
  183.12300000   43.01976218
  183.61790000   45.02274386
  184.11280000   55.62453044
  184.60780000   64.28205898
  185.10270000   67.91465980
  185.59760000   76.15565221
  186.09250000   70.16134728
  186.58750000   53.58615265
  187.08240000   66.84088105
  187.57730000   54.12244335
  188.07230000   55.72247583
  188.56720000   69.55272547
  189.06210000   65.15213535
  189.55700000   45.27451895
  190.05200000   63.35277679
  190.54690000   75.24892329
  191.04180000   54.83705747
  191.53670000   75.32364843
  192.03170000   78.58726374
  192.52660000   51.07843702
  193.02150000   56.13019747
  193.51640000   49.07179439
  194.01140000   44.94463944
  194.50630000   49.84758436
  195.00120000   54.11742264
  195.49620000   57.00868041
  195.99110000   42.72540814
  196.48600000   49.37523885
  196.98090000   58.91722804
  197.47590000   53.40312612
  197.97080000   54.78273789
  198.46570000   57.45516146
  198.96060000   59.30951701
  199.45560000   61.34082447
  199.95050000   62.33345672
  200.44540000   60.25021413
  200.94030000   58.97328835
  201.43530000   60.59468266
  201.93020000   53.97816463
  202.42510000   61.53272057
  202.92010000   63.03974834
  203.41500000   59.58697782
  203.90990000   45.54330477
  204.40480000   43.54672658
  204.89980000   48.03080867
  205.39470000   47.55699855
  205.88960000   48.73174768
  206.38450000   39.13341851
  206.87950000   49.66341243
  207.37440000   52.97052788
  207.86930000   58.18912253
  208.36420000   48.41916071
  208.85920000   57.31201402
  209.35410000   56.82215131
  209.84900000   52.61256269
  210.34400000   45.92916549
  210.83890000   56.19328938
  211.33380000   42.83843769
  211.82870000   40.56772304
  212.32370000   49.85758379
  212.81860000   56.40815664
  213.31350000   40.17975853
  213.80840000   51.76747166
  214.30340000   43.75886672
  214.79830000   43.96693231
  215.29320000   49.09475270
  215.78810000   44.46523472
  216.28310000   41.61925474
  216.77800000   48.10886928
  217.27290000   29.93835497
  217.76790000   40.80057383
  218.26280000   48.35740653
  218.75770000   48.04358048
  219.25260000   47.52425438
  219.74760000   48.87031738
  220.24250000   47.75782964
  220.73740000   58.39150759
  221.23230000   48.35061974
  221.72730000   51.85271532
  222.22220000   54.16766305
  222.71710000   52.97447891
  223.21210000   52.78546103
  223.70700000   61.23290220
  224.20190000   59.00583058
  224.69680000   50.21674841
  225.19180000   61.82452182
  225.68670000   54.64773670
  226.18160000   41.71965861
  226.67650000   54.77143749
  227.17150000   50.00236743
  227.66640000   47.23149257
  228.16130000   54.37768406
  228.65630000   57.58846197
  229.15120000   56.60390062
  229.64610000   60.95357783
  230.14100000   60.47925243
  230.63600000   61.98571737
  231.13090000   55.81917340
  231.62580000   57.46813445
  232.12070000   61.63137556
  232.61570000   52.07471468
  233.11060000   57.61915825
  233.60550000   71.71218684
  234.10040000   49.71055372
  234.59540000   69.30320676
  235.09030000   71.86051669
  235.58520000   54.29560852
  236.08020000   54.56360928
  236.57510000   59.31686319
  237.07000000   52.15930520
  237.56490000   53.04036056
  238.05990000   46.38251602
  238.55480000   46.05522337
  239.04970000   31.07879884
  239.54460000   38.86501532
  240.03960000   47.86349569
  240.53450000   37.98285915
  241.02940000   50.32001826
  241.52440000   51.70997759
  242.01930000   36.93686719
  242.51420000   52.46121182
  243.00910000   45.90898332
  243.50410000   38.76291338
  243.99900000   50.97085322
  244.49390000   58.03184015
  244.98880000   45.89513988
  245.48380000   48.08507749
  245.97870000   41.19785528
  246.47360000   49.33946643
  246.96860000   49.42872977
  247.46350000   49.74303061
  247.95840000   41.89307937
  248.45330000   41.83797219
  248.94830000   41.29084646
  249.44320000   40.93967795
  249.93810000   40.16788389
  250.43300000   41.97905958
  250.92800000   39.09828394
  251.42290000   42.68133069
  251.91780000   45.39741252
  252.41280000   45.80617346
  252.90770000   35.02975830
  253.40260000   41.56633337
  253.89750000   53.32234487
  254.39250000   45.25877153
  254.88740000   54.20582967
  255.38230000   50.46530307
  255.87720000   54.19230893
  256.37220000   48.68119307
  256.86710000   43.75238441
  257.36200000   51.37381375
  257.85690000   44.35174256
  258.35190000   45.88621204
  258.84680000   48.43898808
  259.34170000   43.24996246
  259.83660000   30.69285069
  260.33160000   48.64465512
  260.82650000   42.56452689
  261.32140000   40.06881789
  261.81640000   44.30025989
  262.31130000   32.54516101
  262.80620000   43.69962323
  263.30110000   44.87705016
  263.79610000   50.28408779
  264.29100000   51.45410122
  264.78590000   51.60961900
  265.28090000   59.65336273
  265.77580000   32.74254023
  266.27070000   52.62929885
  266.76560000   58.73142882
  267.26060000   40.05461413
  267.75550000   54.02685031
  268.25040000   64.78325677
  268.74530000   51.66040724
  269.24030000   63.29198110
  269.73520000   68.01938826
  270.23010000   40.16798789
  270.72500000   33.19114802
  271.22000000   53.46255947
  271.71490000   32.89496668
  272.20980000   41.40277444
  272.70470000   52.96955372
  273.19970000   63.94485651
  273.69460000   47.79744792
  274.18950000   60.95819939
  274.68440000   54.93615979
  275.17940000   44.55840895
  275.67430000   48.44876099
  276.16930000   56.01976628
  276.66420000   48.09831558
  277.15910000   48.62237498
  277.65400000   57.16513274
  278.14900000   53.44769461
  278.64390000   46.03633535
  279.13880000   50.88654884
  279.63370000   35.04857316
  280.12870000   37.47628769
  280.62360000   50.63246383
  281.11850000   60.49061633
  281.61340000   44.31640832
  282.10840000   61.64318417
  282.60330000   61.24386765
  283.09820000   38.31889779
  283.59310000   43.28976796
  284.08810000   35.62568074
  284.58300000   46.08860697
  285.07790000   43.06248730
  285.57280000   50.58036559
  286.06780000   57.09014113
  286.56270000   47.22993864
  287.05760000   61.62738982
  287.55260000   37.44957094
  288.04750000   40.63209706
  288.54240000   48.17445410
  289.03740000   53.50407944
  289.53230000   45.77600594
  290.02720000   47.99169176
  290.52210000   53.78698144
  291.01710000   49.88021586
  291.51200000   47.39568239
  292.00690000   55.43321944
  292.50180000   48.10870605
  292.99680000   36.51517258
  293.49170000   37.13292450
  293.98660000   42.91267119
  294.48150000   34.10689554
  294.97650000   41.62042441
  295.47140000   44.19190750
  295.96630000   42.74767268
  296.46120000   48.15081266
  296.95620000   54.74769318
  297.45110000   41.96309327
  297.94600000   60.18389521
  298.44090000   57.88187220
  298.93590000   53.35708970
  299.43080000   56.14226301
  299.92580000   61.70455518
  300.42070000   54.63090967
  300.91560000   48.93133873
  301.41050000   56.60108535
  301.90550000   54.76019041
  302.40040000   46.17735241
  302.89530000   53.87085747
  303.39020000   50.46806899
  303.88520000   40.37927082
  304.38010000   41.03464928
  304.87500000   40.79971908
  305.36990000   43.62405079
  305.86490000   31.74163003
  306.35980000   46.88848044
  306.85470000   40.11546200
  307.34960000   39.72163022
  307.84460000   48.89540060
  308.33950000   37.28662937
  308.83440000   45.53176733
  309.32930000   38.95581484
  309.82430000   43.59970127
  310.31920000   48.20468698
  310.81410000   55.84672735
  311.30910000   54.22330788
  311.80400000   37.54396065
  312.29890000   51.27987475
  312.79380000   54.62854830
  313.28880000   49.09148829
  313.78370000   53.16698019
  314.27860000   64.83151124
  314.77360000   55.25502562
  315.26850000   44.68780166
  315.76340000   44.60735530
  316.25830000   42.84607782
  316.75330000   42.17882022
  317.24820000   50.73868757
  317.74310000   52.65753655
  318.23800000   42.91135737
  318.73300000   62.52221865
  319.22790000   57.23906259
  319.72280000   47.95311207
  320.21770000   45.41754256
  320.71270000   53.92115548
  321.20760000   44.54319617
  321.70250000   48.95083051
  322.19740000   56.37799856
  322.69240000   48.90475680
  323.18730000   47.68906514
  323.68220000   49.46168307
  324.17720000   50.62653805
  324.67210000   43.98957621
  325.16700000   54.13793464
  325.66190000   37.94321540
  326.15690000   43.06906965
  326.65180000   47.44094426
  327.14670000   46.70849946
  327.64160000   45.74404049
  328.13660000   46.81011016
  328.63150000   37.77810307
  329.12640000   47.35561192
  329.62140000   48.61077928
  330.11630000   65.09862579
  330.61120000   61.25238393
  331.10610000   50.13991540
  331.60110000   55.68221356
  332.09600000   56.54664099
  332.59090000   53.51101365
  333.08580000   55.12118134
  333.58080000   67.46431135
  334.07570000   49.41854462
  334.57060000   50.78211930
  335.06560000   54.68533135
  335.56050000   45.63318436
  336.05540000   42.96913497
  336.55030000   46.92098310
  337.04530000   43.19307939
  337.54020000   47.30295395
  338.03510000   46.34678241
  338.53000000   45.90831060
  339.02500000   46.93822339
  339.51990000   48.85960427
  340.01480000   45.33048361
  340.50970000   48.30714258
  341.00470000   40.13922337
  341.49960000   49.17546036
  341.99450000   44.08592823
  342.48940000   49.02875682
  342.98440000   50.64791772
  343.47930000   42.75677766
  343.97420000   49.70850435
  344.46920000   49.67721778
  344.96410000   49.27133000
  345.45900000   45.51759409
  345.95390000   45.83355897
  346.44890000   54.93619849
  346.94380000   48.92971161
  347.43870000   53.03174094
  347.93370000   47.51476139
  348.42860000   48.34828876
  348.92350000   45.63017215
  349.41840000   45.00348607
  349.91340000   42.33846720
  350.40830000   43.14232311
  350.90320000   43.03183045
  351.39810000   45.47757517
  351.89310000   45.95731430
  352.38800000   46.90882137
  352.88290000   41.30982319
  353.37780000   47.84155642
  353.87280000   50.67388362
  354.36770000   40.96017415
  354.86260000   43.35841246
  355.35750000   41.91845065
  355.85250000   41.39323592
  356.34740000   46.94840755
  356.84230000   42.88121736
  357.33720000   46.14306177
  357.83220000   36.53479700
  358.32710000   53.31313466
  358.82210000   49.50241176
  359.31700000   49.59771490
  359.81190000   57.11155117
  360.30680000   49.68578859
  360.80180000   41.85735754
  361.29670000   27.68148861
  361.79160000   52.51922604
  362.28650000   57.89162090
  362.78150000   55.21547151
  363.27640000   64.82072760
  363.77130000   56.12771800
  364.26620000   42.55029750
  364.76120000   41.86294097
  365.25610000   51.48044387
  365.75100000   51.00599218
  366.24590000   45.80880079
  366.74090000   53.60883573
  367.23580000   41.59049968
  367.73070000   42.16670791
  368.22560000   48.07745257
  368.72060000   52.56332977
  369.21550000   46.69577960
  369.71040000   41.78315293
  370.20540000   46.92507301
  370.70030000   42.52421929
  371.19520000   44.30127773
  371.69020000   41.15044852
  372.18510000   33.95335168
  372.68000000   42.64508049
  373.17490000   45.34528486
  373.66990000   39.16692144
  374.16480000   46.12925525
  374.65970000   51.43801348
  375.15460000   51.24158325
  375.64960000   59.16155222
  376.14450000   59.32194288
  376.63940000   52.00362771
  377.13430000   58.77528665
  377.62930000   59.48101285
  378.12420000   65.35505264
  378.61910000   49.75559349
  379.11400000   56.06021683
  379.60900000   43.08337988
  380.10390000   47.93518016
  380.59880000   56.74219886
  381.09380000   64.25875767
  381.58870000   38.83764559
  382.08360000   46.43217609
  382.57860000   40.28901403
  383.07350000   39.97708321
  383.56840000   38.97495838
  384.06330000   42.83724860
  384.55830000   42.23043313
  385.05320000   41.42263356
  385.54810000   44.88050535
  386.04300000   46.57592744
  386.53800000   45.41947392
  387.03290000   52.82028500
  387.52780000   58.11833688
  388.02270000   54.28886500
  388.51770000   50.26565132
  389.01260000   55.63579937
  389.50750000   46.60652143
  390.00240000   50.64467058
  390.49740000   57.14690385
  390.99230000   51.04007398
  391.48720000   43.73136367
  391.98210000   43.02564802
  392.47710000   41.01462335
  392.97200000   44.00611541
  393.46690000   36.03342754
  393.96190000   40.66442550
  394.45680000   39.61205417
  394.95170000   37.26416281
  395.44670000   41.54069408
  395.94160000   42.41725259
  396.43650000   28.69281791
  396.93140000   40.81316325
  397.42640000   44.94253001
  397.92130000   48.89396381
  398.41620000   50.21338993
  398.91110000   48.30537126
  399.40610000   50.97002130
  399.90100000   42.31490108
  400.39590000   45.61509904
  400.89080000   42.48737025
  401.38580000   49.44478040
  401.88070000   41.37085659
  402.37560000   41.73847716
  402.87050000   42.93063873
  403.36550000   44.54736569
  403.86040000   43.17328467
  404.35530000   43.16882807
  404.85030000   51.82985282
  405.34520000   40.90099271
  405.84010000   37.11345337
  406.33500000   52.66346597
  406.83000000   55.54930530
  407.32490000   63.64984773
  407.81980000   67.51186719
  408.31470000   54.27964102
  408.80970000   41.20679278
  409.30460000   63.17861251
  409.79950000   55.24689232
  410.29450000   47.46445831
  410.78940000   61.29134880
  411.28430000   55.52187227
  411.77920000   49.61521229
  412.27420000   60.00148247
  412.76910000   60.98189825
  413.26400000   47.99500085
  413.75890000   56.13935104
  414.25390000   49.57862331
  414.74880000   46.11795714
  415.24370000   50.33683085
  415.73860000   43.09419778
  416.23360000   40.96895841
  416.72850000   46.53938036
  417.22340000   35.38339035
  417.71840000   39.68801300
  418.21330000   43.36543701
  418.70820000   47.44746922
  419.20310000   46.14300183
  419.69810000   51.59576726
  420.19300000   31.30102799
  420.68790000   47.23212173
  421.18280000   51.70545988
  421.67780000   49.25916852
  422.17270000   46.74224572
  422.66760000   51.29660441
  423.16250000   46.15057707
  423.65750000   32.14849581
  424.15240000   53.10335612
  424.64730000   45.68289934
  425.14230000   58.79820949
  425.63720000   60.37220961
  426.13210000   53.18977392
  426.62700000   62.53126651
  427.12200000   51.45319982
  427.61690000   47.47619697
  428.11180000   32.30278223
  428.60680000   52.81343974
  429.10170000   53.88172529
  429.59660000   51.70800124
  430.09150000   25.96732163
  430.58650000   46.99661670
  431.08140000   52.53922778
  431.57630000   47.29290523
  432.07120000   46.06861861
  432.56620000   40.74425907
  433.06110000   40.79922201
  433.55600000   39.53032841
  434.05090000   45.71340173
  434.54590000   42.54026347
  435.04080000   54.34905800
  435.53570000   42.10872956
  436.03060000   55.56769466
  436.52560000   39.45573951
  437.02050000   45.90999669
  437.51540000   42.58707836
  438.01030000   41.28410322
  438.50530000   41.00908183
  439.00020000   35.43430356
  439.49510000   49.41462811
  439.99010000   50.05585513
  440.48500000   54.24910215
  440.97990000   56.08059527
  441.47490000   42.27965602
  441.96980000   40.52522169
  442.46470000   48.26265205
  442.95960000   44.56083782
  443.45460000   53.75550301
  443.94950000   52.88344735
  444.44440000   39.90929887
  444.93930000   47.69497695
  445.43430000   57.31120157
  445.92920000   54.55283401
  446.42410000   41.34886393
  446.91900000   41.17678769
  447.41400000   43.62518614
  447.90890000   43.49869968
  448.40380000   42.56982241
  448.89870000   42.32311390
  449.39370000   50.38675363
  449.88860000   33.01393549
  450.38350000   45.31269458
  450.87840000   41.76153824
  451.37340000   41.93551037
  451.86830000   62.25928358
  452.36330000   62.37037930
  452.85820000   46.57640823
  453.35310000   54.42174270
  453.84800000   53.77162366
  454.34300000   50.11688856
  454.83790000   48.95318379
  455.33280000   53.20886367
  455.82770000   50.51955093
  456.32270000   45.44128138
  456.81760000   48.56031156
  457.31250000   50.04743994
  457.80740000   41.56825219
  458.30240000   56.62629263
  458.79730000   57.13214273
  459.29220000   48.99764411
  459.78710000   53.43210625
  460.28210000   48.28350929
  460.77700000   44.37756398
  461.27190000   53.39914773
  461.76680000   46.73903880
  462.26180000   41.77081509
  462.75670000   58.35128543
  463.25160000   55.37835900
  463.74660000   43.98793090
  464.24150000   50.04425796
  464.73640000   56.59721877
  465.23140000   50.52618566
  465.72630000   51.87859925
  466.22120000   48.94526552
  466.71610000   45.79237096
  467.21110000   41.48034405
  467.70600000   54.14979592
  468.20090000   44.89421593
  468.69580000   45.47227387
  469.19080000   50.78207246
  469.68570000   49.51007634
  470.18060000   47.86844064
  470.67550000   47.36958817
  471.17050000   47.31274992
  471.66540000   48.76994421
  472.16030000   45.56410476
  472.65520000   50.11552791
  473.15020000   48.88727294
  473.64510000   44.33496080
  474.14000000   42.71500967
  474.63490000   60.35867352
  475.12990000   48.86009467
  475.62480000   60.04960914
  476.11970000   62.35183718
  476.61470000   44.27703444
  477.10960000   56.10252672
  477.60450000   62.25269027
  478.09950000   46.38809827
  478.59440000   34.41681899
  479.08930000   58.04799952
  479.58420000   31.92277777
  480.07920000   52.87902721
  480.57410000   38.96954368
  481.06900000   53.53839389
  481.56390000   38.23959522
  482.05890000   45.87008960
  482.55380000   47.76581688
  483.04870000   44.18181685
  483.54360000   45.23788822
  484.03860000   45.99195242
  484.53350000   39.59912859
  485.02840000   46.26020103
  485.52330000   48.53270632
  486.01830000   44.09669851
  486.51320000   46.90275310
  487.00810000   53.81009412
  487.50310000   51.02861267
  487.99800000   40.52383203
  488.49290000   54.49446050
  488.98780000   50.36516645
  489.48280000   34.55226426
  489.97770000   39.58879726
  490.47260000   52.27659907
  490.96750000   46.34199583
  491.46250000   44.43385642
  491.95740000   44.59473037
  492.45230000   47.83661584
  492.94730000   36.68802224
  493.44220000   45.36230498
  493.93710000   45.56288104
  494.43200000   38.83027159
